PostgreSQL Hammerdb Time Profile Report @ Sun Jun 09 21:53:41 BST 2024
+-+-+-+-+-+-+-+-+-+-+-+-+-+-+-+-+-+-+-+-+-+-+-+-+-+-+-+-+-+-+-+-+-+-+-+-+-+
>>>>> VIRTUAL USER 2 : ELAPSED TIME : 604512ms
>>>>> PROC: NEWORD
CALLS: 58020	MIN: 0.732ms	AVG: 6.647ms	MAX: 2637.430ms	TOTAL: 385682.115ms
P99: 44.334ms	P95: 20.255ms	P50: 3.757ms	SD: 244336.056	RATIO: 63.801%
>>>>> PROC: PAYMENT
CALLS: 58552	MIN: 0.291ms	AVG: 1.846ms	MAX: 668.885ms	TOTAL: 108077.537ms
P99: 25.458ms	P95: 3.454ms	P50: 0.950ms	SD: 80154.863	RATIO: 17.878%
>>>>> PROC: DELIVERY
CALLS: 5761	MIN: 1.314ms	AVG: 8.583ms	MAX: 570.402ms	TOTAL: 49445.404ms
P99: 47.957ms	P95: 28.444ms	P50: 5.432ms	SD: 165956.033	RATIO: 8.179%
>>>>> PROC: SLEV
CALLS: 5945	MIN: 0.753ms	AVG: 8.063ms	MAX: 1423.082ms	TOTAL: 47935.201ms
P99: 33.697ms	P95: 17.335ms	P50: 6.014ms	SD: 225203.554	RATIO: 7.930%
>>>>> PROC: OSTAT
CALLS: 5866	MIN: 0.185ms	AVG: 0.987ms	MAX: 425.189ms	TOTAL: 5791.644ms
P99: 5.985ms	P95: 2.663ms	P50: 0.441ms	SD: 57699.939	RATIO: 0.958%
+-+-+-+-+-+-+-+-+-+-+-+-+-+-+-+-+-+-+-+-+-+-+-+-+-+-+-+-+-+-+-+-+-+-+-+-+-+
>>>>> VIRTUAL USER 3 : ELAPSED TIME : 601078ms
>>>>> PROC: NEWORD
CALLS: 58098	MIN: 0.688ms	AVG: 6.582ms	MAX: 2284.594ms	TOTAL: 382399.270ms
P99: 44.498ms	P95: 19.772ms	P50: 3.734ms	SD: 225256.805	RATIO: 63.619%
>>>>> PROC: PAYMENT
CALLS: 57911	MIN: 0.285ms	AVG: 1.836ms	MAX: 565.619ms	TOTAL: 106302.632ms
P99: 25.601ms	P95: 3.482ms	P50: 0.945ms	SD: 73430.769	RATIO: 17.685%
>>>>> PROC: DELIVERY
CALLS: 5922	MIN: 1.233ms	AVG: 9.347ms	MAX: 2228.821ms	TOTAL: 55355.603ms
P99: 49.194ms	P95: 30.763ms	P50: 5.421ms	SD: 344071.919	RATIO: 9.209%
>>>>> PROC: SLEV
CALLS: 5781	MIN: 0.831ms	AVG: 7.493ms	MAX: 178.518ms	TOTAL: 43316.222ms
P99: 31.185ms	P95: 17.478ms	P50: 5.869ms	SD: 74894.811	RATIO: 7.206%
>>>>> PROC: OSTAT
CALLS: 5792	MIN: 0.182ms	AVG: 1.084ms	MAX: 151.897ms	TOTAL: 6280.027ms
P99: 6.977ms	P95: 2.805ms	P50: 0.455ms	SD: 43371.199	RATIO: 1.045%
+-+-+-+-+-+-+-+-+-+-+-+-+-+-+-+-+-+-+-+-+-+-+-+-+-+-+-+-+-+-+-+-+-+-+-+-+-+
>>>>> VIRTUAL USER 4 : ELAPSED TIME : 604168ms
>>>>> PROC: NEWORD
CALLS: 58780	MIN: 0.699ms	AVG: 6.539ms	MAX: 2589.377ms	TOTAL: 384375.031ms
P99: 43.583ms	P95: 19.855ms	P50: 3.708ms	SD: 238717.248	RATIO: 63.621%
>>>>> PROC: PAYMENT
CALLS: 58918	MIN: 0.288ms	AVG: 1.839ms	MAX: 956.971ms	TOTAL: 108329.115ms
P99: 25.965ms	P95: 3.485ms	P50: 0.944ms	SD: 81363.845	RATIO: 17.930%
>>>>> PROC: DELIVERY
CALLS: 5884	MIN: 1.214ms	AVG: 9.073ms	MAX: 1374.448ms	TOTAL: 53387.550ms
P99: 48.561ms	P95: 28.594ms	P50: 5.407ms	SD: 260742.740	RATIO: 8.837%
>>>>> PROC: SLEV
CALLS: 5779	MIN: 0.757ms	AVG: 7.708ms	MAX: 573.518ms	TOTAL: 44542.414ms
P99: 31.299ms	P95: 17.287ms	P50: 5.887ms	SD: 122837.683	RATIO: 7.373%
>>>>> PROC: OSTAT
CALLS: 5807	MIN: 0.183ms	AVG: 1.029ms	MAX: 232.567ms	TOTAL: 5974.055ms
P99: 7.307ms	P95: 2.745ms	P50: 0.438ms	SD: 42251.252	RATIO: 0.989%
+-+-+-+-+-+-+-+-+-+-+-+-+-+-+-+-+-+-+-+-+-+-+-+-+-+-+-+-+-+-+-+-+-+-+-+-+-+
>>>>> VIRTUAL USER 5 : ELAPSED TIME : 600186ms
>>>>> PROC: NEWORD
CALLS: 57688	MIN: 0.721ms	AVG: 6.585ms	MAX: 2591.596ms	TOTAL: 379886.412ms
P99: 43.803ms	P95: 19.776ms	P50: 3.757ms	SD: 237266.155	RATIO: 63.295%
>>>>> PROC: PAYMENT
CALLS: 58393	MIN: 0.295ms	AVG: 1.879ms	MAX: 956.765ms	TOTAL: 109703.793ms
P99: 26.085ms	P95: 3.391ms	P50: 0.944ms	SD: 92804.579	RATIO: 18.278%
>>>>> PROC: DELIVERY
CALLS: 5715	MIN: 1.355ms	AVG: 9.065ms	MAX: 517.023ms	TOTAL: 51804.385ms
P99: 49.801ms	P95: 29.817ms	P50: 5.489ms	SD: 188581.141	RATIO: 8.631%
>>>>> PROC: SLEV
CALLS: 5794	MIN: 0.784ms	AVG: 7.856ms	MAX: 1232.886ms	TOTAL: 45515.519ms
P99: 30.833ms	P95: 17.272ms	P50: 5.854ms	SD: 207096.186	RATIO: 7.584%
>>>>> PROC: OSTAT
CALLS: 5850	MIN: 0.205ms	AVG: 0.946ms	MAX: 109.384ms	TOTAL: 5532.418ms
P99: 6.340ms	P95: 2.767ms	P50: 0.437ms	SD: 22655.736	RATIO: 0.922%
+-+-+-+-+-+-+-+-+-+-+-+-+-+-+-+-+-+-+-+-+-+-+-+-+-+-+-+-+-+-+-+-+-+-+-+-+-+
>>>>> VIRTUAL USER 6 : ELAPSED TIME : 603140ms
>>>>> PROC: NEWORD
CALLS: 58196	MIN: 0.624ms	AVG: 6.546ms	MAX: 2654.063ms	TOTAL: 380943.759ms
P99: 43.731ms	P95: 19.437ms	P50: 3.736ms	SD: 229863.334	RATIO: 63.160%
>>>>> PROC: PAYMENT
CALLS: 58346	MIN: 0.283ms	AVG: 1.888ms	MAX: 945.838ms	TOTAL: 110174.770ms
P99: 26.050ms	P95: 3.480ms	P50: 0.948ms	SD: 89432.380	RATIO: 18.267%
>>>>> PROC: DELIVERY
CALLS: 5844	MIN: 1.192ms	AVG: 9.164ms	MAX: 2293.687ms	TOTAL: 53554.259ms
P99: 54.157ms	P95: 29.744ms	P50: 5.432ms	SD: 342830.177	RATIO: 8.879%
>>>>> PROC: SLEV
CALLS: 5838	MIN: 0.834ms	AVG: 7.746ms	MAX: 939.607ms	TOTAL: 45218.291ms
P99: 35.316ms	P95: 17.152ms	P50: 5.912ms	SD: 154547.076	RATIO: 7.497%
>>>>> PROC: OSTAT
CALLS: 5920	MIN: 0.166ms	AVG: 0.962ms	MAX: 45.710ms	TOTAL: 5695.688ms
P99: 6.265ms	P95: 2.820ms	P50: 0.444ms	SD: 18424.509	RATIO: 0.944%
+-+-+-+-+-+-+-+-+-+-+-+-+-+-+-+-+-+-+-+-+-+-+-+-+-+-+-+-+-+-+-+-+-+-+-+-+-+
>>>>> VIRTUAL USER 7 : ELAPSED TIME : 600173ms
>>>>> PROC: NEWORD
CALLS: 57936	MIN: 0.689ms	AVG: 6.553ms	MAX: 2662.286ms	TOTAL: 379629.493ms
P99: 43.839ms	P95: 19.773ms	P50: 3.720ms	SD: 235683.457	RATIO: 63.253%
>>>>> PROC: PAYMENT
CALLS: 57961	MIN: 0.293ms	AVG: 1.876ms	MAX: 1193.271ms	TOTAL: 108717.620ms
P99: 26.138ms	P95: 3.417ms	P50: 0.952ms	SD: 98910.325	RATIO: 18.114%
>>>>> PROC: DELIVERY
CALLS: 5729	MIN: 1.189ms	AVG: 8.934ms	MAX: 669.660ms	TOTAL: 51181.813ms
P99: 55.121ms	P95: 29.128ms	P50: 5.463ms	SD: 181312.319	RATIO: 8.528%
>>>>> PROC: SLEV
CALLS: 5728	MIN: 0.833ms	AVG: 8.298ms	MAX: 857.167ms	TOTAL: 47532.672ms
P99: 33.052ms	P95: 17.692ms	P50: 6.029ms	SD: 208557.993	RATIO: 7.920%
>>>>> PROC: OSTAT
CALLS: 5766	MIN: 0.176ms	AVG: 0.992ms	MAX: 386.873ms	TOTAL: 5717.862ms
P99: 6.220ms	P95: 2.800ms	P50: 0.446ms	SD: 52805.211	RATIO: 0.953%
+-+-+-+-+-+-+-+-+-+-+-+-+-+-+-+-+-+-+-+-+-+-+-+-+-+-+-+-+-+-+-+-+-+-+-+-+-+
>>>>> VIRTUAL USER 8 : ELAPSED TIME : 600360ms
>>>>> PROC: NEWORD
CALLS: 58033	MIN: 0.682ms	AVG: 6.542ms	MAX: 2282.088ms	TOTAL: 379654.280ms
P99: 43.992ms	P95: 19.944ms	P50: 3.735ms	SD: 213545.763	RATIO: 63.238%
>>>>> PROC: PAYMENT
CALLS: 57784	MIN: 0.299ms	AVG: 1.871ms	MAX: 1194.865ms	TOTAL: 108110.365ms
P99: 25.738ms	P95: 3.513ms	P50: 0.950ms	SD: 93275.197	RATIO: 18.008%
>>>>> PROC: DELIVERY
CALLS: 5709	MIN: 1.266ms	AVG: 9.407ms	MAX: 2664.595ms	TOTAL: 53703.097ms
P99: 56.756ms	P95: 29.368ms	P50: 5.513ms	SD: 390490.932	RATIO: 8.945%
>>>>> PROC: SLEV
CALLS: 5841	MIN: 0.773ms	AVG: 7.888ms	MAX: 1526.574ms	TOTAL: 46074.181ms
P99: 31.194ms	P95: 16.845ms	P50: 5.913ms	SD: 240924.290	RATIO: 7.674%
>>>>> PROC: OSTAT
CALLS: 5753	MIN: 0.200ms	AVG: 0.924ms	MAX: 74.435ms	TOTAL: 5314.388ms
P99: 6.347ms	P95: 2.720ms	P50: 0.439ms	SD: 18935.304	RATIO: 0.885%
+-+-+-+-+-+-+-+-+-+-+-+-+-+-+-+-+-+-+-+-+-+-+-+-+-+-+-+-+-+-+-+-+-+-+-+-+-+
>>>>> VIRTUAL USER 9 : ELAPSED TIME : 600222ms
>>>>> PROC: NEWORD
CALLS: 57923	MIN: 0.701ms	AVG: 6.588ms	MAX: 2298.081ms	TOTAL: 381591.157ms
P99: 43.725ms	P95: 20.573ms	P50: 3.736ms	SD: 228594.666	RATIO: 63.575%
>>>>> PROC: PAYMENT
CALLS: 58107	MIN: 0.275ms	AVG: 1.871ms	MAX: 1276.740ms	TOTAL: 108732.478ms
P99: 24.548ms	P95: 3.419ms	P50: 0.949ms	SD: 110444.333	RATIO: 18.115%
>>>>> PROC: DELIVERY
CALLS: 5625	MIN: 1.337ms	AVG: 8.947ms	MAX: 822.639ms	TOTAL: 50327.109ms
P99: 51.144ms	P95: 29.951ms	P50: 5.500ms	SD: 190738.717	RATIO: 8.385%
>>>>> PROC: SLEV
CALLS: 5788	MIN: 0.716ms	AVG: 8.035ms	MAX: 1049.102ms	TOTAL: 46507.042ms
P99: 31.860ms	P95: 17.814ms	P50: 5.958ms	SD: 195390.294	RATIO: 7.748%
>>>>> PROC: OSTAT
CALLS: 5677	MIN: 0.179ms	AVG: 0.964ms	MAX: 117.255ms	TOTAL: 5469.795ms
P99: 6.411ms	P95: 2.705ms	P50: 0.442ms	SD: 23073.027	RATIO: 0.911%
+-+-+-+-+-+-+-+-+-+-+-+-+-+-+-+-+-+-+-+-+-+-+-+-+-+-+-+-+-+-+-+-+-+-+-+-+-+
>>>>> SUMMARY OF 8 ACTIVE VIRTUAL USERS : MEDIAN ELAPSED TIME : 600719ms
>>>>> PROC: NEWORD
CALLS: 929348	MIN: 0.624ms	AVG: 6.573ms	MAX: 2662.290ms	TOTAL: 6108324.492ms
P99: 43.891ms	P95: 19.905ms	P50: 3.735ms	SD: 231834.028	RATIO: 127.104%
>>>>> PROC: PAYMENT
CALLS: 931944	MIN: 0.275ms	AVG: 1.863ms	MAX: 1276.742ms	TOTAL: 1736297.036ms
P99: 25.743ms	P95: 3.455ms	P50: 0.948ms	SD: 90620.444	RATIO: 36.130%
>>>>> PROC: DELIVERY
CALLS: 92378	MIN: 1.189ms	AVG: 9.066ms	MAX: 2664.595ms	TOTAL: 837518.631ms
P99: 51.255ms	P95: 29.539ms	P50: 5.456ms	SD: 271835.203	RATIO: 17.427%
>>>>> PROC: SLEV
CALLS: 92988	MIN: 0.716ms	AVG: 7.886ms	MAX: 1526.574ms	TOTAL: 733283.268ms
P99: 32.534ms	P95: 17.385ms	P50: 5.934ms	SD: 186560.713	RATIO: 15.258%
>>>>> PROC: OSTAT
CALLS: 92862	MIN: 0.166ms	AVG: 0.986ms	MAX: 425.189ms	TOTAL: 91551.778ms
P99: 6.456ms	P95: 2.758ms	P50: 0.443ms	SD: 37977.204	RATIO: 1.905%
+-+-+-+-+-+-+-+-+-+-+-+-+-+-+-+-+-+-+-+-+-+-+-+-+-+-+-+-+-+-+-+-+-+-+-+-+-+
PostgreSQL Hammerdb Time Profile Report @ Sun Jun 09 22:05:54 BST 2024
+-+-+-+-+-+-+-+-+-+-+-+-+-+-+-+-+-+-+-+-+-+-+-+-+-+-+-+-+-+-+-+-+-+-+-+-+-+
>>>>> VIRTUAL USER 2 : ELAPSED TIME : 601175ms
>>>>> PROC: NEWORD
CALLS: 33792	MIN: 0.823ms	AVG: 11.089ms	MAX: 1692.723ms	TOTAL: 374713.958ms
P99: 89.905ms	P95: 36.468ms	P50: 5.418ms	SD: 319047.240	RATIO: 62.330%
>>>>> PROC: PAYMENT
CALLS: 33385	MIN: 0.327ms	AVG: 3.435ms	MAX: 2390.595ms	TOTAL: 114692.781ms
P99: 41.127ms	P95: 6.601ms	P50: 1.424ms	SD: 201037.564	RATIO: 19.078%
>>>>> PROC: DELIVERY
CALLS: 3414	MIN: 1.486ms	AVG: 15.850ms	MAX: 786.166ms	TOTAL: 54110.714ms
P99: 106.891ms	P95: 46.432ms	P50: 7.460ms	SD: 342205.600	RATIO: 9.001%
>>>>> PROC: SLEV
CALLS: 3459	MIN: 0.838ms	AVG: 13.604ms	MAX: 6816.441ms	TOTAL: 47055.182ms
P99: 42.298ms	P95: 22.288ms	P50: 9.138ms	SD: 1240807.515	RATIO: 7.827%
>>>>> PROC: OSTAT
CALLS: 3390	MIN: 0.219ms	AVG: 1.569ms	MAX: 512.105ms	TOTAL: 5318.587ms
P99: 9.723ms	P95: 4.365ms	P50: 0.532ms	SD: 95149.745	RATIO: 0.885%
+-+-+-+-+-+-+-+-+-+-+-+-+-+-+-+-+-+-+-+-+-+-+-+-+-+-+-+-+-+-+-+-+-+-+-+-+-+
>>>>> VIRTUAL USER 3 : ELAPSED TIME : 603559ms
>>>>> PROC: NEWORD
CALLS: 33742	MIN: 0.811ms	AVG: 11.531ms	MAX: 6675.628ms	TOTAL: 389080.810ms
P99: 93.444ms	P95: 36.834ms	P50: 5.449ms	SD: 512515.303	RATIO: 64.464%
>>>>> PROC: PAYMENT
CALLS: 33886	MIN: 0.316ms	AVG: 3.373ms	MAX: 930.159ms	TOTAL: 114294.431ms
P99: 40.896ms	P95: 6.712ms	P50: 1.406ms	SD: 156794.205	RATIO: 18.937%
>>>>> PROC: DELIVERY
CALLS: 3352	MIN: 1.438ms	AVG: 14.728ms	MAX: 772.362ms	TOTAL: 49369.354ms
P99: 93.036ms	P95: 43.225ms	P50: 7.577ms	SD: 295163.299	RATIO: 8.180%
>>>>> PROC: SLEV
CALLS: 3387	MIN: 0.929ms	AVG: 12.052ms	MAX: 542.375ms	TOTAL: 40819.324ms
P99: 48.520ms	P95: 22.418ms	P50: 9.613ms	SD: 232915.959	RATIO: 6.763%
>>>>> PROC: OSTAT
CALLS: 3457	MIN: 0.199ms	AVG: 1.309ms	MAX: 132.679ms	TOTAL: 4524.982ms
P99: 8.557ms	P95: 4.095ms	P50: 0.532ms	SD: 32667.325	RATIO: 0.750%
+-+-+-+-+-+-+-+-+-+-+-+-+-+-+-+-+-+-+-+-+-+-+-+-+-+-+-+-+-+-+-+-+-+-+-+-+-+
>>>>> VIRTUAL USER 4 : ELAPSED TIME : 602102ms
>>>>> PROC: NEWORD
CALLS: 33557	MIN: 0.801ms	AVG: 11.435ms	MAX: 6669.210ms	TOTAL: 383708.348ms
P99: 90.986ms	P95: 36.700ms	P50: 5.476ms	SD: 487814.585	RATIO: 63.728%
>>>>> PROC: PAYMENT
CALLS: 34012	MIN: 0.351ms	AVG: 3.341ms	MAX: 2398.728ms	TOTAL: 113624.710ms
P99: 39.461ms	P95: 6.695ms	P50: 1.402ms	SD: 214381.266	RATIO: 18.871%
>>>>> PROC: DELIVERY
CALLS: 3357	MIN: 1.298ms	AVG: 16.193ms	MAX: 769.465ms	TOTAL: 54361.038ms
P99: 129.890ms	P95: 47.054ms	P50: 7.724ms	SD: 362443.344	RATIO: 9.029%
>>>>> PROC: SLEV
CALLS: 3417	MIN: 0.866ms	AVG: 11.689ms	MAX: 510.845ms	TOTAL: 39941.133ms
P99: 46.684ms	P95: 22.833ms	P50: 9.291ms	SD: 233841.977	RATIO: 6.634%
>>>>> PROC: OSTAT
CALLS: 3481	MIN: 0.228ms	AVG: 1.547ms	MAX: 221.322ms	TOTAL: 5384.103ms
P99: 12.528ms	P95: 4.299ms	P50: 0.531ms	SD: 57032.383	RATIO: 0.894%
+-+-+-+-+-+-+-+-+-+-+-+-+-+-+-+-+-+-+-+-+-+-+-+-+-+-+-+-+-+-+-+-+-+-+-+-+-+
>>>>> VIRTUAL USER 5 : ELAPSED TIME : 603342ms
>>>>> PROC: NEWORD
CALLS: 33961	MIN: 0.776ms	AVG: 11.379ms	MAX: 6643.377ms	TOTAL: 386453.894ms
P99: 92.026ms	P95: 36.662ms	P50: 5.473ms	SD: 480086.438	RATIO: 64.052%
>>>>> PROC: PAYMENT
CALLS: 34005	MIN: 0.332ms	AVG: 3.316ms	MAX: 2398.913ms	TOTAL: 112766.557ms
P99: 40.137ms	P95: 6.332ms	P50: 1.425ms	SD: 188557.083	RATIO: 18.690%
>>>>> PROC: DELIVERY
CALLS: 3325	MIN: 1.420ms	AVG: 16.018ms	MAX: 870.438ms	TOTAL: 53260.136ms
P99: 131.629ms	P95: 45.411ms	P50: 7.586ms	SD: 375201.104	RATIO: 8.828%
>>>>> PROC: SLEV
CALLS: 3293	MIN: 0.863ms	AVG: 12.565ms	MAX: 2398.028ms	TOTAL: 41375.118ms
P99: 50.170ms	P95: 22.262ms	P50: 9.434ms	SD: 474372.398	RATIO: 6.858%
>>>>> PROC: OSTAT
CALLS: 3240	MIN: 0.214ms	AVG: 1.378ms	MAX: 113.127ms	TOTAL: 4465.959ms
P99: 11.732ms	P95: 4.042ms	P50: 0.520ms	SD: 33536.317	RATIO: 0.740%
+-+-+-+-+-+-+-+-+-+-+-+-+-+-+-+-+-+-+-+-+-+-+-+-+-+-+-+-+-+-+-+-+-+-+-+-+-+
>>>>> VIRTUAL USER 6 : ELAPSED TIME : 599377ms
>>>>> PROC: NEWORD
CALLS: 32895	MIN: 0.812ms	AVG: 11.111ms	MAX: 2189.059ms	TOTAL: 365494.034ms
P99: 86.326ms	P95: 36.586ms	P50: 5.410ms	SD: 333854.624	RATIO: 60.979%
>>>>> PROC: PAYMENT
CALLS: 32471	MIN: 0.339ms	AVG: 3.648ms	MAX: 2399.965ms	TOTAL: 118463.175ms
P99: 41.917ms	P95: 8.183ms	P50: 1.425ms	SD: 206242.463	RATIO: 19.764%
>>>>> PROC: DELIVERY
CALLS: 3307	MIN: 1.167ms	AVG: 17.559ms	MAX: 795.761ms	TOTAL: 58066.470ms
P99: 162.043ms	P95: 47.193ms	P50: 8.248ms	SD: 396647.801	RATIO: 9.688%
>>>>> PROC: SLEV
CALLS: 3292	MIN: 0.899ms	AVG: 14.209ms	MAX: 6760.073ms	TOTAL: 46774.527ms
P99: 55.012ms	P95: 22.655ms	P50: 9.381ms	SD: 1205252.243	RATIO: 7.804%
>>>>> PROC: OSTAT
CALLS: 3299	MIN: 0.207ms	AVG: 1.640ms	MAX: 419.965ms	TOTAL: 5411.794ms
P99: 11.389ms	P95: 4.395ms	P50: 0.544ms	SD: 85655.343	RATIO: 0.903%
+-+-+-+-+-+-+-+-+-+-+-+-+-+-+-+-+-+-+-+-+-+-+-+-+-+-+-+-+-+-+-+-+-+-+-+-+-+
>>>>> VIRTUAL USER 7 : ELAPSED TIME : 602033ms
>>>>> PROC: NEWORD
CALLS: 33196	MIN: 0.836ms	AVG: 11.439ms	MAX: 2386.037ms	TOTAL: 379716.445ms
P99: 95.216ms	P95: 36.966ms	P50: 5.390ms	SD: 365278.051	RATIO: 63.072%
>>>>> PROC: PAYMENT
CALLS: 32690	MIN: 0.333ms	AVG: 3.482ms	MAX: 753.207ms	TOTAL: 113818.548ms
P99: 40.211ms	P95: 7.918ms	P50: 1.446ms	SD: 152068.628	RATIO: 18.906%
>>>>> PROC: DELIVERY
CALLS: 3327	MIN: 1.313ms	AVG: 16.516ms	MAX: 948.740ms	TOTAL: 54948.735ms
P99: 118.381ms	P95: 45.847ms	P50: 8.088ms	SD: 373937.270	RATIO: 9.127%
>>>>> PROC: SLEV
CALLS: 3262	MIN: 0.952ms	AVG: 13.393ms	MAX: 6711.475ms	TOTAL: 43686.663ms
P99: 45.369ms	P95: 21.983ms	P50: 9.758ms	SD: 1183410.846	RATIO: 7.257%
>>>>> PROC: OSTAT
CALLS: 3301	MIN: 0.218ms	AVG: 1.433ms	MAX: 404.642ms	TOTAL: 4731.259ms
P99: 8.125ms	P95: 4.056ms	P50: 0.531ms	SD: 77275.284	RATIO: 0.786%
+-+-+-+-+-+-+-+-+-+-+-+-+-+-+-+-+-+-+-+-+-+-+-+-+-+-+-+-+-+-+-+-+-+-+-+-+-+
>>>>> VIRTUAL USER 8 : ELAPSED TIME : 601368ms
>>>>> PROC: NEWORD
CALLS: 33157	MIN: 0.770ms	AVG: 11.162ms	MAX: 2166.712ms	TOTAL: 370111.265ms
P99: 91.042ms	P95: 36.565ms	P50: 5.397ms	SD: 331452.952	RATIO: 61.545%
>>>>> PROC: PAYMENT
CALLS: 32785	MIN: 0.339ms	AVG: 3.527ms	MAX: 2404.756ms	TOTAL: 115629.062ms
P99: 41.911ms	P95: 7.751ms	P50: 1.425ms	SD: 194843.576	RATIO: 19.228%
>>>>> PROC: DELIVERY
CALLS: 3318	MIN: 1.173ms	AVG: 17.607ms	MAX: 785.107ms	TOTAL: 58419.683ms
P99: 149.451ms	P95: 46.885ms	P50: 8.341ms	SD: 408175.316	RATIO: 9.714%
>>>>> PROC: SLEV
CALLS: 3183	MIN: 0.933ms	AVG: 14.541ms	MAX: 6678.844ms	TOTAL: 46282.430ms
P99: 49.920ms	P95: 22.826ms	P50: 9.906ms	SD: 1211540.064	RATIO: 7.696%
>>>>> PROC: OSTAT
CALLS: 3333	MIN: 0.228ms	AVG: 1.682ms	MAX: 523.331ms	TOTAL: 5607.086ms
P99: 8.864ms	P95: 4.071ms	P50: 0.554ms	SD: 124602.246	RATIO: 0.932%
+-+-+-+-+-+-+-+-+-+-+-+-+-+-+-+-+-+-+-+-+-+-+-+-+-+-+-+-+-+-+-+-+-+-+-+-+-+
>>>>> VIRTUAL USER 9 : ELAPSED TIME : 601459ms
>>>>> PROC: NEWORD
CALLS: 32753	MIN: 0.837ms	AVG: 11.201ms	MAX: 2200.267ms	TOTAL: 366874.388ms
P99: 93.034ms	P95: 36.745ms	P50: 5.389ms	SD: 326561.084	RATIO: 60.997%
>>>>> PROC: PAYMENT
CALLS: 33188	MIN: 0.317ms	AVG: 3.709ms	MAX: 6598.898ms	TOTAL: 123079.844ms
P99: 41.051ms	P95: 7.805ms	P50: 1.446ms	SD: 397455.523	RATIO: 20.464%
>>>>> PROC: DELIVERY
CALLS: 3316	MIN: 1.691ms	AVG: 18.167ms	MAX: 2459.129ms	TOTAL: 60240.809ms
P99: 123.352ms	P95: 46.009ms	P50: 8.298ms	SD: 615324.602	RATIO: 10.016%
>>>>> PROC: SLEV
CALLS: 3271	MIN: 0.910ms	AVG: 12.229ms	MAX: 548.097ms	TOTAL: 40001.859ms
P99: 49.896ms	P95: 22.181ms	P50: 9.668ms	SD: 234172.872	RATIO: 6.651%
>>>>> PROC: OSTAT
CALLS: 3248	MIN: 0.199ms	AVG: 1.752ms	MAX: 671.450ms	TOTAL: 5690.075ms
P99: 11.699ms	P95: 4.239ms	P50: 0.528ms	SD: 138400.689	RATIO: 0.946%
+-+-+-+-+-+-+-+-+-+-+-+-+-+-+-+-+-+-+-+-+-+-+-+-+-+-+-+-+-+-+-+-+-+-+-+-+-+
>>>>> VIRTUAL USER 10 : ELAPSED TIME : 597315ms
>>>>> PROC: NEWORD
CALLS: 32918	MIN: 0.767ms	AVG: 11.693ms	MAX: 6624.014ms	TOTAL: 384906.516ms
P99: 92.532ms	P95: 37.234ms	P50: 5.418ms	SD: 514481.572	RATIO: 64.439%
>>>>> PROC: PAYMENT
CALLS: 32768	MIN: 0.355ms	AVG: 3.482ms	MAX: 736.495ms	TOTAL: 114082.718ms
P99: 41.184ms	P95: 7.572ms	P50: 1.429ms	SD: 149620.565	RATIO: 19.099%
>>>>> PROC: DELIVERY
CALLS: 3265	MIN: 1.682ms	AVG: 15.425ms	MAX: 1666.896ms	TOTAL: 50363.715ms
P99: 122.082ms	P95: 43.355ms	P50: 7.436ms	SD: 454272.435	RATIO: 8.432%
>>>>> PROC: SLEV
CALLS: 3380	MIN: 0.859ms	AVG: 11.020ms	MAX: 617.613ms	TOTAL: 37246.888ms
P99: 41.911ms	P95: 20.968ms	P50: 9.047ms	SD: 189161.212	RATIO: 6.236%
>>>>> PROC: OSTAT
CALLS: 3305	MIN: 0.219ms	AVG: 1.514ms	MAX: 270.821ms	TOTAL: 5004.419ms
P99: 10.434ms	P95: 4.221ms	P50: 0.540ms	SD: 67907.575	RATIO: 0.838%
+-+-+-+-+-+-+-+-+-+-+-+-+-+-+-+-+-+-+-+-+-+-+-+-+-+-+-+-+-+-+-+-+-+-+-+-+-+
>>>>> VIRTUAL USER 11 : ELAPSED TIME : 599067ms
>>>>> PROC: NEWORD
CALLS: 33029	MIN: 0.799ms	AVG: 11.154ms	MAX: 919.151ms	TOTAL: 368400.342ms
P99: 89.448ms	P95: 36.759ms	P50: 5.446ms	SD: 298934.428	RATIO: 61.496%
>>>>> PROC: PAYMENT
CALLS: 32880	MIN: 0.324ms	AVG: 3.588ms	MAX: 2398.767ms	TOTAL: 117987.505ms
P99: 40.313ms	P95: 7.403ms	P50: 1.443ms	SD: 237359.670	RATIO: 19.695%
>>>>> PROC: DELIVERY
CALLS: 3321	MIN: 1.543ms	AVG: 16.339ms	MAX: 791.381ms	TOTAL: 54263.334ms
P99: 140.853ms	P95: 46.469ms	P50: 7.686ms	SD: 367310.298	RATIO: 9.058%
>>>>> PROC: SLEV
CALLS: 3327	MIN: 0.918ms	AVG: 14.235ms	MAX: 6728.227ms	TOTAL: 47359.796ms
P99: 49.458ms	P95: 22.825ms	P50: 9.382ms	SD: 1220545.967	RATIO: 7.906%
>>>>> PROC: OSTAT
CALLS: 3219	MIN: 0.223ms	AVG: 1.805ms	MAX: 674.617ms	TOTAL: 5810.197ms
P99: 12.140ms	P95: 4.154ms	P50: 0.544ms	SD: 132914.875	RATIO: 0.970%
+-+-+-+-+-+-+-+-+-+-+-+-+-+-+-+-+-+-+-+-+-+-+-+-+-+-+-+-+-+-+-+-+-+-+-+-+-+
>>>>> VIRTUAL USER 12 : ELAPSED TIME : 598055ms
>>>>> PROC: NEWORD
CALLS: 33058	MIN: 0.942ms	AVG: 11.278ms	MAX: 2168.291ms	TOTAL: 372830.532ms
P99: 91.481ms	P95: 36.779ms	P50: 5.410ms	SD: 340940.506	RATIO: 62.341%
>>>>> PROC: PAYMENT
CALLS: 32772	MIN: 0.335ms	AVG: 3.435ms	MAX: 729.066ms	TOTAL: 112575.552ms
P99: 41.619ms	P95: 7.507ms	P50: 1.435ms	SD: 140134.273	RATIO: 18.824%
>>>>> PROC: DELIVERY
CALLS: 3258	MIN: 1.118ms	AVG: 18.590ms	MAX: 6751.500ms	TOTAL: 60565.585ms
P99: 144.484ms	P95: 45.404ms	P50: 7.609ms	SD: 1303710.726	RATIO: 10.127%
>>>>> PROC: SLEV
CALLS: 3318	MIN: 0.926ms	AVG: 12.448ms	MAX: 431.827ms	TOTAL: 41304.003ms
P99: 65.590ms	P95: 23.644ms	P50: 9.638ms	SD: 231301.820	RATIO: 6.906%
>>>>> PROC: OSTAT
CALLS: 3370	MIN: 0.235ms	AVG: 1.627ms	MAX: 765.817ms	TOTAL: 5484.630ms
P99: 10.078ms	P95: 4.110ms	P50: 0.534ms	SD: 144311.501	RATIO: 0.917%
+-+-+-+-+-+-+-+-+-+-+-+-+-+-+-+-+-+-+-+-+-+-+-+-+-+-+-+-+-+-+-+-+-+-+-+-+-+
>>>>> VIRTUAL USER 13 : ELAPSED TIME : 599044ms
>>>>> PROC: NEWORD
CALLS: 32864	MIN: 0.795ms	AVG: 11.483ms	MAX: 6685.026ms	TOTAL: 377373.959ms
P99: 92.899ms	P95: 36.629ms	P50: 5.400ms	SD: 505550.448	RATIO: 62.996%
>>>>> PROC: PAYMENT
CALLS: 32912	MIN: 0.280ms	AVG: 3.522ms	MAX: 2180.760ms	TOTAL: 115907.079ms
P99: 39.828ms	P95: 7.599ms	P50: 1.457ms	SD: 186253.472	RATIO: 19.349%
>>>>> PROC: DELIVERY
CALLS: 3292	MIN: 1.332ms	AVG: 16.085ms	MAX: 778.629ms	TOTAL: 52952.721ms
P99: 121.864ms	P95: 47.869ms	P50: 7.360ms	SD: 372115.303	RATIO: 8.840%
>>>>> PROC: SLEV
CALLS: 3404	MIN: 0.938ms	AVG: 12.437ms	MAX: 744.856ms	TOTAL: 42335.318ms
P99: 60.903ms	P95: 23.155ms	P50: 9.638ms	SD: 258448.301	RATIO: 7.067%
>>>>> PROC: OSTAT
CALLS: 3304	MIN: 0.234ms	AVG: 1.557ms	MAX: 203.931ms	TOTAL: 5145.394ms
P99: 12.380ms	P95: 4.124ms	P50: 0.537ms	SD: 57912.107	RATIO: 0.859%
+-+-+-+-+-+-+-+-+-+-+-+-+-+-+-+-+-+-+-+-+-+-+-+-+-+-+-+-+-+-+-+-+-+-+-+-+-+
>>>>> VIRTUAL USER 14 : ELAPSED TIME : 596640ms
>>>>> PROC: NEWORD
CALLS: 33057	MIN: 0.785ms	AVG: 11.381ms	MAX: 1699.258ms	TOTAL: 376232.750ms
P99: 89.767ms	P95: 37.074ms	P50: 5.582ms	SD: 321316.960	RATIO: 63.059%
>>>>> PROC: PAYMENT
CALLS: 32852	MIN: 0.337ms	AVG: 3.565ms	MAX: 2172.018ms	TOTAL: 117114.630ms
P99: 42.579ms	P95: 7.122ms	P50: 1.477ms	SD: 195866.955	RATIO: 19.629%
>>>>> PROC: DELIVERY
CALLS: 3325	MIN: 1.178ms	AVG: 14.365ms	MAX: 550.633ms	TOTAL: 47762.729ms
P99: 100.524ms	P95: 42.410ms	P50: 7.249ms	SD: 283125.424	RATIO: 8.005%
>>>>> PROC: SLEV
CALLS: 3290	MIN: 0.870ms	AVG: 13.149ms	MAX: 6692.050ms	TOTAL: 43259.191ms
P99: 37.491ms	P95: 21.618ms	P50: 9.391ms	SD: 1182546.590	RATIO: 7.250%
>>>>> PROC: OSTAT
CALLS: 3252	MIN: 0.219ms	AVG: 2.144ms	MAX: 2415.112ms	TOTAL: 6973.644ms
P99: 9.120ms	P95: 4.160ms	P50: 0.543ms	SD: 425630.590	RATIO: 1.169%
+-+-+-+-+-+-+-+-+-+-+-+-+-+-+-+-+-+-+-+-+-+-+-+-+-+-+-+-+-+-+-+-+-+-+-+-+-+
>>>>> VIRTUAL USER 15 : ELAPSED TIME : 594101ms
>>>>> PROC: NEWORD
CALLS: 32615	MIN: 0.774ms	AVG: 11.458ms	MAX: 2214.585ms	TOTAL: 373701.376ms
P99: 91.208ms	P95: 36.865ms	P50: 5.608ms	SD: 340591.273	RATIO: 62.902%
>>>>> PROC: PAYMENT
CALLS: 32943	MIN: 0.312ms	AVG: 3.521ms	MAX: 2403.749ms	TOTAL: 116003.395ms
P99: 40.120ms	P95: 7.123ms	P50: 1.465ms	SD: 204434.538	RATIO: 19.526%
>>>>> PROC: DELIVERY
CALLS: 3249	MIN: 1.603ms	AVG: 13.611ms	MAX: 680.336ms	TOTAL: 44223.327ms
P99: 89.025ms	P95: 42.611ms	P50: 7.120ms	SD: 248216.463	RATIO: 7.444%
>>>>> PROC: SLEV
CALLS: 3250	MIN: 0.923ms	AVG: 13.056ms	MAX: 690.087ms	TOTAL: 42431.625ms
P99: 70.488ms	P95: 23.853ms	P50: 9.636ms	SD: 319597.758	RATIO: 7.142%
>>>>> PROC: OSTAT
CALLS: 3335	MIN: 0.231ms	AVG: 3.711ms	MAX: 6601.415ms	TOTAL: 12377.059ms
P99: 11.788ms	P95: 4.353ms	P50: 0.543ms	SD: 1146583.780	RATIO: 2.083%
+-+-+-+-+-+-+-+-+-+-+-+-+-+-+-+-+-+-+-+-+-+-+-+-+-+-+-+-+-+-+-+-+-+-+-+-+-+
>>>>> VIRTUAL USER 16 : ELAPSED TIME : 594050ms
>>>>> PROC: NEWORD
CALLS: 32316	MIN: 0.811ms	AVG: 11.864ms	MAX: 6661.479ms	TOTAL: 383392.521ms
P99: 93.017ms	P95: 37.281ms	P50: 5.639ms	SD: 520687.580	RATIO: 64.539%
>>>>> PROC: PAYMENT
CALLS: 32717	MIN: 0.323ms	AVG: 3.508ms	MAX: 809.369ms	TOTAL: 114773.505ms
P99: 41.720ms	P95: 7.066ms	P50: 1.477ms	SD: 157473.332	RATIO: 19.321%
>>>>> PROC: DELIVERY
CALLS: 3227	MIN: 1.523ms	AVG: 13.650ms	MAX: 678.119ms	TOTAL: 44049.206ms
P99: 97.536ms	P95: 40.643ms	P50: 7.077ms	SD: 300163.209	RATIO: 7.415%
>>>>> PROC: SLEV
CALLS: 3298	MIN: 0.889ms	AVG: 12.378ms	MAX: 740.762ms	TOTAL: 40823.932ms
P99: 51.056ms	P95: 24.387ms	P50: 9.682ms	SD: 267004.042	RATIO: 6.872%
>>>>> PROC: OSTAT
CALLS: 3240	MIN: 0.219ms	AVG: 1.651ms	MAX: 419.217ms	TOTAL: 5347.796ms
P99: 11.421ms	P95: 4.264ms	P50: 0.540ms	SD: 92604.431	RATIO: 0.900%
+-+-+-+-+-+-+-+-+-+-+-+-+-+-+-+-+-+-+-+-+-+-+-+-+-+-+-+-+-+-+-+-+-+-+-+-+-+
>>>>> VIRTUAL USER 17 : ELAPSED TIME : 597211ms
>>>>> PROC: NEWORD
CALLS: 33071	MIN: 0.802ms	AVG: 11.906ms	MAX: 6673.978ms	TOTAL: 393727.993ms
P99: 96.790ms	P95: 37.490ms	P50: 5.623ms	SD: 519915.884	RATIO: 65.928%
>>>>> PROC: PAYMENT
CALLS: 33048	MIN: 0.316ms	AVG: 3.395ms	MAX: 781.030ms	TOTAL: 112199.325ms
P99: 39.892ms	P95: 6.840ms	P50: 1.492ms	SD: 143346.445	RATIO: 18.787%
>>>>> PROC: DELIVERY
CALLS: 3249	MIN: 1.365ms	AVG: 13.259ms	MAX: 984.283ms	TOTAL: 43079.545ms
P99: 97.663ms	P95: 40.743ms	P50: 7.017ms	SD: 289170.421	RATIO: 7.213%
>>>>> PROC: SLEV
CALLS: 3147	MIN: 0.901ms	AVG: 12.150ms	MAX: 537.514ms	TOTAL: 38234.637ms
P99: 51.360ms	P95: 22.782ms	P50: 9.610ms	SD: 240006.179	RATIO: 6.402%
>>>>> PROC: OSTAT
CALLS: 3261	MIN: 0.223ms	AVG: 1.444ms	MAX: 147.502ms	TOTAL: 4709.546ms
P99: 8.919ms	P95: 4.143ms	P50: 0.561ms	SD: 41801.991	RATIO: 0.789%
+-+-+-+-+-+-+-+-+-+-+-+-+-+-+-+-+-+-+-+-+-+-+-+-+-+-+-+-+-+-+-+-+-+-+-+-+-+
>>>>> SUMMARY OF 16 ACTIVE VIRTUAL USERS : MEDIAN ELAPSED TIME : 599222ms
>>>>> PROC: NEWORD
CALLS: 1059962	MIN: 0.767ms	AVG: 11.409ms	MAX: 6685.037ms	TOTAL: 12093441.761ms
P99: 91.801ms	P95: 36.839ms	P50: 5.472ms	SD: 416984.867	RATIO: 126.137%
>>>>> PROC: PAYMENT
CALLS: 1058628	MIN: 0.280ms	AVG: 3.489ms	MAX: 6598.902ms	TOTAL: 3694026.687ms
P99: 40.915ms	P95: 7.220ms	P50: 1.442ms	SD: 204230.810	RATIO: 38.529%
>>>>> PROC: DELIVERY
CALLS: 105804	MIN: 1.118ms	AVG: 15.879ms	MAX: 6751.499ms	TOTAL: 1680074.657ms
P99: 116.120ms	P95: 44.869ms	P50: 7.571ms	SD: 487033.159	RATIO: 17.524%
>>>>> PROC: SLEV
CALLS: 105956	MIN: 0.838ms	AVG: 12.815ms	MAX: 6816.447ms	TOTAL: 1357863.613ms
P99: 49.541ms	P95: 22.631ms	P50: 9.520ms	SD: 770675.877	RATIO: 14.163%
>>>>> PROC: OSTAT
CALLS: 106070	MIN: 0.199ms	AVG: 1.734ms	MAX: 6601.414ms	TOTAL: 183973.100ms
P99: 10.574ms	P95: 4.200ms	P50: 0.538ms	SD: 318133.172	RATIO: 1.919%
+-+-+-+-+-+-+-+-+-+-+-+-+-+-+-+-+-+-+-+-+-+-+-+-+-+-+-+-+-+-+-+-+-+-+-+-+-+
PostgreSQL Hammerdb Time Profile Report @ Sun Jun 09 22:18:20 BST 2024
+-+-+-+-+-+-+-+-+-+-+-+-+-+-+-+-+-+-+-+-+-+-+-+-+-+-+-+-+-+-+-+-+-+-+-+-+-+
>>>>> VIRTUAL USER 2 : ELAPSED TIME : 609925ms
>>>>> PROC: NEWORD
CALLS: 14169	MIN: 0.768ms	AVG: 24.065ms	MAX: 8009.520ms	TOTAL: 340983.805ms
P99: 404.338ms	P95: 74.428ms	P50: 7.331ms	SD: 1196504.297	RATIO: 55.906%
>>>>> PROC: DELIVERY
CALLS: 1434	MIN: 1.603ms	AVG: 89.372ms	MAX: 6214.132ms	TOTAL: 128158.842ms
P99: 760.072ms	P95: 428.212ms	P50: 24.484ms	SD: 2238162.575	RATIO: 21.012%
>>>>> PROC: PAYMENT
CALLS: 14310	MIN: 0.330ms	AVG: 7.334ms	MAX: 1438.613ms	TOTAL: 104956.519ms
P99: 100.428ms	P95: 16.861ms	P50: 2.243ms	SD: 398789.349	RATIO: 17.208%
>>>>> PROC: SLEV
CALLS: 1416	MIN: 0.849ms	AVG: 20.864ms	MAX: 1488.798ms	TOTAL: 29543.382ms
P99: 178.547ms	P95: 41.110ms	P50: 12.515ms	SD: 629455.670	RATIO: 4.844%
>>>>> PROC: OSTAT
CALLS: 1439	MIN: 0.225ms	AVG: 2.559ms	MAX: 477.603ms	TOTAL: 3682.010ms
P99: 13.694ms	P95: 4.984ms	P50: 0.672ms	SD: 190879.881	RATIO: 0.604%
+-+-+-+-+-+-+-+-+-+-+-+-+-+-+-+-+-+-+-+-+-+-+-+-+-+-+-+-+-+-+-+-+-+-+-+-+-+
>>>>> VIRTUAL USER 3 : ELAPSED TIME : 611717ms
>>>>> PROC: NEWORD
CALLS: 14581	MIN: 0.897ms	AVG: 23.830ms	MAX: 7870.377ms	TOTAL: 347459.722ms
P99: 407.043ms	P95: 75.909ms	P50: 7.148ms	SD: 1144292.591	RATIO: 56.801%
>>>>> PROC: DELIVERY
CALLS: 1514	MIN: 1.488ms	AVG: 81.391ms	MAX: 1238.822ms	TOTAL: 123225.557ms
P99: 767.504ms	P95: 421.268ms	P50: 22.353ms	SD: 1547611.003	RATIO: 20.144%
>>>>> PROC: PAYMENT
CALLS: 14773	MIN: 0.320ms	AVG: 7.208ms	MAX: 7948.686ms	TOTAL: 106480.646ms
P99: 96.484ms	P95: 17.258ms	P50: 2.208ms	SD: 718299.517	RATIO: 17.407%
>>>>> PROC: SLEV
CALLS: 1512	MIN: 0.881ms	AVG: 19.433ms	MAX: 1500.577ms	TOTAL: 29383.452ms
P99: 82.789ms	P95: 40.469ms	P50: 12.603ms	SD: 577266.924	RATIO: 4.803%
>>>>> PROC: OSTAT
CALLS: 1412	MIN: 0.238ms	AVG: 1.757ms	MAX: 235.078ms	TOTAL: 2480.995ms
P99: 10.855ms	P95: 5.149ms	P50: 0.671ms	SD: 71471.969	RATIO: 0.406%
+-+-+-+-+-+-+-+-+-+-+-+-+-+-+-+-+-+-+-+-+-+-+-+-+-+-+-+-+-+-+-+-+-+-+-+-+-+
>>>>> VIRTUAL USER 4 : ELAPSED TIME : 608587ms
>>>>> PROC: NEWORD
CALLS: 14402	MIN: 0.860ms	AVG: 23.769ms	MAX: 7952.959ms	TOTAL: 342315.468ms
P99: 401.996ms	P95: 76.666ms	P50: 7.308ms	SD: 1000174.892	RATIO: 56.248%
>>>>> PROC: DELIVERY
CALLS: 1430	MIN: 2.028ms	AVG: 84.535ms	MAX: 3158.824ms	TOTAL: 120884.355ms
P99: 774.865ms	P95: 422.387ms	P50: 22.512ms	SD: 1771790.045	RATIO: 19.863%
>>>>> PROC: PAYMENT
CALLS: 14082	MIN: 0.357ms	AVG: 7.935ms	MAX: 7728.338ms	TOTAL: 111739.269ms
P99: 103.697ms	P95: 17.019ms	P50: 2.244ms	SD: 951978.796	RATIO: 18.360%
>>>>> PROC: SLEV
CALLS: 1436	MIN: 0.862ms	AVG: 19.755ms	MAX: 1060.354ms	TOTAL: 28368.104ms
P99: 157.167ms	P95: 38.060ms	P50: 12.505ms	SD: 519259.643	RATIO: 4.661%
>>>>> PROC: OSTAT
CALLS: 1418	MIN: 0.224ms	AVG: 1.856ms	MAX: 260.511ms	TOTAL: 2632.419ms
P99: 11.133ms	P95: 4.921ms	P50: 0.668ms	SD: 82992.087	RATIO: 0.433%
+-+-+-+-+-+-+-+-+-+-+-+-+-+-+-+-+-+-+-+-+-+-+-+-+-+-+-+-+-+-+-+-+-+-+-+-+-+
>>>>> VIRTUAL USER 5 : ELAPSED TIME : 611005ms
>>>>> PROC: NEWORD
CALLS: 14643	MIN: 0.883ms	AVG: 22.703ms	MAX: 7757.787ms	TOTAL: 332445.886ms
P99: 387.553ms	P95: 70.729ms	P50: 7.116ms	SD: 1101498.788	RATIO: 54.410%
>>>>> PROC: DELIVERY
CALLS: 1530	MIN: 1.814ms	AVG: 87.792ms	MAX: 1562.907ms	TOTAL: 134322.155ms
P99: 820.189ms	P95: 423.505ms	P50: 23.728ms	SD: 1648721.648	RATIO: 21.984%
>>>>> PROC: PAYMENT
CALLS: 14775	MIN: 0.368ms	AVG: 7.207ms	MAX: 8009.135ms	TOTAL: 106484.810ms
P99: 101.691ms	P95: 15.559ms	P50: 2.257ms	SD: 720187.390	RATIO: 17.428%
>>>>> PROC: SLEV
CALLS: 1419	MIN: 0.882ms	AVG: 22.838ms	MAX: 2123.352ms	TOTAL: 32407.132ms
P99: 259.110ms	P95: 42.485ms	P50: 12.804ms	SD: 832357.422	RATIO: 5.304%
>>>>> PROC: OSTAT
CALLS: 1425	MIN: 0.221ms	AVG: 1.869ms	MAX: 138.692ms	TOTAL: 2664.035ms
P99: 10.985ms	P95: 5.386ms	P50: 0.685ms	SD: 57800.717	RATIO: 0.436%
+-+-+-+-+-+-+-+-+-+-+-+-+-+-+-+-+-+-+-+-+-+-+-+-+-+-+-+-+-+-+-+-+-+-+-+-+-+
>>>>> VIRTUAL USER 6 : ELAPSED TIME : 610883ms
>>>>> PROC: NEWORD
CALLS: 12551	MIN: 0.789ms	AVG: 27.767ms	MAX: 7951.901ms	TOTAL: 348508.147ms
P99: 424.984ms	P95: 97.892ms	P50: 7.349ms	SD: 1132807.547	RATIO: 57.050%
>>>>> PROC: PAYMENT
CALLS: 12335	MIN: 0.376ms	AVG: 9.389ms	MAX: 7728.530ms	TOTAL: 115811.806ms
P99: 131.124ms	P95: 38.946ms	P50: 2.366ms	SD: 804793.356	RATIO: 18.958%
>>>>> PROC: DELIVERY
CALLS: 1296	MIN: 3.629ms	AVG: 85.535ms	MAX: 1651.378ms	TOTAL: 110852.842ms
P99: 790.148ms	P95: 429.376ms	P50: 22.227ms	SD: 1611960.374	RATIO: 18.146%
>>>>> PROC: SLEV
CALLS: 1274	MIN: 0.824ms	AVG: 24.584ms	MAX: 6849.026ms	TOTAL: 31319.775ms
P99: 92.723ms	P95: 39.864ms	P50: 13.002ms	SD: 1979676.157	RATIO: 5.127%
>>>>> PROC: OSTAT
CALLS: 1216	MIN: 0.251ms	AVG: 1.693ms	MAX: 129.276ms	TOTAL: 2058.623ms
P99: 11.646ms	P95: 5.344ms	P50: 0.651ms	SD: 43606.843	RATIO: 0.337%
+-+-+-+-+-+-+-+-+-+-+-+-+-+-+-+-+-+-+-+-+-+-+-+-+-+-+-+-+-+-+-+-+-+-+-+-+-+
>>>>> VIRTUAL USER 7 : ELAPSED TIME : 610433ms
>>>>> PROC: NEWORD
CALLS: 12597	MIN: 0.743ms	AVG: 24.645ms	MAX: 7763.053ms	TOTAL: 310449.268ms
P99: 356.040ms	P95: 85.231ms	P50: 7.092ms	SD: 1236056.114	RATIO: 50.857%
>>>>> PROC: SLEV
CALLS: 1270	MIN: 0.913ms	AVG: 81.388ms	MAX: 6511.778ms	TOTAL: 103362.404ms
P99: 1087.223ms	P95: 584.425ms	P50: 15.378ms	SD: 3006965.653	RATIO: 16.933%
>>>>> PROC: PAYMENT
CALLS: 12302	MIN: 0.361ms	AVG: 8.029ms	MAX: 1240.530ms	TOTAL: 98773.601ms
P99: 125.778ms	P95: 37.054ms	P50: 2.337ms	SD: 333472.148	RATIO: 16.181%
>>>>> PROC: DELIVERY
CALLS: 1234	MIN: 4.582ms	AVG: 75.548ms	MAX: 1465.407ms	TOTAL: 93225.696ms
P99: 599.270ms	P95: 424.366ms	P50: 23.441ms	SD: 1473504.819	RATIO: 15.272%
>>>>> PROC: OSTAT
CALLS: 1269	MIN: 0.246ms	AVG: 1.859ms	MAX: 93.958ms	TOTAL: 2359.035ms
P99: 13.497ms	P95: 5.806ms	P50: 0.695ms	SD: 44457.688	RATIO: 0.386%
+-+-+-+-+-+-+-+-+-+-+-+-+-+-+-+-+-+-+-+-+-+-+-+-+-+-+-+-+-+-+-+-+-+-+-+-+-+
>>>>> VIRTUAL USER 8 : ELAPSED TIME : 602684ms
>>>>> PROC: NEWORD
CALLS: 12459	MIN: 0.895ms	AVG: 25.985ms	MAX: 2761.710ms	TOTAL: 323747.007ms
P99: 411.430ms	P95: 93.967ms	P50: 7.330ms	SD: 839198.824	RATIO: 53.718%
>>>>> PROC: DELIVERY
CALLS: 1261	MIN: 2.878ms	AVG: 99.046ms	MAX: 2976.068ms	TOTAL: 124897.011ms
P99: 851.299ms	P95: 430.023ms	P50: 27.114ms	SD: 1880637.332	RATIO: 20.723%
>>>>> PROC: PAYMENT
CALLS: 12453	MIN: 0.381ms	AVG: 9.347ms	MAX: 8384.651ms	TOTAL: 116394.280ms
P99: 126.195ms	P95: 37.563ms	P50: 2.295ms	SD: 1102807.067	RATIO: 19.313%
>>>>> PROC: SLEV
CALLS: 1235	MIN: 0.950ms	AVG: 25.608ms	MAX: 6815.159ms	TOTAL: 31626.012ms
P99: 182.530ms	P95: 43.122ms	P50: 13.371ms	SD: 1980193.792	RATIO: 5.248%
>>>>> PROC: OSTAT
CALLS: 1264	MIN: 0.248ms	AVG: 2.883ms	MAX: 782.597ms	TOTAL: 3644.664ms
P99: 10.450ms	P95: 5.483ms	P50: 0.692ms	SD: 270873.968	RATIO: 0.605%
+-+-+-+-+-+-+-+-+-+-+-+-+-+-+-+-+-+-+-+-+-+-+-+-+-+-+-+-+-+-+-+-+-+-+-+-+-+
>>>>> VIRTUAL USER 9 : ELAPSED TIME : 608773ms
>>>>> PROC: NEWORD
CALLS: 12103	MIN: 0.910ms	AVG: 25.935ms	MAX: 9290.595ms	TOTAL: 313895.563ms
P99: 383.745ms	P95: 89.531ms	P50: 7.212ms	SD: 1456397.093	RATIO: 51.562%
>>>>> PROC: PAYMENT
CALLS: 11934	MIN: 0.353ms	AVG: 9.387ms	MAX: 1650.387ms	TOTAL: 112024.827ms
P99: 139.621ms	P95: 41.997ms	P50: 2.335ms	SD: 454286.236	RATIO: 18.402%
>>>>> PROC: DELIVERY
CALLS: 1184	MIN: 2.436ms	AVG: 81.283ms	MAX: 1206.492ms	TOTAL: 96239.194ms
P99: 782.843ms	P95: 430.002ms	P50: 23.586ms	SD: 1536814.978	RATIO: 15.809%
>>>>> PROC: SLEV
CALLS: 1233	MIN: 1.072ms	AVG: 66.815ms	MAX: 5930.004ms	TOTAL: 82382.362ms
P99: 1137.506ms	P95: 231.453ms	P50: 14.479ms	SD: 2912642.475	RATIO: 13.533%
>>>>> PROC: OSTAT
CALLS: 1194	MIN: 0.247ms	AVG: 1.755ms	MAX: 113.077ms	TOTAL: 2095.065ms
P99: 14.057ms	P95: 5.004ms	P50: 0.634ms	SD: 51515.045	RATIO: 0.344%
+-+-+-+-+-+-+-+-+-+-+-+-+-+-+-+-+-+-+-+-+-+-+-+-+-+-+-+-+-+-+-+-+-+-+-+-+-+
>>>>> VIRTUAL USER 10 : ELAPSED TIME : 601565ms
>>>>> PROC: NEWORD
CALLS: 12457	MIN: 1.140ms	AVG: 27.999ms	MAX: 8008.534ms	TOTAL: 348781.878ms
P99: 417.702ms	P95: 89.893ms	P50: 7.644ms	SD: 1241588.180	RATIO: 57.979%
>>>>> PROC: PAYMENT
CALLS: 12367	MIN: 0.408ms	AVG: 8.887ms	MAX: 7729.356ms	TOTAL: 109905.386ms
P99: 122.506ms	P95: 36.800ms	P50: 2.301ms	SD: 790721.456	RATIO: 18.270%
>>>>> PROC: DELIVERY
CALLS: 1191	MIN: 1.641ms	AVG: 92.210ms	MAX: 2303.365ms	TOTAL: 109822.052ms
P99: 790.172ms	P95: 433.345ms	P50: 24.368ms	SD: 1708088.853	RATIO: 18.256%
>>>>> PROC: SLEV
CALLS: 1239	MIN: 0.935ms	AVG: 22.765ms	MAX: 1080.247ms	TOTAL: 28206.284ms
P99: 202.340ms	P95: 44.345ms	P50: 14.209ms	SD: 571873.946	RATIO: 4.689%
>>>>> PROC: OSTAT
CALLS: 1242	MIN: 0.230ms	AVG: 2.113ms	MAX: 482.063ms	TOTAL: 2623.935ms
P99: 10.950ms	P95: 5.291ms	P50: 0.653ms	SD: 144362.300	RATIO: 0.436%
+-+-+-+-+-+-+-+-+-+-+-+-+-+-+-+-+-+-+-+-+-+-+-+-+-+-+-+-+-+-+-+-+-+-+-+-+-+
>>>>> VIRTUAL USER 11 : ELAPSED TIME : 600750ms
>>>>> PROC: NEWORD
CALLS: 12752	MIN: 0.981ms	AVG: 27.398ms	MAX: 8010.747ms	TOTAL: 349383.865ms
P99: 426.639ms	P95: 88.513ms	P50: 7.337ms	SD: 1404914.258	RATIO: 58.158%
>>>>> PROC: DELIVERY
CALLS: 1292	MIN: 5.223ms	AVG: 92.863ms	MAX: 3301.420ms	TOTAL: 119978.384ms
P99: 822.504ms	P95: 424.191ms	P50: 25.110ms	SD: 1847471.367	RATIO: 19.971%
>>>>> PROC: PAYMENT
CALLS: 12898	MIN: 0.391ms	AVG: 7.720ms	MAX: 1635.961ms	TOTAL: 99572.677ms
P99: 112.087ms	P95: 34.214ms	P50: 2.260ms	SD: 362619.290	RATIO: 16.575%
>>>>> PROC: SLEV
CALLS: 1253	MIN: 0.851ms	AVG: 21.686ms	MAX: 1225.447ms	TOTAL: 27172.205ms
P99: 187.072ms	P95: 45.355ms	P50: 14.036ms	SD: 587075.322	RATIO: 4.523%
>>>>> PROC: OSTAT
CALLS: 1245	MIN: 0.223ms	AVG: 1.966ms	MAX: 200.022ms	TOTAL: 2447.697ms
P99: 13.715ms	P95: 5.502ms	P50: 0.677ms	SD: 73946.397	RATIO: 0.407%
+-+-+-+-+-+-+-+-+-+-+-+-+-+-+-+-+-+-+-+-+-+-+-+-+-+-+-+-+-+-+-+-+-+-+-+-+-+
>>>>> VIRTUAL USER 12 : ELAPSED TIME : 604809ms
>>>>> PROC: NEWORD
CALLS: 12481	MIN: 0.776ms	AVG: 23.729ms	MAX: 9310.711ms	TOTAL: 296157.160ms
P99: 306.162ms	P95: 81.599ms	P50: 7.214ms	SD: 1427312.681	RATIO: 48.967%
>>>>> PROC: PAYMENT
CALLS: 12487	MIN: 0.344ms	AVG: 8.352ms	MAX: 1632.929ms	TOTAL: 104294.215ms
P99: 119.998ms	P95: 37.050ms	P50: 2.319ms	SD: 418042.529	RATIO: 17.244%
>>>>> PROC: DELIVERY
CALLS: 1265	MIN: 3.230ms	AVG: 80.698ms	MAX: 1253.141ms	TOTAL: 102083.415ms
P99: 747.262ms	P95: 430.440ms	P50: 23.989ms	SD: 1527657.749	RATIO: 16.879%
>>>>> PROC: SLEV
CALLS: 1193	MIN: 0.982ms	AVG: 82.334ms	MAX: 10904.572ms	TOTAL: 98224.501ms
P99: 1192.352ms	P95: 543.805ms	P50: 14.926ms	SD: 4060478.455	RATIO: 16.241%
>>>>> PROC: OSTAT
CALLS: 1246	MIN: 0.229ms	AVG: 1.534ms	MAX: 24.153ms	TOTAL: 1911.020ms
P99: 10.965ms	P95: 4.976ms	P50: 0.663ms	SD: 21602.576	RATIO: 0.316%
+-+-+-+-+-+-+-+-+-+-+-+-+-+-+-+-+-+-+-+-+-+-+-+-+-+-+-+-+-+-+-+-+-+-+-+-+-+
>>>>> VIRTUAL USER 13 : ELAPSED TIME : 610055ms
>>>>> PROC: NEWORD
CALLS: 13360	MIN: 0.923ms	AVG: 25.747ms	MAX: 7723.045ms	TOTAL: 343983.678ms
P99: 406.578ms	P95: 86.606ms	P50: 7.322ms	SD: 1175553.904	RATIO: 56.386%
>>>>> PROC: PAYMENT
CALLS: 13409	MIN: 0.387ms	AVG: 8.880ms	MAX: 8008.151ms	TOTAL: 119077.654ms
P99: 123.079ms	P95: 33.174ms	P50: 2.218ms	SD: 808984.422	RATIO: 19.519%
>>>>> PROC: DELIVERY
CALLS: 1343	MIN: 3.578ms	AVG: 84.857ms	MAX: 1566.114ms	TOTAL: 113962.477ms
P99: 568.227ms	P95: 418.789ms	P50: 22.344ms	SD: 1544992.705	RATIO: 18.681%
>>>>> PROC: SLEV
CALLS: 1345	MIN: 0.900ms	AVG: 19.700ms	MAX: 730.026ms	TOTAL: 26496.300ms
P99: 129.381ms	P95: 41.338ms	P50: 13.081ms	SD: 446410.371	RATIO: 4.343%
>>>>> PROC: OSTAT
CALLS: 1263	MIN: 0.258ms	AVG: 3.325ms	MAX: 1439.839ms	TOTAL: 4198.931ms
P99: 14.434ms	P95: 5.051ms	P50: 0.641ms	SD: 432553.255	RATIO: 0.688%
+-+-+-+-+-+-+-+-+-+-+-+-+-+-+-+-+-+-+-+-+-+-+-+-+-+-+-+-+-+-+-+-+-+-+-+-+-+
>>>>> VIRTUAL USER 14 : ELAPSED TIME : 606995ms
>>>>> PROC: NEWORD
CALLS: 12914	MIN: 1.089ms	AVG: 26.968ms	MAX: 7745.578ms	TOTAL: 348269.471ms
P99: 422.380ms	P95: 89.614ms	P50: 7.449ms	SD: 1268887.324	RATIO: 57.376%
>>>>> PROC: DELIVERY
CALLS: 1287	MIN: 3.789ms	AVG: 97.358ms	MAX: 8008.845ms	TOTAL: 125299.871ms
P99: 745.710ms	P95: 432.534ms	P50: 23.096ms	SD: 2813737.859	RATIO: 20.643%
>>>>> PROC: PAYMENT
CALLS: 12879	MIN: 0.405ms	AVG: 8.164ms	MAX: 1122.266ms	TOTAL: 105147.889ms
P99: 123.937ms	P95: 35.613ms	P50: 2.263ms	SD: 354913.545	RATIO: 17.323%
>>>>> PROC: SLEV
CALLS: 1279	MIN: 0.880ms	AVG: 18.700ms	MAX: 568.991ms	TOTAL: 23917.748ms
P99: 84.271ms	P95: 44.009ms	P50: 13.470ms	SD: 315191.494	RATIO: 3.940%
>>>>> PROC: OSTAT
CALLS: 1337	MIN: 0.263ms	AVG: 1.534ms	MAX: 60.233ms	TOTAL: 2051.118ms
P99: 10.132ms	P95: 4.916ms	P50: 0.654ms	SD: 29612.604	RATIO: 0.338%
+-+-+-+-+-+-+-+-+-+-+-+-+-+-+-+-+-+-+-+-+-+-+-+-+-+-+-+-+-+-+-+-+-+-+-+-+-+
>>>>> VIRTUAL USER 15 : ELAPSED TIME : 598187ms
>>>>> PROC: NEWORD
CALLS: 12290	MIN: 1.043ms	AVG: 28.328ms	MAX: 7747.026ms	TOTAL: 348151.977ms
P99: 428.059ms	P95: 92.540ms	P50: 7.699ms	SD: 1236594.530	RATIO: 58.201%
>>>>> PROC: PAYMENT
CALLS: 12352	MIN: 0.378ms	AVG: 9.053ms	MAX: 8009.173ms	TOTAL: 111824.111ms
P99: 129.297ms	P95: 35.981ms	P50: 2.401ms	SD: 817384.896	RATIO: 18.694%
>>>>> PROC: DELIVERY
CALLS: 1214	MIN: 3.566ms	AVG: 85.347ms	MAX: 1764.430ms	TOTAL: 103611.143ms
P99: 605.662ms	P95: 422.416ms	P50: 23.945ms	SD: 1577445.702	RATIO: 17.321%
>>>>> PROC: SLEV
CALLS: 1268	MIN: 1.008ms	AVG: 23.232ms	MAX: 1799.356ms	TOTAL: 29458.070ms
P99: 233.506ms	P95: 48.374ms	P50: 13.747ms	SD: 691698.409	RATIO: 4.925%
>>>>> PROC: OSTAT
CALLS: 1164	MIN: 0.264ms	AVG: 2.421ms	MAX: 547.230ms	TOTAL: 2817.791ms
P99: 13.608ms	P95: 5.430ms	P50: 0.735ms	SD: 169918.316	RATIO: 0.471%
+-+-+-+-+-+-+-+-+-+-+-+-+-+-+-+-+-+-+-+-+-+-+-+-+-+-+-+-+-+-+-+-+-+-+-+-+-+
>>>>> VIRTUAL USER 16 : ELAPSED TIME : 605131ms
>>>>> PROC: NEWORD
CALLS: 12061	MIN: 0.819ms	AVG: 23.370ms	MAX: 7769.572ms	TOTAL: 281871.377ms
P99: 329.717ms	P95: 85.523ms	P50: 7.189ms	SD: 1011321.372	RATIO: 46.580%
>>>>> PROC: SLEV
CALLS: 1171	MIN: 1.171ms	AVG: 103.960ms	MAX: 6519.424ms	TOTAL: 121737.594ms
P99: 1243.942ms	P95: 619.789ms	P50: 15.919ms	SD: 3686320.918	RATIO: 20.118%
>>>>> PROC: PAYMENT
CALLS: 11954	MIN: 0.325ms	AVG: 9.760ms	MAX: 8008.804ms	TOTAL: 116667.905ms
P99: 131.400ms	P95: 39.652ms	P50: 2.474ms	SD: 979227.471	RATIO: 19.280%
>>>>> PROC: DELIVERY
CALLS: 1240	MIN: 3.474ms	AVG: 64.725ms	MAX: 1786.748ms	TOTAL: 80258.403ms
P99: 720.402ms	P95: 408.113ms	P50: 21.366ms	SD: 1403501.468	RATIO: 13.263%
>>>>> PROC: OSTAT
CALLS: 1222	MIN: 0.251ms	AVG: 1.937ms	MAX: 134.681ms	TOTAL: 2367.394ms
P99: 12.508ms	P95: 5.651ms	P50: 0.721ms	SD: 57887.484	RATIO: 0.391%
+-+-+-+-+-+-+-+-+-+-+-+-+-+-+-+-+-+-+-+-+-+-+-+-+-+-+-+-+-+-+-+-+-+-+-+-+-+
>>>>> VIRTUAL USER 17 : ELAPSED TIME : 604887ms
>>>>> PROC: NEWORD
CALLS: 12392	MIN: 1.237ms	AVG: 28.424ms	MAX: 8010.235ms	TOTAL: 352225.150ms
P99: 414.567ms	P95: 92.476ms	P50: 7.544ms	SD: 1428866.827	RATIO: 58.230%
>>>>> PROC: PAYMENT
CALLS: 12553	MIN: 0.368ms	AVG: 9.233ms	MAX: 3136.726ms	TOTAL: 115906.198ms
P99: 137.356ms	P95: 39.536ms	P50: 2.360ms	SD: 507976.820	RATIO: 19.162%
>>>>> PROC: DELIVERY
CALLS: 1238	MIN: 3.637ms	AVG: 87.198ms	MAX: 1191.401ms	TOTAL: 107951.008ms
P99: 666.033ms	P95: 428.355ms	P50: 23.002ms	SD: 1537073.479	RATIO: 17.846%
>>>>> PROC: SLEV
CALLS: 1218	MIN: 0.940ms	AVG: 19.413ms	MAX: 613.614ms	TOTAL: 23645.305ms
P99: 133.703ms	P95: 40.902ms	P50: 12.900ms	SD: 415939.753	RATIO: 3.909%
>>>>> PROC: OSTAT
CALLS: 1271	MIN: 0.223ms	AVG: 2.255ms	MAX: 539.095ms	TOTAL: 2866.209ms
P99: 11.825ms	P95: 5.169ms	P50: 0.671ms	SD: 161160.625	RATIO: 0.474%
+-+-+-+-+-+-+-+-+-+-+-+-+-+-+-+-+-+-+-+-+-+-+-+-+-+-+-+-+-+-+-+-+-+-+-+-+-+
>>>>> VIRTUAL USER 18 : ELAPSED TIME : 601333ms
>>>>> PROC: NEWORD
CALLS: 11985	MIN: 1.201ms	AVG: 30.215ms	MAX: 7952.305ms	TOTAL: 362123.795ms
P99: 422.629ms	P95: 102.815ms	P50: 7.792ms	SD: 1518187.084	RATIO: 60.220%
>>>>> PROC: PAYMENT
CALLS: 12073	MIN: 0.402ms	AVG: 9.341ms	MAX: 1630.795ms	TOTAL: 112769.185ms
P99: 134.505ms	P95: 39.731ms	P50: 2.385ms	SD: 453671.398	RATIO: 18.753%
>>>>> PROC: DELIVERY
CALLS: 1195	MIN: 3.174ms	AVG: 81.301ms	MAX: 1161.649ms	TOTAL: 97154.227ms
P99: 486.538ms	P95: 422.715ms	P50: 23.354ms	SD: 1475879.390	RATIO: 16.156%
>>>>> PROC: SLEV
CALLS: 1198	MIN: 0.923ms	AVG: 20.796ms	MAX: 584.537ms	TOTAL: 24913.606ms
P99: 186.777ms	P95: 39.897ms	P50: 13.847ms	SD: 460479.397	RATIO: 4.143%
>>>>> PROC: OSTAT
CALLS: 1197	MIN: 0.243ms	AVG: 1.779ms	MAX: 270.093ms	TOTAL: 2128.976ms
P99: 10.327ms	P95: 4.910ms	P50: 0.660ms	SD: 83133.814	RATIO: 0.354%
+-+-+-+-+-+-+-+-+-+-+-+-+-+-+-+-+-+-+-+-+-+-+-+-+-+-+-+-+-+-+-+-+-+-+-+-+-+
>>>>> VIRTUAL USER 19 : ELAPSED TIME : 597006ms
>>>>> PROC: NEWORD
CALLS: 12059	MIN: 1.221ms	AVG: 29.171ms	MAX: 8003.705ms	TOTAL: 351776.585ms
P99: 427.667ms	P95: 99.517ms	P50: 7.775ms	SD: 1331644.530	RATIO: 58.923%
>>>>> PROC: DELIVERY
CALLS: 1188	MIN: 1.969ms	AVG: 90.100ms	MAX: 1227.344ms	TOTAL: 107038.923ms
P99: 828.819ms	P95: 428.022ms	P50: 23.026ms	SD: 1661212.866	RATIO: 17.929%
>>>>> PROC: PAYMENT
CALLS: 12033	MIN: 0.383ms	AVG: 8.291ms	MAX: 1230.610ms	TOTAL: 99771.577ms
P99: 128.742ms	P95: 37.559ms	P50: 2.434ms	SD: 345364.407	RATIO: 16.712%
>>>>> PROC: SLEV
CALLS: 1184	MIN: 0.986ms	AVG: 27.980ms	MAX: 6665.420ms	TOTAL: 33128.301ms
P99: 326.455ms	P95: 45.006ms	P50: 13.691ms	SD: 2009395.459	RATIO: 5.549%
>>>>> PROC: OSTAT
CALLS: 1184	MIN: 0.250ms	AVG: 2.555ms	MAX: 467.567ms	TOTAL: 3024.846ms
P99: 11.329ms	P95: 5.184ms	P50: 0.705ms	SD: 195972.969	RATIO: 0.507%
+-+-+-+-+-+-+-+-+-+-+-+-+-+-+-+-+-+-+-+-+-+-+-+-+-+-+-+-+-+-+-+-+-+-+-+-+-+
>>>>> VIRTUAL USER 20 : ELAPSED TIME : 601065ms
>>>>> PROC: NEWORD
CALLS: 12737	MIN: 1.054ms	AVG: 25.945ms	MAX: 8008.529ms	TOTAL: 330463.646ms
P99: 407.750ms	P95: 87.149ms	P50: 7.353ms	SD: 1267599.580	RATIO: 54.980%
>>>>> PROC: DELIVERY
CALLS: 1307	MIN: 4.949ms	AVG: 94.798ms	MAX: 2984.488ms	TOTAL: 123901.630ms
P99: 854.746ms	P95: 431.793ms	P50: 22.794ms	SD: 1879636.289	RATIO: 20.614%
>>>>> PROC: PAYMENT
CALLS: 13054	MIN: 0.370ms	AVG: 8.831ms	MAX: 6631.947ms	TOTAL: 115280.902ms
P99: 123.270ms	P95: 34.777ms	P50: 2.331ms	SD: 712732.058	RATIO: 19.179%
>>>>> PROC: SLEV
CALLS: 1308	MIN: 0.933ms	AVG: 20.058ms	MAX: 838.560ms	TOTAL: 26236.195ms
P99: 125.408ms	P95: 42.580ms	P50: 13.756ms	SD: 452915.794	RATIO: 4.365%
>>>>> PROC: OSTAT
CALLS: 1290	MIN: 0.232ms	AVG: 2.187ms	MAX: 573.092ms	TOTAL: 2821.297ms
P99: 11.122ms	P95: 4.963ms	P50: 0.667ms	SD: 168867.173	RATIO: 0.469%
+-+-+-+-+-+-+-+-+-+-+-+-+-+-+-+-+-+-+-+-+-+-+-+-+-+-+-+-+-+-+-+-+-+-+-+-+-+
>>>>> VIRTUAL USER 21 : ELAPSED TIME : 601647ms
>>>>> PROC: NEWORD
CALLS: 12358	MIN: 1.185ms	AVG: 28.836ms	MAX: 7948.580ms	TOTAL: 356350.383ms
P99: 422.894ms	P95: 94.940ms	P50: 7.521ms	SD: 1442855.210	RATIO: 59.229%
>>>>> PROC: PAYMENT
CALLS: 12573	MIN: 0.413ms	AVG: 9.152ms	MAX: 1660.176ms	TOTAL: 115066.680ms
P99: 139.157ms	P95: 37.392ms	P50: 2.397ms	SD: 431869.340	RATIO: 19.125%
>>>>> PROC: DELIVERY
CALLS: 1227	MIN: 4.025ms	AVG: 82.876ms	MAX: 1231.306ms	TOTAL: 101689.336ms
P99: 663.898ms	P95: 428.521ms	P50: 22.385ms	SD: 1506104.558	RATIO: 16.902%
>>>>> PROC: SLEV
CALLS: 1195	MIN: 0.875ms	AVG: 18.915ms	MAX: 868.424ms	TOTAL: 22603.524ms
P99: 128.978ms	P95: 43.981ms	P50: 13.400ms	SD: 350132.730	RATIO: 3.757%
>>>>> PROC: OSTAT
CALLS: 1319	MIN: 0.262ms	AVG: 2.765ms	MAX: 461.232ms	TOTAL: 3647.504ms
P99: 16.905ms	P95: 4.801ms	P50: 0.685ms	SD: 200233.308	RATIO: 0.606%
+-+-+-+-+-+-+-+-+-+-+-+-+-+-+-+-+-+-+-+-+-+-+-+-+-+-+-+-+-+-+-+-+-+-+-+-+-+
>>>>> VIRTUAL USER 22 : ELAPSED TIME : 601820ms
>>>>> PROC: NEWORD
CALLS: 11912	MIN: 1.036ms	AVG: 28.467ms	MAX: 9274.200ms	TOTAL: 339097.543ms
P99: 415.326ms	P95: 97.499ms	P50: 7.799ms	SD: 1395148.410	RATIO: 56.345%
>>>>> PROC: DELIVERY
CALLS: 1184	MIN: 3.021ms	AVG: 99.421ms	MAX: 2848.610ms	TOTAL: 117714.742ms
P99: 846.775ms	P95: 436.489ms	P50: 25.455ms	SD: 1880297.382	RATIO: 19.560%
>>>>> PROC: PAYMENT
CALLS: 12182	MIN: 0.399ms	AVG: 9.517ms	MAX: 7350.021ms	TOTAL: 115933.227ms
P99: 137.492ms	P95: 37.754ms	P50: 2.397ms	SD: 807920.666	RATIO: 19.264%
>>>>> PROC: SLEV
CALLS: 1148	MIN: 0.859ms	AVG: 21.418ms	MAX: 1514.394ms	TOTAL: 24588.218ms
P99: 130.001ms	P95: 40.786ms	P50: 14.133ms	SD: 646055.141	RATIO: 4.086%
>>>>> PROC: OSTAT
CALLS: 1222	MIN: 0.229ms	AVG: 1.844ms	MAX: 213.143ms	TOTAL: 2253.513ms
P99: 12.886ms	P95: 4.956ms	P50: 0.680ms	SD: 68051.505	RATIO: 0.374%
+-+-+-+-+-+-+-+-+-+-+-+-+-+-+-+-+-+-+-+-+-+-+-+-+-+-+-+-+-+-+-+-+-+-+-+-+-+
>>>>> VIRTUAL USER 23 : ELAPSED TIME : 595067ms
>>>>> PROC: NEWORD
CALLS: 11855	MIN: 0.924ms	AVG: 27.594ms	MAX: 7952.508ms	TOTAL: 327123.656ms
P99: 414.281ms	P95: 90.400ms	P50: 7.738ms	SD: 1269307.721	RATIO: 54.973%
>>>>> PROC: DELIVERY
CALLS: 1227	MIN: 3.793ms	AVG: 97.634ms	MAX: 2240.150ms	TOTAL: 119797.196ms
P99: 834.021ms	P95: 431.256ms	P50: 24.051ms	SD: 1799050.887	RATIO: 20.132%
>>>>> PROC: PAYMENT
CALLS: 12151	MIN: 0.424ms	AVG: 9.509ms	MAX: 8268.946ms	TOTAL: 115548.392ms
P99: 130.906ms	P95: 38.570ms	P50: 2.402ms	SD: 857943.682	RATIO: 19.418%
>>>>> PROC: SLEV
CALLS: 1198	MIN: 0.956ms	AVG: 22.430ms	MAX: 706.595ms	TOTAL: 26871.384ms
P99: 212.850ms	P95: 47.458ms	P50: 14.943ms	SD: 493910.045	RATIO: 4.516%
>>>>> PROC: OSTAT
CALLS: 1217	MIN: 0.229ms	AVG: 2.868ms	MAX: 544.382ms	TOTAL: 3490.012ms
P99: 11.442ms	P95: 4.936ms	P50: 0.664ms	SD: 253266.106	RATIO: 0.586%
+-+-+-+-+-+-+-+-+-+-+-+-+-+-+-+-+-+-+-+-+-+-+-+-+-+-+-+-+-+-+-+-+-+-+-+-+-+
>>>>> VIRTUAL USER 24 : ELAPSED TIME : 599805ms
>>>>> PROC: NEWORD
CALLS: 11975	MIN: 0.981ms	AVG: 29.079ms	MAX: 8009.503ms	TOTAL: 348218.051ms
P99: 429.629ms	P95: 99.097ms	P50: 7.793ms	SD: 1312473.400	RATIO: 58.055%
>>>>> PROC: DELIVERY
CALLS: 1194	MIN: 2.779ms	AVG: 90.699ms	MAX: 3050.367ms	TOTAL: 108294.093ms
P99: 754.131ms	P95: 427.084ms	P50: 23.099ms	SD: 1849026.059	RATIO: 18.055%
>>>>> PROC: PAYMENT
CALLS: 12012	MIN: 0.357ms	AVG: 8.959ms	MAX: 1473.234ms	TOTAL: 107615.162ms
P99: 135.656ms	P95: 40.393ms	P50: 2.405ms	SD: 398195.071	RATIO: 17.942%
>>>>> PROC: SLEV
CALLS: 1239	MIN: 0.945ms	AVG: 25.031ms	MAX: 6728.460ms	TOTAL: 31013.050ms
P99: 134.257ms	P95: 46.107ms	P50: 13.689ms	SD: 1936035.224	RATIO: 5.171%
>>>>> PROC: OSTAT
CALLS: 1228	MIN: 0.271ms	AVG: 1.960ms	MAX: 451.289ms	TOTAL: 2406.329ms
P99: 9.989ms	P95: 4.996ms	P50: 0.710ms	SD: 130609.427	RATIO: 0.401%
+-+-+-+-+-+-+-+-+-+-+-+-+-+-+-+-+-+-+-+-+-+-+-+-+-+-+-+-+-+-+-+-+-+-+-+-+-+
>>>>> VIRTUAL USER 25 : ELAPSED TIME : 592147ms
>>>>> PROC: NEWORD
CALLS: 11623	MIN: 1.195ms	AVG: 29.069ms	MAX: 7765.588ms	TOTAL: 337864.834ms
P99: 426.555ms	P95: 99.147ms	P50: 7.802ms	SD: 1250413.316	RATIO: 57.058%
>>>>> PROC: PAYMENT
CALLS: 11519	MIN: 0.397ms	AVG: 9.865ms	MAX: 9242.365ms	TOTAL: 113632.988ms
P99: 136.926ms	P95: 39.588ms	P50: 2.436ms	SD: 960131.807	RATIO: 19.190%
>>>>> PROC: DELIVERY
CALLS: 1207	MIN: 3.826ms	AVG: 92.384ms	MAX: 2800.206ms	TOTAL: 111507.217ms
P99: 747.337ms	P95: 430.099ms	P50: 24.515ms	SD: 1748839.267	RATIO: 18.831%
>>>>> PROC: SLEV
CALLS: 1170	MIN: 1.044ms	AVG: 21.318ms	MAX: 911.554ms	TOTAL: 24941.873ms
P99: 129.196ms	P95: 44.869ms	P50: 14.116ms	SD: 449439.916	RATIO: 4.212%
>>>>> PROC: OSTAT
CALLS: 1105	MIN: 0.249ms	AVG: 1.855ms	MAX: 156.063ms	TOTAL: 2049.272ms
P99: 11.178ms	P95: 5.295ms	P50: 0.687ms	SD: 62049.003	RATIO: 0.346%
+-+-+-+-+-+-+-+-+-+-+-+-+-+-+-+-+-+-+-+-+-+-+-+-+-+-+-+-+-+-+-+-+-+-+-+-+-+
>>>>> VIRTUAL USER 26 : ELAPSED TIME : 601452ms
>>>>> PROC: NEWORD
CALLS: 12541	MIN: 0.843ms	AVG: 27.703ms	MAX: 7947.304ms	TOTAL: 347424.105ms
P99: 416.162ms	P95: 97.446ms	P50: 7.435ms	SD: 1389184.998	RATIO: 57.764%
>>>>> PROC: DELIVERY
CALLS: 1258	MIN: 3.596ms	AVG: 93.563ms	MAX: 2935.961ms	TOTAL: 117702.561ms
P99: 814.921ms	P95: 430.405ms	P50: 22.386ms	SD: 1866572.080	RATIO: 19.570%
>>>>> PROC: PAYMENT
CALLS: 12406	MIN: 0.420ms	AVG: 8.626ms	MAX: 1913.521ms	TOTAL: 107019.929ms
P99: 125.322ms	P95: 38.721ms	P50: 2.331ms	SD: 419430.878	RATIO: 17.794%
>>>>> PROC: SLEV
CALLS: 1248	MIN: 0.981ms	AVG: 19.199ms	MAX: 831.059ms	TOTAL: 23960.566ms
P99: 109.918ms	P95: 42.147ms	P50: 13.411ms	SD: 421130.464	RATIO: 3.984%
>>>>> PROC: OSTAT
CALLS: 1219	MIN: 0.236ms	AVG: 2.485ms	MAX: 342.343ms	TOTAL: 3029.535ms
P99: 15.761ms	P95: 5.476ms	P50: 0.668ms	SD: 134211.163	RATIO: 0.504%
+-+-+-+-+-+-+-+-+-+-+-+-+-+-+-+-+-+-+-+-+-+-+-+-+-+-+-+-+-+-+-+-+-+-+-+-+-+
>>>>> VIRTUAL USER 27 : ELAPSED TIME : 592262ms
>>>>> PROC: NEWORD
CALLS: 12071	MIN: 0.972ms	AVG: 26.703ms	MAX: 2513.085ms	TOTAL: 322328.159ms
P99: 421.229ms	P95: 94.862ms	P50: 7.533ms	SD: 857692.712	RATIO: 54.423%
>>>>> PROC: PAYMENT
CALLS: 11878	MIN: 0.426ms	AVG: 10.702ms	MAX: 9276.227ms	TOTAL: 127123.495ms
P99: 131.949ms	P95: 36.962ms	P50: 2.408ms	SD: 1326373.405	RATIO: 21.464%
>>>>> PROC: DELIVERY
CALLS: 1215	MIN: 4.319ms	AVG: 92.686ms	MAX: 1546.177ms	TOTAL: 112613.141ms
P99: 820.551ms	P95: 433.261ms	P50: 23.324ms	SD: 1701861.721	RATIO: 19.014%
>>>>> PROC: SLEV
CALLS: 1235	MIN: 0.992ms	AVG: 20.221ms	MAX: 784.483ms	TOTAL: 24972.977ms
P99: 129.182ms	P95: 42.279ms	P50: 13.603ms	SD: 444148.004	RATIO: 4.217%
>>>>> PROC: OSTAT
CALLS: 1249	MIN: 0.267ms	AVG: 2.379ms	MAX: 483.340ms	TOTAL: 2970.855ms
P99: 10.274ms	P95: 4.987ms	P50: 0.692ms	SD: 191528.880	RATIO: 0.502%
+-+-+-+-+-+-+-+-+-+-+-+-+-+-+-+-+-+-+-+-+-+-+-+-+-+-+-+-+-+-+-+-+-+-+-+-+-+
>>>>> VIRTUAL USER 28 : ELAPSED TIME : 591096ms
>>>>> PROC: NEWORD
CALLS: 11667	MIN: 1.008ms	AVG: 29.601ms	MAX: 7849.817ms	TOTAL: 345356.509ms
P99: 422.772ms	P95: 97.934ms	P50: 7.849ms	SD: 1286696.025	RATIO: 58.426%
>>>>> PROC: DELIVERY
CALLS: 1138	MIN: 2.999ms	AVG: 95.548ms	MAX: 2926.555ms	TOTAL: 108733.827ms
P99: 851.571ms	P95: 432.572ms	P50: 24.006ms	SD: 1907458.862	RATIO: 18.395%
>>>>> PROC: PAYMENT
CALLS: 11542	MIN: 0.384ms	AVG: 9.202ms	MAX: 7948.533ms	TOTAL: 106204.241ms
P99: 128.901ms	P95: 39.617ms	P50: 2.437ms	SD: 812837.663	RATIO: 17.967%
>>>>> PROC: SLEV
CALLS: 1172	MIN: 0.911ms	AVG: 22.568ms	MAX: 1807.491ms	TOTAL: 26449.123ms
P99: 228.571ms	P95: 44.749ms	P50: 14.336ms	SD: 665187.431	RATIO: 4.475%
>>>>> PROC: OSTAT
CALLS: 1105	MIN: 0.261ms	AVG: 2.011ms	MAX: 191.515ms	TOTAL: 2222.001ms
P99: 8.963ms	P95: 4.738ms	P50: 0.722ms	SD: 83279.282	RATIO: 0.376%
+-+-+-+-+-+-+-+-+-+-+-+-+-+-+-+-+-+-+-+-+-+-+-+-+-+-+-+-+-+-+-+-+-+-+-+-+-+
>>>>> VIRTUAL USER 29 : ELAPSED TIME : 592199ms
>>>>> PROC: NEWORD
CALLS: 12299	MIN: 0.987ms	AVG: 27.229ms	MAX: 8009.595ms	TOTAL: 334883.476ms
P99: 413.678ms	P95: 90.073ms	P50: 7.566ms	SD: 1404578.279	RATIO: 56.549%
>>>>> PROC: DELIVERY
CALLS: 1226	MIN: 3.427ms	AVG: 94.150ms	MAX: 2935.129ms	TOTAL: 115428.344ms
P99: 814.261ms	P95: 430.874ms	P50: 22.468ms	SD: 1853849.743	RATIO: 19.491%
>>>>> PROC: PAYMENT
CALLS: 12423	MIN: 0.348ms	AVG: 8.838ms	MAX: 1430.213ms	TOTAL: 109797.276ms
P99: 129.897ms	P95: 37.782ms	P50: 2.356ms	SD: 416219.754	RATIO: 18.541%
>>>>> PROC: SLEV
CALLS: 1259	MIN: 0.949ms	AVG: 22.008ms	MAX: 833.948ms	TOTAL: 27707.525ms
P99: 370.011ms	P95: 43.384ms	P50: 13.077ms	SD: 557489.165	RATIO: 4.679%
>>>>> PROC: OSTAT
CALLS: 1209	MIN: 0.239ms	AVG: 1.835ms	MAX: 130.289ms	TOTAL: 2218.904ms
P99: 12.134ms	P95: 5.099ms	P50: 0.656ms	SD: 63781.947	RATIO: 0.375%
+-+-+-+-+-+-+-+-+-+-+-+-+-+-+-+-+-+-+-+-+-+-+-+-+-+-+-+-+-+-+-+-+-+-+-+-+-+
>>>>> VIRTUAL USER 30 : ELAPSED TIME : 588072ms
>>>>> PROC: NEWORD
CALLS: 13088	MIN: 1.460ms	AVG: 26.172ms	MAX: 7753.459ms	TOTAL: 342545.014ms
P99: 416.122ms	P95: 79.692ms	P50: 7.912ms	SD: 1177104.328	RATIO: 58.249%
>>>>> PROC: DELIVERY
CALLS: 1307	MIN: 2.978ms	AVG: 86.203ms	MAX: 3135.347ms	TOTAL: 112667.468ms
P99: 799.182ms	P95: 431.306ms	P50: 20.023ms	SD: 1774240.372	RATIO: 19.159%
>>>>> PROC: PAYMENT
CALLS: 13024	MIN: 0.413ms	AVG: 8.020ms	MAX: 9454.939ms	TOTAL: 104450.275ms
P99: 104.901ms	P95: 24.817ms	P50: 2.338ms	SD: 891369.216	RATIO: 17.761%
>>>>> PROC: SLEV
CALLS: 1234	MIN: 0.851ms	AVG: 18.815ms	MAX: 469.187ms	TOTAL: 23218.171ms
P99: 80.545ms	P95: 43.138ms	P50: 14.280ms	SD: 279225.010	RATIO: 3.948%
>>>>> PROC: OSTAT
CALLS: 1291	MIN: 0.258ms	AVG: 2.206ms	MAX: 404.163ms	TOTAL: 2847.542ms
P99: 14.481ms	P95: 5.583ms	P50: 0.659ms	SD: 127237.725	RATIO: 0.484%
+-+-+-+-+-+-+-+-+-+-+-+-+-+-+-+-+-+-+-+-+-+-+-+-+-+-+-+-+-+-+-+-+-+-+-+-+-+
>>>>> VIRTUAL USER 31 : ELAPSED TIME : 586153ms
>>>>> PROC: NEWORD
CALLS: 12997	MIN: 0.880ms	AVG: 22.135ms	MAX: 9431.439ms	TOTAL: 287694.230ms
P99: 328.256ms	P95: 70.804ms	P50: 7.374ms	SD: 1197430.679	RATIO: 49.082%
>>>>> PROC: DELIVERY
CALLS: 1295	MIN: 3.328ms	AVG: 84.301ms	MAX: 7798.737ms	TOTAL: 109169.843ms
P99: 749.344ms	P95: 433.363ms	P50: 21.035ms	SD: 2703543.422	RATIO: 18.625%
>>>>> PROC: PAYMENT
CALLS: 12854	MIN: 0.392ms	AVG: 7.225ms	MAX: 1484.963ms	TOTAL: 92870.490ms
P99: 103.177ms	P95: 28.596ms	P50: 2.351ms	SD: 327403.049	RATIO: 15.844%
>>>>> PROC: SLEV
CALLS: 1308	MIN: 0.933ms	AVG: 68.463ms	MAX: 3494.288ms	TOTAL: 89549.987ms
P99: 985.615ms	P95: 545.435ms	P50: 15.087ms	SD: 2301394.813	RATIO: 15.278%
>>>>> PROC: OSTAT
CALLS: 1242	MIN: 0.248ms	AVG: 3.551ms	MAX: 1237.968ms	TOTAL: 4410.318ms
P99: 16.183ms	P95: 5.577ms	P50: 0.689ms	SD: 406612.171	RATIO: 0.752%
+-+-+-+-+-+-+-+-+-+-+-+-+-+-+-+-+-+-+-+-+-+-+-+-+-+-+-+-+-+-+-+-+-+-+-+-+-+
>>>>> VIRTUAL USER 32 : ELAPSED TIME : 589197ms
>>>>> PROC: NEWORD
CALLS: 13464	MIN: 1.081ms	AVG: 24.818ms	MAX: 8009.619ms	TOTAL: 334144.013ms
P99: 401.011ms	P95: 79.070ms	P50: 7.682ms	SD: 1051748.187	RATIO: 56.712%
>>>>> PROC: DELIVERY
CALLS: 1329	MIN: 2.231ms	AVG: 86.202ms	MAX: 1251.904ms	TOTAL: 114562.666ms
P99: 810.866ms	P95: 427.921ms	P50: 18.364ms	SD: 1655208.928	RATIO: 19.444%
>>>>> PROC: PAYMENT
CALLS: 13210	MIN: 0.393ms	AVG: 7.321ms	MAX: 7721.948ms	TOTAL: 96711.437ms
P99: 97.146ms	P95: 22.993ms	P50: 2.306ms	SD: 725004.020	RATIO: 16.414%
>>>>> PROC: SLEV
CALLS: 1366	MIN: 0.876ms	AVG: 28.093ms	MAX: 6856.205ms	TOTAL: 38374.783ms
P99: 174.274ms	P95: 44.820ms	P50: 15.280ms	SD: 1952017.631	RATIO: 6.513%
>>>>> PROC: OSTAT
CALLS: 1351	MIN: 0.279ms	AVG: 2.271ms	MAX: 623.665ms	TOTAL: 3067.741ms
P99: 11.757ms	P95: 5.093ms	P50: 0.673ms	SD: 183306.502	RATIO: 0.521%
+-+-+-+-+-+-+-+-+-+-+-+-+-+-+-+-+-+-+-+-+-+-+-+-+-+-+-+-+-+-+-+-+-+-+-+-+-+
>>>>> VIRTUAL USER 33 : ELAPSED TIME : 583520ms
>>>>> PROC: NEWORD
CALLS: 12826	MIN: 1.047ms	AVG: 26.432ms	MAX: 8009.374ms	TOTAL: 339022.410ms
P99: 406.331ms	P95: 78.688ms	P50: 7.802ms	SD: 1406473.081	RATIO: 58.100%
>>>>> PROC: DELIVERY
CALLS: 1276	MIN: 3.391ms	AVG: 89.592ms	MAX: 2048.116ms	TOTAL: 114319.168ms
P99: 796.088ms	P95: 431.928ms	P50: 20.642ms	SD: 1743318.120	RATIO: 19.591%
>>>>> PROC: PAYMENT
CALLS: 12979	MIN: 0.400ms	AVG: 7.428ms	MAX: 1301.138ms	TOTAL: 96414.466ms
P99: 112.511ms	P95: 27.858ms	P50: 2.359ms	SD: 355639.138	RATIO: 16.523%
>>>>> PROC: SLEV
CALLS: 1300	MIN: 0.972ms	AVG: 22.120ms	MAX: 1077.133ms	TOTAL: 28755.610ms
P99: 182.954ms	P95: 46.394ms	P50: 14.349ms	SD: 536640.454	RATIO: 4.928%
>>>>> PROC: OSTAT
CALLS: 1315	MIN: 0.243ms	AVG: 2.086ms	MAX: 513.576ms	TOTAL: 2743.375ms
P99: 12.244ms	P95: 4.759ms	P50: 0.645ms	SD: 154151.999	RATIO: 0.470%
+-+-+-+-+-+-+-+-+-+-+-+-+-+-+-+-+-+-+-+-+-+-+-+-+-+-+-+-+-+-+-+-+-+-+-+-+-+
>>>>> SUMMARY OF 32 ACTIVE VIRTUAL USERS : MEDIAN ELAPSED TIME : 601508ms
>>>>> PROC: NEWORD
CALLS: 811338	MIN: 0.743ms	AVG: 26.462ms	MAX: 9431.444ms	TOTAL: 21470088.705ms
P99: 411.947ms	P95: 86.954ms	P50: 7.496ms	SD: 1253052.065	RATIO: 111.543%
>>>>> PROC: DELIVERY
CALLS: 81452	MIN: 1.488ms	AVG: 88.078ms	MAX: 8008.844ms	TOTAL: 7174132.625ms
P99: 803.592ms	P95: 428.696ms	P50: 23.034ms	SD: 1800700.640	RATIO: 37.272%
>>>>> PROC: PAYMENT
CALLS: 811552	MIN: 0.320ms	AVG: 8.604ms	MAX: 9454.944ms	TOTAL: 6982541.966ms
P99: 123.208ms	P95: 34.805ms	P50: 2.338ms	SD: 698100.146	RATIO: 36.276%
>>>>> PROC: SLEV
CALLS: 81046	MIN: 0.824ms	AVG: 30.712ms	MAX: 10904.562ms	TOTAL: 2489070.473ms
P99: 549.156ms	P95: 47.268ms	P50: 13.819ms	SD: 1561146.832	RATIO: 12.931%
>>>>> PROC: OSTAT
CALLS: 80740	MIN: 0.221ms	AVG: 2.186ms	MAX: 1439.837ms	TOTAL: 176465.894ms
P99: 12.037ms	P95: 5.148ms	P50: 0.675ms	SD: 168925.493	RATIO: 0.917%
+-+-+-+-+-+-+-+-+-+-+-+-+-+-+-+-+-+-+-+-+-+-+-+-+-+-+-+-+-+-+-+-+-+-+-+-+-+
