PostgreSQL Hammerdb Time Profile Report @ Sat Jun 08 18:37:32 UTC 2024
+-+-+-+-+-+-+-+-+-+-+-+-+-+-+-+-+-+-+-+-+-+-+-+-+-+-+-+-+-+-+-+-+-+-+-+-+-+
>>>>> VIRTUAL USER 2 : ELAPSED TIME : 607066ms
>>>>> PROC: NEWORD
CALLS: 2915	MIN: 8.871ms	AVG: 103.450ms	MAX: 1627.249ms	TOTAL: 301556.086ms
P99: 583.998ms	P95: 238.126ms	P50: 75.928ms	SD: 113091.156	RATIO: 49.674%
>>>>> PROC: PAYMENT
CALLS: 2702	MIN: 8.198ms	AVG: 100.738ms	MAX: 1496.856ms	TOTAL: 272194.864ms
P99: 536.869ms	P95: 234.420ms	P50: 75.696ms	SD: 107663.697	RATIO: 44.838%
>>>>> PROC: DELIVERY
CALLS: 283	MIN: 16.183ms	AVG: 109.147ms	MAX: 884.829ms	TOTAL: 30888.672ms
P99: 551.552ms	P95: 269.281ms	P50: 84.047ms	SD: 97991.181	RATIO: 5.088%
>>>>> PROC: SLEV
CALLS: 281	MIN: 3.446ms	AVG: 4.847ms	MAX: 7.604ms	TOTAL: 1362.128ms
P99: 6.274ms	P95: 5.875ms	P50: 4.737ms	SD: 545.568	RATIO: 0.224%
>>>>> PROC: OSTAT
CALLS: 283	MIN: 0.635ms	AVG: 1.864ms	MAX: 243.049ms	TOTAL: 527.384ms
P99: 3.950ms	P95: 1.505ms	P50: 0.916ms	SD: 14393.059	RATIO: 0.087%
+-+-+-+-+-+-+-+-+-+-+-+-+-+-+-+-+-+-+-+-+-+-+-+-+-+-+-+-+-+-+-+-+-+-+-+-+-+
>>>>> VIRTUAL USER 3 : ELAPSED TIME : 681361ms
>>>>> PROC: NEWORD
CALLS: 3090	MIN: 14.099ms	AVG: 104.946ms	MAX: 1596.667ms	TOTAL: 324282.948ms
P99: 601.310ms	P95: 244.845ms	P50: 76.344ms	SD: 111346.220	RATIO: 47.593%
>>>>> PROC: PAYMENT
CALLS: 3161	MIN: 8.050ms	AVG: 102.078ms	MAX: 1626.858ms	TOTAL: 322667.829ms
P99: 533.761ms	P95: 244.021ms	P50: 75.770ms	SD: 106060.691	RATIO: 47.356%
>>>>> PROC: DELIVERY
CALLS: 312	MIN: 17.851ms	AVG: 101.744ms	MAX: 1209.819ms	TOTAL: 31744.031ms
P99: 484.513ms	P95: 234.036ms	P50: 77.441ms	SD: 109879.946	RATIO: 4.659%
>>>>> PROC: SLEV
CALLS: 316	MIN: 3.368ms	AVG: 5.338ms	MAX: 205.058ms	TOTAL: 1686.668ms
P99: 6.557ms	P95: 5.703ms	P50: 4.573ms	SD: 11288.571	RATIO: 0.248%
>>>>> PROC: OSTAT
CALLS: 289	MIN: 0.575ms	AVG: 1.021ms	MAX: 2.541ms	TOTAL: 295.140ms
P99: 1.733ms	P95: 1.524ms	P50: 0.967ms	SD: 249.824	RATIO: 0.043%
+-+-+-+-+-+-+-+-+-+-+-+-+-+-+-+-+-+-+-+-+-+-+-+-+-+-+-+-+-+-+-+-+-+-+-+-+-+
>>>>> VIRTUAL USER 4 : ELAPSED TIME : 687120ms
>>>>> PROC: NEWORD
CALLS: 3130	MIN: 9.335ms	AVG: 103.623ms	MAX: 1517.742ms	TOTAL: 324339.490ms
P99: 584.255ms	P95: 241.855ms	P50: 76.189ms	SD: 104757.332	RATIO: 47.203%
>>>>> PROC: PAYMENT
CALLS: 3135	MIN: 16.382ms	AVG: 103.192ms	MAX: 1626.886ms	TOTAL: 323506.324ms
P99: 493.469ms	P95: 242.637ms	P50: 75.735ms	SD: 109527.501	RATIO: 47.081%
>>>>> PROC: DELIVERY
CALLS: 323	MIN: 17.177ms	AVG: 111.732ms	MAX: 1209.935ms	TOTAL: 36089.298ms
P99: 741.410ms	P95: 277.858ms	P50: 83.642ms	SD: 124155.114	RATIO: 5.252%
>>>>> PROC: SLEV
CALLS: 306	MIN: 2.238ms	AVG: 5.224ms	MAX: 268.401ms	TOTAL: 1598.429ms
P99: 6.444ms	P95: 5.258ms	P50: 3.994ms	SD: 15724.369	RATIO: 0.233%
>>>>> PROC: OSTAT
CALLS: 274	MIN: 0.586ms	AVG: 3.291ms	MAX: 497.972ms	TOTAL: 901.658ms
P99: 2.723ms	P95: 1.567ms	P50: 0.962ms	SD: 30520.269	RATIO: 0.131%
+-+-+-+-+-+-+-+-+-+-+-+-+-+-+-+-+-+-+-+-+-+-+-+-+-+-+-+-+-+-+-+-+-+-+-+-+-+
>>>>> VIRTUAL USER 5 : ELAPSED TIME : 686603ms
>>>>> PROC: NEWORD
CALLS: 3154	MIN: 8.246ms	AVG: 105.590ms	MAX: 1596.534ms	TOTAL: 333031.588ms
P99: 536.770ms	P95: 244.246ms	P50: 77.182ms	SD: 109946.729	RATIO: 48.504%
>>>>> PROC: PAYMENT
CALLS: 3112	MIN: 8.035ms	AVG: 102.693ms	MAX: 1622.465ms	TOTAL: 319579.482ms
P99: 567.051ms	P95: 242.421ms	P50: 75.723ms	SD: 105897.511	RATIO: 46.545%
>>>>> PROC: DELIVERY
CALLS: 307	MIN: 17.074ms	AVG: 103.165ms	MAX: 1503.984ms	TOTAL: 31671.768ms
P99: 442.420ms	P95: 233.899ms	P50: 75.851ms	SD: 114385.185	RATIO: 4.613%
>>>>> PROC: SLEV
CALLS: 318	MIN: 2.590ms	AVG: 3.980ms	MAX: 9.879ms	TOTAL: 1265.547ms
P99: 5.979ms	P95: 4.887ms	P50: 3.867ms	SD: 658.387	RATIO: 0.184%
>>>>> PROC: OSTAT
CALLS: 277	MIN: 0.597ms	AVG: 1.327ms	MAX: 69.689ms	TOTAL: 367.694ms
P99: 1.879ms	P95: 1.486ms	P50: 0.913ms	SD: 4478.209	RATIO: 0.054%
+-+-+-+-+-+-+-+-+-+-+-+-+-+-+-+-+-+-+-+-+-+-+-+-+-+-+-+-+-+-+-+-+-+-+-+-+-+
>>>>> VIRTUAL USER 6 : ELAPSED TIME : 636707ms
>>>>> PROC: PAYMENT
CALLS: 2911	MIN: 11.054ms	AVG: 104.720ms	MAX: 1626.812ms	TOTAL: 304840.833ms
P99: 567.446ms	P95: 244.295ms	P50: 75.985ms	SD: 113791.558	RATIO: 47.878%
>>>>> PROC: NEWORD
CALLS: 2883	MIN: 15.001ms	AVG: 104.056ms	MAX: 1518.011ms	TOTAL: 299993.553ms
P99: 616.590ms	P95: 245.333ms	P50: 75.965ms	SD: 110027.661	RATIO: 47.116%
>>>>> PROC: DELIVERY
CALLS: 290	MIN: 16.996ms	AVG: 101.942ms	MAX: 1209.981ms	TOTAL: 29563.169ms
P99: 452.421ms	P95: 244.027ms	P50: 75.874ms	SD: 100001.130	RATIO: 4.643%
>>>>> PROC: SLEV
CALLS: 287	MIN: 2.764ms	AVG: 4.638ms	MAX: 8.890ms	TOTAL: 1331.242ms
P99: 6.213ms	P95: 5.809ms	P50: 4.516ms	SD: 635.527	RATIO: 0.209%
>>>>> PROC: OSTAT
CALLS: 285	MIN: 0.558ms	AVG: 1.219ms	MAX: 41.655ms	TOTAL: 347.431ms
P99: 4.232ms	P95: 1.502ms	P50: 0.928ms	SD: 2640.163	RATIO: 0.055%
+-+-+-+-+-+-+-+-+-+-+-+-+-+-+-+-+-+-+-+-+-+-+-+-+-+-+-+-+-+-+-+-+-+-+-+-+-+
>>>>> VIRTUAL USER 7 : ELAPSED TIME : 635519ms
>>>>> PROC: PAYMENT
CALLS: 2953	MIN: 16.722ms	AVG: 103.835ms	MAX: 1622.007ms	TOTAL: 306626.126ms
P99: 518.876ms	P95: 242.642ms	P50: 76.122ms	SD: 113755.347	RATIO: 48.248%
>>>>> PROC: NEWORD
CALLS: 2842	MIN: 11.311ms	AVG: 104.889ms	MAX: 1558.158ms	TOTAL: 298093.310ms
P99: 545.613ms	P95: 243.398ms	P50: 76.125ms	SD: 107360.199	RATIO: 46.905%
>>>>> PROC: DELIVERY
CALLS: 273	MIN: 17.102ms	AVG: 104.435ms	MAX: 1108.708ms	TOTAL: 28510.658ms
P99: 656.702ms	P95: 257.761ms	P50: 75.444ms	SD: 116305.900	RATIO: 4.486%
>>>>> PROC: SLEV
CALLS: 308	MIN: 3.038ms	AVG: 4.733ms	MAX: 18.896ms	TOTAL: 1457.644ms
P99: 6.355ms	P95: 5.635ms	P50: 4.578ms	SD: 1023.700	RATIO: 0.229%
>>>>> PROC: OSTAT
CALLS: 280	MIN: 0.649ms	AVG: 1.008ms	MAX: 2.839ms	TOTAL: 282.167ms
P99: 1.737ms	P95: 1.438ms	P50: 0.944ms	SD: 250.466	RATIO: 0.044%
+-+-+-+-+-+-+-+-+-+-+-+-+-+-+-+-+-+-+-+-+-+-+-+-+-+-+-+-+-+-+-+-+-+-+-+-+-+
>>>>> VIRTUAL USER 8 : ELAPSED TIME : 686092ms
>>>>> PROC: NEWORD
CALLS: 3152	MIN: 15.731ms	AVG: 104.179ms	MAX: 1505.175ms	TOTAL: 328371.919ms
P99: 542.206ms	P95: 242.967ms	P50: 76.258ms	SD: 106231.641	RATIO: 47.861%
>>>>> PROC: PAYMENT
CALLS: 3116	MIN: 13.237ms	AVG: 104.750ms	MAX: 1517.782ms	TOTAL: 326401.155ms
P99: 533.830ms	P95: 242.548ms	P50: 76.521ms	SD: 108190.649	RATIO: 47.574%
>>>>> PROC: DELIVERY
CALLS: 278	MIN: 16.880ms	AVG: 103.847ms	MAX: 1596.769ms	TOTAL: 28869.491ms
P99: 445.835ms	P95: 234.978ms	P50: 76.374ms	SD: 118943.171	RATIO: 4.208%
>>>>> PROC: SLEV
CALLS: 303	MIN: 2.305ms	AVG: 4.791ms	MAX: 220.054ms	TOTAL: 1451.696ms
P99: 6.913ms	P95: 5.116ms	P50: 3.852ms	SD: 12548.446	RATIO: 0.212%
>>>>> PROC: OSTAT
CALLS: 319	MIN: 0.604ms	AVG: 1.056ms	MAX: 13.453ms	TOTAL: 336.766ms
P99: 1.734ms	P95: 1.486ms	P50: 0.929ms	SD: 745.324	RATIO: 0.049%
+-+-+-+-+-+-+-+-+-+-+-+-+-+-+-+-+-+-+-+-+-+-+-+-+-+-+-+-+-+-+-+-+-+-+-+-+-+
>>>>> VIRTUAL USER 9 : ELAPSED TIME : 685860ms
>>>>> PROC: NEWORD
CALLS: 3126	MIN: 13.991ms	AVG: 106.548ms	MAX: 1626.810ms	TOTAL: 333069.706ms
P99: 665.615ms	P95: 251.038ms	P50: 76.530ms	SD: 115583.670	RATIO: 48.562%
>>>>> PROC: PAYMENT
CALLS: 3079	MIN: 8.304ms	AVG: 102.802ms	MAX: 1596.941ms	TOTAL: 316528.029ms
P99: 452.215ms	P95: 235.262ms	P50: 76.329ms	SD: 102386.845	RATIO: 46.151%
>>>>> PROC: DELIVERY
CALLS: 333	MIN: 23.717ms	AVG: 100.690ms	MAX: 877.206ms	TOTAL: 33529.834ms
P99: 600.573ms	P95: 261.010ms	P50: 75.427ms	SD: 94672.782	RATIO: 4.889%
>>>>> PROC: SLEV
CALLS: 336	MIN: 3.202ms	AVG: 5.082ms	MAX: 105.559ms	TOTAL: 1707.590ms
P99: 6.282ms	P95: 5.801ms	P50: 4.652ms	SD: 5536.538	RATIO: 0.249%
>>>>> PROC: OSTAT
CALLS: 294	MIN: 0.631ms	AVG: 1.166ms	MAX: 43.214ms	TOTAL: 342.732ms
P99: 1.894ms	P95: 1.458ms	P50: 0.949ms	SD: 2479.616	RATIO: 0.050%
+-+-+-+-+-+-+-+-+-+-+-+-+-+-+-+-+-+-+-+-+-+-+-+-+-+-+-+-+-+-+-+-+-+-+-+-+-+
>>>>> SUMMARY OF 8 ACTIVE VIRTUAL USERS : MEDIAN ELAPSED TIME : 683610ms
>>>>> PROC: NEWORD
CALLS: 48584	MIN: 8.246ms	AVG: 104.673ms	MAX: 1627.249ms	TOTAL: 5085477.827ms
P99: 590.311ms	P95: 243.128ms	P50: 76.301ms	SD: 109823.795	RATIO: 92.989%
>>>>> PROC: PAYMENT
CALLS: 48338	MIN: 8.035ms	AVG: 103.121ms	MAX: 1626.886ms	TOTAL: 4984689.883ms
P99: 533.816ms	P95: 242.491ms	P50: 75.960ms	SD: 108398.275	RATIO: 91.146%
>>>>> PROC: DELIVERY
CALLS: 4798	MIN: 16.183ms	AVG: 104.571ms	MAX: 1596.769ms	TOTAL: 501733.904ms
P99: 551.709ms	P95: 251.043ms	P50: 76.119ms	SD: 109819.386	RATIO: 9.174%
>>>>> PROC: SLEV
CALLS: 4910	MIN: 2.238ms	AVG: 4.831ms	MAX: 268.401ms	TOTAL: 23721.892ms
P99: 6.344ms	P95: 5.679ms	P50: 4.433ms	SD: 8430.003	RATIO: 0.434%
>>>>> PROC: OSTAT
CALLS: 4602	MIN: 0.558ms	AVG: 1.478ms	MAX: 497.972ms	TOTAL: 6801.943ms
P99: 2.090ms	P95: 1.499ms	P50: 0.937ms	SD: 11856.911	RATIO: 0.124%
+-+-+-+-+-+-+-+-+-+-+-+-+-+-+-+-+-+-+-+-+-+-+-+-+-+-+-+-+-+-+-+-+-+-+-+-+-+
