PostgreSQL Hammerdb Time Profile Report @ Wed Jun 05 19:19:19 BST 2024
+-+-+-+-+-+-+-+-+-+-+-+-+-+-+-+-+-+-+-+-+-+-+-+-+-+-+-+-+-+-+-+-+-+-+-+-+-+
>>>>> VIRTUAL USER 2 : ELAPSED TIME : 723493ms
>>>>> PROC: NEWORD
CALLS: 86442	MIN: 1.195ms	AVG: 4.316ms	MAX: 283.861ms	TOTAL: 373091.192ms
P99: 16.195ms	P95: 6.874ms	P50: 3.476ms	SD: 61506.733	RATIO: 51.568%
>>>>> PROC: PAYMENT
CALLS: 87134	MIN: 0.613ms	AVG: 1.901ms	MAX: 375.976ms	TOTAL: 165605.592ms
P99: 5.441ms	P95: 3.284ms	P50: 1.377ms	SD: 42617.440	RATIO: 22.890%
>>>>> PROC: SLEV
CALLS: 8643	MIN: 1.138ms	AVG: 9.751ms	MAX: 7790.551ms	TOTAL: 84280.709ms
P99: 198.789ms	P95: 11.490ms	P50: 3.162ms	SD: 893422.331	RATIO: 11.649%
>>>>> PROC: DELIVERY
CALLS: 8763	MIN: 2.347ms	AVG: 8.383ms	MAX: 245.050ms	TOTAL: 73464.528ms
P99: 59.558ms	P95: 14.278ms	P50: 6.468ms	SD: 87034.720	RATIO: 10.154%
>>>>> PROC: OSTAT
CALLS: 8698	MIN: 0.370ms	AVG: 1.134ms	MAX: 250.081ms	TOTAL: 9859.988ms
P99: 5.654ms	P95: 2.952ms	P50: 0.746ms	SD: 29016.871	RATIO: 1.363%
+-+-+-+-+-+-+-+-+-+-+-+-+-+-+-+-+-+-+-+-+-+-+-+-+-+-+-+-+-+-+-+-+-+-+-+-+-+
>>>>> VIRTUAL USER 3 : ELAPSED TIME : 724537ms
>>>>> PROC: NEWORD
CALLS: 81193	MIN: 1.115ms	AVG: 4.258ms	MAX: 283.255ms	TOTAL: 345733.607ms
P99: 15.885ms	P95: 6.769ms	P50: 3.418ms	SD: 62056.157	RATIO: 47.718%
>>>>> PROC: PAYMENT
CALLS: 80956	MIN: 0.566ms	AVG: 1.841ms	MAX: 399.327ms	TOTAL: 149009.781ms
P99: 5.452ms	P95: 3.112ms	P50: 1.332ms	SD: 42394.960	RATIO: 20.566%
>>>>> PROC: SLEV
CALLS: 8009	MIN: 1.398ms	AVG: 16.551ms	MAX: 4189.598ms	TOTAL: 132556.620ms
P99: 210.117ms	P95: 8.968ms	P50: 3.212ms	SD: 1453739.778	RATIO: 18.295%
>>>>> PROC: DELIVERY
CALLS: 8107	MIN: 2.873ms	AVG: 9.021ms	MAX: 343.461ms	TOTAL: 73130.080ms
P99: 62.358ms	P95: 14.800ms	P50: 6.785ms	SD: 109353.539	RATIO: 10.093%
>>>>> PROC: OSTAT
CALLS: 8103	MIN: 0.357ms	AVG: 1.089ms	MAX: 44.630ms	TOTAL: 8822.414ms
P99: 5.579ms	P95: 2.888ms	P50: 0.745ms	SD: 10804.317	RATIO: 1.218%
+-+-+-+-+-+-+-+-+-+-+-+-+-+-+-+-+-+-+-+-+-+-+-+-+-+-+-+-+-+-+-+-+-+-+-+-+-+
>>>>> VIRTUAL USER 4 : ELAPSED TIME : 724054ms
>>>>> PROC: NEWORD
CALLS: 80731	MIN: 1.263ms	AVG: 4.309ms	MAX: 470.460ms	TOTAL: 347860.306ms
P99: 16.188ms	P95: 6.849ms	P50: 3.440ms	SD: 66872.110	RATIO: 48.043%
>>>>> PROC: PAYMENT
CALLS: 80460	MIN: 0.602ms	AVG: 1.846ms	MAX: 339.966ms	TOTAL: 148507.464ms
P99: 5.463ms	P95: 3.153ms	P50: 1.330ms	SD: 42339.971	RATIO: 20.511%
>>>>> PROC: SLEV
CALLS: 8202	MIN: 1.493ms	AVG: 16.745ms	MAX: 6326.864ms	TOTAL: 137343.353ms
P99: 210.890ms	P95: 7.675ms	P50: 3.202ms	SD: 1694212.774	RATIO: 18.969%
>>>>> PROC: DELIVERY
CALLS: 8013	MIN: 2.572ms	AVG: 8.228ms	MAX: 178.995ms	TOTAL: 65927.105ms
P99: 60.285ms	P95: 14.181ms	P50: 6.318ms	SD: 79622.827	RATIO: 9.105%
>>>>> PROC: OSTAT
CALLS: 7938	MIN: 0.344ms	AVG: 1.110ms	MAX: 57.372ms	TOTAL: 8807.741ms
P99: 6.058ms	P95: 2.949ms	P50: 0.740ms	SD: 12615.901	RATIO: 1.216%
+-+-+-+-+-+-+-+-+-+-+-+-+-+-+-+-+-+-+-+-+-+-+-+-+-+-+-+-+-+-+-+-+-+-+-+-+-+
>>>>> VIRTUAL USER 5 : ELAPSED TIME : 721765ms
>>>>> PROC: NEWORD
CALLS: 80624	MIN: 1.280ms	AVG: 4.243ms	MAX: 263.049ms	TOTAL: 342083.480ms
P99: 15.736ms	P95: 6.806ms	P50: 3.412ms	SD: 58920.537	RATIO: 47.395%
>>>>> PROC: PAYMENT
CALLS: 80577	MIN: 0.656ms	AVG: 1.865ms	MAX: 398.045ms	TOTAL: 150302.571ms
P99: 5.406ms	P95: 3.185ms	P50: 1.328ms	SD: 45745.565	RATIO: 20.824%
>>>>> PROC: SLEV
CALLS: 8090	MIN: 1.595ms	AVG: 17.110ms	MAX: 5897.919ms	TOTAL: 138420.637ms
P99: 210.243ms	P95: 7.920ms	P50: 3.169ms	SD: 1633289.046	RATIO: 19.178%
>>>>> PROC: DELIVERY
CALLS: 7930	MIN: 2.870ms	AVG: 8.367ms	MAX: 306.110ms	TOTAL: 66347.462ms
P99: 61.048ms	P95: 13.964ms	P50: 6.354ms	SD: 99818.666	RATIO: 9.192%
>>>>> PROC: OSTAT
CALLS: 8123	MIN: 0.397ms	AVG: 1.099ms	MAX: 59.677ms	TOTAL: 8926.556ms
P99: 5.913ms	P95: 2.797ms	P50: 0.743ms	SD: 13015.947	RATIO: 1.237%
+-+-+-+-+-+-+-+-+-+-+-+-+-+-+-+-+-+-+-+-+-+-+-+-+-+-+-+-+-+-+-+-+-+-+-+-+-+
>>>>> VIRTUAL USER 6 : ELAPSED TIME : 720735ms
>>>>> PROC: NEWORD
CALLS: 86526	MIN: 1.408ms	AVG: 4.312ms	MAX: 292.743ms	TOTAL: 373126.734ms
P99: 16.566ms	P95: 6.814ms	P50: 3.455ms	SD: 63989.353	RATIO: 51.770%
>>>>> PROC: PAYMENT
CALLS: 86571	MIN: 0.603ms	AVG: 1.881ms	MAX: 299.016ms	TOTAL: 162834.160ms
P99: 5.456ms	P95: 3.301ms	P50: 1.368ms	SD: 36986.440	RATIO: 22.593%
>>>>> PROC: SLEV
CALLS: 8604	MIN: 1.309ms	AVG: 9.984ms	MAX: 3180.268ms	TOTAL: 85903.901ms
P99: 202.634ms	P95: 12.504ms	P50: 3.150ms	SD: 554157.714	RATIO: 11.919%
>>>>> PROC: DELIVERY
CALLS: 8627	MIN: 2.984ms	AVG: 8.362ms	MAX: 252.536ms	TOTAL: 72136.559ms
P99: 60.580ms	P95: 13.788ms	P50: 6.516ms	SD: 86631.721	RATIO: 10.009%
>>>>> PROC: OSTAT
CALLS: 8712	MIN: 0.399ms	AVG: 1.118ms	MAX: 52.089ms	TOTAL: 9740.635ms
P99: 5.797ms	P95: 2.938ms	P50: 0.747ms	SD: 12583.817	RATIO: 1.351%
+-+-+-+-+-+-+-+-+-+-+-+-+-+-+-+-+-+-+-+-+-+-+-+-+-+-+-+-+-+-+-+-+-+-+-+-+-+
>>>>> VIRTUAL USER 7 : ELAPSED TIME : 722848ms
>>>>> PROC: NEWORD
CALLS: 86307	MIN: 1.207ms	AVG: 4.271ms	MAX: 438.760ms	TOTAL: 368635.414ms
P99: 15.584ms	P95: 6.678ms	P50: 3.460ms	SD: 63387.471	RATIO: 50.998%
>>>>> PROC: PAYMENT
CALLS: 86166	MIN: 0.576ms	AVG: 1.905ms	MAX: 277.518ms	TOTAL: 164156.080ms
P99: 5.464ms	P95: 3.239ms	P50: 1.373ms	SD: 42199.108	RATIO: 22.710%
>>>>> PROC: SLEV
CALLS: 8690	MIN: 1.393ms	AVG: 10.390ms	MAX: 7292.878ms	TOTAL: 90289.069ms
P99: 200.749ms	P95: 9.968ms	P50: 3.173ms	SD: 978571.776	RATIO: 12.491%
>>>>> PROC: DELIVERY
CALLS: 8786	MIN: 2.615ms	AVG: 8.395ms	MAX: 301.318ms	TOTAL: 73761.486ms
P99: 60.827ms	P95: 13.615ms	P50: 6.607ms	SD: 92374.579	RATIO: 10.204%
>>>>> PROC: OSTAT
CALLS: 8707	MIN: 0.395ms	AVG: 1.113ms	MAX: 125.075ms	TOTAL: 9687.469ms
P99: 6.040ms	P95: 2.930ms	P50: 0.736ms	SD: 16884.582	RATIO: 1.340%
+-+-+-+-+-+-+-+-+-+-+-+-+-+-+-+-+-+-+-+-+-+-+-+-+-+-+-+-+-+-+-+-+-+-+-+-+-+
>>>>> VIRTUAL USER 8 : ELAPSED TIME : 720274ms
>>>>> PROC: NEWORD
CALLS: 86427	MIN: 1.504ms	AVG: 4.293ms	MAX: 433.419ms	TOTAL: 371027.181ms
P99: 15.776ms	P95: 6.774ms	P50: 3.472ms	SD: 63031.962	RATIO: 51.512%
>>>>> PROC: PAYMENT
CALLS: 86338	MIN: 0.523ms	AVG: 1.896ms	MAX: 300.736ms	TOTAL: 163654.628ms
P99: 5.439ms	P95: 3.240ms	P50: 1.374ms	SD: 41400.253	RATIO: 22.721%
>>>>> PROC: SLEV
CALLS: 8710	MIN: 1.301ms	AVG: 9.870ms	MAX: 7895.820ms	TOTAL: 85964.151ms
P99: 198.613ms	P95: 12.158ms	P50: 3.179ms	SD: 901641.138	RATIO: 11.935%
>>>>> PROC: DELIVERY
CALLS: 8620	MIN: 3.018ms	AVG: 8.446ms	MAX: 264.587ms	TOTAL: 72807.862ms
P99: 61.024ms	P95: 13.498ms	P50: 6.564ms	SD: 95494.877	RATIO: 10.108%
>>>>> PROC: OSTAT
CALLS: 8561	MIN: 0.387ms	AVG: 1.135ms	MAX: 135.781ms	TOTAL: 9714.063ms
P99: 5.809ms	P95: 3.036ms	P50: 0.742ms	SD: 20111.355	RATIO: 1.349%
+-+-+-+-+-+-+-+-+-+-+-+-+-+-+-+-+-+-+-+-+-+-+-+-+-+-+-+-+-+-+-+-+-+-+-+-+-+
>>>>> VIRTUAL USER 9 : ELAPSED TIME : 719518ms
>>>>> PROC: NEWORD
CALLS: 79917	MIN: 1.235ms	AVG: 4.275ms	MAX: 384.163ms	TOTAL: 341621.635ms
P99: 16.292ms	P95: 6.800ms	P50: 3.424ms	SD: 63704.405	RATIO: 47.479%
>>>>> PROC: PAYMENT
CALLS: 79229	MIN: 0.566ms	AVG: 1.854ms	MAX: 298.750ms	TOTAL: 146923.753ms
P99: 5.535ms	P95: 3.146ms	P50: 1.333ms	SD: 42513.462	RATIO: 20.420%
>>>>> PROC: SLEV
CALLS: 8103	MIN: 1.262ms	AVG: 16.603ms	MAX: 6220.654ms	TOTAL: 134531.451ms
P99: 208.855ms	P95: 8.195ms	P50: 3.174ms	SD: 1703574.525	RATIO: 18.697%
>>>>> PROC: DELIVERY
CALLS: 7900	MIN: 3.322ms	AVG: 9.074ms	MAX: 284.850ms	TOTAL: 71681.128ms
P99: 62.288ms	P95: 15.344ms	P50: 6.893ms	SD: 93101.511	RATIO: 9.962%
>>>>> PROC: OSTAT
CALLS: 7891	MIN: 0.350ms	AVG: 1.121ms	MAX: 27.192ms	TOTAL: 8845.588ms
P99: 6.036ms	P95: 3.070ms	P50: 0.748ms	SD: 11557.693	RATIO: 1.229%
+-+-+-+-+-+-+-+-+-+-+-+-+-+-+-+-+-+-+-+-+-+-+-+-+-+-+-+-+-+-+-+-+-+-+-+-+-+
>>>>> SUMMARY OF 8 ACTIVE VIRTUAL USERS : MEDIAN ELAPSED TIME : 722306ms
>>>>> PROC: NEWORD
CALLS: 1336334	MIN: 1.115ms	AVG: 4.285ms	MAX: 470.459ms	TOTAL: 5726358.755ms
P99: 16.033ms	P95: 6.798ms	P50: 3.445ms	SD: 62969.515	RATIO: 99.098%
>>>>> PROC: PAYMENT
CALLS: 1334862	MIN: 0.523ms	AVG: 1.874ms	MAX: 399.327ms	TOTAL: 2501987.915ms
P99: 5.456ms	P95: 3.218ms	P50: 1.352ms	SD: 42041.833	RATIO: 43.299%
>>>>> PROC: SLEV
CALLS: 134102	MIN: 1.139ms	AVG: 13.263ms	MAX: 7895.819ms	TOTAL: 1778579.612ms
P99: 205.529ms	P95: 9.788ms	P50: 3.178ms	SD: 1284171.637	RATIO: 30.780%
>>>>> PROC: DELIVERY
CALLS: 133492	MIN: 2.347ms	AVG: 8.529ms	MAX: 343.461ms	TOTAL: 1138512.360ms
P99: 61.032ms	P95: 14.209ms	P50: 6.567ms	SD: 93255.590	RATIO: 19.703%
>>>>> PROC: OSTAT
CALLS: 133466	MIN: 0.344ms	AVG: 1.115ms	MAX: 250.081ms	TOTAL: 148808.899ms
P99: 5.883ms	P95: 2.942ms	P50: 0.743ms	SD: 17000.467	RATIO: 2.575%
+-+-+-+-+-+-+-+-+-+-+-+-+-+-+-+-+-+-+-+-+-+-+-+-+-+-+-+-+-+-+-+-+-+-+-+-+-+
PostgreSQL Hammerdb Time Profile Report @ Wed Jun 05 19:32:10 BST 2024
+-+-+-+-+-+-+-+-+-+-+-+-+-+-+-+-+-+-+-+-+-+-+-+-+-+-+-+-+-+-+-+-+-+-+-+-+-+
>>>>> VIRTUAL USER 2 : ELAPSED TIME : 729164ms
>>>>> PROC: SLEV
CALLS: 4077	MIN: 1.516ms	AVG: 78.588ms	MAX: 1300.686ms	TOTAL: 320403.706ms
P99: 578.483ms	P95: 443.338ms	P50: 3.444ms	SD: 1568029.584	RATIO: 43.941%
>>>>> PROC: NEWORD
CALLS: 40194	MIN: 1.336ms	AVG: 6.104ms	MAX: 320.948ms	TOTAL: 245359.770ms
P99: 58.543ms	P95: 16.131ms	P50: 3.714ms	SD: 104627.196	RATIO: 33.649%
>>>>> PROC: PAYMENT
CALLS: 39793	MIN: 0.574ms	AVG: 2.534ms	MAX: 366.030ms	TOTAL: 100835.369ms
P99: 14.933ms	P95: 5.039ms	P50: 1.592ms	SD: 61623.472	RATIO: 13.829%
>>>>> PROC: DELIVERY
CALLS: 4081	MIN: 1.799ms	AVG: 11.833ms	MAX: 451.724ms	TOTAL: 48288.840ms
P99: 72.673ms	P95: 30.468ms	P50: 7.496ms	SD: 158621.178	RATIO: 6.622%
>>>>> PROC: OSTAT
CALLS: 4015	MIN: 0.357ms	AVG: 1.508ms	MAX: 315.560ms	TOTAL: 6052.938ms
P99: 8.309ms	P95: 3.215ms	P50: 0.819ms	SD: 79046.799	RATIO: 0.830%
+-+-+-+-+-+-+-+-+-+-+-+-+-+-+-+-+-+-+-+-+-+-+-+-+-+-+-+-+-+-+-+-+-+-+-+-+-+
>>>>> VIRTUAL USER 3 : ELAPSED TIME : 726106ms
>>>>> PROC: SLEV
CALLS: 4030	MIN: 1.238ms	AVG: 78.078ms	MAX: 1192.897ms	TOTAL: 314656.024ms
P99: 600.997ms	P95: 441.759ms	P50: 3.550ms	SD: 1595585.620	RATIO: 43.335%
>>>>> PROC: NEWORD
CALLS: 40072	MIN: 1.438ms	AVG: 6.253ms	MAX: 519.596ms	TOTAL: 250558.519ms
P99: 59.637ms	P95: 16.436ms	P50: 3.714ms	SD: 118603.211	RATIO: 34.507%
>>>>> PROC: PAYMENT
CALLS: 39997	MIN: 0.629ms	AVG: 2.517ms	MAX: 267.246ms	TOTAL: 100659.397ms
P99: 14.223ms	P95: 5.119ms	P50: 1.619ms	SD: 53086.186	RATIO: 13.863%
>>>>> PROC: DELIVERY
CALLS: 3978	MIN: 1.694ms	AVG: 11.578ms	MAX: 326.831ms	TOTAL: 46057.910ms
P99: 71.595ms	P95: 28.731ms	P50: 7.351ms	SD: 142395.370	RATIO: 6.343%
>>>>> PROC: OSTAT
CALLS: 4083	MIN: 0.393ms	AVG: 1.404ms	MAX: 177.439ms	TOTAL: 5730.605ms
P99: 7.233ms	P95: 3.464ms	P50: 0.864ms	SD: 45271.913	RATIO: 0.789%
+-+-+-+-+-+-+-+-+-+-+-+-+-+-+-+-+-+-+-+-+-+-+-+-+-+-+-+-+-+-+-+-+-+-+-+-+-+
>>>>> VIRTUAL USER 4 : ELAPSED TIME : 722037ms
>>>>> PROC: NEWORD
CALLS: 71066	MIN: 1.432ms	AVG: 5.975ms	MAX: 832.055ms	TOTAL: 424609.757ms
P99: 61.833ms	P95: 16.330ms	P50: 3.531ms	SD: 120262.909	RATIO: 58.807%
>>>>> PROC: PAYMENT
CALLS: 71069	MIN: 0.594ms	AVG: 2.061ms	MAX: 367.178ms	TOTAL: 146499.750ms
P99: 9.095ms	P95: 3.670ms	P50: 1.405ms	SD: 53241.261	RATIO: 20.290%
>>>>> PROC: DELIVERY
CALLS: 7207	MIN: 3.561ms	AVG: 10.681ms	MAX: 921.266ms	TOTAL: 76980.693ms
P99: 71.211ms	P95: 24.780ms	P50: 6.948ms	SD: 180690.792	RATIO: 10.662%
>>>>> PROC: SLEV
CALLS: 7210	MIN: 1.495ms	AVG: 6.904ms	MAX: 350.650ms	TOTAL: 49780.854ms
P99: 100.696ms	P95: 14.376ms	P50: 3.300ms	SD: 188694.566	RATIO: 6.895%
>>>>> PROC: OSTAT
CALLS: 7096	MIN: 0.421ms	AVG: 1.342ms	MAX: 51.789ms	TOTAL: 9523.782ms
P99: 9.645ms	P95: 3.219ms	P50: 0.839ms	SD: 22322.583	RATIO: 1.319%
+-+-+-+-+-+-+-+-+-+-+-+-+-+-+-+-+-+-+-+-+-+-+-+-+-+-+-+-+-+-+-+-+-+-+-+-+-+
>>>>> VIRTUAL USER 5 : ELAPSED TIME : 725005ms
>>>>> PROC: NEWORD
CALLS: 74585	MIN: 1.427ms	AVG: 5.890ms	MAX: 534.950ms	TOTAL: 439333.731ms
P99: 60.882ms	P95: 15.750ms	P50: 3.497ms	SD: 120027.562	RATIO: 60.597%
>>>>> PROC: PAYMENT
CALLS: 74237	MIN: 0.629ms	AVG: 1.993ms	MAX: 355.411ms	TOTAL: 147937.993ms
P99: 8.748ms	P95: 3.456ms	P50: 1.384ms	SD: 49777.486	RATIO: 20.405%
>>>>> PROC: DELIVERY
CALLS: 7452	MIN: 2.853ms	AVG: 9.473ms	MAX: 291.542ms	TOTAL: 70590.160ms
P99: 67.161ms	P95: 22.449ms	P50: 6.321ms	SD: 124775.496	RATIO: 9.737%
>>>>> PROC: SLEV
CALLS: 7295	MIN: 1.189ms	AVG: 5.858ms	MAX: 435.418ms	TOTAL: 42735.710ms
P99: 90.984ms	P95: 11.567ms	P50: 2.648ms	SD: 185765.460	RATIO: 5.895%
>>>>> PROC: OSTAT
CALLS: 7439	MIN: 0.388ms	AVG: 1.308ms	MAX: 96.880ms	TOTAL: 9732.692ms
P99: 8.564ms	P95: 3.108ms	P50: 0.805ms	SD: 27275.199	RATIO: 1.342%
+-+-+-+-+-+-+-+-+-+-+-+-+-+-+-+-+-+-+-+-+-+-+-+-+-+-+-+-+-+-+-+-+-+-+-+-+-+
>>>>> VIRTUAL USER 6 : ELAPSED TIME : 724005ms
>>>>> PROC: NEWORD
CALLS: 72474	MIN: 1.510ms	AVG: 5.991ms	MAX: 514.547ms	TOTAL: 434171.554ms
P99: 62.614ms	P95: 16.352ms	P50: 3.499ms	SD: 119613.218	RATIO: 59.968%
>>>>> PROC: PAYMENT
CALLS: 72615	MIN: 0.612ms	AVG: 1.990ms	MAX: 364.789ms	TOTAL: 144494.088ms
P99: 8.552ms	P95: 3.552ms	P50: 1.374ms	SD: 50261.858	RATIO: 19.958%
>>>>> PROC: DELIVERY
CALLS: 7249	MIN: 3.255ms	AVG: 9.808ms	MAX: 359.180ms	TOTAL: 71101.054ms
P99: 70.731ms	P95: 24.097ms	P50: 6.304ms	SD: 140745.536	RATIO: 9.821%
>>>>> PROC: SLEV
CALLS: 7180	MIN: 1.616ms	AVG: 6.887ms	MAX: 327.071ms	TOTAL: 49450.642ms
P99: 120.544ms	P95: 14.061ms	P50: 2.870ms	SD: 216760.729	RATIO: 6.830%
>>>>> PROC: OSTAT
CALLS: 7394	MIN: 0.425ms	AVG: 1.378ms	MAX: 216.278ms	TOTAL: 10187.525ms
P99: 7.299ms	P95: 3.215ms	P50: 0.796ms	SD: 45850.412	RATIO: 1.407%
+-+-+-+-+-+-+-+-+-+-+-+-+-+-+-+-+-+-+-+-+-+-+-+-+-+-+-+-+-+-+-+-+-+-+-+-+-+
>>>>> VIRTUAL USER 7 : ELAPSED TIME : 724318ms
>>>>> PROC: NEWORD
CALLS: 71477	MIN: 1.538ms	AVG: 5.999ms	MAX: 423.287ms	TOTAL: 428810.744ms
P99: 61.874ms	P95: 16.454ms	P50: 3.517ms	SD: 117604.779	RATIO: 59.202%
>>>>> PROC: PAYMENT
CALLS: 71666	MIN: 0.542ms	AVG: 2.026ms	MAX: 415.997ms	TOTAL: 145165.149ms
P99: 8.958ms	P95: 3.595ms	P50: 1.401ms	SD: 50071.905	RATIO: 20.042%
>>>>> PROC: DELIVERY
CALLS: 7126	MIN: 3.740ms	AVG: 10.433ms	MAX: 518.344ms	TOTAL: 74343.989ms
P99: 70.183ms	P95: 25.147ms	P50: 6.870ms	SD: 142772.971	RATIO: 10.264%
>>>>> PROC: SLEV
CALLS: 7338	MIN: 1.644ms	AVG: 6.982ms	MAX: 485.707ms	TOTAL: 51236.785ms
P99: 100.906ms	P95: 13.458ms	P50: 3.301ms	SD: 215418.425	RATIO: 7.074%
>>>>> PROC: OSTAT
CALLS: 7257	MIN: 0.438ms	AVG: 1.402ms	MAX: 205.262ms	TOTAL: 10171.572ms
P99: 9.637ms	P95: 3.356ms	P50: 0.839ms	SD: 41093.477	RATIO: 1.404%
+-+-+-+-+-+-+-+-+-+-+-+-+-+-+-+-+-+-+-+-+-+-+-+-+-+-+-+-+-+-+-+-+-+-+-+-+-+
>>>>> VIRTUAL USER 8 : ELAPSED TIME : 728187ms
>>>>> PROC: SLEV
CALLS: 3838	MIN: 1.752ms	AVG: 82.118ms	MAX: 2103.720ms	TOTAL: 315168.424ms
P99: 632.751ms	P95: 454.572ms	P50: 3.724ms	SD: 1660482.120	RATIO: 43.281%
>>>>> PROC: NEWORD
CALLS: 38656	MIN: 1.083ms	AVG: 6.559ms	MAX: 475.594ms	TOTAL: 253563.691ms
P99: 61.803ms	P95: 17.927ms	P50: 3.815ms	SD: 117418.214	RATIO: 34.821%
>>>>> PROC: PAYMENT
CALLS: 38853	MIN: 0.570ms	AVG: 2.595ms	MAX: 506.459ms	TOTAL: 100805.793ms
P99: 15.012ms	P95: 5.261ms	P50: 1.641ms	SD: 61105.328	RATIO: 13.843%
>>>>> PROC: DELIVERY
CALLS: 3898	MIN: 1.878ms	AVG: 11.569ms	MAX: 288.608ms	TOTAL: 45097.469ms
P99: 71.112ms	P95: 28.758ms	P50: 7.436ms	SD: 139843.099	RATIO: 6.193%
>>>>> PROC: OSTAT
CALLS: 3843	MIN: 0.377ms	AVG: 1.393ms	MAX: 306.392ms	TOTAL: 5352.456ms
P99: 8.023ms	P95: 2.943ms	P50: 0.877ms	SD: 54552.498	RATIO: 0.735%
+-+-+-+-+-+-+-+-+-+-+-+-+-+-+-+-+-+-+-+-+-+-+-+-+-+-+-+-+-+-+-+-+-+-+-+-+-+
>>>>> VIRTUAL USER 9 : ELAPSED TIME : 719270ms
>>>>> PROC: NEWORD
CALLS: 71801	MIN: 1.434ms	AVG: 5.952ms	MAX: 521.792ms	TOTAL: 427364.352ms
P99: 61.804ms	P95: 16.055ms	P50: 3.502ms	SD: 120384.744	RATIO: 59.416%
>>>>> PROC: PAYMENT
CALLS: 72001	MIN: 0.613ms	AVG: 1.978ms	MAX: 306.704ms	TOTAL: 142430.749ms
P99: 8.488ms	P95: 3.498ms	P50: 1.393ms	SD: 44182.444	RATIO: 19.802%
>>>>> PROC: DELIVERY
CALLS: 7148	MIN: 3.301ms	AVG: 10.362ms	MAX: 312.547ms	TOTAL: 74065.482ms
P99: 71.732ms	P95: 25.367ms	P50: 6.778ms	SD: 139863.925	RATIO: 10.297%
>>>>> PROC: SLEV
CALLS: 7136	MIN: 1.287ms	AVG: 7.054ms	MAX: 446.617ms	TOTAL: 50334.375ms
P99: 109.304ms	P95: 14.504ms	P50: 3.203ms	SD: 219770.771	RATIO: 6.998%
>>>>> PROC: OSTAT
CALLS: 7106	MIN: 0.418ms	AVG: 1.472ms	MAX: 356.364ms	TOTAL: 10461.043ms
P99: 8.506ms	P95: 3.285ms	P50: 0.818ms	SD: 59875.742	RATIO: 1.454%
+-+-+-+-+-+-+-+-+-+-+-+-+-+-+-+-+-+-+-+-+-+-+-+-+-+-+-+-+-+-+-+-+-+-+-+-+-+
>>>>> VIRTUAL USER 10 : ELAPSED TIME : 724857ms
>>>>> PROC: SLEV
CALLS: 3839	MIN: 1.628ms	AVG: 83.030ms	MAX: 1053.328ms	TOTAL: 318752.017ms
P99: 601.496ms	P95: 440.954ms	P50: 3.708ms	SD: 1600032.084	RATIO: 43.974%
>>>>> PROC: NEWORD
CALLS: 38651	MIN: 1.130ms	AVG: 6.361ms	MAX: 371.989ms	TOTAL: 245873.544ms
P99: 59.226ms	P95: 17.041ms	P50: 3.784ms	SD: 113836.675	RATIO: 33.920%
>>>>> PROC: PAYMENT
CALLS: 38817	MIN: 0.587ms	AVG: 2.602ms	MAX: 458.036ms	TOTAL: 100987.504ms
P99: 15.809ms	P95: 5.215ms	P50: 1.620ms	SD: 64658.356	RATIO: 13.932%
>>>>> PROC: DELIVERY
CALLS: 3886	MIN: 1.543ms	AVG: 11.891ms	MAX: 375.918ms	TOTAL: 46208.226ms
P99: 73.481ms	P95: 29.618ms	P50: 7.594ms	SD: 149332.594	RATIO: 6.375%
>>>>> PROC: OSTAT
CALLS: 3895	MIN: 0.352ms	AVG: 1.322ms	MAX: 99.590ms	TOTAL: 5148.523ms
P99: 8.233ms	P95: 3.378ms	P50: 0.850ms	SD: 25372.413	RATIO: 0.710%
+-+-+-+-+-+-+-+-+-+-+-+-+-+-+-+-+-+-+-+-+-+-+-+-+-+-+-+-+-+-+-+-+-+-+-+-+-+
>>>>> VIRTUAL USER 11 : ELAPSED TIME : 718343ms
>>>>> PROC: NEWORD
CALLS: 70969	MIN: 1.268ms	AVG: 5.977ms	MAX: 530.494ms	TOTAL: 424196.648ms
P99: 61.414ms	P95: 16.352ms	P50: 3.526ms	SD: 117486.673	RATIO: 59.052%
>>>>> PROC: PAYMENT
CALLS: 71324	MIN: 0.525ms	AVG: 2.053ms	MAX: 466.862ms	TOTAL: 146435.829ms
P99: 9.204ms	P95: 3.690ms	P50: 1.414ms	SD: 50920.365	RATIO: 20.385%
>>>>> PROC: DELIVERY
CALLS: 7030	MIN: 3.470ms	AVG: 10.696ms	MAX: 268.531ms	TOTAL: 75193.044ms
P99: 74.632ms	P95: 26.431ms	P50: 6.895ms	SD: 138025.849	RATIO: 10.468%
>>>>> PROC: SLEV
CALLS: 7222	MIN: 1.415ms	AVG: 6.658ms	MAX: 706.510ms	TOTAL: 48082.220ms
P99: 106.677ms	P95: 14.374ms	P50: 2.682ms	SD: 233973.934	RATIO: 6.693%
>>>>> PROC: OSTAT
CALLS: 7295	MIN: 0.352ms	AVG: 1.295ms	MAX: 98.824ms	TOTAL: 9444.268ms
P99: 7.388ms	P95: 3.074ms	P50: 0.838ms	SD: 23791.240	RATIO: 1.315%
+-+-+-+-+-+-+-+-+-+-+-+-+-+-+-+-+-+-+-+-+-+-+-+-+-+-+-+-+-+-+-+-+-+-+-+-+-+
>>>>> VIRTUAL USER 12 : ELAPSED TIME : 717855ms
>>>>> PROC: NEWORD
CALLS: 70208	MIN: 1.161ms	AVG: 6.128ms	MAX: 611.222ms	TOTAL: 430243.962ms
P99: 63.233ms	P95: 17.175ms	P50: 3.546ms	SD: 122761.390	RATIO: 59.935%
>>>>> PROC: PAYMENT
CALLS: 70068	MIN: 0.555ms	AVG: 2.044ms	MAX: 343.210ms	TOTAL: 143233.960ms
P99: 8.913ms	P95: 3.684ms	P50: 1.429ms	SD: 47168.832	RATIO: 19.953%
>>>>> PROC: DELIVERY
CALLS: 7047	MIN: 3.172ms	AVG: 9.999ms	MAX: 477.720ms	TOTAL: 70462.252ms
P99: 70.683ms	P95: 25.332ms	P50: 6.437ms	SD: 135983.523	RATIO: 9.816%
>>>>> PROC: SLEV
CALLS: 7056	MIN: 1.461ms	AVG: 7.057ms	MAX: 572.125ms	TOTAL: 49797.381ms
P99: 113.959ms	P95: 13.365ms	P50: 3.213ms	SD: 230542.140	RATIO: 6.937%
>>>>> PROC: OSTAT
CALLS: 7029	MIN: 0.360ms	AVG: 1.348ms	MAX: 98.896ms	TOTAL: 9478.249ms
P99: 7.663ms	P95: 3.390ms	P50: 0.847ms	SD: 28047.523	RATIO: 1.320%
+-+-+-+-+-+-+-+-+-+-+-+-+-+-+-+-+-+-+-+-+-+-+-+-+-+-+-+-+-+-+-+-+-+-+-+-+-+
>>>>> SUMMARY OF 11 ACTIVE VIRTUAL USERS : MEDIAN ELAPSED TIME : 724318ms
>>>>> PROC: NEWORD
CALLS: 1320306	MIN: 1.083ms	AVG: 6.065ms	MAX: 832.055ms	TOTAL: 8008172.288ms
P99: 61.424ms	P95: 16.497ms	P50: 3.564ms	SD: 118342.466	RATIO: 100.511%
>>>>> PROC: SLEV
CALLS: 132442	MIN: 1.189ms	AVG: 24.318ms	MAX: 2103.721ms	TOTAL: 3220796.713ms
P99: 461.984ms	P95: 145.205ms	P50: 3.192ms	SD: 864672.921	RATIO: 40.424%
>>>>> PROC: PAYMENT
CALLS: 1320880	MIN: 0.525ms	AVG: 2.149ms	MAX: 506.460ms	TOTAL: 2838971.105ms
P99: 10.478ms	P95: 3.981ms	P50: 1.441ms	SD: 52273.088	RATIO: 35.632%
>>>>> PROC: DELIVERY
CALLS: 132204	MIN: 1.543ms	AVG: 10.565ms	MAX: 921.266ms	TOTAL: 1396778.213ms
P99: 71.366ms	P95: 25.915ms	P50: 6.801ms	SD: 145218.470	RATIO: 17.531%
>>>>> PROC: OSTAT
CALLS: 132904	MIN: 0.352ms	AVG: 1.374ms	MAX: 356.364ms	TOTAL: 182567.305ms
P99: 8.124ms	P95: 3.250ms	P50: 0.832ms	SD: 42389.764	RATIO: 2.291%
+-+-+-+-+-+-+-+-+-+-+-+-+-+-+-+-+-+-+-+-+-+-+-+-+-+-+-+-+-+-+-+-+-+-+-+-+-+
PostgreSQL Hammerdb Time Profile Report @ Wed Jun 05 19:45:02 BST 2024
+-+-+-+-+-+-+-+-+-+-+-+-+-+-+-+-+-+-+-+-+-+-+-+-+-+-+-+-+-+-+-+-+-+-+-+-+-+
>>>>> VIRTUAL USER 2 : ELAPSED TIME : 730776ms
>>>>> PROC: NEWORD
CALLS: 36036	MIN: 1.583ms	AVG: 10.806ms	MAX: 914.667ms	TOTAL: 389419.265ms
P99: 87.341ms	P95: 41.136ms	P50: 4.851ms	SD: 200362.000	RATIO: 53.288%
>>>>> PROC: SLEV
CALLS: 3649	MIN: 1.133ms	AVG: 40.939ms	MAX: 671.344ms	TOTAL: 149387.510ms
P99: 342.846ms	P95: 221.889ms	P50: 3.321ms	SD: 781776.388	RATIO: 20.442%
>>>>> PROC: PAYMENT
CALLS: 36002	MIN: 0.580ms	AVG: 2.559ms	MAX: 761.214ms	TOTAL: 92125.799ms
P99: 17.505ms	P95: 5.804ms	P50: 1.543ms	SD: 65356.590	RATIO: 12.607%
>>>>> PROC: DELIVERY
CALLS: 3731	MIN: 4.147ms	AVG: 22.711ms	MAX: 538.097ms	TOTAL: 84733.477ms
P99: 151.327ms	P95: 79.772ms	P50: 11.143ms	SD: 311654.343	RATIO: 11.595%
>>>>> PROC: OSTAT
CALLS: 3526	MIN: 0.291ms	AVG: 2.097ms	MAX: 123.725ms	TOTAL: 7394.494ms
P99: 19.064ms	P95: 7.282ms	P50: 0.836ms	SD: 44235.370	RATIO: 1.012%
+-+-+-+-+-+-+-+-+-+-+-+-+-+-+-+-+-+-+-+-+-+-+-+-+-+-+-+-+-+-+-+-+-+-+-+-+-+
>>>>> VIRTUAL USER 3 : ELAPSED TIME : 723430ms
>>>>> PROC: NEWORD
CALLS: 54295	MIN: 1.215ms	AVG: 7.008ms	MAX: 606.668ms	TOTAL: 380489.961ms
P99: 62.077ms	P95: 23.745ms	P50: 3.737ms	SD: 124435.860	RATIO: 52.595%
>>>>> PROC: PAYMENT
CALLS: 54666	MIN: 0.595ms	AVG: 2.401ms	MAX: 397.111ms	TOTAL: 131251.856ms
P99: 14.488ms	P95: 5.184ms	P50: 1.517ms	SD: 53284.117	RATIO: 18.143%
>>>>> PROC: SLEV
CALLS: 5414	MIN: 1.573ms	AVG: 19.369ms	MAX: 1086.633ms	TOTAL: 104861.649ms
P99: 261.386ms	P95: 123.385ms	P50: 3.573ms	SD: 518043.254	RATIO: 14.495%
>>>>> PROC: DELIVERY
CALLS: 5400	MIN: 4.237ms	AVG: 15.616ms	MAX: 622.143ms	TOTAL: 84327.522ms
P99: 102.746ms	P95: 52.254ms	P50: 8.739ms	SD: 235287.594	RATIO: 11.657%
>>>>> PROC: OSTAT
CALLS: 5537	MIN: 0.404ms	AVG: 1.681ms	MAX: 765.333ms	TOTAL: 9307.656ms
P99: 11.316ms	P95: 4.145ms	P50: 0.911ms	SD: 106024.485	RATIO: 1.287%
+-+-+-+-+-+-+-+-+-+-+-+-+-+-+-+-+-+-+-+-+-+-+-+-+-+-+-+-+-+-+-+-+-+-+-+-+-+
>>>>> VIRTUAL USER 4 : ELAPSED TIME : 722025ms
>>>>> PROC: NEWORD
CALLS: 32003	MIN: 1.273ms	AVG: 10.661ms	MAX: 891.380ms	TOTAL: 341190.980ms
P99: 86.085ms	P95: 41.893ms	P50: 4.753ms	SD: 197138.947	RATIO: 47.255%
>>>>> PROC: SLEV
CALLS: 3196	MIN: 1.499ms	AVG: 53.660ms	MAX: 728.316ms	TOTAL: 171498.003ms
P99: 382.959ms	P95: 265.065ms	P50: 4.691ms	SD: 939752.281	RATIO: 23.752%
>>>>> PROC: DELIVERY
CALLS: 3189	MIN: 2.891ms	AVG: 33.879ms	MAX: 583.224ms	TOTAL: 108041.261ms
P99: 215.102ms	P95: 118.374ms	P50: 15.221ms	SD: 449074.367	RATIO: 14.964%
>>>>> PROC: PAYMENT
CALLS: 31792	MIN: 0.627ms	AVG: 2.705ms	MAX: 510.756ms	TOTAL: 85993.782ms
P99: 17.974ms	P95: 6.287ms	P50: 1.612ms	SD: 63172.487	RATIO: 11.910%
>>>>> PROC: OSTAT
CALLS: 3260	MIN: 0.379ms	AVG: 2.253ms	MAX: 42.906ms	TOTAL: 7345.195ms
P99: 18.411ms	P95: 7.609ms	P50: 1.043ms	SD: 34813.934	RATIO: 1.017%
+-+-+-+-+-+-+-+-+-+-+-+-+-+-+-+-+-+-+-+-+-+-+-+-+-+-+-+-+-+-+-+-+-+-+-+-+-+
>>>>> VIRTUAL USER 5 : ELAPSED TIME : 730942ms
>>>>> PROC: NEWORD
CALLS: 33334	MIN: 1.385ms	AVG: 11.289ms	MAX: 920.747ms	TOTAL: 376319.223ms
P99: 88.856ms	P95: 42.730ms	P50: 5.237ms	SD: 202223.147	RATIO: 51.484%
>>>>> PROC: SLEV
CALLS: 3289	MIN: 1.258ms	AVG: 48.465ms	MAX: 837.998ms	TOTAL: 159400.479ms
P99: 358.247ms	P95: 238.986ms	P50: 3.870ms	SD: 874428.816	RATIO: 21.808%
>>>>> PROC: PAYMENT
CALLS: 33440	MIN: 0.664ms	AVG: 2.708ms	MAX: 356.306ms	TOTAL: 90539.121ms
P99: 20.778ms	P95: 6.210ms	P50: 1.586ms	SD: 60239.188	RATIO: 12.387%
>>>>> PROC: DELIVERY
CALLS: 3334	MIN: 4.337ms	AVG: 26.794ms	MAX: 590.379ms	TOTAL: 89330.806ms
P99: 167.873ms	P95: 86.673ms	P50: 14.241ms	SD: 366332.879	RATIO: 12.221%
>>>>> PROC: OSTAT
CALLS: 3403	MIN: 0.279ms	AVG: 2.399ms	MAX: 516.887ms	TOTAL: 8165.431ms
P99: 19.207ms	P95: 7.742ms	P50: 0.877ms	SD: 97860.149	RATIO: 1.117%
+-+-+-+-+-+-+-+-+-+-+-+-+-+-+-+-+-+-+-+-+-+-+-+-+-+-+-+-+-+-+-+-+-+-+-+-+-+
>>>>> VIRTUAL USER 6 : ELAPSED TIME : 729413ms
>>>>> PROC: NEWORD
CALLS: 30694	MIN: 1.634ms	AVG: 11.153ms	MAX: 767.858ms	TOTAL: 342331.988ms
P99: 87.444ms	P95: 43.643ms	P50: 4.884ms	SD: 204425.128	RATIO: 46.933%
>>>>> PROC: SLEV
CALLS: 3086	MIN: 1.473ms	AVG: 57.940ms	MAX: 1078.243ms	TOTAL: 178802.787ms
P99: 378.842ms	P95: 269.414ms	P50: 4.988ms	SD: 964224.447	RATIO: 24.513%
>>>>> PROC: DELIVERY
CALLS: 3117	MIN: 3.739ms	AVG: 35.417ms	MAX: 620.847ms	TOTAL: 110395.971ms
P99: 215.124ms	P95: 120.450ms	P50: 16.606ms	SD: 482612.928	RATIO: 15.135%
>>>>> PROC: PAYMENT
CALLS: 30608	MIN: 0.657ms	AVG: 2.735ms	MAX: 479.081ms	TOTAL: 83718.462ms
P99: 21.329ms	P95: 6.111ms	P50: 1.575ms	SD: 69718.067	RATIO: 11.478%
>>>>> PROC: OSTAT
CALLS: 3151	MIN: 0.380ms	AVG: 2.367ms	MAX: 56.726ms	TOTAL: 7459.556ms
P99: 21.604ms	P95: 7.536ms	P50: 1.015ms	SD: 39634.691	RATIO: 1.023%
+-+-+-+-+-+-+-+-+-+-+-+-+-+-+-+-+-+-+-+-+-+-+-+-+-+-+-+-+-+-+-+-+-+-+-+-+-+
>>>>> VIRTUAL USER 7 : ELAPSED TIME : 728054ms
>>>>> PROC: NEWORD
CALLS: 52684	MIN: 1.257ms	AVG: 7.327ms	MAX: 771.624ms	TOTAL: 385996.429ms
P99: 62.992ms	P95: 25.453ms	P50: 3.792ms	SD: 138864.993	RATIO: 53.018%
>>>>> PROC: PAYMENT
CALLS: 52442	MIN: 0.710ms	AVG: 2.405ms	MAX: 527.038ms	TOTAL: 126133.141ms
P99: 13.858ms	P95: 5.227ms	P50: 1.522ms	SD: 53615.275	RATIO: 17.325%
>>>>> PROC: SLEV
CALLS: 5251	MIN: 1.628ms	AVG: 20.958ms	MAX: 774.344ms	TOTAL: 110048.110ms
P99: 272.101ms	P95: 138.461ms	P50: 3.630ms	SD: 542008.411	RATIO: 15.115%
>>>>> PROC: DELIVERY
CALLS: 5207	MIN: 4.317ms	AVG: 16.257ms	MAX: 894.151ms	TOTAL: 84651.358ms
P99: 106.254ms	P95: 52.433ms	P50: 9.186ms	SD: 241654.651	RATIO: 11.627%
>>>>> PROC: OSTAT
CALLS: 5248	MIN: 0.417ms	AVG: 1.651ms	MAX: 437.051ms	TOTAL: 8666.785ms
P99: 12.469ms	P95: 4.335ms	P50: 0.913ms	SD: 65228.737	RATIO: 1.190%
+-+-+-+-+-+-+-+-+-+-+-+-+-+-+-+-+-+-+-+-+-+-+-+-+-+-+-+-+-+-+-+-+-+-+-+-+-+
>>>>> VIRTUAL USER 8 : ELAPSED TIME : 720277ms
>>>>> PROC: NEWORD
CALLS: 52922	MIN: 1.244ms	AVG: 7.280ms	MAX: 886.158ms	TOTAL: 385255.265ms
P99: 63.541ms	P95: 25.007ms	P50: 3.775ms	SD: 138604.362	RATIO: 53.487%
>>>>> PROC: PAYMENT
CALLS: 52597	MIN: 0.569ms	AVG: 2.404ms	MAX: 552.070ms	TOTAL: 126441.472ms
P99: 14.235ms	P95: 5.000ms	P50: 1.509ms	SD: 66221.728	RATIO: 17.555%
>>>>> PROC: SLEV
CALLS: 5205	MIN: 1.830ms	AVG: 20.268ms	MAX: 418.764ms	TOTAL: 105494.269ms
P99: 261.380ms	P95: 137.141ms	P50: 3.594ms	SD: 503963.053	RATIO: 14.646%
>>>>> PROC: DELIVERY
CALLS: 5425	MIN: 3.368ms	AVG: 15.165ms	MAX: 319.215ms	TOTAL: 82272.057ms
P99: 103.232ms	P95: 50.231ms	P50: 8.485ms	SD: 199920.385	RATIO: 11.422%
>>>>> PROC: OSTAT
CALLS: 5323	MIN: 0.400ms	AVG: 1.553ms	MAX: 110.873ms	TOTAL: 8266.437ms
P99: 11.273ms	P95: 4.014ms	P50: 0.919ms	SD: 29484.049	RATIO: 1.148%
+-+-+-+-+-+-+-+-+-+-+-+-+-+-+-+-+-+-+-+-+-+-+-+-+-+-+-+-+-+-+-+-+-+-+-+-+-+
>>>>> VIRTUAL USER 9 : ELAPSED TIME : 725143ms
>>>>> PROC: NEWORD
CALLS: 33115	MIN: 1.447ms	AVG: 10.470ms	MAX: 890.399ms	TOTAL: 346715.315ms
P99: 87.241ms	P95: 40.000ms	P50: 4.694ms	SD: 202252.460	RATIO: 47.813%
>>>>> PROC: SLEV
CALLS: 3244	MIN: 1.314ms	AVG: 50.556ms	MAX: 557.152ms	TOTAL: 164005.059ms
P99: 375.876ms	P95: 250.326ms	P50: 4.699ms	SD: 876983.437	RATIO: 22.617%
>>>>> PROC: DELIVERY
CALLS: 3343	MIN: 4.821ms	AVG: 33.807ms	MAX: 762.587ms	TOTAL: 113015.657ms
P99: 236.102ms	P95: 116.444ms	P50: 15.526ms	SD: 485534.030	RATIO: 15.585%
>>>>> PROC: PAYMENT
CALLS: 32752	MIN: 0.580ms	AVG: 2.649ms	MAX: 138.066ms	TOTAL: 86767.003ms
P99: 19.274ms	P95: 6.120ms	P50: 1.564ms	SD: 54235.250	RATIO: 11.966%
>>>>> PROC: OSTAT
CALLS: 3322	MIN: 0.425ms	AVG: 2.301ms	MAX: 75.694ms	TOTAL: 7644.391ms
P99: 22.846ms	P95: 7.517ms	P50: 0.982ms	SD: 42601.262	RATIO: 1.054%
+-+-+-+-+-+-+-+-+-+-+-+-+-+-+-+-+-+-+-+-+-+-+-+-+-+-+-+-+-+-+-+-+-+-+-+-+-+
>>>>> VIRTUAL USER 10 : ELAPSED TIME : 718723ms
>>>>> PROC: NEWORD
CALLS: 32501	MIN: 1.666ms	AVG: 11.603ms	MAX: 891.071ms	TOTAL: 377103.128ms
P99: 92.728ms	P95: 44.847ms	P50: 5.237ms	SD: 207574.413	RATIO: 52.468%
>>>>> PROC: SLEV
CALLS: 3250	MIN: 1.922ms	AVG: 47.525ms	MAX: 799.196ms	TOTAL: 154457.410ms
P99: 358.898ms	P95: 238.857ms	P50: 3.964ms	SD: 857984.373	RATIO: 21.491%
>>>>> PROC: PAYMENT
CALLS: 32439	MIN: 0.561ms	AVG: 2.696ms	MAX: 478.121ms	TOTAL: 87448.210ms
P99: 20.335ms	P95: 6.084ms	P50: 1.581ms	SD: 63853.860	RATIO: 12.167%
>>>>> PROC: DELIVERY
CALLS: 3318	MIN: 4.549ms	AVG: 25.687ms	MAX: 951.980ms	TOTAL: 85229.418ms
P99: 153.165ms	P95: 81.649ms	P50: 14.294ms	SD: 355818.248	RATIO: 11.858%
>>>>> PROC: OSTAT
CALLS: 3244	MIN: 0.316ms	AVG: 2.333ms	MAX: 61.344ms	TOTAL: 7566.723ms
P99: 21.505ms	P95: 8.401ms	P50: 0.885ms	SD: 43334.108	RATIO: 1.053%
+-+-+-+-+-+-+-+-+-+-+-+-+-+-+-+-+-+-+-+-+-+-+-+-+-+-+-+-+-+-+-+-+-+-+-+-+-+
>>>>> VIRTUAL USER 11 : ELAPSED TIME : 725900ms
>>>>> PROC: NEWORD
CALLS: 52764	MIN: 1.449ms	AVG: 7.333ms	MAX: 619.524ms	TOTAL: 386934.477ms
P99: 63.798ms	P95: 25.130ms	P50: 3.790ms	SD: 138171.295	RATIO: 53.304%
>>>>> PROC: PAYMENT
CALLS: 52874	MIN: 0.642ms	AVG: 2.419ms	MAX: 764.996ms	TOTAL: 127928.327ms
P99: 13.872ms	P95: 5.092ms	P50: 1.531ms	SD: 67853.231	RATIO: 17.623%
>>>>> PROC: SLEV
CALLS: 5384	MIN: 1.973ms	AVG: 20.217ms	MAX: 1016.242ms	TOTAL: 108845.855ms
P99: 267.406ms	P95: 133.077ms	P50: 3.590ms	SD: 532879.247	RATIO: 14.995%
>>>>> PROC: DELIVERY
CALLS: 5383	MIN: 3.855ms	AVG: 14.929ms	MAX: 476.775ms	TOTAL: 80362.212ms
P99: 94.059ms	P95: 49.143ms	P50: 8.714ms	SD: 191030.900	RATIO: 11.071%
>>>>> PROC: OSTAT
CALLS: 5451	MIN: 0.411ms	AVG: 1.593ms	MAX: 73.882ms	TOTAL: 8683.104ms
P99: 12.797ms	P95: 4.444ms	P50: 0.913ms	SD: 26788.100	RATIO: 1.196%
+-+-+-+-+-+-+-+-+-+-+-+-+-+-+-+-+-+-+-+-+-+-+-+-+-+-+-+-+-+-+-+-+-+-+-+-+-+
>>>>> VIRTUAL USER 12 : ELAPSED TIME : 724996ms
>>>>> PROC: NEWORD
CALLS: 57892	MIN: 1.670ms	AVG: 6.770ms	MAX: 890.641ms	TOTAL: 391954.583ms
P99: 61.247ms	P95: 22.205ms	P50: 3.679ms	SD: 132865.084	RATIO: 54.063%
>>>>> PROC: PAYMENT
CALLS: 57793	MIN: 0.606ms	AVG: 2.353ms	MAX: 544.140ms	TOTAL: 135973.748ms
P99: 13.251ms	P95: 5.055ms	P50: 1.505ms	SD: 59259.622	RATIO: 18.755%
>>>>> PROC: DELIVERY
CALLS: 5924	MIN: 4.060ms	AVG: 14.894ms	MAX: 492.210ms	TOTAL: 88229.460ms
P99: 103.541ms	P95: 49.164ms	P50: 8.308ms	SD: 215490.485	RATIO: 12.170%
>>>>> PROC: SLEV
CALLS: 5759	MIN: 1.808ms	AVG: 14.948ms	MAX: 644.641ms	TOTAL: 86085.172ms
P99: 223.293ms	P95: 88.246ms	P50: 3.497ms	SD: 412839.775	RATIO: 11.874%
>>>>> PROC: OSTAT
CALLS: 5752	MIN: 0.483ms	AVG: 1.548ms	MAX: 81.866ms	TOTAL: 8905.285ms
P99: 11.279ms	P95: 4.004ms	P50: 0.904ms	SD: 29009.301	RATIO: 1.228%
+-+-+-+-+-+-+-+-+-+-+-+-+-+-+-+-+-+-+-+-+-+-+-+-+-+-+-+-+-+-+-+-+-+-+-+-+-+
>>>>> VIRTUAL USER 13 : ELAPSED TIME : 725199ms
>>>>> PROC: NEWORD
CALLS: 24456	MIN: 1.162ms	AVG: 13.943ms	MAX: 1044.964ms	TOTAL: 340989.040ms
P99: 100.881ms	P95: 54.748ms	P50: 6.754ms	SD: 223895.523	RATIO: 47.020%
>>>>> PROC: SLEV
CALLS: 2420	MIN: 1.379ms	AVG: 88.170ms	MAX: 1764.069ms	TOTAL: 213370.348ms
P99: 726.326ms	P95: 317.164ms	P50: 11.407ms	SD: 1456475.114	RATIO: 29.422%
>>>>> PROC: DELIVERY
CALLS: 2424	MIN: 4.027ms	AVG: 34.582ms	MAX: 495.820ms	TOTAL: 83825.829ms
P99: 186.363ms	P95: 108.262ms	P50: 20.173ms	SD: 374346.093	RATIO: 11.559%
>>>>> PROC: PAYMENT
CALLS: 24559	MIN: 0.621ms	AVG: 3.054ms	MAX: 520.920ms	TOTAL: 75002.227ms
P99: 27.565ms	P95: 7.087ms	P50: 1.692ms	SD: 79160.093	RATIO: 10.342%
>>>>> PROC: OSTAT
CALLS: 2461	MIN: 0.394ms	AVG: 2.635ms	MAX: 77.697ms	TOTAL: 6483.627ms
P99: 19.497ms	P95: 8.687ms	P50: 1.048ms	SD: 45772.589	RATIO: 0.894%
+-+-+-+-+-+-+-+-+-+-+-+-+-+-+-+-+-+-+-+-+-+-+-+-+-+-+-+-+-+-+-+-+-+-+-+-+-+
>>>>> VIRTUAL USER 14 : ELAPSED TIME : 724999ms
>>>>> PROC: NEWORD
CALLS: 53936	MIN: 1.608ms	AVG: 7.266ms	MAX: 1088.100ms	TOTAL: 391899.359ms
P99: 63.096ms	P95: 25.449ms	P50: 3.760ms	SD: 140729.935	RATIO: 54.055%
>>>>> PROC: PAYMENT
CALLS: 53683	MIN: 0.575ms	AVG: 2.354ms	MAX: 558.338ms	TOTAL: 126355.596ms
P99: 14.024ms	P95: 5.021ms	P50: 1.490ms	SD: 58828.025	RATIO: 17.428%
>>>>> PROC: SLEV
CALLS: 5413	MIN: 1.741ms	AVG: 18.819ms	MAX: 610.717ms	TOTAL: 101868.211ms
P99: 245.960ms	P95: 126.569ms	P50: 3.511ms	SD: 488041.836	RATIO: 14.051%
>>>>> PROC: DELIVERY
CALLS: 5450	MIN: 2.872ms	AVG: 15.624ms	MAX: 651.974ms	TOTAL: 85150.829ms
P99: 103.754ms	P95: 52.149ms	P50: 8.676ms	SD: 232194.492	RATIO: 11.745%
>>>>> PROC: OSTAT
CALLS: 5422	MIN: 0.396ms	AVG: 1.529ms	MAX: 77.631ms	TOTAL: 8288.538ms
P99: 11.674ms	P95: 3.948ms	P50: 0.892ms	SD: 27214.382	RATIO: 1.143%
+-+-+-+-+-+-+-+-+-+-+-+-+-+-+-+-+-+-+-+-+-+-+-+-+-+-+-+-+-+-+-+-+-+-+-+-+-+
>>>>> VIRTUAL USER 15 : ELAPSED TIME : 720451ms
>>>>> PROC: NEWORD
CALLS: 52436	MIN: 1.270ms	AVG: 7.231ms	MAX: 891.271ms	TOTAL: 379188.795ms
P99: 62.054ms	P95: 24.805ms	P50: 3.767ms	SD: 136209.678	RATIO: 52.632%
>>>>> PROC: PAYMENT
CALLS: 51866	MIN: 0.632ms	AVG: 2.456ms	MAX: 883.166ms	TOTAL: 127361.392ms
P99: 14.372ms	P95: 5.179ms	P50: 1.522ms	SD: 71436.055	RATIO: 17.678%
>>>>> PROC: SLEV
CALLS: 5103	MIN: 1.592ms	AVG: 21.358ms	MAX: 744.062ms	TOTAL: 108989.109ms
P99: 278.015ms	P95: 143.896ms	P50: 3.571ms	SD: 549659.299	RATIO: 15.128%
>>>>> PROC: DELIVERY
CALLS: 5205	MIN: 4.012ms	AVG: 16.191ms	MAX: 555.627ms	TOTAL: 84276.575ms
P99: 107.467ms	P95: 54.816ms	P50: 8.865ms	SD: 230732.267	RATIO: 11.698%
>>>>> PROC: OSTAT
CALLS: 5198	MIN: 0.408ms	AVG: 1.576ms	MAX: 41.279ms	TOTAL: 8194.568ms
P99: 12.962ms	P95: 4.178ms	P50: 0.909ms	SD: 25325.910	RATIO: 1.137%
+-+-+-+-+-+-+-+-+-+-+-+-+-+-+-+-+-+-+-+-+-+-+-+-+-+-+-+-+-+-+-+-+-+-+-+-+-+
>>>>> VIRTUAL USER 16 : ELAPSED TIME : 722786ms
>>>>> PROC: NEWORD
CALLS: 51909	MIN: 1.609ms	AVG: 7.423ms	MAX: 839.671ms	TOTAL: 385309.017ms
P99: 63.778ms	P95: 25.855ms	P50: 3.793ms	SD: 143271.955	RATIO: 53.309%
>>>>> PROC: PAYMENT
CALLS: 52133	MIN: 0.620ms	AVG: 2.414ms	MAX: 478.856ms	TOTAL: 125825.940ms
P99: 14.424ms	P95: 5.177ms	P50: 1.527ms	SD: 57454.033	RATIO: 17.408%
>>>>> PROC: SLEV
CALLS: 5197	MIN: 1.413ms	AVG: 21.299ms	MAX: 886.669ms	TOTAL: 110689.826ms
P99: 266.625ms	P95: 140.021ms	P50: 3.614ms	SD: 539761.844	RATIO: 15.314%
>>>>> PROC: DELIVERY
CALLS: 5289	MIN: 4.070ms	AVG: 15.182ms	MAX: 555.444ms	TOTAL: 80298.776ms
P99: 98.556ms	P95: 48.344ms	P50: 8.648ms	SD: 207529.043	RATIO: 11.110%
>>>>> PROC: OSTAT
CALLS: 5280	MIN: 0.406ms	AVG: 1.523ms	MAX: 47.274ms	TOTAL: 8043.922ms
P99: 10.962ms	P95: 4.175ms	P50: 0.905ms	SD: 25141.708	RATIO: 1.113%
+-+-+-+-+-+-+-+-+-+-+-+-+-+-+-+-+-+-+-+-+-+-+-+-+-+-+-+-+-+-+-+-+-+-+-+-+-+
>>>>> VIRTUAL USER 17 : ELAPSED TIME : 724212ms
>>>>> PROC: NEWORD
CALLS: 53042	MIN: 1.366ms	AVG: 7.263ms	MAX: 915.956ms	TOTAL: 385250.507ms
P99: 63.615ms	P95: 24.848ms	P50: 3.764ms	SD: 138988.071	RATIO: 53.196%
>>>>> PROC: PAYMENT
CALLS: 52974	MIN: 0.651ms	AVG: 2.368ms	MAX: 498.715ms	TOTAL: 125462.128ms
P99: 13.953ms	P95: 5.159ms	P50: 1.486ms	SD: 53362.792	RATIO: 17.324%
>>>>> PROC: SLEV
CALLS: 5257	MIN: 1.950ms	AVG: 21.178ms	MAX: 711.938ms	TOTAL: 111332.802ms
P99: 276.079ms	P95: 138.963ms	P50: 3.537ms	SD: 543301.934	RATIO: 15.373%
>>>>> PROC: DELIVERY
CALLS: 5421	MIN: 4.326ms	AVG: 15.345ms	MAX: 540.271ms	TOTAL: 83185.221ms
P99: 98.192ms	P95: 49.021ms	P50: 8.522ms	SD: 214820.326	RATIO: 11.486%
>>>>> PROC: OSTAT
CALLS: 5162	MIN: 0.469ms	AVG: 1.457ms	MAX: 57.938ms	TOTAL: 7519.041ms
P99: 10.800ms	P95: 3.921ms	P50: 0.864ms	SD: 22650.943	RATIO: 1.038%
+-+-+-+-+-+-+-+-+-+-+-+-+-+-+-+-+-+-+-+-+-+-+-+-+-+-+-+-+-+-+-+-+-+-+-+-+-+
>>>>> SUMMARY OF 16 ACTIVE VIRTUAL USERS : MEDIAN ELAPSED TIME : 724998ms
>>>>> PROC: NEWORD
CALLS: 1408038	MIN: 1.162ms	AVG: 8.503ms	MAX: 1088.101ms	TOTAL: 11972694.459ms
P99: 72.049ms	P95: 30.577ms	P50: 4.029ms	SD: 162678.676	RATIO: 103.213%
>>>>> PROC: SLEV
CALLS: 140234	MIN: 1.133ms	AVG: 30.508ms	MAX: 1764.069ms	TOTAL: 4278273.147ms
P99: 319.565ms	P95: 193.068ms	P50: 3.661ms	SD: 709784.691	RATIO: 36.882%
>>>>> PROC: PAYMENT
CALLS: 1405240	MIN: 0.561ms	AVG: 2.497ms	MAX: 883.166ms	TOTAL: 3508656.300ms
P99: 15.704ms	P95: 5.463ms	P50: 1.535ms	SD: 61893.294	RATIO: 30.247%
>>>>> PROC: DELIVERY
CALLS: 142320	MIN: 2.872ms	AVG: 20.058ms	MAX: 951.980ms	TOTAL: 2854652.757ms
P99: 140.323ms	P95: 72.107ms	P50: 9.986ms	SD: 300990.560	RATIO: 24.609%
>>>>> PROC: OSTAT
CALLS: 141480	MIN: 0.279ms	AVG: 1.809ms	MAX: 765.333ms	TOTAL: 255869.501ms
P99: 14.788ms	P95: 5.472ms	P50: 0.915ms	SD: 50142.729	RATIO: 2.206%
+-+-+-+-+-+-+-+-+-+-+-+-+-+-+-+-+-+-+-+-+-+-+-+-+-+-+-+-+-+-+-+-+-+-+-+-+-+
PostgreSQL Hammerdb Time Profile Report @ Wed Jun 05 19:57:57 BST 2024
+-+-+-+-+-+-+-+-+-+-+-+-+-+-+-+-+-+-+-+-+-+-+-+-+-+-+-+-+-+-+-+-+-+-+-+-+-+
>>>>> VIRTUAL USER 2 : ELAPSED TIME : 727296ms
>>>>> PROC: NEWORD
CALLS: 22908	MIN: 1.456ms	AVG: 15.294ms	MAX: 1200.355ms	TOTAL: 350348.476ms
P99: 145.646ms	P95: 65.452ms	P50: 5.639ms	SD: 349187.786	RATIO: 48.171%
>>>>> PROC: PAYMENT
CALLS: 22572	MIN: 0.592ms	AVG: 10.890ms	MAX: 3289.905ms	TOTAL: 245815.676ms
P99: 130.799ms	P95: 41.518ms	P50: 3.716ms	SD: 374158.923	RATIO: 33.799%
>>>>> PROC: SLEV
CALLS: 2252	MIN: 1.187ms	AVG: 27.939ms	MAX: 629.201ms	TOTAL: 62918.688ms
P99: 345.932ms	P95: 157.222ms	P50: 3.579ms	SD: 676512.351	RATIO: 8.651%
>>>>> PROC: DELIVERY
CALLS: 2168	MIN: 1.877ms	AVG: 26.115ms	MAX: 711.269ms	TOTAL: 56617.508ms
P99: 204.165ms	P95: 89.930ms	P50: 11.892ms	SD: 421789.834	RATIO: 7.785%
>>>>> PROC: OSTAT
CALLS: 2324	MIN: 0.381ms	AVG: 2.705ms	MAX: 317.324ms	TOTAL: 6286.486ms
P99: 33.533ms	P95: 6.802ms	P50: 0.991ms	SD: 113414.289	RATIO: 0.864%
+-+-+-+-+-+-+-+-+-+-+-+-+-+-+-+-+-+-+-+-+-+-+-+-+-+-+-+-+-+-+-+-+-+-+-+-+-+
>>>>> VIRTUAL USER 3 : ELAPSED TIME : 732674ms
>>>>> PROC: NEWORD
CALLS: 21823	MIN: 1.717ms	AVG: 15.880ms	MAX: 1449.020ms	TOTAL: 346541.459ms
P99: 152.247ms	P95: 65.577ms	P50: 5.917ms	SD: 388590.399	RATIO: 47.298%
>>>>> PROC: PAYMENT
CALLS: 21814	MIN: 0.662ms	AVG: 7.494ms	MAX: 596.481ms	TOTAL: 163478.872ms
P99: 94.089ms	P95: 23.952ms	P50: 2.955ms	SD: 211144.930	RATIO: 22.313%
>>>>> PROC: SLEV
CALLS: 2126	MIN: 1.204ms	AVG: 70.199ms	MAX: 842.339ms	TOTAL: 149244.049ms
P99: 548.994ms	P95: 316.193ms	P50: 8.494ms	SD: 1196311.040	RATIO: 20.370%
>>>>> PROC: DELIVERY
CALLS: 2221	MIN: 1.247ms	AVG: 28.550ms	MAX: 594.379ms	TOTAL: 63410.536ms
P99: 216.320ms	P95: 98.759ms	P50: 13.768ms	SD: 429239.329	RATIO: 8.655%
>>>>> PROC: OSTAT
CALLS: 2192	MIN: 0.373ms	AVG: 2.264ms	MAX: 441.920ms	TOTAL: 4962.264ms
P99: 22.240ms	P95: 6.366ms	P50: 0.905ms	SD: 104808.833	RATIO: 0.677%
+-+-+-+-+-+-+-+-+-+-+-+-+-+-+-+-+-+-+-+-+-+-+-+-+-+-+-+-+-+-+-+-+-+-+-+-+-+
>>>>> VIRTUAL USER 4 : ELAPSED TIME : 731469ms
>>>>> PROC: NEWORD
CALLS: 17430	MIN: 1.647ms	AVG: 22.801ms	MAX: 1205.726ms	TOTAL: 397413.534ms
P99: 219.599ms	P95: 91.727ms	P50: 8.223ms	SD: 463922.116	RATIO: 54.331%
>>>>> PROC: SLEV
CALLS: 1733	MIN: 1.302ms	AVG: 86.916ms	MAX: 1061.431ms	TOTAL: 150624.819ms
P99: 592.508ms	P95: 351.049ms	P50: 15.549ms	SD: 1326049.014	RATIO: 20.592%
>>>>> PROC: PAYMENT
CALLS: 17339	MIN: 0.579ms	AVG: 5.078ms	MAX: 688.012ms	TOTAL: 88043.326ms
P99: 64.524ms	P95: 12.397ms	P50: 2.392ms	SD: 147388.663	RATIO: 12.037%
>>>>> PROC: DELIVERY
CALLS: 1750	MIN: 5.468ms	AVG: 48.698ms	MAX: 742.408ms	TOTAL: 85221.428ms
P99: 360.481ms	P95: 176.765ms	P50: 23.233ms	SD: 702431.175	RATIO: 11.651%
>>>>> PROC: OSTAT
CALLS: 1684	MIN: 0.447ms	AVG: 3.471ms	MAX: 243.257ms	TOTAL: 5845.836ms
P99: 32.697ms	P95: 10.845ms	P50: 1.338ms	SD: 90464.972	RATIO: 0.799%
+-+-+-+-+-+-+-+-+-+-+-+-+-+-+-+-+-+-+-+-+-+-+-+-+-+-+-+-+-+-+-+-+-+-+-+-+-+
>>>>> VIRTUAL USER 5 : ELAPSED TIME : 729520ms
>>>>> PROC: NEWORD
CALLS: 20840	MIN: 1.594ms	AVG: 16.507ms	MAX: 1151.413ms	TOTAL: 344014.300ms
P99: 151.595ms	P95: 68.130ms	P50: 6.251ms	SD: 373304.086	RATIO: 47.156%
>>>>> PROC: SLEV
CALLS: 2075	MIN: 1.005ms	AVG: 75.118ms	MAX: 809.364ms	TOTAL: 155869.103ms
P99: 528.902ms	P95: 331.544ms	P50: 10.631ms	SD: 1190508.967	RATIO: 21.366%
>>>>> PROC: PAYMENT
CALLS: 21067	MIN: 0.636ms	AVG: 6.237ms	MAX: 679.265ms	TOTAL: 131388.831ms
P99: 72.205ms	P95: 16.805ms	P50: 2.717ms	SD: 195871.460	RATIO: 18.010%
>>>>> PROC: DELIVERY
CALLS: 1974	MIN: 2.185ms	AVG: 43.562ms	MAX: 610.745ms	TOTAL: 85991.636ms
P99: 305.409ms	P95: 154.107ms	P50: 19.878ms	SD: 615614.588	RATIO: 11.787%
>>>>> PROC: OSTAT
CALLS: 2172	MIN: 0.460ms	AVG: 3.245ms	MAX: 391.216ms	TOTAL: 7048.655ms
P99: 34.029ms	P95: 8.555ms	P50: 1.194ms	SD: 133752.520	RATIO: 0.966%
+-+-+-+-+-+-+-+-+-+-+-+-+-+-+-+-+-+-+-+-+-+-+-+-+-+-+-+-+-+-+-+-+-+-+-+-+-+
>>>>> VIRTUAL USER 6 : ELAPSED TIME : 727052ms
>>>>> PROC: NEWORD
CALLS: 21792	MIN: 1.780ms	AVG: 16.193ms	MAX: 1151.840ms	TOTAL: 352878.301ms
P99: 150.973ms	P95: 68.413ms	P50: 5.916ms	SD: 364001.433	RATIO: 48.535%
>>>>> PROC: SLEV
CALLS: 2155	MIN: 1.786ms	AVG: 71.871ms	MAX: 880.206ms	TOTAL: 154881.488ms
P99: 503.249ms	P95: 313.048ms	P50: 8.573ms	SD: 1184723.067	RATIO: 21.303%
>>>>> PROC: PAYMENT
CALLS: 21811	MIN: 0.725ms	AVG: 5.885ms	MAX: 1169.135ms	TOTAL: 128367.159ms
P99: 68.939ms	P95: 15.041ms	P50: 2.553ms	SD: 199996.315	RATIO: 17.656%
>>>>> PROC: DELIVERY
CALLS: 2194	MIN: 2.588ms	AVG: 35.533ms	MAX: 641.505ms	TOTAL: 77958.971ms
P99: 257.857ms	P95: 118.393ms	P50: 16.958ms	SD: 507141.257	RATIO: 10.723%
>>>>> PROC: OSTAT
CALLS: 2224	MIN: 0.468ms	AVG: 3.560ms	MAX: 504.655ms	TOTAL: 7917.709ms
P99: 48.496ms	P95: 10.216ms	P50: 1.107ms	SD: 148545.991	RATIO: 1.089%
+-+-+-+-+-+-+-+-+-+-+-+-+-+-+-+-+-+-+-+-+-+-+-+-+-+-+-+-+-+-+-+-+-+-+-+-+-+
>>>>> VIRTUAL USER 7 : ELAPSED TIME : 727948ms
>>>>> PROC: NEWORD
CALLS: 19982	MIN: 1.397ms	AVG: 18.306ms	MAX: 1621.547ms	TOTAL: 365799.290ms
P99: 174.636ms	P95: 75.927ms	P50: 6.502ms	SD: 414305.822	RATIO: 50.251%
>>>>> PROC: SLEV
CALLS: 2037	MIN: 1.555ms	AVG: 74.012ms	MAX: 1011.667ms	TOTAL: 150762.590ms
P99: 516.620ms	P95: 315.166ms	P50: 9.781ms	SD: 1191055.710	RATIO: 20.711%
>>>>> PROC: PAYMENT
CALLS: 20497	MIN: 0.614ms	AVG: 6.041ms	MAX: 693.032ms	TOTAL: 123823.252ms
P99: 71.038ms	P95: 16.712ms	P50: 2.665ms	SD: 181113.377	RATIO: 17.010%
>>>>> PROC: DELIVERY
CALLS: 2086	MIN: 1.179ms	AVG: 36.562ms	MAX: 746.457ms	TOTAL: 76267.369ms
P99: 268.250ms	P95: 131.719ms	P50: 17.765ms	SD: 526279.319	RATIO: 10.477%
>>>>> PROC: OSTAT
CALLS: 1990	MIN: 0.420ms	AVG: 3.291ms	MAX: 440.415ms	TOTAL: 6548.198ms
P99: 38.430ms	P95: 9.203ms	P50: 0.968ms	SD: 150070.378	RATIO: 0.900%
+-+-+-+-+-+-+-+-+-+-+-+-+-+-+-+-+-+-+-+-+-+-+-+-+-+-+-+-+-+-+-+-+-+-+-+-+-+
>>>>> VIRTUAL USER 8 : ELAPSED TIME : 730200ms
>>>>> PROC: NEWORD
CALLS: 17267	MIN: 1.525ms	AVG: 23.173ms	MAX: 1167.645ms	TOTAL: 400132.392ms
P99: 211.652ms	P95: 92.099ms	P50: 8.381ms	SD: 463638.258	RATIO: 54.798%
>>>>> PROC: SLEV
CALLS: 1688	MIN: 1.462ms	AVG: 85.728ms	MAX: 947.441ms	TOTAL: 144709.562ms
P99: 510.046ms	P95: 358.012ms	P50: 15.212ms	SD: 1287035.988	RATIO: 19.818%
>>>>> PROC: DELIVERY
CALLS: 1772	MIN: 5.094ms	AVG: 50.133ms	MAX: 930.870ms	TOTAL: 88835.246ms
P99: 308.756ms	P95: 179.685ms	P50: 24.955ms	SD: 686095.360	RATIO: 12.166%
>>>>> PROC: PAYMENT
CALLS: 17508	MIN: 0.591ms	AVG: 4.934ms	MAX: 540.751ms	TOTAL: 86389.473ms
P99: 60.699ms	P95: 12.024ms	P50: 2.398ms	SD: 140012.213	RATIO: 11.831%
>>>>> PROC: OSTAT
CALLS: 1701	MIN: 0.347ms	AVG: 3.404ms	MAX: 483.125ms	TOTAL: 5789.673ms
P99: 36.758ms	P95: 10.310ms	P50: 1.204ms	SD: 139701.015	RATIO: 0.793%
+-+-+-+-+-+-+-+-+-+-+-+-+-+-+-+-+-+-+-+-+-+-+-+-+-+-+-+-+-+-+-+-+-+-+-+-+-+
>>>>> VIRTUAL USER 9 : ELAPSED TIME : 727531ms
>>>>> PROC: NEWORD
CALLS: 20031	MIN: 1.541ms	AVG: 18.564ms	MAX: 1439.492ms	TOTAL: 371856.436ms
P99: 178.919ms	P95: 76.932ms	P50: 6.681ms	SD: 415760.808	RATIO: 51.112%
>>>>> PROC: SLEV
CALLS: 1952	MIN: 1.372ms	AVG: 76.580ms	MAX: 796.468ms	TOTAL: 149483.373ms
P99: 496.915ms	P95: 349.029ms	P50: 13.888ms	SD: 1211522.067	RATIO: 20.547%
>>>>> PROC: PAYMENT
CALLS: 20096	MIN: 0.657ms	AVG: 6.189ms	MAX: 573.134ms	TOTAL: 124368.578ms
P99: 72.511ms	P95: 17.233ms	P50: 2.753ms	SD: 171829.381	RATIO: 17.095%
>>>>> PROC: DELIVERY
CALLS: 1980	MIN: 1.560ms	AVG: 35.696ms	MAX: 837.391ms	TOTAL: 70677.194ms
P99: 252.844ms	P95: 127.785ms	P50: 17.032ms	SD: 538025.912	RATIO: 9.715%
>>>>> PROC: OSTAT
CALLS: 2021	MIN: 0.414ms	AVG: 2.964ms	MAX: 356.392ms	TOTAL: 5990.009ms
P99: 27.528ms	P95: 8.275ms	P50: 1.051ms	SD: 113644.611	RATIO: 0.823%
+-+-+-+-+-+-+-+-+-+-+-+-+-+-+-+-+-+-+-+-+-+-+-+-+-+-+-+-+-+-+-+-+-+-+-+-+-+
>>>>> VIRTUAL USER 10 : ELAPSED TIME : 724942ms
>>>>> PROC: NEWORD
CALLS: 25975	MIN: 1.439ms	AVG: 14.360ms	MAX: 1161.412ms	TOTAL: 373004.951ms
P99: 131.372ms	P95: 60.518ms	P50: 5.768ms	SD: 316831.345	RATIO: 51.453%
>>>>> PROC: SLEV
CALLS: 2440	MIN: 1.575ms	AVG: 60.309ms	MAX: 2174.383ms	TOTAL: 147153.094ms
P99: 606.091ms	P95: 286.521ms	P50: 4.861ms	SD: 1335866.210	RATIO: 20.299%
>>>>> PROC: PAYMENT
CALLS: 25865	MIN: 0.628ms	AVG: 4.386ms	MAX: 830.102ms	TOTAL: 113453.712ms
P99: 56.459ms	P95: 10.046ms	P50: 2.306ms	SD: 138779.171	RATIO: 15.650%
>>>>> PROC: DELIVERY
CALLS: 2524	MIN: 4.424ms	AVG: 31.348ms	MAX: 626.193ms	TOTAL: 79123.348ms
P99: 227.239ms	P95: 111.535ms	P50: 15.111ms	SD: 479942.090	RATIO: 10.914%
>>>>> PROC: OSTAT
CALLS: 2588	MIN: 0.516ms	AVG: 2.392ms	MAX: 359.177ms	TOTAL: 6190.522ms
P99: 25.787ms	P95: 4.807ms	P50: 0.984ms	SD: 113765.253	RATIO: 0.854%
+-+-+-+-+-+-+-+-+-+-+-+-+-+-+-+-+-+-+-+-+-+-+-+-+-+-+-+-+-+-+-+-+-+-+-+-+-+
>>>>> VIRTUAL USER 11 : ELAPSED TIME : 723349ms
>>>>> PROC: NEWORD
CALLS: 19510	MIN: 1.856ms	AVG: 18.533ms	MAX: 1777.692ms	TOTAL: 361578.282ms
P99: 172.296ms	P95: 77.119ms	P50: 6.828ms	SD: 399512.413	RATIO: 49.987%
>>>>> PROC: SLEV
CALLS: 1919	MIN: 1.883ms	AVG: 80.780ms	MAX: 1715.090ms	TOTAL: 155017.007ms
P99: 683.745ms	P95: 337.870ms	P50: 12.772ms	SD: 1479463.067	RATIO: 21.430%
>>>>> PROC: DELIVERY
CALLS: 2015	MIN: 5.771ms	AVG: 49.905ms	MAX: 851.316ms	TOTAL: 100559.178ms
P99: 354.971ms	P95: 179.388ms	P50: 25.111ms	SD: 686321.349	RATIO: 13.902%
>>>>> PROC: PAYMENT
CALLS: 19375	MIN: 0.687ms	AVG: 4.920ms	MAX: 710.756ms	TOTAL: 95324.918ms
P99: 60.700ms	P95: 11.647ms	P50: 2.357ms	SD: 160671.244	RATIO: 13.178%
>>>>> PROC: OSTAT
CALLS: 1917	MIN: 0.515ms	AVG: 3.294ms	MAX: 165.456ms	TOTAL: 6314.423ms
P99: 33.049ms	P95: 11.276ms	P50: 1.147ms	SD: 76779.004	RATIO: 0.873%
+-+-+-+-+-+-+-+-+-+-+-+-+-+-+-+-+-+-+-+-+-+-+-+-+-+-+-+-+-+-+-+-+-+-+-+-+-+
>>>>> VIRTUAL USER 12 : ELAPSED TIME : 727030ms
>>>>> PROC: NEWORD
CALLS: 20465	MIN: 1.687ms	AVG: 16.475ms	MAX: 1162.570ms	TOTAL: 337161.964ms
P99: 152.298ms	P95: 68.674ms	P50: 6.101ms	SD: 378947.628	RATIO: 46.375%
>>>>> PROC: PAYMENT
CALLS: 20374	MIN: 0.736ms	AVG: 8.097ms	MAX: 912.644ms	TOTAL: 164976.774ms
P99: 92.968ms	P95: 26.256ms	P50: 3.207ms	SD: 241351.679	RATIO: 22.692%
>>>>> PROC: SLEV
CALLS: 2101	MIN: 1.479ms	AVG: 71.234ms	MAX: 960.873ms	TOTAL: 149663.034ms
P99: 534.297ms	P95: 315.639ms	P50: 10.410ms	SD: 1186549.283	RATIO: 20.586%
>>>>> PROC: DELIVERY
CALLS: 2050	MIN: 1.797ms	AVG: 31.926ms	MAX: 756.846ms	TOTAL: 65449.025ms
P99: 215.228ms	P95: 107.939ms	P50: 15.614ms	SD: 479492.241	RATIO: 9.002%
>>>>> PROC: OSTAT
CALLS: 2114	MIN: 0.353ms	AVG: 2.132ms	MAX: 193.426ms	TOTAL: 4506.836ms
P99: 19.311ms	P95: 5.636ms	P50: 1.041ms	SD: 56610.068	RATIO: 0.620%
+-+-+-+-+-+-+-+-+-+-+-+-+-+-+-+-+-+-+-+-+-+-+-+-+-+-+-+-+-+-+-+-+-+-+-+-+-+
>>>>> VIRTUAL USER 13 : ELAPSED TIME : 726252ms
>>>>> PROC: NEWORD
CALLS: 18343	MIN: 1.515ms	AVG: 20.478ms	MAX: 726.335ms	TOTAL: 375630.993ms
P99: 196.428ms	P95: 83.927ms	P50: 7.367ms	SD: 417612.495	RATIO: 51.722%
>>>>> PROC: SLEV
CALLS: 1831	MIN: 1.302ms	AVG: 76.136ms	MAX: 895.841ms	TOTAL: 139405.781ms
P99: 538.243ms	P95: 348.556ms	P50: 12.313ms	SD: 1236598.170	RATIO: 19.195%
>>>>> PROC: DELIVERY
CALLS: 1832	MIN: 5.432ms	AVG: 56.288ms	MAX: 1036.549ms	TOTAL: 103120.001ms
P99: 334.497ms	P95: 188.001ms	P50: 28.574ms	SD: 756127.421	RATIO: 14.199%
>>>>> PROC: PAYMENT
CALLS: 18168	MIN: 0.750ms	AVG: 5.281ms	MAX: 1154.410ms	TOTAL: 95937.835ms
P99: 62.893ms	P95: 11.748ms	P50: 2.422ms	SD: 193531.033	RATIO: 13.210%
>>>>> PROC: OSTAT
CALLS: 1810	MIN: 0.489ms	AVG: 4.150ms	MAX: 396.563ms	TOTAL: 7512.130ms
P99: 49.771ms	P95: 13.253ms	P50: 1.359ms	SD: 134416.565	RATIO: 1.034%
+-+-+-+-+-+-+-+-+-+-+-+-+-+-+-+-+-+-+-+-+-+-+-+-+-+-+-+-+-+-+-+-+-+-+-+-+-+
>>>>> VIRTUAL USER 14 : ELAPSED TIME : 721902ms
>>>>> PROC: NEWORD
CALLS: 28177	MIN: 1.732ms	AVG: 15.070ms	MAX: 1174.360ms	TOTAL: 424616.038ms
P99: 142.915ms	P95: 63.880ms	P50: 5.587ms	SD: 348884.469	RATIO: 58.819%
>>>>> PROC: PAYMENT
CALLS: 28020	MIN: 0.580ms	AVG: 5.702ms	MAX: 1826.609ms	TOTAL: 159765.537ms
P99: 69.056ms	P95: 15.686ms	P50: 2.621ms	SD: 193343.317	RATIO: 22.131%
>>>>> PROC: DELIVERY
CALLS: 2714	MIN: 1.929ms	AVG: 27.749ms	MAX: 543.321ms	TOTAL: 75311.535ms
P99: 199.548ms	P95: 94.944ms	P50: 13.314ms	SD: 399002.659	RATIO: 10.432%
>>>>> PROC: SLEV
CALLS: 2768	MIN: 2.499ms	AVG: 17.018ms	MAX: 547.851ms	TOTAL: 47106.687ms
P99: 251.605ms	P95: 89.683ms	P50: 3.845ms	SD: 466235.505	RATIO: 6.525%
>>>>> PROC: OSTAT
CALLS: 2833	MIN: 0.421ms	AVG: 3.069ms	MAX: 651.068ms	TOTAL: 8693.657ms
P99: 34.602ms	P95: 9.187ms	P50: 1.031ms	SD: 142788.692	RATIO: 1.204%
+-+-+-+-+-+-+-+-+-+-+-+-+-+-+-+-+-+-+-+-+-+-+-+-+-+-+-+-+-+-+-+-+-+-+-+-+-+
>>>>> VIRTUAL USER 15 : ELAPSED TIME : 720334ms
>>>>> PROC: NEWORD
CALLS: 22027	MIN: 1.662ms	AVG: 15.613ms	MAX: 621.750ms	TOTAL: 343906.228ms
P99: 147.794ms	P95: 66.572ms	P50: 5.709ms	SD: 352849.900	RATIO: 47.743%
>>>>> PROC: PAYMENT
CALLS: 21807	MIN: 0.784ms	AVG: 11.200ms	MAX: 3342.320ms	TOTAL: 244243.057ms
P99: 130.803ms	P95: 43.665ms	P50: 3.849ms	SD: 382566.493	RATIO: 33.907%
>>>>> PROC: SLEV
CALLS: 2151	MIN: 1.368ms	AVG: 28.722ms	MAX: 762.745ms	TOTAL: 61781.237ms
P99: 370.621ms	P95: 166.229ms	P50: 3.678ms	SD: 687193.641	RATIO: 8.577%
>>>>> PROC: DELIVERY
CALLS: 2169	MIN: 1.873ms	AVG: 27.595ms	MAX: 605.117ms	TOTAL: 59854.360ms
P99: 216.405ms	P95: 95.450ms	P50: 12.304ms	SD: 456789.336	RATIO: 8.309%
>>>>> PROC: OSTAT
CALLS: 2278	MIN: 0.516ms	AVG: 2.365ms	MAX: 339.946ms	TOTAL: 5386.993ms
P99: 21.684ms	P95: 6.599ms	P50: 1.044ms	SD: 89949.071	RATIO: 0.748%
+-+-+-+-+-+-+-+-+-+-+-+-+-+-+-+-+-+-+-+-+-+-+-+-+-+-+-+-+-+-+-+-+-+-+-+-+-+
>>>>> VIRTUAL USER 16 : ELAPSED TIME : 726260ms
>>>>> PROC: NEWORD
CALLS: 19148	MIN: 1.395ms	AVG: 19.252ms	MAX: 807.315ms	TOTAL: 368645.930ms
P99: 181.914ms	P95: 78.355ms	P50: 7.066ms	SD: 394166.339	RATIO: 50.759%
>>>>> PROC: SLEV
CALLS: 1960	MIN: 1.632ms	AVG: 78.814ms	MAX: 1793.145ms	TOTAL: 154475.295ms
P99: 651.796ms	P95: 328.262ms	P50: 10.305ms	SD: 1487380.759	RATIO: 21.270%
>>>>> PROC: PAYMENT
CALLS: 19201	MIN: 0.622ms	AVG: 5.082ms	MAX: 631.784ms	TOTAL: 97588.388ms
P99: 59.614ms	P95: 12.438ms	P50: 2.472ms	SD: 161651.933	RATIO: 13.437%
>>>>> PROC: DELIVERY
CALLS: 1836	MIN: 3.884ms	AVG: 50.862ms	MAX: 930.250ms	TOTAL: 93383.086ms
P99: 349.861ms	P95: 172.037ms	P50: 24.991ms	SD: 709927.528	RATIO: 12.858%
>>>>> PROC: OSTAT
CALLS: 1887	MIN: 0.387ms	AVG: 3.883ms	MAX: 317.513ms	TOTAL: 7327.160ms
P99: 43.027ms	P95: 11.618ms	P50: 1.283ms	SD: 120986.458	RATIO: 1.009%
+-+-+-+-+-+-+-+-+-+-+-+-+-+-+-+-+-+-+-+-+-+-+-+-+-+-+-+-+-+-+-+-+-+-+-+-+-+
>>>>> VIRTUAL USER 17 : ELAPSED TIME : 722347ms
>>>>> PROC: NEWORD
CALLS: 27612	MIN: 1.778ms	AVG: 15.161ms	MAX: 1171.817ms	TOTAL: 418638.267ms
P99: 140.508ms	P95: 64.898ms	P50: 5.652ms	SD: 353281.925	RATIO: 57.955%
>>>>> PROC: PAYMENT
CALLS: 27455	MIN: 0.545ms	AVG: 5.898ms	MAX: 1917.968ms	TOTAL: 161921.944ms
P99: 71.221ms	P95: 15.728ms	P50: 2.694ms	SD: 206384.642	RATIO: 22.416%
>>>>> PROC: DELIVERY
CALLS: 2802	MIN: 1.885ms	AVG: 27.647ms	MAX: 546.818ms	TOTAL: 77466.311ms
P99: 204.531ms	P95: 95.285ms	P50: 13.208ms	SD: 413043.301	RATIO: 10.724%
>>>>> PROC: SLEV
CALLS: 2816	MIN: 1.757ms	AVG: 17.785ms	MAX: 572.390ms	TOTAL: 50082.456ms
P99: 239.645ms	P95: 97.029ms	P50: 3.987ms	SD: 475567.654	RATIO: 6.933%
>>>>> PROC: OSTAT
CALLS: 2803	MIN: 0.484ms	AVG: 2.541ms	MAX: 112.728ms	TOTAL: 7121.798ms
P99: 24.595ms	P95: 7.405ms	P50: 1.136ms	SD: 61409.092	RATIO: 0.986%
+-+-+-+-+-+-+-+-+-+-+-+-+-+-+-+-+-+-+-+-+-+-+-+-+-+-+-+-+-+-+-+-+-+-+-+-+-+
>>>>> VIRTUAL USER 18 : ELAPSED TIME : 722536ms
>>>>> PROC: NEWORD
CALLS: 20684	MIN: 1.843ms	AVG: 16.627ms	MAX: 829.703ms	TOTAL: 343912.994ms
P99: 166.346ms	P95: 69.338ms	P50: 6.045ms	SD: 364685.997	RATIO: 47.598%
>>>>> PROC: SLEV
CALLS: 2091	MIN: 1.638ms	AVG: 74.045ms	MAX: 1061.692ms	TOTAL: 154828.714ms
P99: 519.472ms	P95: 321.225ms	P50: 10.666ms	SD: 1197830.477	RATIO: 21.429%
>>>>> PROC: PAYMENT
CALLS: 20240	MIN: 0.802ms	AVG: 6.169ms	MAX: 733.128ms	TOTAL: 124850.814ms
P99: 74.565ms	P95: 15.833ms	P50: 2.617ms	SD: 200850.074	RATIO: 17.280%
>>>>> PROC: DELIVERY
CALLS: 2039	MIN: 2.090ms	AVG: 43.246ms	MAX: 1297.586ms	TOTAL: 88177.987ms
P99: 324.672ms	P95: 154.541ms	P50: 19.177ms	SD: 692253.515	RATIO: 12.204%
>>>>> PROC: OSTAT
CALLS: 2050	MIN: 0.427ms	AVG: 2.928ms	MAX: 140.423ms	TOTAL: 6002.275ms
P99: 35.886ms	P95: 8.479ms	P50: 1.105ms	SD: 76848.219	RATIO: 0.831%
+-+-+-+-+-+-+-+-+-+-+-+-+-+-+-+-+-+-+-+-+-+-+-+-+-+-+-+-+-+-+-+-+-+-+-+-+-+
>>>>> VIRTUAL USER 19 : ELAPSED TIME : 721974ms
>>>>> PROC: NEWORD
CALLS: 21214	MIN: 1.761ms	AVG: 16.055ms	MAX: 1440.657ms	TOTAL: 340581.109ms
P99: 152.558ms	P95: 66.572ms	P50: 5.869ms	SD: 385415.637	RATIO: 47.174%
>>>>> PROC: PAYMENT
CALLS: 21549	MIN: 0.789ms	AVG: 7.567ms	MAX: 663.188ms	TOTAL: 163062.168ms
P99: 86.900ms	P95: 23.730ms	P50: 3.045ms	SD: 227543.926	RATIO: 22.586%
>>>>> PROC: SLEV
CALLS: 2178	MIN: 1.284ms	AVG: 66.024ms	MAX: 776.441ms	TOTAL: 143800.798ms
P99: 514.276ms	P95: 317.578ms	P50: 7.719ms	SD: 1142530.045	RATIO: 19.918%
>>>>> PROC: DELIVERY
CALLS: 2098	MIN: 1.249ms	AVG: 30.296ms	MAX: 796.548ms	TOTAL: 63562.003ms
P99: 207.378ms	P95: 111.401ms	P50: 14.476ms	SD: 473862.591	RATIO: 8.804%
>>>>> PROC: OSTAT
CALLS: 2113	MIN: 0.385ms	AVG: 2.812ms	MAX: 705.373ms	TOTAL: 5941.741ms
P99: 25.052ms	P95: 5.858ms	P50: 1.044ms	SD: 183789.695	RATIO: 0.823%
+-+-+-+-+-+-+-+-+-+-+-+-+-+-+-+-+-+-+-+-+-+-+-+-+-+-+-+-+-+-+-+-+-+-+-+-+-+
>>>>> VIRTUAL USER 20 : ELAPSED TIME : 723552ms
>>>>> PROC: NEWORD
CALLS: 21311	MIN: 1.724ms	AVG: 16.498ms	MAX: 1162.300ms	TOTAL: 351586.089ms
P99: 159.992ms	P95: 69.342ms	P50: 6.025ms	SD: 371790.127	RATIO: 48.592%
>>>>> PROC: SLEV
CALLS: 2150	MIN: 1.433ms	AVG: 69.784ms	MAX: 919.203ms	TOTAL: 150036.322ms
P99: 528.450ms	P95: 326.214ms	P50: 7.891ms	SD: 1189840.343	RATIO: 20.736%
>>>>> PROC: PAYMENT
CALLS: 21520	MIN: 0.657ms	AVG: 6.057ms	MAX: 1136.036ms	TOTAL: 130349.918ms
P99: 70.179ms	P95: 16.546ms	P50: 2.727ms	SD: 180152.304	RATIO: 18.015%
>>>>> PROC: DELIVERY
CALLS: 2081	MIN: 2.323ms	AVG: 38.084ms	MAX: 769.623ms	TOTAL: 79253.164ms
P99: 270.144ms	P95: 135.468ms	P50: 17.444ms	SD: 573852.491	RATIO: 10.953%
>>>>> PROC: OSTAT
CALLS: 2090	MIN: 0.525ms	AVG: 3.284ms	MAX: 457.915ms	TOTAL: 6864.542ms
P99: 32.276ms	P95: 9.926ms	P50: 1.194ms	SD: 124820.281	RATIO: 0.949%
+-+-+-+-+-+-+-+-+-+-+-+-+-+-+-+-+-+-+-+-+-+-+-+-+-+-+-+-+-+-+-+-+-+-+-+-+-+
>>>>> VIRTUAL USER 21 : ELAPSED TIME : 717913ms
>>>>> PROC: SLEV
CALLS: 896	MIN: 2.652ms	AVG: 556.927ms	MAX: 4450.451ms	TOTAL: 499006.627ms
P99: 2889.462ms	P95: 1590.267ms	P50: 399.928ms	SD: 6006222.811	RATIO: 69.508%
>>>>> PROC: NEWORD
CALLS: 9124	MIN: 1.937ms	AVG: 16.068ms	MAX: 467.216ms	TOTAL: 146608.487ms
P99: 111.373ms	P95: 63.391ms	P50: 7.841ms	SD: 243647.280	RATIO: 20.421%
>>>>> PROC: PAYMENT
CALLS: 9220	MIN: 0.748ms	AVG: 4.927ms	MAX: 1154.119ms	TOTAL: 45427.317ms
P99: 58.318ms	P95: 13.731ms	P50: 2.436ms	SD: 150377.163	RATIO: 6.328%
>>>>> PROC: DELIVERY
CALLS: 927	MIN: 4.617ms	AVG: 24.453ms	MAX: 384.410ms	TOTAL: 22668.008ms
P99: 122.331ms	P95: 78.565ms	P50: 14.258ms	SD: 303991.933	RATIO: 3.157%
>>>>> PROC: OSTAT
CALLS: 929	MIN: 0.387ms	AVG: 2.026ms	MAX: 67.518ms	TOTAL: 1882.392ms
P99: 15.013ms	P95: 5.810ms	P50: 1.109ms	SD: 36963.577	RATIO: 0.262%
+-+-+-+-+-+-+-+-+-+-+-+-+-+-+-+-+-+-+-+-+-+-+-+-+-+-+-+-+-+-+-+-+-+-+-+-+-+
>>>>> VIRTUAL USER 22 : ELAPSED TIME : 716778ms
>>>>> PROC: NEWORD
CALLS: 25422	MIN: 1.392ms	AVG: 14.639ms	MAX: 1183.206ms	TOTAL: 372140.566ms
P99: 134.865ms	P95: 61.959ms	P50: 5.694ms	SD: 336919.564	RATIO: 51.919%
>>>>> PROC: SLEV
CALLS: 2548	MIN: 1.687ms	AVG: 53.708ms	MAX: 860.601ms	TOTAL: 136847.514ms
P99: 450.359ms	P95: 283.019ms	P50: 4.741ms	SD: 1026381.456	RATIO: 19.092%
>>>>> PROC: PAYMENT
CALLS: 25318	MIN: 0.600ms	AVG: 4.407ms	MAX: 720.625ms	TOTAL: 111580.733ms
P99: 55.997ms	P95: 9.918ms	P50: 2.284ms	SD: 140044.445	RATIO: 15.567%
>>>>> PROC: DELIVERY
CALLS: 2611	MIN: 4.413ms	AVG: 32.607ms	MAX: 2049.945ms	TOTAL: 85135.594ms
P99: 250.669ms	P95: 116.089ms	P50: 15.388ms	SD: 641092.894	RATIO: 11.878%
>>>>> PROC: OSTAT
CALLS: 2469	MIN: 0.416ms	AVG: 2.145ms	MAX: 162.805ms	TOTAL: 5295.970ms
P99: 21.273ms	P95: 5.199ms	P50: 0.984ms	SD: 67391.029	RATIO: 0.739%
+-+-+-+-+-+-+-+-+-+-+-+-+-+-+-+-+-+-+-+-+-+-+-+-+-+-+-+-+-+-+-+-+-+-+-+-+-+
>>>>> VIRTUAL USER 23 : ELAPSED TIME : 720752ms
>>>>> PROC: NEWORD
CALLS: 18568	MIN: 1.575ms	AVG: 19.436ms	MAX: 1233.245ms	TOTAL: 360879.173ms
P99: 177.832ms	P95: 78.838ms	P50: 6.999ms	SD: 416519.380	RATIO: 50.070%
>>>>> PROC: SLEV
CALLS: 1852	MIN: 1.663ms	AVG: 79.058ms	MAX: 773.808ms	TOTAL: 146414.779ms
P99: 495.103ms	P95: 325.669ms	P50: 14.281ms	SD: 1184247.615	RATIO: 20.314%
>>>>> PROC: DELIVERY
CALLS: 1881	MIN: 5.597ms	AVG: 56.611ms	MAX: 765.344ms	TOTAL: 106485.013ms
P99: 399.507ms	P95: 194.597ms	P50: 27.087ms	SD: 789782.763	RATIO: 14.774%
>>>>> PROC: PAYMENT
CALLS: 18865	MIN: 0.601ms	AVG: 5.054ms	MAX: 553.213ms	TOTAL: 95347.388ms
P99: 61.145ms	P95: 12.180ms	P50: 2.400ms	SD: 155959.471	RATIO: 13.229%
>>>>> PROC: OSTAT
CALLS: 1842	MIN: 0.411ms	AVG: 3.904ms	MAX: 299.245ms	TOTAL: 7190.758ms
P99: 50.948ms	P95: 13.796ms	P50: 1.135ms	SD: 117608.907	RATIO: 0.998%
+-+-+-+-+-+-+-+-+-+-+-+-+-+-+-+-+-+-+-+-+-+-+-+-+-+-+-+-+-+-+-+-+-+-+-+-+-+
>>>>> VIRTUAL USER 24 : ELAPSED TIME : 714516ms
>>>>> PROC: NEWORD
CALLS: 21331	MIN: 1.734ms	AVG: 15.799ms	MAX: 1233.286ms	TOTAL: 337012.860ms
P99: 146.257ms	P95: 66.474ms	P50: 5.802ms	SD: 364506.649	RATIO: 47.167%
>>>>> PROC: PAYMENT
CALLS: 21404	MIN: 0.688ms	AVG: 11.477ms	MAX: 3354.105ms	TOTAL: 245649.980ms
P99: 131.329ms	P95: 44.824ms	P50: 4.065ms	SD: 375304.818	RATIO: 34.380%
>>>>> PROC: SLEV
CALLS: 2160	MIN: 1.847ms	AVG: 28.646ms	MAX: 722.713ms	TOTAL: 61875.817ms
P99: 324.130ms	P95: 174.063ms	P50: 3.738ms	SD: 679880.550	RATIO: 8.660%
>>>>> PROC: DELIVERY
CALLS: 2156	MIN: 2.625ms	AVG: 26.987ms	MAX: 585.056ms	TOTAL: 58184.010ms
P99: 172.266ms	P95: 92.453ms	P50: 13.368ms	SD: 400724.661	RATIO: 8.143%
>>>>> PROC: OSTAT
CALLS: 2101	MIN: 0.434ms	AVG: 3.023ms	MAX: 461.263ms	TOTAL: 6351.757ms
P99: 37.584ms	P95: 8.105ms	P50: 1.139ms	SD: 128071.062	RATIO: 0.889%
+-+-+-+-+-+-+-+-+-+-+-+-+-+-+-+-+-+-+-+-+-+-+-+-+-+-+-+-+-+-+-+-+-+-+-+-+-+
>>>>> VIRTUAL USER 25 : ELAPSED TIME : 718763ms
>>>>> PROC: NEWORD
CALLS: 21524	MIN: 1.654ms	AVG: 16.292ms	MAX: 3379.417ms	TOTAL: 350669.535ms
P99: 157.979ms	P95: 68.146ms	P50: 5.797ms	SD: 438074.432	RATIO: 48.788%
>>>>> PROC: PAYMENT
CALLS: 21180	MIN: 0.638ms	AVG: 11.161ms	MAX: 1193.570ms	TOTAL: 236390.278ms
P99: 127.105ms	P95: 44.553ms	P50: 3.994ms	SD: 306612.305	RATIO: 32.888%
>>>>> PROC: SLEV
CALLS: 2133	MIN: 1.251ms	AVG: 28.866ms	MAX: 827.629ms	TOTAL: 61570.655ms
P99: 340.608ms	P95: 161.132ms	P50: 3.758ms	SD: 696124.022	RATIO: 8.566%
>>>>> PROC: DELIVERY
CALLS: 2220	MIN: 1.901ms	AVG: 26.272ms	MAX: 667.239ms	TOTAL: 58323.010ms
P99: 159.989ms	P95: 90.158ms	P50: 12.396ms	SD: 371577.181	RATIO: 8.114%
>>>>> PROC: OSTAT
CALLS: 2095	MIN: 0.423ms	AVG: 3.086ms	MAX: 439.785ms	TOTAL: 6464.827ms
P99: 31.509ms	P95: 7.613ms	P50: 1.103ms	SD: 164672.384	RATIO: 0.899%
+-+-+-+-+-+-+-+-+-+-+-+-+-+-+-+-+-+-+-+-+-+-+-+-+-+-+-+-+-+-+-+-+-+-+-+-+-+
>>>>> SUMMARY OF 24 ACTIVE VIRTUAL USERS : MEDIAN ELAPSED TIME : 724247ms
>>>>> PROC: NEWORD
CALLS: 1005016	MIN: 1.392ms	AVG: 16.986ms	MAX: 3379.420ms	TOTAL: 17071116.681ms
P99: 161.250ms	P95: 70.611ms	P50: 6.228ms	SD: 382193.529	RATIO: 98.212%
>>>>> PROC: SLEV
CALLS: 100024	MIN: 1.005ms	AVG: 67.535ms	MAX: 4450.453ms	TOTAL: 6755119.529ms
P99: 628.443ms	P95: 317.181ms	P50: 5.405ms	SD: 1519820.463	RATIO: 38.863%
>>>>> PROC: PAYMENT
CALLS: 1004530	MIN: 0.545ms	AVG: 6.725ms	MAX: 3354.105ms	TOTAL: 6755092.359ms
P99: 79.371ms	P95: 19.345ms	P50: 2.729ms	SD: 225873.472	RATIO: 38.863%
>>>>> PROC: DELIVERY
CALLS: 100200	MIN: 1.179ms	AVG: 36.348ms	MAX: 2049.944ms	TOTAL: 3642071.324ms
P99: 269.232ms	P95: 129.027ms	P50: 16.953ms	SD: 563020.778	RATIO: 20.953%
>>>>> PROC: OSTAT
CALLS: 100454	MIN: 0.347ms	AVG: 2.975ms	MAX: 705.373ms	TOTAL: 298873.254ms
P99: 32.276ms	P95: 8.380ms	P50: 1.087ms	SD: 118471.844	RATIO: 1.719%
+-+-+-+-+-+-+-+-+-+-+-+-+-+-+-+-+-+-+-+-+-+-+-+-+-+-+-+-+-+-+-+-+-+-+-+-+-+
