PostgreSQL Hammerdb Time Profile Report @ Sat Jun 08 16:19:12 UTC 2024
+-+-+-+-+-+-+-+-+-+-+-+-+-+-+-+-+-+-+-+-+-+-+-+-+-+-+-+-+-+-+-+-+-+-+-+-+-+
>>>>> VIRTUAL USER 2 : ELAPSED TIME : 600345ms
>>>>> PROC: NEWORD
CALLS: 93099	MIN: 1.064ms	AVG: 2.920ms	MAX: 1362.203ms	TOTAL: 271839.254ms
P99: 7.651ms	P95: 5.361ms	P50: 2.599ms	SD: 4912.011	RATIO: 45.281%
>>>>> PROC: PAYMENT
CALLS: 92992	MIN: 0.537ms	AVG: 1.608ms	MAX: 198.288ms	TOTAL: 149501.522ms
P99: 5.261ms	P95: 2.179ms	P50: 1.452ms	SD: 1715.770	RATIO: 24.903%
>>>>> PROC: SLEV
CALLS: 9249	MIN: 1.846ms	AVG: 10.280ms	MAX: 9402.391ms	TOTAL: 95075.959ms
P99: 27.281ms	P95: 17.417ms	P50: 3.777ms	SD: 118235.479	RATIO: 15.837%
>>>>> PROC: DELIVERY
CALLS: 9343	MIN: 2.190ms	AVG: 5.286ms	MAX: 49.825ms	TOTAL: 49385.891ms
P99: 11.089ms	P95: 8.780ms	P50: 4.889ms	SD: 2129.314	RATIO: 8.226%
>>>>> PROC: OSTAT
CALLS: 9333	MIN: 0.422ms	AVG: 1.125ms	MAX: 7.148ms	TOTAL: 10502.452ms
P99: 1.792ms	P95: 1.607ms	P50: 1.093ms	SD: 257.936	RATIO: 1.749%
+-+-+-+-+-+-+-+-+-+-+-+-+-+-+-+-+-+-+-+-+-+-+-+-+-+-+-+-+-+-+-+-+-+-+-+-+-+
>>>>> VIRTUAL USER 3 : ELAPSED TIME : 599192ms
>>>>> PROC: NEWORD
CALLS: 93293	MIN: 1.083ms	AVG: 2.927ms	MAX: 745.825ms	TOTAL: 273037.217ms
P99: 7.801ms	P95: 5.434ms	P50: 2.584ms	SD: 4065.913	RATIO: 45.568%
>>>>> PROC: PAYMENT
CALLS: 93337	MIN: 0.630ms	AVG: 1.621ms	MAX: 1423.675ms	TOTAL: 151286.749ms
P99: 5.151ms	P95: 2.159ms	P50: 1.445ms	SD: 5344.238	RATIO: 25.248%
>>>>> PROC: SLEV
CALLS: 9321	MIN: 1.667ms	AVG: 9.678ms	MAX: 3490.973ms	TOTAL: 90204.013ms
P99: 27.294ms	P95: 17.324ms	P50: 3.745ms	SD: 74657.829	RATIO: 15.054%
>>>>> PROC: DELIVERY
CALLS: 9335	MIN: 2.159ms	AVG: 5.326ms	MAX: 202.948ms	TOTAL: 49717.356ms
P99: 11.078ms	P95: 8.779ms	P50: 4.843ms	SD: 3475.799	RATIO: 8.297%
>>>>> PROC: OSTAT
CALLS: 9306	MIN: 0.470ms	AVG: 1.122ms	MAX: 7.325ms	TOTAL: 10437.729ms
P99: 1.780ms	P95: 1.596ms	P50: 1.090ms	SD: 257.339	RATIO: 1.742%
+-+-+-+-+-+-+-+-+-+-+-+-+-+-+-+-+-+-+-+-+-+-+-+-+-+-+-+-+-+-+-+-+-+-+-+-+-+
>>>>> VIRTUAL USER 4 : ELAPSED TIME : 598687ms
>>>>> PROC: NEWORD
CALLS: 93210	MIN: 1.097ms	AVG: 2.898ms	MAX: 293.817ms	TOTAL: 270131.084ms
P99: 7.657ms	P95: 5.307ms	P50: 2.582ms	SD: 2348.679	RATIO: 45.121%
>>>>> PROC: PAYMENT
CALLS: 93061	MIN: 0.690ms	AVG: 1.624ms	MAX: 777.450ms	TOTAL: 151118.694ms
P99: 5.207ms	P95: 2.172ms	P50: 1.446ms	SD: 3784.025	RATIO: 25.242%
>>>>> PROC: SLEV
CALLS: 9314	MIN: 1.718ms	AVG: 10.114ms	MAX: 5694.731ms	TOTAL: 94200.925ms
P99: 27.413ms	P95: 17.373ms	P50: 3.739ms	SD: 91770.011	RATIO: 15.735%
>>>>> PROC: DELIVERY
CALLS: 9293	MIN: 2.248ms	AVG: 5.270ms	MAX: 46.996ms	TOTAL: 48977.692ms
P99: 11.047ms	P95: 8.704ms	P50: 4.835ms	SD: 2056.972	RATIO: 8.181%
>>>>> PROC: OSTAT
CALLS: 9202	MIN: 0.523ms	AVG: 1.125ms	MAX: 16.183ms	TOTAL: 10353.245ms
P99: 1.791ms	P95: 1.597ms	P50: 1.089ms	SD: 293.706	RATIO: 1.729%
+-+-+-+-+-+-+-+-+-+-+-+-+-+-+-+-+-+-+-+-+-+-+-+-+-+-+-+-+-+-+-+-+-+-+-+-+-+
>>>>> VIRTUAL USER 5 : ELAPSED TIME : 598676ms
>>>>> PROC: NEWORD
CALLS: 88245	MIN: 1.159ms	AVG: 3.073ms	MAX: 777.398ms	TOTAL: 271165.524ms
P99: 7.836ms	P95: 5.490ms	P50: 2.772ms	SD: 3726.725	RATIO: 45.294%
>>>>> PROC: PAYMENT
CALLS: 87933	MIN: 0.559ms	AVG: 1.705ms	MAX: 435.581ms	TOTAL: 149963.737ms
P99: 5.324ms	P95: 2.236ms	P50: 1.551ms	SD: 2472.618	RATIO: 25.049%
>>>>> PROC: SLEV
CALLS: 8963	MIN: 2.105ms	AVG: 10.628ms	MAX: 5892.410ms	TOTAL: 95254.707ms
P99: 26.754ms	P95: 18.611ms	P50: 3.973ms	SD: 99055.327	RATIO: 15.911%
>>>>> PROC: DELIVERY
CALLS: 8885	MIN: 2.303ms	AVG: 5.579ms	MAX: 150.362ms	TOTAL: 49570.029ms
P99: 11.091ms	P95: 8.897ms	P50: 5.207ms	SD: 2582.082	RATIO: 8.280%
>>>>> PROC: OSTAT
CALLS: 8726	MIN: 0.509ms	AVG: 1.205ms	MAX: 3.000ms	TOTAL: 10514.332ms
P99: 1.803ms	P95: 1.635ms	P50: 1.162ms	SD: 234.208	RATIO: 1.756%
+-+-+-+-+-+-+-+-+-+-+-+-+-+-+-+-+-+-+-+-+-+-+-+-+-+-+-+-+-+-+-+-+-+-+-+-+-+
>>>>> VIRTUAL USER 6 : ELAPSED TIME : 599839ms
>>>>> PROC: NEWORD
CALLS: 92897	MIN: 1.117ms	AVG: 2.923ms	MAX: 198.296ms	TOTAL: 271577.415ms
P99: 7.758ms	P95: 5.387ms	P50: 2.614ms	SD: 2128.578	RATIO: 45.275%
>>>>> PROC: PAYMENT
CALLS: 93328	MIN: 0.628ms	AVG: 1.612ms	MAX: 1423.699ms	TOTAL: 150489.094ms
P99: 5.125ms	P95: 2.162ms	P50: 1.456ms	SD: 4911.970	RATIO: 25.088%
>>>>> PROC: SLEV
CALLS: 9259	MIN: 1.687ms	AVG: 10.151ms	MAX: 9324.344ms	TOTAL: 93983.546ms
P99: 27.157ms	P95: 17.340ms	P50: 3.525ms	SD: 121150.056	RATIO: 15.668%
>>>>> PROC: DELIVERY
CALLS: 9319	MIN: 2.183ms	AVG: 5.334ms	MAX: 150.534ms	TOTAL: 49710.996ms
P99: 11.012ms	P95: 8.807ms	P50: 4.881ms	SD: 2680.088	RATIO: 8.287%
>>>>> PROC: OSTAT
CALLS: 9213	MIN: 0.480ms	AVG: 1.133ms	MAX: 15.037ms	TOTAL: 10442.191ms
P99: 1.805ms	P95: 1.611ms	P50: 1.098ms	SD: 322.758	RATIO: 1.741%
+-+-+-+-+-+-+-+-+-+-+-+-+-+-+-+-+-+-+-+-+-+-+-+-+-+-+-+-+-+-+-+-+-+-+-+-+-+
>>>>> VIRTUAL USER 7 : ELAPSED TIME : 597661ms
>>>>> PROC: NEWORD
CALLS: 100272	MIN: 0.954ms	AVG: 2.690ms	MAX: 599.640ms	TOTAL: 269738.477ms
P99: 7.469ms	P95: 4.982ms	P50: 2.363ms	SD: 2995.721	RATIO: 45.132%
>>>>> PROC: PAYMENT
CALLS: 100008	MIN: 0.509ms	AVG: 1.477ms	MAX: 777.812ms	TOTAL: 147753.788ms
P99: 5.021ms	P95: 2.028ms	P50: 1.312ms	SD: 3078.196	RATIO: 24.722%
>>>>> PROC: SLEV
CALLS: 10226	MIN: 1.758ms	AVG: 9.283ms	MAX: 6032.921ms	TOTAL: 94925.822ms
P99: 26.629ms	P95: 15.392ms	P50: 3.389ms	SD: 87359.690	RATIO: 15.883%
>>>>> PROC: DELIVERY
CALLS: 9991	MIN: 2.066ms	AVG: 4.967ms	MAX: 193.985ms	TOTAL: 49628.806ms
P99: 10.675ms	P95: 8.598ms	P50: 4.432ms	SD: 3005.573	RATIO: 8.304%
>>>>> PROC: OSTAT
CALLS: 9903	MIN: 0.388ms	AVG: 1.011ms	MAX: 3.748ms	TOTAL: 10009.912ms
P99: 1.704ms	P95: 1.492ms	P50: 0.975ms	SD: 252.132	RATIO: 1.675%
+-+-+-+-+-+-+-+-+-+-+-+-+-+-+-+-+-+-+-+-+-+-+-+-+-+-+-+-+-+-+-+-+-+-+-+-+-+
>>>>> VIRTUAL USER 8 : ELAPSED TIME : 598904ms
>>>>> PROC: NEWORD
CALLS: 87915	MIN: 0.980ms	AVG: 3.077ms	MAX: 306.933ms	TOTAL: 270497.002ms
P99: 7.829ms	P95: 5.554ms	P50: 2.783ms	SD: 2531.694	RATIO: 45.165%
>>>>> PROC: PAYMENT
CALLS: 87557	MIN: 0.634ms	AVG: 1.703ms	MAX: 355.958ms	TOTAL: 149108.299ms
P99: 5.355ms	P95: 2.236ms	P50: 1.559ms	SD: 1944.558	RATIO: 24.897%
>>>>> PROC: SLEV
CALLS: 8866	MIN: 1.309ms	AVG: 11.041ms	MAX: 7783.915ms	TOTAL: 97890.655ms
P99: 27.057ms	P95: 19.171ms	P50: 4.004ms	SD: 114992.889	RATIO: 16.345%
>>>>> PROC: DELIVERY
CALLS: 8735	MIN: 2.227ms	AVG: 5.511ms	MAX: 45.924ms	TOTAL: 48137.708ms
P99: 10.727ms	P95: 8.735ms	P50: 5.204ms	SD: 1887.433	RATIO: 8.038%
>>>>> PROC: OSTAT
CALLS: 8655	MIN: 0.551ms	AVG: 1.218ms	MAX: 16.155ms	TOTAL: 10543.709ms
P99: 1.845ms	P95: 1.653ms	P50: 1.171ms	SD: 289.490	RATIO: 1.761%
+-+-+-+-+-+-+-+-+-+-+-+-+-+-+-+-+-+-+-+-+-+-+-+-+-+-+-+-+-+-+-+-+-+-+-+-+-+
>>>>> VIRTUAL USER 9 : ELAPSED TIME : 596576ms
>>>>> PROC: NEWORD
CALLS: 92313	MIN: 1.020ms	AVG: 2.924ms	MAX: 194.374ms	TOTAL: 269925.507ms
P99: 7.761ms	P95: 5.359ms	P50: 2.634ms	SD: 1971.383	RATIO: 45.246%
>>>>> PROC: PAYMENT
CALLS: 92967	MIN: 0.462ms	AVG: 1.625ms	MAX: 1423.640ms	TOTAL: 151080.061ms
P99: 5.166ms	P95: 2.134ms	P50: 1.461ms	SD: 5480.801	RATIO: 25.325%
>>>>> PROC: SLEV
CALLS: 9149	MIN: 1.664ms	AVG: 9.997ms	MAX: 8278.027ms	TOTAL: 91466.449ms
P99: 25.622ms	P95: 16.451ms	P50: 3.563ms	SD: 114226.447	RATIO: 15.332%
>>>>> PROC: DELIVERY
CALLS: 9290	MIN: 2.109ms	AVG: 5.390ms	MAX: 154.587ms	TOTAL: 50076.170ms
P99: 11.143ms	P95: 8.904ms	P50: 4.930ms	SD: 3274.084	RATIO: 8.394%
>>>>> PROC: OSTAT
CALLS: 9273	MIN: 0.457ms	AVG: 1.123ms	MAX: 2.884ms	TOTAL: 10411.313ms
P99: 1.755ms	P95: 1.557ms	P50: 1.082ms	SD: 234.793	RATIO: 1.745%
+-+-+-+-+-+-+-+-+-+-+-+-+-+-+-+-+-+-+-+-+-+-+-+-+-+-+-+-+-+-+-+-+-+-+-+-+-+
>>>>> SUMMARY OF 8 ACTIVE VIRTUAL USERS : MEDIAN ELAPSED TIME : 598796ms
>>>>> PROC: NEWORD
CALLS: 1482488	MIN: 0.954ms	AVG: 2.924ms	MAX: 1362.202ms	TOTAL: 4335823.103ms
P99: 7.721ms	P95: 5.363ms	P50: 2.619ms	SD: 3239.907	RATIO: 90.511%
>>>>> PROC: PAYMENT
CALLS: 1482366	MIN: 0.462ms	AVG: 1.619ms	MAX: 1423.701ms	TOTAL: 2400603.970ms
P99: 5.194ms	P95: 2.165ms	P50: 1.466ms	SD: 3876.156	RATIO: 50.113%
>>>>> PROC: SLEV
CALLS: 148694	MIN: 1.309ms	AVG: 10.128ms	MAX: 9402.387ms	TOTAL: 1506004.189ms
P99: 26.992ms	P95: 17.327ms	P50: 3.733ms	SD: 103610.470	RATIO: 31.438%
>>>>> PROC: DELIVERY
CALLS: 148382	MIN: 2.066ms	AVG: 5.326ms	MAX: 202.948ms	TOTAL: 790409.322ms
P99: 10.973ms	P95: 8.762ms	P50: 4.924ms	SD: 2707.276	RATIO: 16.500%
>>>>> PROC: OSTAT
CALLS: 147222	MIN: 0.388ms	AVG: 1.130ms	MAX: 16.183ms	TOTAL: 166429.774ms
P99: 1.789ms	P95: 1.598ms	P50: 1.101ms	SD: 275.662	RATIO: 3.474%
+-+-+-+-+-+-+-+-+-+-+-+-+-+-+-+-+-+-+-+-+-+-+-+-+-+-+-+-+-+-+-+-+-+-+-+-+-+
