PostgreSQL Hammerdb Time Profile Report @ Fri Jun 07 18:56:31 UTC 2024
+-+-+-+-+-+-+-+-+-+-+-+-+-+-+-+-+-+-+-+-+-+-+-+-+-+-+-+-+-+-+-+-+-+-+-+-+-+
>>>>> VIRTUAL USER 2 : ELAPSED TIME : 93852ms
>>>>> PROC: NEWORD
CALLS: 4304	MIN: 4.294ms	AVG: 10.096ms	MAX: 225.119ms	TOTAL: 43455.125ms
P99: 50.269ms	P95: 16.710ms	P50: 8.301ms	SD: 9171.985	RATIO: 46.302%
>>>>> PROC: PAYMENT
CALLS: 4421	MIN: 3.537ms	AVG: 9.730ms	MAX: 206.931ms	TOTAL: 43016.358ms
P99: 49.980ms	P95: 16.622ms	P50: 8.273ms	SD: 8977.952	RATIO: 45.834%
>>>>> PROC: DELIVERY
CALLS: 422	MIN: 6.364ms	AVG: 11.380ms	MAX: 167.392ms	TOTAL: 4802.324ms
P99: 83.177ms	P95: 17.403ms	P50: 8.433ms	SD: 13350.141	RATIO: 5.117%
>>>>> PROC: SLEV
CALLS: 439	MIN: 1.797ms	AVG: 3.267ms	MAX: 7.261ms	TOTAL: 1434.206ms
P99: 3.981ms	P95: 3.743ms	P50: 3.298ms	SD: 387.318	RATIO: 1.528%
>>>>> PROC: OSTAT
CALLS: 414	MIN: 0.429ms	AVG: 0.801ms	MAX: 2.714ms	TOTAL: 331.577ms
P99: 1.291ms	P95: 1.098ms	P50: 0.753ms	SD: 184.503	RATIO: 0.353%
+-+-+-+-+-+-+-+-+-+-+-+-+-+-+-+-+-+-+-+-+-+-+-+-+-+-+-+-+-+-+-+-+-+-+-+-+-+
>>>>> SUMMARY OF 1 ACTIVE VIRTUAL USERS : MEDIAN ELAPSED TIME : 93852ms
>>>>> PROC: NEWORD
CALLS: 8608	MIN: 4.294ms	AVG: 10.096ms	MAX: 225.119ms	TOTAL: 86910.251ms
P99: 50.269ms	P95: 16.710ms	P50: 8.301ms	SD: 9171.452	RATIO: 92.604%
>>>>> PROC: PAYMENT
CALLS: 8842	MIN: 3.537ms	AVG: 9.730ms	MAX: 206.931ms	TOTAL: 86032.717ms
P99: 49.980ms	P95: 16.622ms	P50: 8.273ms	SD: 8977.444	RATIO: 91.668%
>>>>> PROC: DELIVERY
CALLS: 844	MIN: 6.364ms	AVG: 11.379ms	MAX: 167.392ms	TOTAL: 9604.648ms
P99: 83.177ms	P95: 17.403ms	P50: 8.433ms	SD: 13342.220	RATIO: 10.234%
>>>>> PROC: SLEV
CALLS: 878	MIN: 1.797ms	AVG: 3.266ms	MAX: 7.261ms	TOTAL: 2868.412ms
P99: 3.981ms	P95: 3.743ms	P50: 3.298ms	SD: 387.097	RATIO: 3.056%
>>>>> PROC: OSTAT
CALLS: 828	MIN: 0.429ms	AVG: 0.800ms	MAX: 2.714ms	TOTAL: 663.154ms
P99: 1.291ms	P95: 1.099ms	P50: 0.753ms	SD: 184.392	RATIO: 0.707%
+-+-+-+-+-+-+-+-+-+-+-+-+-+-+-+-+-+-+-+-+-+-+-+-+-+-+-+-+-+-+-+-+-+-+-+-+-+
PostgreSQL Hammerdb Time Profile Report @ Fri Jun 07 19:01:26 UTC 2024
+-+-+-+-+-+-+-+-+-+-+-+-+-+-+-+-+-+-+-+-+-+-+-+-+-+-+-+-+-+-+-+-+-+-+-+-+-+
>>>>> VIRTUAL USER 2 : ELAPSED TIME : 241803ms
>>>>> PROC: NEWORD
CALLS: 2234	MIN: 8.016ms	AVG: 51.863ms	MAX: 383.390ms	TOTAL: 115861.082ms
P99: 208.894ms	P95: 133.074ms	P50: 41.627ms	SD: 40836.079	RATIO: 47.915%
>>>>> PROC: PAYMENT
CALLS: 2220	MIN: 6.988ms	AVG: 50.386ms	MAX: 408.508ms	TOTAL: 111856.302ms
P99: 201.235ms	P95: 125.221ms	P50: 41.525ms	SD: 39620.400	RATIO: 46.259%
>>>>> PROC: DELIVERY
CALLS: 215	MIN: 8.770ms	AVG: 53.594ms	MAX: 209.292ms	TOTAL: 11522.801ms
P99: 192.900ms	P95: 133.779ms	P50: 42.024ms	SD: 39065.717	RATIO: 4.765%
>>>>> PROC: SLEV
CALLS: 233	MIN: 2.434ms	AVG: 8.356ms	MAX: 698.879ms	TOTAL: 1946.903ms
P99: 117.393ms	P95: 4.141ms	P50: 3.372ms	SD: 47826.979	RATIO: 0.805%
>>>>> PROC: OSTAT
CALLS: 218	MIN: 0.571ms	AVG: 0.840ms	MAX: 2.854ms	TOTAL: 183.088ms
P99: 1.591ms	P95: 1.233ms	P50: 0.757ms	SD: 234.055	RATIO: 0.076%
+-+-+-+-+-+-+-+-+-+-+-+-+-+-+-+-+-+-+-+-+-+-+-+-+-+-+-+-+-+-+-+-+-+-+-+-+-+
>>>>> VIRTUAL USER 3 : ELAPSED TIME : 241091ms
>>>>> PROC: PAYMENT
CALLS: 2180	MIN: 8.449ms	AVG: 52.550ms	MAX: 366.780ms	TOTAL: 114559.222ms
P99: 209.293ms	P95: 133.396ms	P50: 41.685ms	SD: 41389.470	RATIO: 47.517%
>>>>> PROC: NEWORD
CALLS: 2252	MIN: 11.507ms	AVG: 50.326ms	MAX: 358.477ms	TOTAL: 113333.994ms
P99: 191.768ms	P95: 125.037ms	P50: 41.616ms	SD: 37853.119	RATIO: 47.009%
>>>>> PROC: DELIVERY
CALLS: 192	MIN: 15.805ms	AVG: 54.545ms	MAX: 247.575ms	TOTAL: 10472.656ms
P99: 192.022ms	P95: 150.231ms	P50: 41.762ms	SD: 44719.836	RATIO: 4.344%
>>>>> PROC: SLEV
CALLS: 213	MIN: 2.510ms	AVG: 9.845ms	MAX: 780.837ms	TOTAL: 2096.968ms
P99: 118.846ms	P95: 4.423ms	P50: 3.547ms	SD: 55677.503	RATIO: 0.870%
>>>>> PROC: OSTAT
CALLS: 219	MIN: 0.512ms	AVG: 0.911ms	MAX: 2.798ms	TOTAL: 199.543ms
P99: 1.825ms	P95: 1.268ms	P50: 0.844ms	SD: 244.596	RATIO: 0.083%
+-+-+-+-+-+-+-+-+-+-+-+-+-+-+-+-+-+-+-+-+-+-+-+-+-+-+-+-+-+-+-+-+-+-+-+-+-+
>>>>> VIRTUAL USER 4 : ELAPSED TIME : 260359ms
>>>>> PROC: PAYMENT
CALLS: 2257	MIN: 3.842ms	AVG: 61.646ms	MAX: 408.702ms	TOTAL: 139134.727ms
P99: 242.245ms	P95: 166.969ms	P50: 42.004ms	SD: 54231.205	RATIO: 53.440%
>>>>> PROC: NEWORD
CALLS: 2198	MIN: 4.895ms	AVG: 49.474ms	MAX: 433.584ms	TOTAL: 108742.799ms
P99: 217.580ms	P95: 128.007ms	P50: 34.730ms	SD: 43464.632	RATIO: 41.766%
>>>>> PROC: DELIVERY
CALLS: 212	MIN: 8.256ms	AVG: 48.303ms	MAX: 259.020ms	TOTAL: 10240.159ms
P99: 175.348ms	P95: 117.232ms	P50: 35.202ms	SD: 38952.377	RATIO: 3.933%
>>>>> PROC: SLEV
CALLS: 221	MIN: 2.573ms	AVG: 6.829ms	MAX: 118.981ms	TOTAL: 1509.154ms
P99: 116.293ms	P95: 4.798ms	P50: 3.787ms	SD: 18194.055	RATIO: 0.580%
>>>>> PROC: OSTAT
CALLS: 232	MIN: 0.586ms	AVG: 1.426ms	MAX: 116.792ms	TOTAL: 330.781ms
P99: 1.941ms	P95: 1.452ms	P50: 0.836ms	SD: 7611.058	RATIO: 0.127%
+-+-+-+-+-+-+-+-+-+-+-+-+-+-+-+-+-+-+-+-+-+-+-+-+-+-+-+-+-+-+-+-+-+-+-+-+-+
>>>>> VIRTUAL USER 5 : ELAPSED TIME : 238898ms
>>>>> PROC: PAYMENT
CALLS: 1777	MIN: 12.930ms	AVG: 71.635ms	MAX: 491.997ms	TOTAL: 127295.735ms
P99: 258.425ms	P95: 191.660ms	P50: 51.007ms	SD: 55647.575	RATIO: 53.285%
>>>>> PROC: NEWORD
CALLS: 1824	MIN: 12.043ms	AVG: 54.726ms	MAX: 383.461ms	TOTAL: 99820.197ms
P99: 217.842ms	P95: 142.446ms	P50: 41.763ms	SD: 43734.350	RATIO: 41.784%
>>>>> PROC: DELIVERY
CALLS: 198	MIN: 12.760ms	AVG: 51.708ms	MAX: 216.980ms	TOTAL: 10238.135ms
P99: 150.896ms	P95: 117.739ms	P50: 42.106ms	SD: 35226.721	RATIO: 4.286%
>>>>> PROC: SLEV
CALLS: 183	MIN: 2.682ms	AVG: 5.520ms	MAX: 118.898ms	TOTAL: 1010.136ms
P99: 109.075ms	P95: 4.631ms	P50: 3.621ms	SD: 14034.862	RATIO: 0.423%
>>>>> PROC: OSTAT
CALLS: 178	MIN: 0.586ms	AVG: 0.950ms	MAX: 2.788ms	TOTAL: 169.063ms
P99: 1.650ms	P95: 1.332ms	P50: 0.873ms	SD: 253.281	RATIO: 0.071%
+-+-+-+-+-+-+-+-+-+-+-+-+-+-+-+-+-+-+-+-+-+-+-+-+-+-+-+-+-+-+-+-+-+-+-+-+-+
>>>>> VIRTUAL USER 6 : ELAPSED TIME : 244009ms
>>>>> PROC: PAYMENT
CALLS: 2215	MIN: 8.418ms	AVG: 52.110ms	MAX: 433.622ms	TOTAL: 115422.768ms
P99: 199.931ms	P95: 133.483ms	P50: 41.632ms	SD: 41741.147	RATIO: 47.303%
>>>>> PROC: NEWORD
CALLS: 2222	MIN: 12.228ms	AVG: 51.725ms	MAX: 318.279ms	TOTAL: 114932.454ms
P99: 201.227ms	P95: 126.560ms	P50: 41.725ms	SD: 39079.613	RATIO: 47.102%
>>>>> PROC: DELIVERY
CALLS: 239	MIN: 13.130ms	AVG: 49.585ms	MAX: 275.174ms	TOTAL: 11850.751ms
P99: 175.133ms	P95: 109.955ms	P50: 41.701ms	SD: 34796.980	RATIO: 4.857%
>>>>> PROC: SLEV
CALLS: 225	MIN: 2.242ms	AVG: 5.169ms	MAX: 119.173ms	TOTAL: 1162.921ms
P99: 117.455ms	P95: 4.370ms	P50: 3.571ms	SD: 13222.482	RATIO: 0.477%
>>>>> PROC: OSTAT
CALLS: 219	MIN: 0.568ms	AVG: 0.924ms	MAX: 2.712ms	TOTAL: 202.307ms
P99: 1.598ms	P95: 1.322ms	P50: 0.848ms	SD: 253.242	RATIO: 0.083%
+-+-+-+-+-+-+-+-+-+-+-+-+-+-+-+-+-+-+-+-+-+-+-+-+-+-+-+-+-+-+-+-+-+-+-+-+-+
>>>>> SUMMARY OF 5 ACTIVE VIRTUAL USERS : MEDIAN ELAPSED TIME : 241803ms
>>>>> PROC: PAYMENT
CALLS: 21298	MIN: 3.842ms	AVG: 57.119ms	MAX: 491.994ms	TOTAL: 1216536.265ms
P99: 229.807ms	P95: 150.485ms	P50: 41.811ms	SD: 47306.853	RATIO: 100.622%
>>>>> PROC: NEWORD
CALLS: 21460	MIN: 4.895ms	AVG: 51.508ms	MAX: 433.584ms	TOTAL: 1105380.039ms
P99: 208.994ms	P95: 133.325ms	P50: 41.636ms	SD: 40969.995	RATIO: 91.428%
>>>>> PROC: DELIVERY
CALLS: 2112	MIN: 8.256ms	AVG: 51.443ms	MAX: 275.174ms	TOTAL: 108648.896ms
P99: 183.693ms	P95: 133.579ms	P50: 41.816ms	SD: 38532.108	RATIO: 8.987%
>>>>> PROC: SLEV
CALLS: 2150	MIN: 2.242ms	AVG: 7.187ms	MAX: 780.839ms	TOTAL: 15452.158ms
P99: 117.455ms	P95: 4.587ms	P50: 3.558ms	SD: 35300.911	RATIO: 1.278%
>>>>> PROC: OSTAT
CALLS: 2132	MIN: 0.512ms	AVG: 1.017ms	MAX: 116.792ms	TOTAL: 2169.563ms
P99: 1.825ms	P95: 1.336ms	P50: 0.828ms	SD: 3557.195	RATIO: 0.179%
+-+-+-+-+-+-+-+-+-+-+-+-+-+-+-+-+-+-+-+-+-+-+-+-+-+-+-+-+-+-+-+-+-+-+-+-+-+
PostgreSQL Hammerdb Time Profile Report @ Fri Jun 07 19:47:11 UTC 2024
+-+-+-+-+-+-+-+-+-+-+-+-+-+-+-+-+-+-+-+-+-+-+-+-+-+-+-+-+-+-+-+-+-+-+-+-+-+
>>>>> VIRTUAL USER 2 : ELAPSED TIME : 748294ms
>>>>> PROC: NEWORD
CALLS: 2253	MIN: 7.264ms	AVG: 158.332ms	MAX: 1290.567ms	TOTAL: 356722.459ms
P99: 934.889ms	P95: 549.661ms	P50: 92.504ms	SD: 188489.933	RATIO: 47.671%
>>>>> PROC: PAYMENT
CALLS: 2203	MIN: 4.651ms	AVG: 159.833ms	MAX: 1439.050ms	TOTAL: 352112.594ms
P99: 851.921ms	P95: 529.923ms	P50: 93.632ms	SD: 177920.264	RATIO: 47.055%
>>>>> PROC: DELIVERY
CALLS: 231	MIN: 13.838ms	AVG: 163.315ms	MAX: 1303.772ms	TOTAL: 37725.683ms
P99: 1017.500ms	P95: 618.451ms	P50: 84.412ms	SD: 209092.833	RATIO: 5.042%
>>>>> PROC: SLEV
CALLS: 205	MIN: 2.083ms	AVG: 4.019ms	MAX: 125.471ms	TOTAL: 823.918ms
P99: 4.708ms	P95: 4.343ms	P50: 3.337ms	SD: 8548.705	RATIO: 0.110%
>>>>> PROC: OSTAT
CALLS: 228	MIN: 0.483ms	AVG: 2.029ms	MAX: 148.130ms	TOTAL: 462.618ms
P99: 3.815ms	P95: 1.437ms	P50: 0.893ms	SD: 11623.513	RATIO: 0.062%
+-+-+-+-+-+-+-+-+-+-+-+-+-+-+-+-+-+-+-+-+-+-+-+-+-+-+-+-+-+-+-+-+-+-+-+-+-+
>>>>> VIRTUAL USER 3 : ELAPSED TIME : 721980ms
>>>>> PROC: PAYMENT
CALLS: 2136	MIN: 12.021ms	AVG: 163.858ms	MAX: 1517.963ms	TOTAL: 350001.021ms
P99: 959.684ms	P95: 567.411ms	P50: 92.967ms	SD: 194769.701	RATIO: 48.478%
>>>>> PROC: NEWORD
CALLS: 2134	MIN: 12.183ms	AVG: 159.323ms	MAX: 1584.486ms	TOTAL: 339995.450ms
P99: 859.852ms	P95: 526.148ms	P50: 93.497ms	SD: 180998.101	RATIO: 47.092%
>>>>> PROC: DELIVERY
CALLS: 187	MIN: 16.682ms	AVG: 161.989ms	MAX: 1150.131ms	TOTAL: 30291.993ms
P99: 817.930ms	P95: 518.128ms	P50: 106.742ms	SD: 181706.304	RATIO: 4.196%
>>>>> PROC: SLEV
CALLS: 203	MIN: 2.915ms	AVG: 4.395ms	MAX: 36.001ms	TOTAL: 892.236ms
P99: 6.221ms	P95: 5.272ms	P50: 4.093ms	SD: 2322.123	RATIO: 0.124%
>>>>> PROC: OSTAT
CALLS: 204	MIN: 0.562ms	AVG: 1.881ms	MAX: 176.582ms	TOTAL: 383.722ms
P99: 2.165ms	P95: 1.463ms	P50: 0.955ms	SD: 12294.841	RATIO: 0.053%
+-+-+-+-+-+-+-+-+-+-+-+-+-+-+-+-+-+-+-+-+-+-+-+-+-+-+-+-+-+-+-+-+-+-+-+-+-+
>>>>> VIRTUAL USER 4 : ELAPSED TIME : 759451ms
>>>>> PROC: NEWORD
CALLS: 2333	MIN: 9.983ms	AVG: 158.871ms	MAX: 1584.469ms	TOTAL: 370646.592ms
P99: 884.660ms	P95: 535.333ms	P50: 92.392ms	SD: 185294.965	RATIO: 48.805%
>>>>> PROC: PAYMENT
CALLS: 2106	MIN: 12.118ms	AVG: 164.779ms	MAX: 1517.915ms	TOTAL: 347024.250ms
P99: 902.001ms	P95: 541.229ms	P50: 100.797ms	SD: 186157.918	RATIO: 45.694%
>>>>> PROC: DELIVERY
CALLS: 230	MIN: 13.935ms	AVG: 174.325ms	MAX: 1151.711ms	TOTAL: 40094.772ms
P99: 859.576ms	P95: 692.869ms	P50: 97.649ms	SD: 202989.113	RATIO: 5.279%
>>>>> PROC: SLEV
CALLS: 216	MIN: 2.625ms	AVG: 4.147ms	MAX: 8.246ms	TOTAL: 895.815ms
P99: 5.411ms	P95: 4.905ms	P50: 4.074ms	SD: 553.196	RATIO: 0.118%
>>>>> PROC: OSTAT
CALLS: 235	MIN: 0.594ms	AVG: 1.400ms	MAX: 57.940ms	TOTAL: 329.090ms
P99: 2.359ms	P95: 1.528ms	P50: 0.952ms	SD: 4337.371	RATIO: 0.043%
+-+-+-+-+-+-+-+-+-+-+-+-+-+-+-+-+-+-+-+-+-+-+-+-+-+-+-+-+-+-+-+-+-+-+-+-+-+
>>>>> VIRTUAL USER 5 : ELAPSED TIME : 762806ms
>>>>> PROC: PAYMENT
CALLS: 2243	MIN: 13.080ms	AVG: 161.627ms	MAX: 1584.497ms	TOTAL: 362529.664ms
P99: 901.321ms	P95: 535.169ms	P50: 100.653ms	SD: 185633.509	RATIO: 47.526%
>>>>> PROC: NEWORD
CALLS: 2206	MIN: 12.790ms	AVG: 163.876ms	MAX: 1443.598ms	TOTAL: 361511.042ms
P99: 909.948ms	P95: 564.076ms	P50: 92.749ms	SD: 189635.869	RATIO: 47.392%
>>>>> PROC: DELIVERY
CALLS: 238	MIN: 15.065ms	AVG: 156.748ms	MAX: 1042.743ms	TOTAL: 37305.946ms
P99: 809.977ms	P95: 510.829ms	P50: 93.588ms	SD: 168507.764	RATIO: 4.891%
>>>>> PROC: SLEV
CALLS: 218	MIN: 1.896ms	AVG: 3.703ms	MAX: 27.548ms	TOTAL: 807.195ms
P99: 4.977ms	P95: 4.433ms	P50: 3.531ms	SD: 1745.322	RATIO: 0.106%
>>>>> PROC: OSTAT
CALLS: 215	MIN: 0.607ms	AVG: 0.982ms	MAX: 2.921ms	TOTAL: 211.028ms
P99: 1.673ms	P95: 1.445ms	P50: 0.912ms	SD: 260.268	RATIO: 0.028%
+-+-+-+-+-+-+-+-+-+-+-+-+-+-+-+-+-+-+-+-+-+-+-+-+-+-+-+-+-+-+-+-+-+-+-+-+-+
>>>>> VIRTUAL USER 6 : ELAPSED TIME : 763217ms
>>>>> PROC: PAYMENT
CALLS: 2291	MIN: 12.545ms	AVG: 159.422ms	MAX: 1584.469ms	TOTAL: 365236.733ms
P99: 900.348ms	P95: 534.431ms	P50: 92.555ms	SD: 187830.883	RATIO: 47.855%
>>>>> PROC: NEWORD
CALLS: 2159	MIN: 12.438ms	AVG: 168.037ms	MAX: 1443.537ms	TOTAL: 362792.506ms
P99: 902.000ms	P95: 568.064ms	P50: 100.243ms	SD: 187566.046	RATIO: 47.535%
>>>>> PROC: DELIVERY
CALLS: 228	MIN: 16.757ms	AVG: 145.728ms	MAX: 1059.462ms	TOTAL: 33225.937ms
P99: 618.130ms	P95: 477.203ms	P50: 98.450ms	SD: 145563.240	RATIO: 4.353%
>>>>> PROC: SLEV
CALLS: 212	MIN: 2.223ms	AVG: 5.194ms	MAX: 147.838ms	TOTAL: 1101.121ms
P99: 11.695ms	P95: 4.957ms	P50: 4.032ms	SD: 11520.230	RATIO: 0.144%
>>>>> PROC: OSTAT
CALLS: 230	MIN: 0.634ms	AVG: 1.737ms	MAX: 111.445ms	TOTAL: 399.474ms
P99: 20.534ms	P95: 1.616ms	P50: 0.964ms	SD: 7716.782	RATIO: 0.052%
+-+-+-+-+-+-+-+-+-+-+-+-+-+-+-+-+-+-+-+-+-+-+-+-+-+-+-+-+-+-+-+-+-+-+-+-+-+
>>>>> VIRTUAL USER 7 : ELAPSED TIME : 766396ms
>>>>> PROC: PAYMENT
CALLS: 2247	MIN: 8.416ms	AVG: 161.758ms	MAX: 1517.903ms	TOTAL: 363471.166ms
P99: 925.451ms	P95: 550.688ms	P50: 92.864ms	SD: 186436.970	RATIO: 47.426%
>>>>> PROC: NEWORD
CALLS: 2182	MIN: 12.532ms	AVG: 161.558ms	MAX: 1443.301ms	TOTAL: 352518.986ms
P99: 851.498ms	P95: 534.642ms	P50: 100.372ms	SD: 179963.520	RATIO: 45.997%
>>>>> PROC: DELIVERY
CALLS: 254	MIN: 17.258ms	AVG: 190.316ms	MAX: 1303.721ms	TOTAL: 48340.312ms
P99: 1017.800ms	P95: 609.709ms	P50: 104.678ms	SD: 215328.720	RATIO: 6.307%
>>>>> PROC: OSTAT
CALLS: 234	MIN: 0.569ms	AVG: 3.993ms	MAX: 561.088ms	TOTAL: 934.336ms
P99: 36.352ms	P95: 1.435ms	P50: 0.863ms	SD: 37199.423	RATIO: 0.122%
>>>>> PROC: SLEV
CALLS: 203	MIN: 1.990ms	AVG: 3.311ms	MAX: 10.222ms	TOTAL: 672.148ms
P99: 4.902ms	P95: 4.094ms	P50: 3.143ms	SD: 760.722	RATIO: 0.088%
+-+-+-+-+-+-+-+-+-+-+-+-+-+-+-+-+-+-+-+-+-+-+-+-+-+-+-+-+-+-+-+-+-+-+-+-+-+
>>>>> VIRTUAL USER 8 : ELAPSED TIME : 767012ms
>>>>> PROC: PAYMENT
CALLS: 2260	MIN: 12.157ms	AVG: 164.452ms	MAX: 1584.488ms	TOTAL: 371660.454ms
P99: 851.697ms	P95: 563.845ms	P50: 100.510ms	SD: 185082.521	RATIO: 48.456%
>>>>> PROC: NEWORD
CALLS: 2225	MIN: 12.730ms	AVG: 161.396ms	MAX: 1517.910ms	TOTAL: 359106.968ms
P99: 938.001ms	P95: 518.331ms	P50: 93.210ms	SD: 185704.706	RATIO: 46.819%
>>>>> PROC: DELIVERY
CALLS: 205	MIN: 17.440ms	AVG: 168.600ms	MAX: 985.262ms	TOTAL: 34563.008ms
P99: 825.970ms	P95: 593.598ms	P50: 93.544ms	SD: 190288.026	RATIO: 4.506%
>>>>> PROC: SLEV
CALLS: 208	MIN: 2.306ms	AVG: 4.627ms	MAX: 72.485ms	TOTAL: 962.447ms
P99: 9.596ms	P95: 5.161ms	P50: 4.074ms	SD: 5282.546	RATIO: 0.125%
>>>>> PROC: OSTAT
CALLS: 222	MIN: 0.576ms	AVG: 1.262ms	MAX: 48.763ms	TOTAL: 280.267ms
P99: 3.756ms	P95: 1.485ms	P50: 0.950ms	SD: 3246.434	RATIO: 0.037%
+-+-+-+-+-+-+-+-+-+-+-+-+-+-+-+-+-+-+-+-+-+-+-+-+-+-+-+-+-+-+-+-+-+-+-+-+-+
>>>>> VIRTUAL USER 9 : ELAPSED TIME : 765768ms
>>>>> PROC: NEWORD
CALLS: 2183	MIN: 13.101ms	AVG: 167.038ms	MAX: 1443.539ms	TOTAL: 364644.419ms
P99: 893.615ms	P95: 560.363ms	P50: 100.975ms	SD: 188351.977	RATIO: 47.618%
>>>>> PROC: PAYMENT
CALLS: 2250	MIN: 8.422ms	AVG: 160.524ms	MAX: 1652.524ms	TOTAL: 361178.328ms
P99: 909.262ms	P95: 543.275ms	P50: 92.720ms	SD: 188695.095	RATIO: 47.166%
>>>>> PROC: DELIVERY
CALLS: 236	MIN: 14.731ms	AVG: 162.578ms	MAX: 1333.802ms	TOTAL: 38368.519ms
P99: 694.184ms	P95: 494.698ms	P50: 101.248ms	SD: 176683.864	RATIO: 5.010%
>>>>> PROC: SLEV
CALLS: 224	MIN: 2.482ms	AVG: 4.059ms	MAX: 32.840ms	TOTAL: 909.118ms
P99: 5.801ms	P95: 4.904ms	P50: 3.842ms	SD: 2078.676	RATIO: 0.119%
>>>>> PROC: OSTAT
CALLS: 227	MIN: 0.537ms	AVG: 0.935ms	MAX: 2.479ms	TOTAL: 212.227ms
P99: 1.541ms	P95: 1.394ms	P50: 0.884ms	SD: 232.247	RATIO: 0.028%
+-+-+-+-+-+-+-+-+-+-+-+-+-+-+-+-+-+-+-+-+-+-+-+-+-+-+-+-+-+-+-+-+-+-+-+-+-+
>>>>> SUMMARY OF 8 ACTIVE VIRTUAL USERS : MEDIAN ELAPSED TIME : 763012ms
>>>>> PROC: PAYMENT
CALLS: 35472	MIN: 4.651ms	AVG: 161.998ms	MAX: 1652.522ms	TOTAL: 5746428.201ms
P99: 901.769ms	P95: 543.287ms	P50: 93.631ms	SD: 186562.457	RATIO: 94.141%
>>>>> PROC: NEWORD
CALLS: 35350	MIN: 7.264ms	AVG: 162.259ms	MAX: 1584.487ms	TOTAL: 5735876.562ms
P99: 901.764ms	P95: 543.283ms	P50: 93.394ms	SD: 185795.738	RATIO: 93.968%
>>>>> PROC: DELIVERY
CALLS: 3618	MIN: 13.838ms	AVG: 165.791ms	MAX: 1333.801ms	TOTAL: 599832.292ms
P99: 901.629ms	P95: 569.899ms	P50: 96.949ms	SD: 187992.387	RATIO: 9.827%
>>>>> PROC: SLEV
CALLS: 3378	MIN: 1.896ms	AVG: 4.182ms	MAX: 147.838ms	TOTAL: 14127.998ms
P99: 6.263ms	P95: 4.900ms	P50: 3.853ms	SD: 5552.934	RATIO: 0.231%
>>>>> PROC: OSTAT
CALLS: 3590	MIN: 0.483ms	AVG: 1.789ms	MAX: 561.088ms	TOTAL: 6425.525ms
P99: 2.921ms	P95: 1.471ms	P50: 0.916ms	SD: 15036.493	RATIO: 0.105%
+-+-+-+-+-+-+-+-+-+-+-+-+-+-+-+-+-+-+-+-+-+-+-+-+-+-+-+-+-+-+-+-+-+-+-+-+-+
PostgreSQL Hammerdb Time Profile Report @ Fri Jun 07 20:00:16 UTC 2024
+-+-+-+-+-+-+-+-+-+-+-+-+-+-+-+-+-+-+-+-+-+-+-+-+-+-+-+-+-+-+-+-+-+-+-+-+-+
>>>>> VIRTUAL USER 2 : ELAPSED TIME : 728307ms
>>>>> PROC: NEWORD
CALLS: 2204	MIN: 8.228ms	AVG: 159.274ms	MAX: 1495.343ms	TOTAL: 351039.633ms
P99: 1036.830ms	P95: 478.019ms	P50: 104.278ms	SD: 179135.434	RATIO: 48.199%
>>>>> PROC: PAYMENT
CALLS: 2231	MIN: 8.139ms	AVG: 152.609ms	MAX: 1715.982ms	TOTAL: 340471.639ms
P99: 954.147ms	P95: 444.840ms	P50: 102.147ms	SD: 168281.557	RATIO: 46.748%
>>>>> PROC: DELIVERY
CALLS: 213	MIN: 20.762ms	AVG: 162.937ms	MAX: 1155.121ms	TOTAL: 34705.639ms
P99: 851.129ms	P95: 477.227ms	P50: 109.514ms	SD: 169346.467	RATIO: 4.765%
>>>>> PROC: SLEV
CALLS: 229	MIN: 2.629ms	AVG: 5.209ms	MAX: 44.860ms	TOTAL: 1192.820ms
P99: 9.425ms	P95: 8.106ms	P50: 4.473ms	SD: 3541.237	RATIO: 0.164%
>>>>> PROC: OSTAT
CALLS: 243	MIN: 0.648ms	AVG: 1.574ms	MAX: 117.916ms	TOTAL: 382.516ms
P99: 2.102ms	P95: 1.726ms	P50: 1.002ms	SD: 7500.370	RATIO: 0.053%
+-+-+-+-+-+-+-+-+-+-+-+-+-+-+-+-+-+-+-+-+-+-+-+-+-+-+-+-+-+-+-+-+-+-+-+-+-+
>>>>> VIRTUAL USER 3 : ELAPSED TIME : 735953ms
>>>>> PROC: NEWORD
CALLS: 2272	MIN: 13.798ms	AVG: 157.408ms	MAX: 1823.585ms	TOTAL: 357630.947ms
P99: 971.348ms	P95: 464.613ms	P50: 103.608ms	SD: 173458.846	RATIO: 48.594%
>>>>> PROC: PAYMENT
CALLS: 2163	MIN: 13.674ms	AVG: 156.470ms	MAX: 1495.349ms	TOTAL: 338443.777ms
P99: 935.814ms	P95: 461.266ms	P50: 102.561ms	SD: 170762.482	RATIO: 45.987%
>>>>> PROC: DELIVERY
CALLS: 236	MIN: 21.430ms	AVG: 161.347ms	MAX: 1298.159ms	TOTAL: 38077.969ms
P99: 1043.952ms	P95: 510.512ms	P50: 108.180ms	SD: 187383.618	RATIO: 5.174%
>>>>> PROC: SLEV
CALLS: 233	MIN: 1.776ms	AVG: 4.555ms	MAX: 75.982ms	TOTAL: 1061.283ms
P99: 9.108ms	P95: 7.619ms	P50: 3.840ms	SD: 4943.959	RATIO: 0.144%
>>>>> PROC: OSTAT
CALLS: 216	MIN: 0.567ms	AVG: 1.042ms	MAX: 2.372ms	TOTAL: 225.142ms
P99: 2.206ms	P95: 1.542ms	P50: 0.989ms	SD: 271.378	RATIO: 0.031%
+-+-+-+-+-+-+-+-+-+-+-+-+-+-+-+-+-+-+-+-+-+-+-+-+-+-+-+-+-+-+-+-+-+-+-+-+-+
>>>>> VIRTUAL USER 4 : ELAPSED TIME : 738810ms
>>>>> PROC: PAYMENT
CALLS: 2204	MIN: 16.709ms	AVG: 159.008ms	MAX: 1495.368ms	TOTAL: 350453.536ms
P99: 954.281ms	P95: 471.635ms	P50: 103.643ms	SD: 171576.701	RATIO: 47.435%
>>>>> PROC: NEWORD
CALLS: 2248	MIN: 17.143ms	AVG: 154.335ms	MAX: 1823.750ms	TOTAL: 346944.222ms
P99: 935.394ms	P95: 455.743ms	P50: 102.588ms	SD: 167278.254	RATIO: 46.960%
>>>>> PROC: DELIVERY
CALLS: 218	MIN: 19.208ms	AVG: 180.711ms	MAX: 1591.452ms	TOTAL: 39395.091ms
P99: 1235.106ms	P95: 501.534ms	P50: 121.205ms	SD: 207663.255	RATIO: 5.332%
>>>>> PROC: SLEV
CALLS: 221	MIN: 2.669ms	AVG: 5.685ms	MAX: 170.654ms	TOTAL: 1256.467ms
P99: 10.275ms	P95: 8.327ms	P50: 4.259ms	SD: 11637.687	RATIO: 0.170%
>>>>> PROC: OSTAT
CALLS: 229	MIN: 0.620ms	AVG: 1.126ms	MAX: 11.525ms	TOTAL: 257.899ms
P99: 1.983ms	P95: 1.603ms	P50: 1.013ms	SD: 756.205	RATIO: 0.035%
+-+-+-+-+-+-+-+-+-+-+-+-+-+-+-+-+-+-+-+-+-+-+-+-+-+-+-+-+-+-+-+-+-+-+-+-+-+
>>>>> VIRTUAL USER 5 : ELAPSED TIME : 722723ms
>>>>> PROC: NEWORD
CALLS: 2264	MIN: 13.452ms	AVG: 158.922ms	MAX: 1823.775ms	TOTAL: 359798.923ms
P99: 1022.152ms	P95: 459.357ms	P50: 105.168ms	SD: 175478.941	RATIO: 49.784%
>>>>> PROC: PAYMENT
CALLS: 2057	MIN: 16.783ms	AVG: 158.845ms	MAX: 1495.469ms	TOTAL: 326743.972ms
P99: 921.553ms	P95: 478.781ms	P50: 102.572ms	SD: 174374.687	RATIO: 45.210%
>>>>> PROC: DELIVERY
CALLS: 226	MIN: 19.675ms	AVG: 151.639ms	MAX: 1211.053ms	TOTAL: 34270.330ms
P99: 874.497ms	P95: 385.420ms	P50: 109.345ms	SD: 154963.938	RATIO: 4.742%
>>>>> PROC: SLEV
CALLS: 229	MIN: 2.835ms	AVG: 5.171ms	MAX: 36.490ms	TOTAL: 1184.137ms
P99: 9.959ms	P95: 8.946ms	P50: 4.485ms	SD: 2696.494	RATIO: 0.164%
>>>>> PROC: OSTAT
CALLS: 216	MIN: 0.597ms	AVG: 1.046ms	MAX: 4.122ms	TOTAL: 226.041ms
P99: 2.186ms	P95: 1.559ms	P50: 0.956ms	SD: 345.691	RATIO: 0.031%
+-+-+-+-+-+-+-+-+-+-+-+-+-+-+-+-+-+-+-+-+-+-+-+-+-+-+-+-+-+-+-+-+-+-+-+-+-+
>>>>> VIRTUAL USER 6 : ELAPSED TIME : 720718ms
>>>>> PROC: PAYMENT
CALLS: 2179	MIN: 13.756ms	AVG: 161.331ms	MAX: 1716.000ms	TOTAL: 351539.998ms
P99: 1022.940ms	P95: 510.148ms	P50: 106.083ms	SD: 177950.755	RATIO: 48.776%
>>>>> PROC: NEWORD
CALLS: 2141	MIN: 17.990ms	AVG: 156.033ms	MAX: 1495.727ms	TOTAL: 334066.845ms
P99: 954.179ms	P95: 459.689ms	P50: 103.527ms	SD: 168526.962	RATIO: 46.352%
>>>>> PROC: DELIVERY
CALLS: 206	MIN: 20.794ms	AVG: 159.389ms	MAX: 1649.725ms	TOTAL: 32834.120ms
P99: 971.126ms	P95: 427.723ms	P50: 106.426ms	SD: 189210.433	RATIO: 4.556%
>>>>> PROC: SLEV
CALLS: 213	MIN: 2.351ms	AVG: 6.874ms	MAX: 303.881ms	TOTAL: 1464.213ms
P99: 11.198ms	P95: 8.411ms	P50: 3.955ms	SD: 25615.607	RATIO: 0.203%
>>>>> PROC: OSTAT
CALLS: 189	MIN: 0.665ms	AVG: 1.632ms	MAX: 51.369ms	TOTAL: 308.519ms
P99: 2.759ms	P95: 1.741ms	P50: 1.025ms	SD: 5125.326	RATIO: 0.043%
+-+-+-+-+-+-+-+-+-+-+-+-+-+-+-+-+-+-+-+-+-+-+-+-+-+-+-+-+-+-+-+-+-+-+-+-+-+
>>>>> VIRTUAL USER 7 : ELAPSED TIME : 724870ms
>>>>> PROC: NEWORD
CALLS: 2174	MIN: 18.465ms	AVG: 161.153ms	MAX: 1823.828ms	TOTAL: 350345.993ms
P99: 1022.597ms	P95: 461.830ms	P50: 109.645ms	SD: 178606.889	RATIO: 48.332%
>>>>> PROC: PAYMENT
CALLS: 2155	MIN: 13.862ms	AVG: 156.593ms	MAX: 1823.501ms	TOTAL: 337457.443ms
P99: 893.110ms	P95: 477.627ms	P50: 102.581ms	SD: 172663.195	RATIO: 46.554%
>>>>> PROC: DELIVERY
CALLS: 224	MIN: 20.680ms	AVG: 156.979ms	MAX: 1291.498ms	TOTAL: 35163.310ms
P99: 799.226ms	P95: 427.749ms	P50: 113.552ms	SD: 162160.242	RATIO: 4.851%
>>>>> PROC: SLEV
CALLS: 221	MIN: 2.861ms	AVG: 4.939ms	MAX: 44.340ms	TOTAL: 1091.561ms
P99: 10.645ms	P95: 8.344ms	P50: 4.354ms	SD: 3054.767	RATIO: 0.151%
>>>>> PROC: OSTAT
CALLS: 218	MIN: 0.574ms	AVG: 1.458ms	MAX: 88.178ms	TOTAL: 317.914ms
P99: 2.050ms	P95: 1.573ms	P50: 0.980ms	SD: 5907.649	RATIO: 0.044%
+-+-+-+-+-+-+-+-+-+-+-+-+-+-+-+-+-+-+-+-+-+-+-+-+-+-+-+-+-+-+-+-+-+-+-+-+-+
>>>>> VIRTUAL USER 8 : ELAPSED TIME : 722569ms
>>>>> PROC: NEWORD
CALLS: 2207	MIN: 16.535ms	AVG: 159.118ms	MAX: 1649.638ms	TOTAL: 351173.037ms
P99: 947.904ms	P95: 464.757ms	P50: 105.725ms	SD: 170705.545	RATIO: 48.601%
>>>>> PROC: PAYMENT
CALLS: 2112	MIN: 17.234ms	AVG: 159.287ms	MAX: 1823.742ms	TOTAL: 336414.913ms
P99: 1013.842ms	P95: 477.798ms	P50: 105.339ms	SD: 177120.224	RATIO: 46.558%
>>>>> PROC: DELIVERY
CALLS: 215	MIN: 20.783ms	AVG: 152.346ms	MAX: 1065.112ms	TOTAL: 32754.385ms
P99: 921.674ms	P95: 371.272ms	P50: 101.873ms	SD: 156815.623	RATIO: 4.533%
>>>>> PROC: SLEV
CALLS: 236	MIN: 3.044ms	AVG: 6.300ms	MAX: 214.571ms	TOTAL: 1486.785ms
P99: 10.904ms	P95: 8.379ms	P50: 4.648ms	SD: 15851.344	RATIO: 0.206%
>>>>> PROC: OSTAT
CALLS: 222	MIN: 0.546ms	AVG: 1.088ms	MAX: 2.831ms	TOTAL: 241.440ms
P99: 2.389ms	P95: 1.524ms	P50: 1.026ms	SD: 292.275	RATIO: 0.033%
+-+-+-+-+-+-+-+-+-+-+-+-+-+-+-+-+-+-+-+-+-+-+-+-+-+-+-+-+-+-+-+-+-+-+-+-+-+
>>>>> VIRTUAL USER 9 : ELAPSED TIME : 741799ms
>>>>> PROC: NEWORD
CALLS: 2230	MIN: 18.392ms	AVG: 161.078ms	MAX: 1715.525ms	TOTAL: 359203.691ms
P99: 909.410ms	P95: 454.321ms	P50: 110.435ms	SD: 171839.125	RATIO: 48.423%
>>>>> PROC: PAYMENT
CALLS: 2218	MIN: 13.376ms	AVG: 155.162ms	MAX: 1495.294ms	TOTAL: 344150.101ms
P99: 1049.937ms	P95: 468.549ms	P50: 102.067ms	SD: 171752.280	RATIO: 46.394%
>>>>> PROC: DELIVERY
CALLS: 222	MIN: 19.705ms	AVG: 163.842ms	MAX: 1298.070ms	TOTAL: 36372.824ms
P99: 1214.222ms	P95: 605.742ms	P50: 94.228ms	SD: 205911.501	RATIO: 4.903%
>>>>> PROC: SLEV
CALLS: 220	MIN: 2.881ms	AVG: 5.023ms	MAX: 34.255ms	TOTAL: 1105.102ms
P99: 10.476ms	P95: 8.346ms	P50: 4.502ms	SD: 2444.309	RATIO: 0.149%
>>>>> PROC: OSTAT
CALLS: 230	MIN: 0.611ms	AVG: 1.981ms	MAX: 128.608ms	TOTAL: 455.529ms
P99: 37.720ms	P95: 1.765ms	P50: 0.981ms	SD: 9166.994	RATIO: 0.061%
+-+-+-+-+-+-+-+-+-+-+-+-+-+-+-+-+-+-+-+-+-+-+-+-+-+-+-+-+-+-+-+-+-+-+-+-+-+
>>>>> VIRTUAL USER 10 : ELAPSED TIME : 740060ms
>>>>> PROC: NEWORD
CALLS: 2270	MIN: 18.179ms	AVG: 160.458ms	MAX: 1649.733ms	TOTAL: 364240.160ms
P99: 1031.153ms	P95: 503.553ms	P50: 103.449ms	SD: 179110.837	RATIO: 49.218%
>>>>> PROC: PAYMENT
CALLS: 2172	MIN: 16.279ms	AVG: 157.368ms	MAX: 1823.795ms	TOTAL: 341802.697ms
P99: 909.345ms	P95: 456.108ms	P50: 109.126ms	SD: 166967.282	RATIO: 46.186%
>>>>> PROC: DELIVERY
CALLS: 214	MIN: 17.828ms	AVG: 149.470ms	MAX: 1360.692ms	TOTAL: 31986.549ms
P99: 1092.518ms	P95: 444.352ms	P50: 94.030ms	SD: 184252.350	RATIO: 4.322%
>>>>> PROC: SLEV
CALLS: 220	MIN: 2.920ms	AVG: 5.059ms	MAX: 21.597ms	TOTAL: 1112.934ms
P99: 10.494ms	P95: 8.725ms	P50: 4.502ms	SD: 1912.830	RATIO: 0.150%
>>>>> PROC: OSTAT
CALLS: 244	MIN: 0.592ms	AVG: 1.621ms	MAX: 58.823ms	TOTAL: 395.510ms
P99: 38.472ms	P95: 1.645ms	P50: 0.965ms	SD: 5399.855	RATIO: 0.053%
+-+-+-+-+-+-+-+-+-+-+-+-+-+-+-+-+-+-+-+-+-+-+-+-+-+-+-+-+-+-+-+-+-+-+-+-+-+
>>>>> VIRTUAL USER 11 : ELAPSED TIME : 738841ms
>>>>> PROC: NEWORD
CALLS: 2215	MIN: 17.735ms	AVG: 162.450ms	MAX: 1715.844ms	TOTAL: 359827.379ms
P99: 1008.067ms	P95: 513.907ms	P50: 109.384ms	SD: 179141.791	RATIO: 48.702%
>>>>> PROC: PAYMENT
CALLS: 2206	MIN: 17.740ms	AVG: 155.792ms	MAX: 1591.396ms	TOTAL: 343677.398ms
P99: 930.421ms	P95: 451.804ms	P50: 103.879ms	SD: 165756.849	RATIO: 46.516%
>>>>> PROC: DELIVERY
CALLS: 226	MIN: 18.317ms	AVG: 147.382ms	MAX: 1294.986ms	TOTAL: 33308.310ms
P99: 1105.028ms	P95: 445.147ms	P50: 98.692ms	SD: 170523.836	RATIO: 4.508%
>>>>> PROC: SLEV
CALLS: 248	MIN: 2.195ms	AVG: 5.093ms	MAX: 43.702ms	TOTAL: 1263.014ms
P99: 39.955ms	P95: 7.926ms	P50: 4.354ms	SD: 4282.561	RATIO: 0.171%
>>>>> PROC: OSTAT
CALLS: 225	MIN: 0.613ms	AVG: 1.138ms	MAX: 11.661ms	TOTAL: 256.090ms
P99: 3.232ms	P95: 1.591ms	P50: 0.982ms	SD: 849.854	RATIO: 0.035%
+-+-+-+-+-+-+-+-+-+-+-+-+-+-+-+-+-+-+-+-+-+-+-+-+-+-+-+-+-+-+-+-+-+-+-+-+-+
>>>>> VIRTUAL USER 12 : ELAPSED TIME : 740614ms
>>>>> PROC: NEWORD
CALLS: 2282	MIN: 18.518ms	AVG: 160.486ms	MAX: 1713.057ms	TOTAL: 366228.158ms
P99: 1018.130ms	P95: 500.989ms	P50: 103.804ms	SD: 179206.363	RATIO: 49.449%
>>>>> PROC: PAYMENT
CALLS: 2164	MIN: 17.522ms	AVG: 156.212ms	MAX: 1716.015ms	TOTAL: 338043.651ms
P99: 927.433ms	P95: 452.627ms	P50: 105.079ms	SD: 164505.849	RATIO: 45.644%
>>>>> PROC: DELIVERY
CALLS: 216	MIN: 20.725ms	AVG: 158.835ms	MAX: 1649.680ms	TOTAL: 34308.432ms
P99: 837.452ms	P95: 456.805ms	P50: 103.867ms	SD: 179117.324	RATIO: 4.632%
>>>>> PROC: SLEV
CALLS: 205	MIN: 2.830ms	AVG: 6.207ms	MAX: 196.477ms	TOTAL: 1272.431ms
P99: 22.293ms	P95: 8.924ms	P50: 4.405ms	SD: 13912.271	RATIO: 0.172%
>>>>> PROC: OSTAT
CALLS: 253	MIN: 0.594ms	AVG: 1.046ms	MAX: 2.443ms	TOTAL: 264.621ms
P99: 2.174ms	P95: 1.519ms	P50: 0.961ms	SD: 284.396	RATIO: 0.036%
+-+-+-+-+-+-+-+-+-+-+-+-+-+-+-+-+-+-+-+-+-+-+-+-+-+-+-+-+-+-+-+-+-+-+-+-+-+
>>>>> VIRTUAL USER 13 : ELAPSED TIME : 743357ms
>>>>> PROC: PAYMENT
CALLS: 2231	MIN: 8.139ms	AVG: 158.024ms	MAX: 1715.898ms	TOTAL: 352550.582ms
P99: 1020.689ms	P95: 459.975ms	P50: 103.402ms	SD: 174274.680	RATIO: 47.427%
>>>>> PROC: NEWORD
CALLS: 2233	MIN: 16.775ms	AVG: 156.278ms	MAX: 1457.678ms	TOTAL: 348967.760ms
P99: 971.235ms	P95: 452.442ms	P50: 104.144ms	SD: 168744.954	RATIO: 46.945%
>>>>> PROC: DELIVERY
CALLS: 222	MIN: 22.927ms	AVG: 180.089ms	MAX: 1197.274ms	TOTAL: 39979.854ms
P99: 921.573ms	P95: 638.776ms	P50: 118.563ms	SD: 188354.279	RATIO: 5.378%
>>>>> PROC: SLEV
CALLS: 221	MIN: 2.779ms	AVG: 4.964ms	MAX: 11.202ms	TOTAL: 1096.962ms
P99: 9.837ms	P95: 8.158ms	P50: 4.540ms	SD: 1468.182	RATIO: 0.148%
>>>>> PROC: OSTAT
CALLS: 213	MIN: 0.528ms	AVG: 1.085ms	MAX: 3.188ms	TOTAL: 231.064ms
P99: 2.101ms	P95: 1.704ms	P50: 0.997ms	SD: 334.411	RATIO: 0.031%
+-+-+-+-+-+-+-+-+-+-+-+-+-+-+-+-+-+-+-+-+-+-+-+-+-+-+-+-+-+-+-+-+-+-+-+-+-+
>>>>> VIRTUAL USER 14 : ELAPSED TIME : 740481ms
>>>>> PROC: NEWORD
CALLS: 2246	MIN: 12.775ms	AVG: 156.603ms	MAX: 1716.132ms	TOTAL: 351730.040ms
P99: 921.761ms	P95: 459.781ms	P50: 104.601ms	SD: 168529.350	RATIO: 47.500%
>>>>> PROC: PAYMENT
CALLS: 2185	MIN: 13.255ms	AVG: 160.064ms	MAX: 1596.803ms	TOTAL: 349738.985ms
P99: 1027.448ms	P95: 468.637ms	P50: 109.432ms	SD: 175599.271	RATIO: 47.231%
>>>>> PROC: DELIVERY
CALLS: 218	MIN: 19.346ms	AVG: 168.958ms	MAX: 1428.834ms	TOTAL: 36832.931ms
P99: 1031.149ms	P95: 526.932ms	P50: 110.795ms	SD: 196784.466	RATIO: 4.974%
>>>>> PROC: SLEV
CALLS: 227	MIN: 2.862ms	AVG: 5.724ms	MAX: 142.058ms	TOTAL: 1299.309ms
P99: 11.479ms	P95: 8.678ms	P50: 4.487ms	SD: 9739.029	RATIO: 0.175%
>>>>> PROC: OSTAT
CALLS: 244	MIN: 0.624ms	AVG: 1.465ms	MAX: 98.841ms	TOTAL: 357.531ms
P99: 1.994ms	P95: 1.568ms	P50: 0.983ms	SD: 6265.958	RATIO: 0.048%
+-+-+-+-+-+-+-+-+-+-+-+-+-+-+-+-+-+-+-+-+-+-+-+-+-+-+-+-+-+-+-+-+-+-+-+-+-+
>>>>> VIRTUAL USER 15 : ELAPSED TIME : 741746ms
>>>>> PROC: NEWORD
CALLS: 2233	MIN: 14.179ms	AVG: 162.514ms	MAX: 1591.552ms	TOTAL: 362894.456ms
P99: 1086.821ms	P95: 477.835ms	P50: 110.306ms	SD: 181144.884	RATIO: 48.924%
>>>>> PROC: PAYMENT
CALLS: 2193	MIN: 14.874ms	AVG: 154.561ms	MAX: 1823.582ms	TOTAL: 338953.109ms
P99: 876.531ms	P95: 451.352ms	P50: 102.132ms	SD: 165329.974	RATIO: 45.697%
>>>>> PROC: DELIVERY
CALLS: 238	MIN: 34.820ms	AVG: 158.140ms	MAX: 1110.533ms	TOTAL: 37637.414ms
P99: 954.265ms	P95: 421.008ms	P50: 111.852ms	SD: 161197.877	RATIO: 5.074%
>>>>> PROC: SLEV
CALLS: 228	MIN: 2.332ms	AVG: 5.278ms	MAX: 57.671ms	TOTAL: 1203.356ms
P99: 10.311ms	P95: 8.745ms	P50: 4.626ms	SD: 3820.162	RATIO: 0.162%
>>>>> PROC: OSTAT
CALLS: 228	MIN: 0.606ms	AVG: 2.354ms	MAX: 200.093ms	TOTAL: 536.776ms
P99: 29.164ms	P95: 1.646ms	P50: 1.019ms	SD: 13968.458	RATIO: 0.072%
+-+-+-+-+-+-+-+-+-+-+-+-+-+-+-+-+-+-+-+-+-+-+-+-+-+-+-+-+-+-+-+-+-+-+-+-+-+
>>>>> VIRTUAL USER 16 : ELAPSED TIME : 740962ms
>>>>> PROC: PAYMENT
CALLS: 2209	MIN: 18.167ms	AVG: 159.139ms	MAX: 1823.796ms	TOTAL: 351537.369ms
P99: 1022.656ms	P95: 452.081ms	P50: 105.070ms	SD: 175254.554	RATIO: 47.443%
>>>>> PROC: NEWORD
CALLS: 2225	MIN: 17.487ms	AVG: 157.486ms	MAX: 1649.724ms	TOTAL: 350407.000ms
P99: 946.096ms	P95: 476.427ms	P50: 108.525ms	SD: 170324.171	RATIO: 47.291%
>>>>> PROC: DELIVERY
CALLS: 224	MIN: 21.856ms	AVG: 165.341ms	MAX: 1320.026ms	TOTAL: 37036.465ms
P99: 1237.583ms	P95: 555.375ms	P50: 101.430ms	SD: 211929.801	RATIO: 4.998%
>>>>> PROC: SLEV
CALLS: 224	MIN: 2.628ms	AVG: 5.460ms	MAX: 74.139ms	TOTAL: 1223.028ms
P99: 11.214ms	P95: 7.986ms	P50: 4.407ms	SD: 6517.351	RATIO: 0.165%
>>>>> PROC: OSTAT
CALLS: 238	MIN: 0.570ms	AVG: 1.102ms	MAX: 20.007ms	TOTAL: 262.289ms
P99: 2.007ms	P95: 1.435ms	P50: 0.966ms	SD: 1257.027	RATIO: 0.035%
+-+-+-+-+-+-+-+-+-+-+-+-+-+-+-+-+-+-+-+-+-+-+-+-+-+-+-+-+-+-+-+-+-+-+-+-+-+
>>>>> VIRTUAL USER 17 : ELAPSED TIME : 739818ms
>>>>> PROC: NEWORD
CALLS: 2211	MIN: 18.168ms	AVG: 160.128ms	MAX: 1448.412ms	TOTAL: 354043.795ms
P99: 1031.455ms	P95: 461.220ms	P50: 108.038ms	SD: 172730.742	RATIO: 47.856%
>>>>> PROC: PAYMENT
CALLS: 2219	MIN: 18.291ms	AVG: 159.130ms	MAX: 1715.810ms	TOTAL: 353109.541ms
P99: 983.217ms	P95: 484.790ms	P50: 104.301ms	SD: 176026.445	RATIO: 47.729%
>>>>> PROC: DELIVERY
CALLS: 214	MIN: 20.475ms	AVG: 142.386ms	MAX: 1116.120ms	TOTAL: 30470.509ms
P99: 666.037ms	P95: 415.676ms	P50: 103.110ms	SD: 139146.447	RATIO: 4.119%
>>>>> PROC: SLEV
CALLS: 239	MIN: 2.294ms	AVG: 5.482ms	MAX: 185.748ms	TOTAL: 1310.248ms
P99: 23.160ms	P95: 8.121ms	P50: 4.076ms	SD: 11963.099	RATIO: 0.177%
>>>>> PROC: OSTAT
CALLS: 237	MIN: 0.583ms	AVG: 1.580ms	MAX: 51.327ms	TOTAL: 374.548ms
P99: 33.001ms	P95: 1.694ms	P50: 0.968ms	SD: 4816.046	RATIO: 0.051%
+-+-+-+-+-+-+-+-+-+-+-+-+-+-+-+-+-+-+-+-+-+-+-+-+-+-+-+-+-+-+-+-+-+-+-+-+-+
>>>>> SUMMARY OF 16 ACTIVE VIRTUAL USERS : MEDIAN ELAPSED TIME : 739330ms
>>>>> PROC: NEWORD
CALLS: 71310	MIN: 8.228ms	AVG: 158.983ms	MAX: 1823.828ms	TOTAL: 11337082.631ms
P99: 993.882ms	P95: 468.521ms	P50: 105.862ms	SD: 174049.516	RATIO: 95.839%
>>>>> PROC: PAYMENT
CALLS: 69796	MIN: 8.139ms	AVG: 157.461ms	MAX: 1823.797ms	TOTAL: 10990176.063ms
P99: 977.195ms	P95: 468.111ms	P50: 103.514ms	SD: 171775.899	RATIO: 92.907%
>>>>> PROC: DELIVERY
CALLS: 7064	MIN: 17.828ms	AVG: 160.004ms	MAX: 1649.726ms	TOTAL: 1130268.113ms
P99: 1037.026ms	P95: 477.867ms	P50: 106.669ms	SD: 180071.891	RATIO: 9.555%
>>>>> PROC: SLEV
CALLS: 7228	MIN: 1.776ms	AVG: 5.429ms	MAX: 303.881ms	TOTAL: 39247.290ms
P99: 11.198ms	P95: 8.399ms	P50: 4.380ms	SD: 9929.297	RATIO: 0.332%
>>>>> PROC: OSTAT
CALLS: 7290	MIN: 0.528ms	AVG: 1.397ms	MAX: 200.093ms	TOTAL: 10186.859ms
P99: 2.752ms	P95: 1.625ms	P50: 0.988ms	SD: 5569.242	RATIO: 0.086%
+-+-+-+-+-+-+-+-+-+-+-+-+-+-+-+-+-+-+-+-+-+-+-+-+-+-+-+-+-+-+-+-+-+-+-+-+-+
