PostgreSQL Hammerdb Time Profile Report @ Sat Jun 08 22:13:06 BST 2024
+-+-+-+-+-+-+-+-+-+-+-+-+-+-+-+-+-+-+-+-+-+-+-+-+-+-+-+-+-+-+-+-+-+-+-+-+-+
>>>>> VIRTUAL USER 2 : ELAPSED TIME : 601866ms
>>>>> PROC: NEWORD
CALLS: 58503	MIN: 1.120ms	AVG: 4.700ms	MAX: 317.770ms	TOTAL: 274966.113ms
P99: 43.344ms	P95: 8.018ms	P50: 3.210ms	SD: 75767.322	RATIO: 45.686%
>>>>> PROC: PAYMENT
CALLS: 58874	MIN: 0.471ms	AVG: 4.122ms	MAX: 479.223ms	TOTAL: 242672.127ms
P99: 51.331ms	P95: 28.527ms	P50: 1.225ms	SD: 102840.207	RATIO: 40.320%
>>>>> PROC: DELIVERY
CALLS: 5766	MIN: 2.190ms	AVG: 8.842ms	MAX: 227.875ms	TOTAL: 50984.258ms
P99: 56.026ms	P95: 25.605ms	P50: 5.730ms	SD: 97236.879	RATIO: 8.471%
>>>>> PROC: SLEV
CALLS: 5815	MIN: 1.062ms	AVG: 2.861ms	MAX: 327.778ms	TOTAL: 16635.635ms
P99: 5.650ms	P95: 3.819ms	P50: 2.670ms	SD: 44256.302	RATIO: 2.764%
>>>>> PROC: OSTAT
CALLS: 5754	MIN: 0.320ms	AVG: 0.940ms	MAX: 17.942ms	TOTAL: 5411.495ms
P99: 4.056ms	P95: 1.919ms	P50: 0.715ms	SD: 7641.377	RATIO: 0.899%
+-+-+-+-+-+-+-+-+-+-+-+-+-+-+-+-+-+-+-+-+-+-+-+-+-+-+-+-+-+-+-+-+-+-+-+-+-+
>>>>> VIRTUAL USER 3 : ELAPSED TIME : 601978ms
>>>>> PROC: NEWORD
CALLS: 87392	MIN: 1.180ms	AVG: 3.602ms	MAX: 318.588ms	TOTAL: 314761.063ms
P99: 9.718ms	P95: 5.586ms	P50: 3.088ms	SD: 46542.175	RATIO: 52.288%
>>>>> PROC: PAYMENT
CALLS: 87048	MIN: 0.501ms	AVG: 1.505ms	MAX: 232.373ms	TOTAL: 131019.044ms
P99: 4.545ms	P95: 2.711ms	P50: 1.144ms	SD: 28144.244	RATIO: 21.765%
>>>>> PROC: DELIVERY
CALLS: 8772	MIN: 2.511ms	AVG: 7.611ms	MAX: 474.720ms	TOTAL: 66762.421ms
P99: 32.345ms	P95: 12.671ms	P50: 6.001ms	SD: 99451.690	RATIO: 11.091%
>>>>> PROC: SLEV
CALLS: 8714	MIN: 1.475ms	AVG: 7.556ms	MAX: 412.898ms	TOTAL: 65844.568ms
P99: 182.555ms	P95: 5.018ms	P50: 3.090ms	SD: 279905.414	RATIO: 10.938%
>>>>> PROC: OSTAT
CALLS: 8778	MIN: 0.351ms	AVG: 0.919ms	MAX: 18.126ms	TOTAL: 8063.755ms
P99: 4.290ms	P95: 1.958ms	P50: 0.684ms	SD: 7605.047	RATIO: 1.340%
+-+-+-+-+-+-+-+-+-+-+-+-+-+-+-+-+-+-+-+-+-+-+-+-+-+-+-+-+-+-+-+-+-+-+-+-+-+
>>>>> VIRTUAL USER 4 : ELAPSED TIME : 601596ms
>>>>> PROC: NEWORD
CALLS: 93119	MIN: 1.232ms	AVG: 3.686ms	MAX: 481.453ms	TOTAL: 343268.298ms
P99: 10.471ms	P95: 5.747ms	P50: 3.131ms	SD: 52158.181	RATIO: 57.060%
>>>>> PROC: PAYMENT
CALLS: 93227	MIN: 0.515ms	AVG: 1.549ms	MAX: 205.644ms	TOTAL: 144421.202ms
P99: 4.569ms	P95: 2.802ms	P50: 1.154ms	SD: 29431.107	RATIO: 24.006%
>>>>> PROC: DELIVERY
CALLS: 9212	MIN: 2.502ms	AVG: 7.036ms	MAX: 175.167ms	TOTAL: 64812.904ms
P99: 20.478ms	P95: 12.172ms	P50: 5.569ms	SD: 63272.602	RATIO: 10.773%
>>>>> PROC: SLEV
CALLS: 9199	MIN: 1.100ms	AVG: 2.609ms	MAX: 113.629ms	TOTAL: 23997.185ms
P99: 5.210ms	P95: 3.583ms	P50: 2.441ms	SD: 15305.396	RATIO: 3.989%
>>>>> PROC: OSTAT
CALLS: 9259	MIN: 0.340ms	AVG: 0.896ms	MAX: 22.607ms	TOTAL: 8295.293ms
P99: 4.207ms	P95: 1.794ms	P50: 0.675ms	SD: 6929.196	RATIO: 1.379%
+-+-+-+-+-+-+-+-+-+-+-+-+-+-+-+-+-+-+-+-+-+-+-+-+-+-+-+-+-+-+-+-+-+-+-+-+-+
>>>>> VIRTUAL USER 5 : ELAPSED TIME : 601995ms
>>>>> PROC: NEWORD
CALLS: 87201	MIN: 1.207ms	AVG: 3.645ms	MAX: 475.918ms	TOTAL: 317830.457ms
P99: 10.122ms	P95: 5.695ms	P50: 3.093ms	SD: 51799.720	RATIO: 52.796%
>>>>> PROC: PAYMENT
CALLS: 86545	MIN: 0.577ms	AVG: 1.521ms	MAX: 317.577ms	TOTAL: 131592.785ms
P99: 4.606ms	P95: 2.749ms	P50: 1.157ms	SD: 30030.755	RATIO: 21.859%
>>>>> PROC: SLEV
CALLS: 8739	MIN: 1.236ms	AVG: 7.409ms	MAX: 375.416ms	TOTAL: 64744.743ms
P99: 177.891ms	P95: 5.171ms	P50: 3.067ms	SD: 277873.115	RATIO: 10.755%
>>>>> PROC: DELIVERY
CALLS: 8639	MIN: 2.330ms	AVG: 7.398ms	MAX: 201.018ms	TOTAL: 63907.662ms
P99: 30.985ms	P95: 12.513ms	P50: 5.852ms	SD: 72686.154	RATIO: 10.616%
>>>>> PROC: OSTAT
CALLS: 8556	MIN: 0.367ms	AVG: 0.959ms	MAX: 231.689ms	TOTAL: 8208.505ms
P99: 4.278ms	P95: 2.032ms	P50: 0.695ms	SD: 26058.727	RATIO: 1.364%
+-+-+-+-+-+-+-+-+-+-+-+-+-+-+-+-+-+-+-+-+-+-+-+-+-+-+-+-+-+-+-+-+-+-+-+-+-+
>>>>> VIRTUAL USER 6 : ELAPSED TIME : 599951ms
>>>>> PROC: NEWORD
CALLS: 90992	MIN: 1.003ms	AVG: 3.731ms	MAX: 479.295ms	TOTAL: 339449.991ms
P99: 10.744ms	P95: 5.875ms	P50: 3.160ms	SD: 50414.329	RATIO: 56.580%
>>>>> PROC: PAYMENT
CALLS: 91151	MIN: 0.507ms	AVG: 1.582ms	MAX: 357.172ms	TOTAL: 144219.762ms
P99: 4.626ms	P95: 2.880ms	P50: 1.184ms	SD: 31344.299	RATIO: 24.039%
>>>>> PROC: DELIVERY
CALLS: 9045	MIN: 2.524ms	AVG: 7.162ms	MAX: 105.267ms	TOTAL: 64777.297ms
P99: 25.489ms	P95: 11.889ms	P50: 5.750ms	SD: 64058.399	RATIO: 10.797%
>>>>> PROC: SLEV
CALLS: 9035	MIN: 1.256ms	AVG: 2.928ms	MAX: 551.719ms	TOTAL: 26455.336ms
P99: 5.985ms	P95: 3.969ms	P50: 2.686ms	SD: 64243.653	RATIO: 4.410%
>>>>> PROC: OSTAT
CALLS: 8929	MIN: 0.354ms	AVG: 0.942ms	MAX: 14.893ms	TOTAL: 8412.943ms
P99: 4.281ms	P95: 2.028ms	P50: 0.705ms	SD: 7615.817	RATIO: 1.402%
+-+-+-+-+-+-+-+-+-+-+-+-+-+-+-+-+-+-+-+-+-+-+-+-+-+-+-+-+-+-+-+-+-+-+-+-+-+
>>>>> VIRTUAL USER 7 : ELAPSED TIME : 601212ms
>>>>> PROC: NEWORD
CALLS: 56548	MIN: 1.152ms	AVG: 4.524ms	MAX: 359.185ms	TOTAL: 255805.208ms
P99: 42.658ms	P95: 7.225ms	P50: 3.131ms	SD: 76580.912	RATIO: 42.548%
>>>>> PROC: PAYMENT
CALLS: 56455	MIN: 0.533ms	AVG: 3.966ms	MAX: 475.415ms	TOTAL: 223892.218ms
P99: 49.690ms	P95: 28.376ms	P50: 1.201ms	SD: 101307.262	RATIO: 37.240%
>>>>> PROC: SLEV
CALLS: 5688	MIN: 1.551ms	AVG: 9.652ms	MAX: 403.991ms	TOTAL: 54899.534ms
P99: 191.441ms	P95: 10.279ms	P50: 3.138ms	SD: 335346.291	RATIO: 9.131%
>>>>> PROC: DELIVERY
CALLS: 5696	MIN: 2.639ms	AVG: 8.939ms	MAX: 236.338ms	TOTAL: 50916.566ms
P99: 57.756ms	P95: 22.914ms	P50: 6.093ms	SD: 96673.713	RATIO: 8.469%
>>>>> PROC: OSTAT
CALLS: 5661	MIN: 0.340ms	AVG: 0.918ms	MAX: 53.745ms	TOTAL: 5199.574ms
P99: 4.173ms	P95: 1.807ms	P50: 0.701ms	SD: 9741.811	RATIO: 0.865%
+-+-+-+-+-+-+-+-+-+-+-+-+-+-+-+-+-+-+-+-+-+-+-+-+-+-+-+-+-+-+-+-+-+-+-+-+-+
>>>>> VIRTUAL USER 8 : ELAPSED TIME : 600865ms
>>>>> PROC: NEWORD
CALLS: 58738	MIN: 1.162ms	AVG: 4.707ms	MAX: 359.088ms	TOTAL: 276465.129ms
P99: 43.528ms	P95: 7.846ms	P50: 3.235ms	SD: 76213.697	RATIO: 46.011%
>>>>> PROC: PAYMENT
CALLS: 58663	MIN: 0.537ms	AVG: 4.080ms	MAX: 459.930ms	TOTAL: 239333.152ms
P99: 49.267ms	P95: 28.255ms	P50: 1.223ms	SD: 102038.079	RATIO: 39.831%
>>>>> PROC: DELIVERY
CALLS: 5967	MIN: 2.565ms	AVG: 8.729ms	MAX: 221.749ms	TOTAL: 52083.310ms
P99: 59.772ms	P95: 22.114ms	P50: 5.760ms	SD: 98958.937	RATIO: 8.668%
>>>>> PROC: SLEV
CALLS: 5833	MIN: 1.291ms	AVG: 2.799ms	MAX: 97.268ms	TOTAL: 16329.043ms
P99: 5.468ms	P95: 3.748ms	P50: 2.639ms	SD: 16306.268	RATIO: 2.718%
>>>>> PROC: OSTAT
CALLS: 5967	MIN: 0.374ms	AVG: 0.916ms	MAX: 41.297ms	TOTAL: 5463.696ms
P99: 4.051ms	P95: 1.749ms	P50: 0.697ms	SD: 8911.700	RATIO: 0.909%
+-+-+-+-+-+-+-+-+-+-+-+-+-+-+-+-+-+-+-+-+-+-+-+-+-+-+-+-+-+-+-+-+-+-+-+-+-+
>>>>> VIRTUAL USER 9 : ELAPSED TIME : 600434ms
>>>>> PROC: NEWORD
CALLS: 54921	MIN: 1.184ms	AVG: 4.632ms	MAX: 477.912ms	TOTAL: 254379.661ms
P99: 43.151ms	P95: 7.832ms	P50: 3.160ms	SD: 77807.573	RATIO: 42.366%
>>>>> PROC: PAYMENT
CALLS: 54543	MIN: 0.525ms	AVG: 4.127ms	MAX: 343.343ms	TOTAL: 225085.322ms
P99: 51.729ms	P95: 29.013ms	P50: 1.221ms	SD: 103116.888	RATIO: 37.487%
>>>>> PROC: SLEV
CALLS: 5461	MIN: 1.663ms	AVG: 10.304ms	MAX: 363.557ms	TOTAL: 56272.697ms
P99: 192.893ms	P95: 14.869ms	P50: 3.174ms	SD: 345868.400	RATIO: 9.372%
>>>>> PROC: DELIVERY
CALLS: 5456	MIN: 2.765ms	AVG: 8.914ms	MAX: 98.472ms	TOTAL: 48636.928ms
P99: 60.487ms	P95: 23.371ms	P50: 6.081ms	SD: 93866.889	RATIO: 8.100%
>>>>> PROC: OSTAT
CALLS: 5571	MIN: 0.360ms	AVG: 0.964ms	MAX: 221.806ms	TOTAL: 5373.059ms
P99: 3.707ms	P95: 1.824ms	P50: 0.724ms	SD: 30286.778	RATIO: 0.895%
+-+-+-+-+-+-+-+-+-+-+-+-+-+-+-+-+-+-+-+-+-+-+-+-+-+-+-+-+-+-+-+-+-+-+-+-+-+
>>>>> SUMMARY OF 8 ACTIVE VIRTUAL USERS : MEDIAN ELAPSED TIME : 601404ms
>>>>> PROC: NEWORD
CALLS: 1174828	MIN: 1.003ms	AVG: 4.046ms	MAX: 481.453ms	TOTAL: 4753851.096ms
P99: 31.011ms	P95: 6.227ms	P50: 3.143ms	SD: 62061.238	RATIO: 98.807%
>>>>> PROC: PAYMENT
CALLS: 1173012	MIN: 0.471ms	AVG: 2.527ms	MAX: 479.223ms	TOTAL: 2964471.077ms
P99: 39.485ms	P95: 3.603ms	P50: 1.180ms	SD: 69091.287	RATIO: 61.616%
>>>>> PROC: DELIVERY
CALLS: 117106	MIN: 2.190ms	AVG: 7.905ms	MAX: 474.720ms	TOTAL: 925762.532ms
P99: 50.331ms	P95: 14.363ms	P50: 5.851ms	SD: 85112.884	RATIO: 19.242%
>>>>> PROC: SLEV
CALLS: 116968	MIN: 1.062ms	AVG: 5.560ms	MAX: 551.720ms	TOTAL: 650357.306ms
P99: 160.788ms	P95: 4.746ms	P50: 2.911ms	SD: 216988.254	RATIO: 13.517%
>>>>> PROC: OSTAT
CALLS: 116950	MIN: 0.320ms	AVG: 0.931ms	MAX: 231.689ms	TOTAL: 108856.620ms
P99: 4.186ms	P95: 1.905ms	P50: 0.697ms	SD: 15328.016	RATIO: 2.263%
+-+-+-+-+-+-+-+-+-+-+-+-+-+-+-+-+-+-+-+-+-+-+-+-+-+-+-+-+-+-+-+-+-+-+-+-+-+
PostgreSQL Hammerdb Time Profile Report @ Sat Jun 08 22:24:28 BST 2024
+-+-+-+-+-+-+-+-+-+-+-+-+-+-+-+-+-+-+-+-+-+-+-+-+-+-+-+-+-+-+-+-+-+-+-+-+-+
>>>>> VIRTUAL USER 2 : ELAPSED TIME : 602682ms
>>>>> PROC: NEWORD
CALLS: 39120	MIN: 1.143ms	AVG: 7.583ms	MAX: 478.389ms	TOTAL: 296645.160ms
P99: 70.450ms	P95: 29.101ms	P50: 3.701ms	SD: 133863.051	RATIO: 49.221%
>>>>> PROC: SLEV
CALLS: 3906	MIN: 1.329ms	AVG: 37.529ms	MAX: 772.188ms	TOTAL: 146586.638ms
P99: 442.699ms	P95: 251.220ms	P50: 3.327ms	SD: 925811.039	RATIO: 24.322%
>>>>> PROC: PAYMENT
CALLS: 39364	MIN: 0.499ms	AVG: 2.245ms	MAX: 329.510ms	TOTAL: 88368.708ms
P99: 14.717ms	P95: 4.625ms	P50: 1.393ms	SD: 54119.633	RATIO: 14.663%
>>>>> PROC: DELIVERY
CALLS: 3862	MIN: 3.301ms	AVG: 14.970ms	MAX: 296.253ms	TOTAL: 57813.251ms
P99: 96.884ms	P95: 51.377ms	P50: 8.411ms	SD: 187851.008	RATIO: 9.593%
>>>>> PROC: OSTAT
CALLS: 3860	MIN: 0.396ms	AVG: 1.434ms	MAX: 132.111ms	TOTAL: 5536.174ms
P99: 10.727ms	P95: 3.301ms	P50: 0.838ms	SD: 34771.545	RATIO: 0.919%
+-+-+-+-+-+-+-+-+-+-+-+-+-+-+-+-+-+-+-+-+-+-+-+-+-+-+-+-+-+-+-+-+-+-+-+-+-+
>>>>> VIRTUAL USER 3 : ELAPSED TIME : 610369ms
>>>>> PROC: NEWORD
CALLS: 42510	MIN: 1.229ms	AVG: 7.437ms	MAX: 533.908ms	TOTAL: 316129.328ms
P99: 71.175ms	P95: 27.659ms	P50: 3.667ms	SD: 139545.866	RATIO: 51.793%
>>>>> PROC: SLEV
CALLS: 4358	MIN: 1.109ms	AVG: 26.882ms	MAX: 644.566ms	TOTAL: 117151.272ms
P99: 359.813ms	P95: 188.236ms	P50: 2.997ms	SD: 713193.970	RATIO: 19.194%
>>>>> PROC: PAYMENT
CALLS: 42848	MIN: 0.536ms	AVG: 2.242ms	MAX: 202.836ms	TOTAL: 96049.051ms
P99: 14.197ms	P95: 4.681ms	P50: 1.416ms	SD: 48722.381	RATIO: 15.736%
>>>>> PROC: DELIVERY
CALLS: 4290	MIN: 3.234ms	AVG: 15.315ms	MAX: 416.818ms	TOTAL: 65703.361ms
P99: 107.139ms	P95: 56.417ms	P50: 7.789ms	SD: 226708.946	RATIO: 10.765%
>>>>> PROC: OSTAT
CALLS: 4298	MIN: 0.364ms	AVG: 1.429ms	MAX: 56.601ms	TOTAL: 6139.829ms
P99: 10.646ms	P95: 3.322ms	P50: 0.865ms	SD: 26101.312	RATIO: 1.006%
+-+-+-+-+-+-+-+-+-+-+-+-+-+-+-+-+-+-+-+-+-+-+-+-+-+-+-+-+-+-+-+-+-+-+-+-+-+
>>>>> VIRTUAL USER 4 : ELAPSED TIME : 605124ms
>>>>> PROC: NEWORD
CALLS: 30375	MIN: 1.308ms	AVG: 9.750ms	MAX: 612.715ms	TOTAL: 296145.901ms
P99: 88.053ms	P95: 38.270ms	P50: 4.323ms	SD: 179815.306	RATIO: 48.940%
>>>>> PROC: SLEV
CALLS: 2956	MIN: 1.627ms	AVG: 46.079ms	MAX: 598.813ms	TOTAL: 136208.189ms
P99: 379.941ms	P95: 252.689ms	P50: 3.992ms	SD: 895520.285	RATIO: 22.509%
>>>>> PROC: DELIVERY
CALLS: 3038	MIN: 2.965ms	AVG: 28.203ms	MAX: 477.815ms	TOTAL: 85679.544ms
P99: 208.152ms	P95: 109.969ms	P50: 12.238ms	SD: 415059.397	RATIO: 14.159%
>>>>> PROC: PAYMENT
CALLS: 30287	MIN: 0.539ms	AVG: 2.455ms	MAX: 196.076ms	TOTAL: 74349.123ms
P99: 19.761ms	P95: 5.372ms	P50: 1.454ms	SD: 55749.274	RATIO: 12.287%
>>>>> PROC: OSTAT
CALLS: 2976	MIN: 0.358ms	AVG: 2.102ms	MAX: 87.676ms	TOTAL: 6254.543ms
P99: 17.558ms	P95: 6.315ms	P50: 0.994ms	SD: 41552.643	RATIO: 1.034%
+-+-+-+-+-+-+-+-+-+-+-+-+-+-+-+-+-+-+-+-+-+-+-+-+-+-+-+-+-+-+-+-+-+-+-+-+-+
>>>>> VIRTUAL USER 5 : ELAPSED TIME : 600971ms
>>>>> PROC: NEWORD
CALLS: 38596	MIN: 1.632ms	AVG: 7.656ms	MAX: 533.243ms	TOTAL: 295486.452ms
P99: 72.054ms	P95: 29.224ms	P50: 3.696ms	SD: 138730.962	RATIO: 49.168%
>>>>> PROC: SLEV
CALLS: 3882	MIN: 1.696ms	AVG: 37.976ms	MAX: 795.639ms	TOTAL: 147424.525ms
P99: 450.202ms	P95: 255.383ms	P50: 3.202ms	SD: 938991.428	RATIO: 24.531%
>>>>> PROC: PAYMENT
CALLS: 38495	MIN: 0.610ms	AVG: 2.212ms	MAX: 122.079ms	TOTAL: 85137.525ms
P99: 13.684ms	P95: 4.669ms	P50: 1.376ms	SD: 47971.705	RATIO: 14.167%
>>>>> PROC: DELIVERY
CALLS: 3778	MIN: 3.436ms	AVG: 15.611ms	MAX: 356.973ms	TOTAL: 58980.218ms
P99: 107.557ms	P95: 56.987ms	P50: 8.127ms	SD: 225847.401	RATIO: 9.814%
>>>>> PROC: OSTAT
CALLS: 3985	MIN: 0.418ms	AVG: 1.456ms	MAX: 320.257ms	TOTAL: 5800.842ms
P99: 9.785ms	P95: 3.496ms	P50: 0.815ms	SD: 61066.300	RATIO: 0.965%
+-+-+-+-+-+-+-+-+-+-+-+-+-+-+-+-+-+-+-+-+-+-+-+-+-+-+-+-+-+-+-+-+-+-+-+-+-+
>>>>> VIRTUAL USER 6 : ELAPSED TIME : 604506ms
>>>>> PROC: NEWORD
CALLS: 40945	MIN: 1.460ms	AVG: 7.688ms	MAX: 549.678ms	TOTAL: 314803.958ms
P99: 71.838ms	P95: 29.678ms	P50: 3.697ms	SD: 142604.552	RATIO: 52.076%
>>>>> PROC: SLEV
CALLS: 4087	MIN: 1.186ms	AVG: 30.760ms	MAX: 987.835ms	TOTAL: 125717.444ms
P99: 366.823ms	P95: 206.061ms	P50: 2.911ms	SD: 789604.102	RATIO: 20.797%
>>>>> PROC: PAYMENT
CALLS: 41011	MIN: 0.668ms	AVG: 2.178ms	MAX: 168.584ms	TOTAL: 89312.263ms
P99: 13.616ms	P95: 4.479ms	P50: 1.381ms	SD: 46728.841	RATIO: 14.774%
>>>>> PROC: DELIVERY
CALLS: 4115	MIN: 3.551ms	AVG: 14.833ms	MAX: 516.018ms	TOTAL: 61037.750ms
P99: 107.878ms	P95: 51.829ms	P50: 7.907ms	SD: 220990.011	RATIO: 10.097%
>>>>> PROC: OSTAT
CALLS: 4050	MIN: 0.443ms	AVG: 1.379ms	MAX: 61.303ms	TOTAL: 5583.345ms
P99: 10.744ms	P95: 3.339ms	P50: 0.822ms	SD: 25049.289	RATIO: 0.924%
+-+-+-+-+-+-+-+-+-+-+-+-+-+-+-+-+-+-+-+-+-+-+-+-+-+-+-+-+-+-+-+-+-+-+-+-+-+
>>>>> VIRTUAL USER 7 : ELAPSED TIME : 599876ms
>>>>> PROC: NEWORD
CALLS: 28995	MIN: 1.460ms	AVG: 8.701ms	MAX: 471.171ms	TOTAL: 252285.617ms
P99: 74.694ms	P95: 37.999ms	P50: 3.777ms	SD: 153349.917	RATIO: 42.056%
>>>>> PROC: SLEV
CALLS: 2933	MIN: 1.440ms	AVG: 51.454ms	MAX: 694.577ms	TOTAL: 150914.841ms
P99: 427.465ms	P95: 269.887ms	P50: 3.647ms	SD: 980226.097	RATIO: 25.158%
>>>>> PROC: PAYMENT
CALLS: 29108	MIN: 0.622ms	AVG: 4.890ms	MAX: 323.207ms	TOTAL: 142327.142ms
P99: 64.493ms	P95: 29.983ms	P50: 1.474ms	SD: 127720.575	RATIO: 23.726%
>>>>> PROC: DELIVERY
CALLS: 2856	MIN: 3.526ms	AVG: 15.361ms	MAX: 535.594ms	TOTAL: 43871.878ms
P99: 100.270ms	P95: 54.837ms	P50: 7.430ms	SD: 217576.284	RATIO: 7.313%
>>>>> PROC: OSTAT
CALLS: 2876	MIN: 0.510ms	AVG: 1.353ms	MAX: 75.792ms	TOTAL: 3891.316ms
P99: 8.123ms	P95: 3.178ms	P50: 0.866ms	SD: 23774.645	RATIO: 0.649%
+-+-+-+-+-+-+-+-+-+-+-+-+-+-+-+-+-+-+-+-+-+-+-+-+-+-+-+-+-+-+-+-+-+-+-+-+-+
>>>>> VIRTUAL USER 8 : ELAPSED TIME : 599763ms
>>>>> PROC: NEWORD
CALLS: 28093	MIN: 1.580ms	AVG: 10.364ms	MAX: 446.559ms	TOTAL: 291155.593ms
P99: 93.231ms	P95: 43.180ms	P50: 4.381ms	SD: 191813.027	RATIO: 48.545%
>>>>> PROC: SLEV
CALLS: 2795	MIN: 1.839ms	AVG: 53.120ms	MAX: 843.606ms	TOTAL: 148470.748ms
P99: 396.055ms	P95: 271.396ms	P50: 4.150ms	SD: 970518.104	RATIO: 24.755%
>>>>> PROC: DELIVERY
CALLS: 2775	MIN: 3.975ms	AVG: 27.671ms	MAX: 549.513ms	TOTAL: 76786.431ms
P99: 196.597ms	P95: 100.847ms	P50: 12.732ms	SD: 421659.438	RATIO: 12.803%
>>>>> PROC: PAYMENT
CALLS: 28058	MIN: 0.648ms	AVG: 2.544ms	MAX: 346.392ms	TOTAL: 71372.997ms
P99: 19.150ms	P95: 5.385ms	P50: 1.481ms	SD: 63175.795	RATIO: 11.900%
>>>>> PROC: OSTAT
CALLS: 2791	MIN: 0.456ms	AVG: 2.139ms	MAX: 72.760ms	TOTAL: 5969.521ms
P99: 18.233ms	P95: 6.657ms	P50: 0.988ms	SD: 37195.082	RATIO: 0.995%
+-+-+-+-+-+-+-+-+-+-+-+-+-+-+-+-+-+-+-+-+-+-+-+-+-+-+-+-+-+-+-+-+-+-+-+-+-+
>>>>> VIRTUAL USER 9 : ELAPSED TIME : 603289ms
>>>>> PROC: NEWORD
CALLS: 37696	MIN: 1.153ms	AVG: 8.035ms	MAX: 577.325ms	TOTAL: 302876.129ms
P99: 73.507ms	P95: 31.263ms	P50: 3.767ms	SD: 148574.312	RATIO: 50.204%
>>>>> PROC: SLEV
CALLS: 3782	MIN: 1.681ms	AVG: 36.900ms	MAX: 630.902ms	TOTAL: 139553.944ms
P99: 419.989ms	P95: 242.626ms	P50: 3.064ms	SD: 872298.640	RATIO: 23.132%
>>>>> PROC: PAYMENT
CALLS: 37950	MIN: 0.623ms	AVG: 2.294ms	MAX: 526.573ms	TOTAL: 87055.890ms
P99: 15.749ms	P95: 4.722ms	P50: 1.413ms	SD: 56147.896	RATIO: 14.430%
>>>>> PROC: DELIVERY
CALLS: 3914	MIN: 3.426ms	AVG: 15.584ms	MAX: 488.144ms	TOTAL: 60995.079ms
P99: 116.688ms	P95: 55.155ms	P50: 8.223ms	SD: 226724.034	RATIO: 10.110%
>>>>> PROC: OSTAT
CALLS: 3698	MIN: 0.463ms	AVG: 1.359ms	MAX: 52.689ms	TOTAL: 5024.915ms
P99: 9.152ms	P95: 3.431ms	P50: 0.825ms	SD: 22040.434	RATIO: 0.833%
+-+-+-+-+-+-+-+-+-+-+-+-+-+-+-+-+-+-+-+-+-+-+-+-+-+-+-+-+-+-+-+-+-+-+-+-+-+
>>>>> VIRTUAL USER 10 : ELAPSED TIME : 606166ms
>>>>> PROC: NEWORD
CALLS: 38801	MIN: 1.482ms	AVG: 7.948ms	MAX: 534.188ms	TOTAL: 308402.991ms
P99: 72.907ms	P95: 30.408ms	P50: 3.777ms	SD: 145889.713	RATIO: 50.878%
>>>>> PROC: SLEV
CALLS: 3868	MIN: 1.551ms	AVG: 35.498ms	MAX: 681.814ms	TOTAL: 137307.127ms
P99: 419.682ms	P95: 237.576ms	P50: 3.033ms	SD: 852130.848	RATIO: 22.652%
>>>>> PROC: PAYMENT
CALLS: 38746	MIN: 0.689ms	AVG: 2.245ms	MAX: 113.726ms	TOTAL: 86987.973ms
P99: 14.129ms	P95: 4.713ms	P50: 1.420ms	SD: 47519.978	RATIO: 14.351%
>>>>> PROC: DELIVERY
CALLS: 3832	MIN: 3.482ms	AVG: 15.730ms	MAX: 224.324ms	TOTAL: 60276.035ms
P99: 108.816ms	P95: 61.560ms	P50: 8.335ms	SD: 209166.860	RATIO: 9.944%
>>>>> PROC: OSTAT
CALLS: 3841	MIN: 0.512ms	AVG: 1.414ms	MAX: 70.482ms	TOTAL: 5430.872ms
P99: 9.715ms	P95: 3.439ms	P50: 0.848ms	SD: 27768.292	RATIO: 0.896%
+-+-+-+-+-+-+-+-+-+-+-+-+-+-+-+-+-+-+-+-+-+-+-+-+-+-+-+-+-+-+-+-+-+-+-+-+-+
>>>>> VIRTUAL USER 11 : ELAPSED TIME : 604573ms
>>>>> PROC: NEWORD
CALLS: 45103	MIN: 1.196ms	AVG: 6.881ms	MAX: 538.186ms	TOTAL: 310353.865ms
P99: 65.515ms	P95: 24.509ms	P50: 3.597ms	SD: 127122.516	RATIO: 51.334%
>>>>> PROC: SLEV
CALLS: 4414	MIN: 1.753ms	AVG: 25.048ms	MAX: 871.699ms	TOTAL: 110561.735ms
P99: 382.342ms	P95: 160.087ms	P50: 3.105ms	SD: 744439.668	RATIO: 18.288%
>>>>> PROC: PAYMENT
CALLS: 44921	MIN: 0.619ms	AVG: 2.220ms	MAX: 326.287ms	TOTAL: 99720.699ms
P99: 13.797ms	P95: 4.603ms	P50: 1.399ms	SD: 51293.632	RATIO: 16.494%
>>>>> PROC: DELIVERY
CALLS: 4477	MIN: 3.394ms	AVG: 15.187ms	MAX: 542.943ms	TOTAL: 67992.564ms
P99: 102.699ms	P95: 58.566ms	P50: 7.533ms	SD: 235976.780	RATIO: 11.246%
>>>>> PROC: OSTAT
CALLS: 4509	MIN: 0.499ms	AVG: 1.357ms	MAX: 60.713ms	TOTAL: 6118.629ms
P99: 8.383ms	P95: 3.245ms	P50: 0.869ms	SD: 21171.875	RATIO: 1.012%
+-+-+-+-+-+-+-+-+-+-+-+-+-+-+-+-+-+-+-+-+-+-+-+-+-+-+-+-+-+-+-+-+-+-+-+-+-+
>>>>> VIRTUAL USER 12 : ELAPSED TIME : 607196ms
>>>>> PROC: NEWORD
CALLS: 39642	MIN: 1.009ms	AVG: 7.516ms	MAX: 542.027ms	TOTAL: 297947.102ms
P99: 68.991ms	P95: 28.411ms	P50: 3.713ms	SD: 132808.845	RATIO: 49.069%
>>>>> PROC: SLEV
CALLS: 3963	MIN: 1.400ms	AVG: 36.917ms	MAX: 820.376ms	TOTAL: 146301.632ms
P99: 465.429ms	P95: 235.576ms	P50: 3.296ms	SD: 917918.486	RATIO: 24.095%
>>>>> PROC: PAYMENT
CALLS: 39543	MIN: 0.538ms	AVG: 2.273ms	MAX: 159.018ms	TOTAL: 89871.012ms
P99: 14.348ms	P95: 4.730ms	P50: 1.423ms	SD: 50802.430	RATIO: 14.801%
>>>>> PROC: DELIVERY
CALLS: 3909	MIN: 2.897ms	AVG: 15.051ms	MAX: 248.037ms	TOTAL: 58832.472ms
P99: 99.893ms	P95: 53.052ms	P50: 8.155ms	SD: 193454.034	RATIO: 9.689%
>>>>> PROC: OSTAT
CALLS: 4079	MIN: 0.350ms	AVG: 1.373ms	MAX: 53.024ms	TOTAL: 5598.474ms
P99: 9.133ms	P95: 3.318ms	P50: 0.858ms	SD: 22021.154	RATIO: 0.922%
+-+-+-+-+-+-+-+-+-+-+-+-+-+-+-+-+-+-+-+-+-+-+-+-+-+-+-+-+-+-+-+-+-+-+-+-+-+
>>>>> VIRTUAL USER 13 : ELAPSED TIME : 602971ms
>>>>> PROC: NEWORD
CALLS: 39150	MIN: 1.165ms	AVG: 7.769ms	MAX: 501.029ms	TOTAL: 304143.365ms
P99: 72.972ms	P95: 29.854ms	P50: 3.746ms	SD: 138371.946	RATIO: 50.441%
>>>>> PROC: SLEV
CALLS: 3892	MIN: 1.139ms	AVG: 35.129ms	MAX: 820.101ms	TOTAL: 136723.960ms
P99: 407.231ms	P95: 232.814ms	P50: 2.980ms	SD: 854871.001	RATIO: 22.675%
>>>>> PROC: PAYMENT
CALLS: 39206	MIN: 0.540ms	AVG: 2.291ms	MAX: 528.615ms	TOTAL: 89833.976ms
P99: 14.941ms	P95: 4.662ms	P50: 1.407ms	SD: 59793.197	RATIO: 14.899%
>>>>> PROC: DELIVERY
CALLS: 3910	MIN: 2.834ms	AVG: 15.061ms	MAX: 361.726ms	TOTAL: 58887.705ms
P99: 107.160ms	P95: 52.436ms	P50: 8.038ms	SD: 214594.293	RATIO: 9.766%
>>>>> PROC: OSTAT
CALLS: 3954	MIN: 0.497ms	AVG: 1.359ms	MAX: 50.929ms	TOTAL: 5373.777ms
P99: 8.845ms	P95: 3.451ms	P50: 0.834ms	SD: 22208.565	RATIO: 0.891%
+-+-+-+-+-+-+-+-+-+-+-+-+-+-+-+-+-+-+-+-+-+-+-+-+-+-+-+-+-+-+-+-+-+-+-+-+-+
>>>>> VIRTUAL USER 14 : ELAPSED TIME : 596167ms
>>>>> PROC: NEWORD
CALLS: 28758	MIN: 1.622ms	AVG: 8.683ms	MAX: 543.089ms	TOTAL: 249693.268ms
P99: 74.569ms	P95: 38.119ms	P50: 3.736ms	SD: 150573.194	RATIO: 41.883%
>>>>> PROC: SLEV
CALLS: 2740	MIN: 1.403ms	AVG: 56.078ms	MAX: 621.486ms	TOTAL: 153654.321ms
P99: 441.178ms	P95: 278.723ms	P50: 4.062ms	SD: 1005776.941	RATIO: 25.774%
>>>>> PROC: PAYMENT
CALLS: 28800	MIN: 0.730ms	AVG: 4.641ms	MAX: 472.002ms	TOTAL: 133663.674ms
P99: 62.421ms	P95: 28.281ms	P50: 1.449ms	SD: 126165.938	RATIO: 22.421%
>>>>> PROC: DELIVERY
CALLS: 2928	MIN: 3.651ms	AVG: 16.733ms	MAX: 1143.178ms	TOTAL: 48993.208ms
P99: 110.563ms	P95: 61.707ms	P50: 7.478ms	SD: 342151.856	RATIO: 8.218%
>>>>> PROC: OSTAT
CALLS: 2870	MIN: 0.423ms	AVG: 1.469ms	MAX: 81.841ms	TOTAL: 4216.597ms
P99: 11.293ms	P95: 3.278ms	P50: 0.837ms	SD: 33437.586	RATIO: 0.707%
+-+-+-+-+-+-+-+-+-+-+-+-+-+-+-+-+-+-+-+-+-+-+-+-+-+-+-+-+-+-+-+-+-+-+-+-+-+
>>>>> VIRTUAL USER 15 : ELAPSED TIME : 601355ms
>>>>> PROC: NEWORD
CALLS: 45187	MIN: 1.562ms	AVG: 6.862ms	MAX: 523.758ms	TOTAL: 310080.557ms
P99: 64.931ms	P95: 24.133ms	P50: 3.592ms	SD: 124178.637	RATIO: 51.564%
>>>>> PROC: SLEV
CALLS: 4556	MIN: 1.184ms	AVG: 24.138ms	MAX: 890.647ms	TOTAL: 109970.650ms
P99: 378.926ms	P95: 159.386ms	P50: 3.168ms	SD: 724046.863	RATIO: 18.287%
>>>>> PROC: PAYMENT
CALLS: 45458	MIN: 0.747ms	AVG: 2.191ms	MAX: 787.780ms	TOTAL: 99576.616ms
P99: 12.965ms	P95: 4.490ms	P50: 1.392ms	SD: 60270.648	RATIO: 16.559%
>>>>> PROC: DELIVERY
CALLS: 4642	MIN: 3.530ms	AVG: 14.056ms	MAX: 415.708ms	TOTAL: 65248.497ms
P99: 107.134ms	P95: 47.050ms	P50: 7.442ms	SD: 214200.381	RATIO: 10.850%
>>>>> PROC: OSTAT
CALLS: 4605	MIN: 0.499ms	AVG: 1.396ms	MAX: 43.446ms	TOTAL: 6428.704ms
P99: 10.241ms	P95: 3.502ms	P50: 0.856ms	SD: 22430.454	RATIO: 1.069%
+-+-+-+-+-+-+-+-+-+-+-+-+-+-+-+-+-+-+-+-+-+-+-+-+-+-+-+-+-+-+-+-+-+-+-+-+-+
>>>>> VIRTUAL USER 16 : ELAPSED TIME : 594705ms
>>>>> PROC: NEWORD
CALLS: 36140	MIN: 1.462ms	AVG: 8.063ms	MAX: 482.810ms	TOTAL: 291384.807ms
P99: 72.713ms	P95: 31.887ms	P50: 3.766ms	SD: 140893.376	RATIO: 48.997%
>>>>> PROC: SLEV
CALLS: 3557	MIN: 1.590ms	AVG: 41.696ms	MAX: 826.193ms	TOTAL: 148313.831ms
P99: 442.877ms	P95: 261.319ms	P50: 3.602ms	SD: 955324.251	RATIO: 24.939%
>>>>> PROC: PAYMENT
CALLS: 35965	MIN: 0.632ms	AVG: 2.341ms	MAX: 184.572ms	TOTAL: 84186.033ms
P99: 16.026ms	P95: 4.931ms	P50: 1.447ms	SD: 51747.880	RATIO: 14.156%
>>>>> PROC: DELIVERY
CALLS: 3595	MIN: 3.502ms	AVG: 16.007ms	MAX: 554.664ms	TOTAL: 57546.194ms
P99: 104.951ms	P95: 58.787ms	P50: 8.481ms	SD: 235008.763	RATIO: 9.676%
>>>>> PROC: OSTAT
CALLS: 3559	MIN: 0.480ms	AVG: 1.546ms	MAX: 529.604ms	TOTAL: 5500.559ms
P99: 9.230ms	P95: 3.495ms	P50: 0.889ms	SD: 91050.293	RATIO: 0.925%
+-+-+-+-+-+-+-+-+-+-+-+-+-+-+-+-+-+-+-+-+-+-+-+-+-+-+-+-+-+-+-+-+-+-+-+-+-+
>>>>> VIRTUAL USER 17 : ELAPSED TIME : 600129ms
>>>>> PROC: NEWORD
CALLS: 36870	MIN: 1.544ms	AVG: 8.062ms	MAX: 558.092ms	TOTAL: 297241.812ms
P99: 73.581ms	P95: 31.513ms	P50: 3.747ms	SD: 149876.964	RATIO: 49.530%
>>>>> PROC: SLEV
CALLS: 3728	MIN: 1.760ms	AVG: 40.563ms	MAX: 759.796ms	TOTAL: 151219.219ms
P99: 475.199ms	P95: 258.869ms	P50: 3.388ms	SD: 952448.547	RATIO: 25.198%
>>>>> PROC: PAYMENT
CALLS: 37036	MIN: 0.700ms	AVG: 2.257ms	MAX: 165.874ms	TOTAL: 83577.825ms
P99: 14.786ms	P95: 4.671ms	P50: 1.400ms	SD: 49966.817	RATIO: 13.927%
>>>>> PROC: DELIVERY
CALLS: 3636	MIN: 3.465ms	AVG: 15.280ms	MAX: 180.516ms	TOTAL: 55556.992ms
P99: 92.845ms	P95: 54.053ms	P50: 8.566ms	SD: 181581.583	RATIO: 9.258%
>>>>> PROC: OSTAT
CALLS: 3722	MIN: 0.480ms	AVG: 1.323ms	MAX: 60.393ms	TOTAL: 4925.334ms
P99: 9.343ms	P95: 3.114ms	P50: 0.837ms	SD: 23830.662	RATIO: 0.821%
+-+-+-+-+-+-+-+-+-+-+-+-+-+-+-+-+-+-+-+-+-+-+-+-+-+-+-+-+-+-+-+-+-+-+-+-+-+
>>>>> SUMMARY OF 16 ACTIVE VIRTUAL USERS : MEDIAN ELAPSED TIME : 602826ms
>>>>> PROC: NEWORD
CALLS: 1191962	MIN: 1.009ms	AVG: 7.945ms	MAX: 612.715ms	TOTAL: 9469552.616ms
P99: 73.195ms	P95: 30.872ms	P50: 3.749ms	SD: 145255.804	RATIO: 98.179%
>>>>> PROC: SLEV
CALLS: 118834	MIN: 1.109ms	AVG: 37.129ms	MAX: 987.835ms	TOTAL: 4412160.696ms
P99: 420.287ms	P95: 238.804ms	P50: 3.280ms	SD: 879126.935	RATIO: 45.745%
>>>>> PROC: PAYMENT
CALLS: 1193592	MIN: 0.499ms	AVG: 2.516ms	MAX: 787.780ms	TOTAL: 3002781.517ms
P99: 28.899ms	P95: 5.084ms	P50: 1.416ms	SD: 64578.974	RATIO: 31.132%
>>>>> PROC: DELIVERY
CALLS: 119114	MIN: 2.834ms	AVG: 16.525ms	MAX: 1143.178ms	TOTAL: 1968402.514ms
P99: 118.642ms	P95: 61.958ms	P50: 8.259ms	SD: 252793.990	RATIO: 20.408%
>>>>> PROC: OSTAT
CALLS: 119346	MIN: 0.350ms	AVG: 1.471ms	MAX: 529.604ms	TOTAL: 175586.879ms
P99: 10.744ms	P95: 3.719ms	P50: 0.857ms	SD: 37460.045	RATIO: 1.820%
+-+-+-+-+-+-+-+-+-+-+-+-+-+-+-+-+-+-+-+-+-+-+-+-+-+-+-+-+-+-+-+-+-+-+-+-+-+
PostgreSQL Hammerdb Time Profile Report @ Sat Jun 08 22:35:58 BST 2024
+-+-+-+-+-+-+-+-+-+-+-+-+-+-+-+-+-+-+-+-+-+-+-+-+-+-+-+-+-+-+-+-+-+-+-+-+-+
>>>>> VIRTUAL USER 2 : ELAPSED TIME : 616662ms
>>>>> PROC: NEWORD
CALLS: 16819	MIN: 1.841ms	AVG: 17.649ms	MAX: 1601.349ms	TOTAL: 296831.657ms
P99: 178.617ms	P95: 83.907ms	P50: 5.617ms	SD: 431428.114	RATIO: 48.135%
>>>>> PROC: SLEV
CALLS: 1664	MIN: 1.652ms	AVG: 92.588ms	MAX: 1443.595ms	TOTAL: 154066.224ms
P99: 682.563ms	P95: 371.865ms	P50: 12.711ms	SD: 1476689.327	RATIO: 24.984%
>>>>> PROC: PAYMENT
CALLS: 16970	MIN: 0.617ms	AVG: 5.790ms	MAX: 576.304ms	TOTAL: 98254.473ms
P99: 80.163ms	P95: 15.054ms	P50: 2.328ms	SD: 165619.450	RATIO: 15.933%
>>>>> PROC: DELIVERY
CALLS: 1736	MIN: 4.092ms	AVG: 34.705ms	MAX: 753.072ms	TOTAL: 60248.606ms
P99: 243.689ms	P95: 123.043ms	P50: 15.052ms	SD: 572598.528	RATIO: 9.770%
>>>>> PROC: OSTAT
CALLS: 1723	MIN: 0.478ms	AVG: 1.951ms	MAX: 111.041ms	TOTAL: 3361.992ms
P99: 16.756ms	P95: 4.906ms	P50: 0.988ms	SD: 47575.438	RATIO: 0.545%
+-+-+-+-+-+-+-+-+-+-+-+-+-+-+-+-+-+-+-+-+-+-+-+-+-+-+-+-+-+-+-+-+-+-+-+-+-+
>>>>> VIRTUAL USER 3 : ELAPSED TIME : 615102ms
>>>>> PROC: NEWORD
CALLS: 18677	MIN: 1.737ms	AVG: 16.413ms	MAX: 928.706ms	TOTAL: 306537.905ms
P99: 168.777ms	P95: 82.043ms	P50: 5.271ms	SD: 390491.995	RATIO: 49.835%
>>>>> PROC: SLEV
CALLS: 1885	MIN: 1.851ms	AVG: 72.084ms	MAX: 995.072ms	TOTAL: 135878.949ms
P99: 562.349ms	P95: 339.040ms	P50: 4.501ms	SD: 1286330.892	RATIO: 22.090%
>>>>> PROC: PAYMENT
CALLS: 18718	MIN: 0.779ms	AVG: 5.391ms	MAX: 743.303ms	TOTAL: 100908.062ms
P99: 76.648ms	P95: 13.864ms	P50: 2.160ms	SD: 165414.988	RATIO: 16.405%
>>>>> PROC: DELIVERY
CALLS: 1837	MIN: 3.632ms	AVG: 34.365ms	MAX: 696.020ms	TOTAL: 63128.492ms
P99: 260.485ms	P95: 128.959ms	P50: 14.384ms	SD: 531020.564	RATIO: 10.263%
>>>>> PROC: OSTAT
CALLS: 1891	MIN: 0.469ms	AVG: 2.350ms	MAX: 304.349ms	TOTAL: 4444.329ms
P99: 20.653ms	P95: 4.834ms	P50: 0.981ms	SD: 109786.133	RATIO: 0.723%
+-+-+-+-+-+-+-+-+-+-+-+-+-+-+-+-+-+-+-+-+-+-+-+-+-+-+-+-+-+-+-+-+-+-+-+-+-+
>>>>> VIRTUAL USER 4 : ELAPSED TIME : 615549ms
>>>>> PROC: NEWORD
CALLS: 16050	MIN: 1.805ms	AVG: 18.598ms	MAX: 884.699ms	TOTAL: 298497.305ms
P99: 178.462ms	P95: 89.437ms	P50: 5.969ms	SD: 406855.813	RATIO: 48.493%
>>>>> PROC: SLEV
CALLS: 1654	MIN: 1.965ms	AVG: 92.303ms	MAX: 1376.202ms	TOTAL: 152669.815ms
P99: 709.871ms	P95: 395.132ms	P50: 10.578ms	SD: 1568682.516	RATIO: 24.802%
>>>>> PROC: PAYMENT
CALLS: 15926	MIN: 0.854ms	AVG: 6.352ms	MAX: 1498.248ms	TOTAL: 101155.172ms
P99: 80.543ms	P95: 16.746ms	P50: 2.460ms	SD: 227942.572	RATIO: 16.433%
>>>>> PROC: DELIVERY
CALLS: 1607	MIN: 3.610ms	AVG: 34.668ms	MAX: 786.843ms	TOTAL: 55711.403ms
P99: 284.411ms	P95: 129.275ms	P50: 14.264ms	SD: 572410.163	RATIO: 9.051%
>>>>> PROC: OSTAT
CALLS: 1627	MIN: 0.558ms	AVG: 2.145ms	MAX: 125.120ms	TOTAL: 3489.810ms
P99: 21.953ms	P95: 5.052ms	P50: 1.146ms	SD: 50213.988	RATIO: 0.567%
+-+-+-+-+-+-+-+-+-+-+-+-+-+-+-+-+-+-+-+-+-+-+-+-+-+-+-+-+-+-+-+-+-+-+-+-+-+
>>>>> VIRTUAL USER 5 : ELAPSED TIME : 612385ms
>>>>> PROC: NEWORD
CALLS: 12501	MIN: 1.906ms	AVG: 19.466ms	MAX: 1533.074ms	TOTAL: 243338.853ms
P99: 175.514ms	P95: 87.385ms	P50: 6.686ms	SD: 445997.572	RATIO: 39.736%
>>>>> PROC: SLEV
CALLS: 1252	MIN: 1.659ms	AVG: 185.754ms	MAX: 3097.443ms	TOTAL: 232563.550ms
P99: 1155.437ms	P95: 656.557ms	P50: 82.682ms	SD: 2793971.034	RATIO: 37.977%
>>>>> PROC: PAYMENT
CALLS: 12479	MIN: 0.686ms	AVG: 6.707ms	MAX: 1974.022ms	TOTAL: 83697.395ms
P99: 79.924ms	P95: 17.828ms	P50: 2.675ms	SD: 255916.976	RATIO: 13.667%
>>>>> PROC: DELIVERY
CALLS: 1240	MIN: 3.950ms	AVG: 37.241ms	MAX: 716.873ms	TOTAL: 46178.231ms
P99: 298.875ms	P95: 134.598ms	P50: 16.297ms	SD: 599984.656	RATIO: 7.541%
>>>>> PROC: OSTAT
CALLS: 1200	MIN: 0.572ms	AVG: 2.960ms	MAX: 203.455ms	TOTAL: 3551.526ms
P99: 43.202ms	P95: 6.573ms	P50: 1.164ms	SD: 104388.363	RATIO: 0.580%
+-+-+-+-+-+-+-+-+-+-+-+-+-+-+-+-+-+-+-+-+-+-+-+-+-+-+-+-+-+-+-+-+-+-+-+-+-+
>>>>> VIRTUAL USER 6 : ELAPSED TIME : 604620ms
>>>>> PROC: NEWORD
CALLS: 10032	MIN: 1.824ms	AVG: 24.112ms	MAX: 1217.037ms	TOTAL: 241894.987ms
P99: 251.490ms	P95: 111.740ms	P50: 6.238ms	SD: 542250.926	RATIO: 40.008%
>>>>> PROC: SLEV
CALLS: 1030	MIN: 1.460ms	AVG: 157.305ms	MAX: 5792.933ms	TOTAL: 162023.680ms
P99: 1008.474ms	P95: 636.655ms	P50: 47.497ms	SD: 3203788.547	RATIO: 26.798%
>>>>> PROC: PAYMENT
CALLS: 9926	MIN: 0.755ms	AVG: 14.856ms	MAX: 663.444ms	TOTAL: 147462.870ms
P99: 227.323ms	P95: 90.526ms	P50: 2.485ms	SD: 429275.765	RATIO: 24.389%
>>>>> PROC: DELIVERY
CALLS: 973	MIN: 4.771ms	AVG: 49.431ms	MAX: 855.198ms	TOTAL: 48096.681ms
P99: 327.416ms	P95: 201.517ms	P50: 18.468ms	SD: 733696.356	RATIO: 7.955%
>>>>> PROC: OSTAT
CALLS: 951	MIN: 0.552ms	AVG: 3.038ms	MAX: 125.367ms	TOTAL: 2889.229ms
P99: 52.377ms	P95: 8.003ms	P50: 1.109ms	SD: 86725.032	RATIO: 0.478%
+-+-+-+-+-+-+-+-+-+-+-+-+-+-+-+-+-+-+-+-+-+-+-+-+-+-+-+-+-+-+-+-+-+-+-+-+-+
>>>>> VIRTUAL USER 7 : ELAPSED TIME : 614722ms
>>>>> PROC: SLEV
CALLS: 908	MIN: 1.997ms	AVG: 293.559ms	MAX: 4018.081ms	TOTAL: 266551.884ms
P99: 1838.572ms	P95: 863.486ms	P50: 183.191ms	SD: 3730071.528	RATIO: 43.361%
>>>>> PROC: NEWORD
CALLS: 8844	MIN: 2.062ms	AVG: 26.160ms	MAX: 1084.159ms	TOTAL: 231356.289ms
P99: 212.455ms	P95: 108.126ms	P50: 9.188ms	SD: 489424.084	RATIO: 37.636%
>>>>> PROC: PAYMENT
CALLS: 8942	MIN: 0.792ms	AVG: 7.227ms	MAX: 676.010ms	TOTAL: 64622.496ms
P99: 83.974ms	P95: 21.031ms	P50: 2.666ms	SD: 226381.433	RATIO: 10.512%
>>>>> PROC: DELIVERY
CALLS: 897	MIN: 5.680ms	AVG: 52.090ms	MAX: 788.037ms	TOTAL: 46725.039ms
P99: 288.868ms	P95: 156.952ms	P50: 26.105ms	SD: 641955.367	RATIO: 7.601%
>>>>> PROC: OSTAT
CALLS: 889	MIN: 0.371ms	AVG: 3.829ms	MAX: 242.494ms	TOTAL: 3403.543ms
P99: 35.010ms	P95: 11.583ms	P50: 1.191ms	SD: 121981.867	RATIO: 0.554%
+-+-+-+-+-+-+-+-+-+-+-+-+-+-+-+-+-+-+-+-+-+-+-+-+-+-+-+-+-+-+-+-+-+-+-+-+-+
>>>>> VIRTUAL USER 8 : ELAPSED TIME : 612514ms
>>>>> PROC: NEWORD
CALLS: 9958	MIN: 1.828ms	AVG: 24.830ms	MAX: 910.795ms	TOTAL: 247254.292ms
P99: 237.379ms	P95: 114.555ms	P50: 6.982ms	SD: 529869.835	RATIO: 40.367%
>>>>> PROC: SLEV
CALLS: 945	MIN: 2.134ms	AVG: 168.057ms	MAX: 5628.775ms	TOTAL: 158813.993ms
P99: 991.138ms	P95: 605.817ms	P50: 74.284ms	SD: 3082452.179	RATIO: 25.928%
>>>>> PROC: PAYMENT
CALLS: 9686	MIN: 0.871ms	AVG: 15.323ms	MAX: 672.750ms	TOTAL: 148415.555ms
P99: 220.872ms	P95: 99.127ms	P50: 2.580ms	SD: 440606.799	RATIO: 24.231%
>>>>> PROC: DELIVERY
CALLS: 987	MIN: 5.433ms	AVG: 53.223ms	MAX: 866.169ms	TOTAL: 52530.875ms
P99: 336.881ms	P95: 192.605ms	P50: 21.577ms	SD: 742041.056	RATIO: 8.576%
>>>>> PROC: OSTAT
CALLS: 952	MIN: 0.472ms	AVG: 3.085ms	MAX: 203.813ms	TOTAL: 2936.718ms
P99: 29.052ms	P95: 8.137ms	P50: 1.325ms	SD: 86591.094	RATIO: 0.479%
+-+-+-+-+-+-+-+-+-+-+-+-+-+-+-+-+-+-+-+-+-+-+-+-+-+-+-+-+-+-+-+-+-+-+-+-+-+
>>>>> VIRTUAL USER 9 : ELAPSED TIME : 602704ms
>>>>> PROC: NEWORD
CALLS: 10527	MIN: 1.713ms	AVG: 24.558ms	MAX: 995.826ms	TOTAL: 258520.040ms
P99: 234.806ms	P95: 116.596ms	P50: 6.590ms	SD: 532637.599	RATIO: 42.893%
>>>>> PROC: PAYMENT
CALLS: 10698	MIN: 0.786ms	AVG: 15.166ms	MAX: 591.059ms	TOTAL: 162241.257ms
P99: 222.948ms	P95: 96.233ms	P50: 2.623ms	SD: 427915.980	RATIO: 26.919%
>>>>> PROC: SLEV
CALLS: 1024	MIN: 1.689ms	AVG: 117.082ms	MAX: 935.893ms	TOTAL: 119891.626ms
P99: 610.709ms	P95: 414.283ms	P50: 40.530ms	SD: 1499551.108	RATIO: 19.892%
>>>>> PROC: DELIVERY
CALLS: 1134	MIN: 4.965ms	AVG: 48.609ms	MAX: 985.883ms	TOTAL: 55122.812ms
P99: 318.069ms	P95: 176.957ms	P50: 19.248ms	SD: 746522.220	RATIO: 9.146%
>>>>> PROC: OSTAT
CALLS: 1105	MIN: 0.556ms	AVG: 3.812ms	MAX: 269.545ms	TOTAL: 4212.265ms
P99: 57.665ms	P95: 8.964ms	P50: 1.316ms	SD: 130574.589	RATIO: 0.699%
+-+-+-+-+-+-+-+-+-+-+-+-+-+-+-+-+-+-+-+-+-+-+-+-+-+-+-+-+-+-+-+-+-+-+-+-+-+
>>>>> VIRTUAL USER 10 : ELAPSED TIME : 611806ms
>>>>> PROC: NEWORD
CALLS: 11639	MIN: 1.920ms	AVG: 22.712ms	MAX: 998.512ms	TOTAL: 264346.957ms
P99: 231.861ms	P95: 105.584ms	P50: 6.079ms	SD: 498753.498	RATIO: 43.208%
>>>>> PROC: PAYMENT
CALLS: 11486	MIN: 0.787ms	AVG: 13.722ms	MAX: 738.221ms	TOTAL: 157609.595ms
P99: 212.836ms	P95: 82.762ms	P50: 2.352ms	SD: 419782.622	RATIO: 25.761%
>>>>> PROC: SLEV
CALLS: 1170	MIN: 1.607ms	AVG: 106.938ms	MAX: 1125.029ms	TOTAL: 125117.054ms
P99: 669.605ms	P95: 459.525ms	P50: 20.200ms	SD: 1586313.344	RATIO: 20.450%
>>>>> PROC: DELIVERY
CALLS: 1187	MIN: 4.767ms	AVG: 48.386ms	MAX: 756.451ms	TOTAL: 57434.732ms
P99: 323.393ms	P95: 175.177ms	P50: 17.751ms	SD: 700033.838	RATIO: 9.388%
>>>>> PROC: OSTAT
CALLS: 1142	MIN: 0.508ms	AVG: 4.134ms	MAX: 443.243ms	TOTAL: 4721.386ms
P99: 57.366ms	P95: 11.007ms	P50: 1.056ms	SD: 206630.597	RATIO: 0.772%
+-+-+-+-+-+-+-+-+-+-+-+-+-+-+-+-+-+-+-+-+-+-+-+-+-+-+-+-+-+-+-+-+-+-+-+-+-+
>>>>> VIRTUAL USER 11 : ELAPSED TIME : 607827ms
>>>>> PROC: NEWORD
CALLS: 11756	MIN: 1.864ms	AVG: 20.908ms	MAX: 783.468ms	TOTAL: 245796.880ms
P99: 185.643ms	P95: 93.513ms	P50: 6.922ms	SD: 444546.491	RATIO: 40.439%
>>>>> PROC: SLEV
CALLS: 1181	MIN: 2.839ms	AVG: 207.840ms	MAX: 3684.130ms	TOTAL: 245458.618ms
P99: 1271.979ms	P95: 710.325ms	P50: 107.477ms	SD: 2982380.516	RATIO: 40.383%
>>>>> PROC: PAYMENT
CALLS: 11440	MIN: 0.674ms	AVG: 6.132ms	MAX: 349.124ms	TOTAL: 70154.881ms
P99: 76.596ms	P95: 17.238ms	P50: 2.631ms	SD: 134525.879	RATIO: 11.542%
>>>>> PROC: DELIVERY
CALLS: 1150	MIN: 5.034ms	AVG: 35.500ms	MAX: 869.866ms	TOTAL: 40824.939ms
P99: 241.019ms	P95: 112.565ms	P50: 17.717ms	SD: 492223.519	RATIO: 6.717%
>>>>> PROC: OSTAT
CALLS: 1097	MIN: 0.500ms	AVG: 2.713ms	MAX: 209.922ms	TOTAL: 2976.525ms
P99: 37.887ms	P95: 5.718ms	P50: 1.038ms	SD: 97179.217	RATIO: 0.490%
+-+-+-+-+-+-+-+-+-+-+-+-+-+-+-+-+-+-+-+-+-+-+-+-+-+-+-+-+-+-+-+-+-+-+-+-+-+
>>>>> VIRTUAL USER 12 : ELAPSED TIME : 610753ms
>>>>> PROC: NEWORD
CALLS: 9809	MIN: 2.150ms	AVG: 27.542ms	MAX: 1020.532ms	TOTAL: 270159.469ms
P99: 231.968ms	P95: 113.201ms	P50: 9.485ms	SD: 521883.196	RATIO: 44.234%
>>>>> PROC: SLEV
CALLS: 952	MIN: 1.824ms	AVG: 224.043ms	MAX: 3211.725ms	TOTAL: 213289.084ms
P99: 1453.816ms	P95: 757.199ms	P50: 130.491ms	SD: 3049252.145	RATIO: 34.922%
>>>>> PROC: PAYMENT
CALLS: 9809	MIN: 0.838ms	AVG: 7.356ms	MAX: 2639.450ms	TOTAL: 72153.961ms
P99: 83.525ms	P95: 19.940ms	P50: 2.789ms	SD: 339275.040	RATIO: 11.814%
>>>>> PROC: DELIVERY
CALLS: 953	MIN: 5.742ms	AVG: 51.035ms	MAX: 840.758ms	TOTAL: 48636.122ms
P99: 284.162ms	P95: 167.552ms	P50: 26.676ms	SD: 636558.901	RATIO: 7.963%
>>>>> PROC: OSTAT
CALLS: 1005	MIN: 0.499ms	AVG: 4.164ms	MAX: 392.390ms	TOTAL: 4184.438ms
P99: 49.112ms	P95: 11.100ms	P50: 1.317ms	SD: 160340.135	RATIO: 0.685%
+-+-+-+-+-+-+-+-+-+-+-+-+-+-+-+-+-+-+-+-+-+-+-+-+-+-+-+-+-+-+-+-+-+-+-+-+-+
>>>>> VIRTUAL USER 13 : ELAPSED TIME : 606776ms
>>>>> PROC: NEWORD
CALLS: 14206	MIN: 1.858ms	AVG: 18.843ms	MAX: 826.273ms	TOTAL: 267683.927ms
P99: 182.560ms	P95: 86.386ms	P50: 6.175ms	SD: 426406.606	RATIO: 44.116%
>>>>> PROC: SLEV
CALLS: 1494	MIN: 1.722ms	AVG: 125.910ms	MAX: 3366.635ms	TOTAL: 188109.973ms
P99: 932.785ms	P95: 563.614ms	P50: 16.581ms	SD: 2381585.037	RATIO: 31.002%
>>>>> PROC: PAYMENT
CALLS: 14198	MIN: 0.811ms	AVG: 6.314ms	MAX: 745.557ms	TOTAL: 89649.876ms
P99: 76.498ms	P95: 16.961ms	P50: 2.539ms	SD: 197321.306	RATIO: 14.775%
>>>>> PROC: DELIVERY
CALLS: 1463	MIN: 4.389ms	AVG: 37.229ms	MAX: 744.866ms	TOTAL: 54466.001ms
P99: 256.705ms	P95: 133.398ms	P50: 16.465ms	SD: 567834.103	RATIO: 8.976%
>>>>> PROC: OSTAT
CALLS: 1407	MIN: 0.519ms	AVG: 2.358ms	MAX: 109.603ms	TOTAL: 3317.168ms
P99: 26.296ms	P95: 5.494ms	P50: 1.125ms	SD: 61225.212	RATIO: 0.547%
+-+-+-+-+-+-+-+-+-+-+-+-+-+-+-+-+-+-+-+-+-+-+-+-+-+-+-+-+-+-+-+-+-+-+-+-+-+
>>>>> VIRTUAL USER 14 : ELAPSED TIME : 609745ms
>>>>> PROC: NEWORD
CALLS: 9777	MIN: 1.789ms	AVG: 24.022ms	MAX: 831.177ms	TOTAL: 234865.058ms
P99: 233.586ms	P95: 108.304ms	P50: 6.569ms	SD: 505350.864	RATIO: 38.519%
>>>>> PROC: SLEV
CALLS: 977	MIN: 2.036ms	AVG: 173.605ms	MAX: 4944.596ms	TOTAL: 169612.460ms
P99: 1067.975ms	P95: 649.277ms	P50: 82.824ms	SD: 2692094.017	RATIO: 27.817%
>>>>> PROC: PAYMENT
CALLS: 9892	MIN: 0.826ms	AVG: 15.619ms	MAX: 988.723ms	TOTAL: 154499.307ms
P99: 228.198ms	P95: 102.463ms	P50: 2.531ms	SD: 448419.828	RATIO: 25.338%
>>>>> PROC: DELIVERY
CALLS: 958	MIN: 5.275ms	AVG: 47.091ms	MAX: 696.313ms	TOTAL: 45113.495ms
P99: 298.639ms	P95: 178.671ms	P50: 18.079ms	SD: 647044.867	RATIO: 7.399%
>>>>> PROC: OSTAT
CALLS: 924	MIN: 0.493ms	AVG: 3.600ms	MAX: 195.078ms	TOTAL: 3326.366ms
P99: 43.293ms	P95: 10.833ms	P50: 1.114ms	SD: 118037.287	RATIO: 0.546%
+-+-+-+-+-+-+-+-+-+-+-+-+-+-+-+-+-+-+-+-+-+-+-+-+-+-+-+-+-+-+-+-+-+-+-+-+-+
>>>>> VIRTUAL USER 15 : ELAPSED TIME : 599560ms
>>>>> PROC: SLEV
CALLS: 822	MIN: 1.959ms	AVG: 294.021ms	MAX: 4263.237ms	TOTAL: 241685.660ms
P99: 1958.451ms	P95: 781.993ms	P50: 191.717ms	SD: 3766098.445	RATIO: 40.311%
>>>>> PROC: NEWORD
CALLS: 8450	MIN: 2.071ms	AVG: 28.516ms	MAX: 1581.014ms	TOTAL: 240957.183ms
P99: 248.530ms	P95: 113.683ms	P50: 9.653ms	SD: 588706.291	RATIO: 40.189%
>>>>> PROC: PAYMENT
CALLS: 8632	MIN: 0.828ms	AVG: 7.104ms	MAX: 636.096ms	TOTAL: 61325.155ms
P99: 84.182ms	P95: 21.759ms	P50: 2.858ms	SD: 183120.758	RATIO: 10.228%
>>>>> PROC: DELIVERY
CALLS: 852	MIN: 6.989ms	AVG: 57.747ms	MAX: 1130.969ms	TOTAL: 49200.392ms
P99: 291.933ms	P95: 178.086ms	P50: 31.174ms	SD: 744991.009	RATIO: 8.206%
>>>>> PROC: OSTAT
CALLS: 868	MIN: 0.546ms	AVG: 5.073ms	MAX: 392.981ms	TOTAL: 4403.312ms
P99: 90.459ms	P95: 12.214ms	P50: 1.256ms	SD: 215661.252	RATIO: 0.734%
+-+-+-+-+-+-+-+-+-+-+-+-+-+-+-+-+-+-+-+-+-+-+-+-+-+-+-+-+-+-+-+-+-+-+-+-+-+
>>>>> VIRTUAL USER 16 : ELAPSED TIME : 606849ms
>>>>> PROC: NEWORD
CALLS: 12894	MIN: 1.996ms	AVG: 23.638ms	MAX: 2459.260ms	TOTAL: 304792.063ms
P99: 199.664ms	P95: 104.889ms	P50: 7.710ms	SD: 510065.876	RATIO: 50.225%
>>>>> PROC: SLEV
CALLS: 1304	MIN: 2.050ms	AVG: 109.515ms	MAX: 1088.615ms	TOTAL: 142807.093ms
P99: 754.550ms	P95: 454.999ms	P50: 20.053ms	SD: 1645120.232	RATIO: 23.533%
>>>>> PROC: PAYMENT
CALLS: 12933	MIN: 0.901ms	AVG: 6.533ms	MAX: 567.700ms	TOTAL: 84487.707ms
P99: 84.437ms	P95: 18.170ms	P50: 2.612ms	SD: 165553.288	RATIO: 13.922%
>>>>> PROC: DELIVERY
CALLS: 1279	MIN: 5.985ms	AVG: 52.038ms	MAX: 764.604ms	TOTAL: 66556.772ms
P99: 376.652ms	P95: 185.445ms	P50: 20.967ms	SD: 792573.766	RATIO: 10.968%
>>>>> PROC: OSTAT
CALLS: 1286	MIN: 0.528ms	AVG: 3.890ms	MAX: 374.220ms	TOTAL: 5002.855ms
P99: 47.913ms	P95: 9.639ms	P50: 1.351ms	SD: 161297.186	RATIO: 0.824%
+-+-+-+-+-+-+-+-+-+-+-+-+-+-+-+-+-+-+-+-+-+-+-+-+-+-+-+-+-+-+-+-+-+-+-+-+-+
>>>>> VIRTUAL USER 17 : ELAPSED TIME : 597864ms
>>>>> PROC: SLEV
CALLS: 1158	MIN: 2.831ms	AVG: 211.854ms	MAX: 3597.680ms	TOTAL: 245326.785ms
P99: 1382.506ms	P95: 733.266ms	P50: 86.934ms	SD: 3312196.209	RATIO: 41.034%
>>>>> PROC: NEWORD
CALLS: 10853	MIN: 1.980ms	AVG: 20.910ms	MAX: 1186.370ms	TOTAL: 226937.816ms
P99: 184.094ms	P95: 91.607ms	P50: 7.155ms	SD: 471187.894	RATIO: 37.958%
>>>>> PROC: PAYMENT
CALLS: 11369	MIN: 0.823ms	AVG: 6.928ms	MAX: 719.936ms	TOTAL: 78766.626ms
P99: 81.371ms	P95: 19.104ms	P50: 2.758ms	SD: 196045.900	RATIO: 13.175%
>>>>> PROC: DELIVERY
CALLS: 1113	MIN: 4.644ms	AVG: 37.144ms	MAX: 598.493ms	TOTAL: 41340.725ms
P99: 276.337ms	P95: 131.574ms	P50: 17.552ms	SD: 530513.973	RATIO: 6.915%
>>>>> PROC: OSTAT
CALLS: 1107	MIN: 0.546ms	AVG: 2.486ms	MAX: 73.288ms	TOTAL: 2751.541ms
P99: 29.338ms	P95: 6.394ms	P50: 1.165ms	SD: 57296.122	RATIO: 0.460%
+-+-+-+-+-+-+-+-+-+-+-+-+-+-+-+-+-+-+-+-+-+-+-+-+-+-+-+-+-+-+-+-+-+-+-+-+-+
>>>>> VIRTUAL USER 18 : ELAPSED TIME : 602341ms
>>>>> PROC: NEWORD
CALLS: 13339	MIN: 1.823ms	AVG: 19.726ms	MAX: 778.278ms	TOTAL: 263123.858ms
P99: 205.411ms	P95: 98.542ms	P50: 5.325ms	SD: 427933.981	RATIO: 43.684%
>>>>> PROC: PAYMENT
CALLS: 13329	MIN: 0.829ms	AVG: 12.030ms	MAX: 681.415ms	TOTAL: 160348.622ms
P99: 194.538ms	P95: 73.457ms	P50: 2.305ms	SD: 373637.879	RATIO: 26.621%
>>>>> PROC: SLEV
CALLS: 1353	MIN: 1.725ms	AVG: 92.084ms	MAX: 1265.902ms	TOTAL: 124589.473ms
P99: 719.380ms	P95: 366.751ms	P50: 13.689ms	SD: 1517841.013	RATIO: 20.684%
>>>>> PROC: DELIVERY
CALLS: 1353	MIN: 3.643ms	AVG: 35.593ms	MAX: 850.339ms	TOTAL: 48156.723ms
P99: 260.124ms	P95: 143.554ms	P50: 13.797ms	SD: 625444.076	RATIO: 7.995%
>>>>> PROC: OSTAT
CALLS: 1346	MIN: 0.514ms	AVG: 2.301ms	MAX: 428.984ms	TOTAL: 3097.468ms
P99: 27.763ms	P95: 4.775ms	P50: 0.937ms	SD: 126950.035	RATIO: 0.514%
+-+-+-+-+-+-+-+-+-+-+-+-+-+-+-+-+-+-+-+-+-+-+-+-+-+-+-+-+-+-+-+-+-+-+-+-+-+
>>>>> VIRTUAL USER 19 : ELAPSED TIME : 599614ms
>>>>> PROC: NEWORD
CALLS: 13102	MIN: 1.920ms	AVG: 24.256ms	MAX: 857.677ms	TOTAL: 317798.264ms
P99: 206.923ms	P95: 105.514ms	P50: 8.017ms	SD: 474680.506	RATIO: 53.000%
>>>>> PROC: SLEV
CALLS: 1271	MIN: 1.925ms	AVG: 104.618ms	MAX: 1181.834ms	TOTAL: 132969.609ms
P99: 703.697ms	P95: 413.477ms	P50: 23.350ms	SD: 1521274.176	RATIO: 22.176%
>>>>> PROC: PAYMENT
CALLS: 12791	MIN: 0.838ms	AVG: 6.220ms	MAX: 614.442ms	TOTAL: 79556.559ms
P99: 81.138ms	P95: 17.071ms	P50: 2.457ms	SD: 179413.098	RATIO: 13.268%
>>>>> PROC: DELIVERY
CALLS: 1282	MIN: 5.805ms	AVG: 48.066ms	MAX: 802.910ms	TOTAL: 61621.157ms
P99: 376.005ms	P95: 160.650ms	P50: 21.764ms	SD: 730106.935	RATIO: 10.277%
>>>>> PROC: OSTAT
CALLS: 1250	MIN: 0.533ms	AVG: 3.768ms	MAX: 561.952ms	TOTAL: 4709.555ms
P99: 39.928ms	P95: 10.522ms	P50: 1.208ms	SD: 179446.990	RATIO: 0.785%
+-+-+-+-+-+-+-+-+-+-+-+-+-+-+-+-+-+-+-+-+-+-+-+-+-+-+-+-+-+-+-+-+-+-+-+-+-+
>>>>> VIRTUAL USER 20 : ELAPSED TIME : 600150ms
>>>>> PROC: NEWORD
CALLS: 11923	MIN: 1.796ms	AVG: 20.456ms	MAX: 1320.168ms	TOTAL: 243892.187ms
P99: 181.602ms	P95: 89.431ms	P50: 7.032ms	SD: 447845.768	RATIO: 40.639%
>>>>> PROC: SLEV
CALLS: 1226	MIN: 1.832ms	AVG: 187.378ms	MAX: 2843.100ms	TOTAL: 229724.995ms
P99: 1075.244ms	P95: 718.247ms	P50: 74.810ms	SD: 2730747.259	RATIO: 38.278%
>>>>> PROC: PAYMENT
CALLS: 12122	MIN: 0.774ms	AVG: 6.601ms	MAX: 663.999ms	TOTAL: 80013.464ms
P99: 79.779ms	P95: 18.141ms	P50: 2.782ms	SD: 184979.635	RATIO: 13.332%
>>>>> PROC: DELIVERY
CALLS: 1157	MIN: 4.928ms	AVG: 34.721ms	MAX: 669.741ms	TOTAL: 40171.777ms
P99: 212.481ms	P95: 126.778ms	P50: 17.624ms	SD: 478135.250	RATIO: 6.694%
>>>>> PROC: OSTAT
CALLS: 1220	MIN: 0.357ms	AVG: 2.753ms	MAX: 223.846ms	TOTAL: 3358.483ms
P99: 33.987ms	P95: 6.308ms	P50: 1.129ms	SD: 107063.316	RATIO: 0.560%
+-+-+-+-+-+-+-+-+-+-+-+-+-+-+-+-+-+-+-+-+-+-+-+-+-+-+-+-+-+-+-+-+-+-+-+-+-+
>>>>> VIRTUAL USER 21 : ELAPSED TIME : 600169ms
>>>>> PROC: NEWORD
CALLS: 11529	MIN: 1.944ms	AVG: 20.604ms	MAX: 4942.294ms	TOTAL: 237546.050ms
P99: 185.873ms	P95: 91.459ms	P50: 6.964ms	SD: 633966.801	RATIO: 39.580%
>>>>> PROC: SLEV
CALLS: 1185	MIN: 2.426ms	AVG: 197.951ms	MAX: 2307.506ms	TOTAL: 234572.471ms
P99: 1415.031ms	P95: 709.217ms	P50: 88.216ms	SD: 2898376.348	RATIO: 39.084%
>>>>> PROC: PAYMENT
CALLS: 11611	MIN: 0.638ms	AVG: 6.721ms	MAX: 791.283ms	TOTAL: 78039.688ms
P99: 84.601ms	P95: 18.714ms	P50: 2.725ms	SD: 191114.772	RATIO: 13.003%
>>>>> PROC: DELIVERY
CALLS: 1133	MIN: 4.476ms	AVG: 38.855ms	MAX: 1466.137ms	TOTAL: 44022.153ms
P99: 234.530ms	P95: 119.371ms	P50: 18.411ms	SD: 685563.661	RATIO: 7.335%
>>>>> PROC: OSTAT
CALLS: 1166	MIN: 0.452ms	AVG: 2.678ms	MAX: 420.601ms	TOTAL: 3123.109ms
P99: 21.226ms	P95: 5.203ms	P50: 1.170ms	SD: 141483.234	RATIO: 0.520%
+-+-+-+-+-+-+-+-+-+-+-+-+-+-+-+-+-+-+-+-+-+-+-+-+-+-+-+-+-+-+-+-+-+-+-+-+-+
>>>>> VIRTUAL USER 22 : ELAPSED TIME : 595475ms
>>>>> PROC: NEWORD
CALLS: 11874	MIN: 1.499ms	AVG: 21.354ms	MAX: 820.218ms	TOTAL: 253552.974ms
P99: 215.605ms	P95: 103.291ms	P50: 5.579ms	SD: 475537.602	RATIO: 42.580%
>>>>> PROC: PAYMENT
CALLS: 11602	MIN: 0.801ms	AVG: 13.094ms	MAX: 903.265ms	TOTAL: 151920.045ms
P99: 219.448ms	P95: 78.645ms	P50: 2.415ms	SD: 411633.720	RATIO: 25.512%
>>>>> PROC: SLEV
CALLS: 1244	MIN: 1.844ms	AVG: 113.760ms	MAX: 1423.719ms	TOTAL: 141517.801ms
P99: 840.343ms	P95: 534.262ms	P50: 16.874ms	SD: 1869680.109	RATIO: 23.766%
>>>>> PROC: DELIVERY
CALLS: 1135	MIN: 4.361ms	AVG: 37.658ms	MAX: 1269.368ms	TOTAL: 42741.603ms
P99: 261.964ms	P95: 135.618ms	P50: 15.213ms	SD: 672463.108	RATIO: 7.178%
>>>>> PROC: OSTAT
CALLS: 1193	MIN: 0.520ms	AVG: 2.548ms	MAX: 605.071ms	TOTAL: 3040.029ms
P99: 21.394ms	P95: 5.251ms	P50: 0.998ms	SD: 181116.256	RATIO: 0.511%
+-+-+-+-+-+-+-+-+-+-+-+-+-+-+-+-+-+-+-+-+-+-+-+-+-+-+-+-+-+-+-+-+-+-+-+-+-+
>>>>> VIRTUAL USER 23 : ELAPSED TIME : 595276ms
>>>>> PROC: NEWORD
CALLS: 11022	MIN: 1.722ms	AVG: 21.447ms	MAX: 876.596ms	TOTAL: 236384.445ms
P99: 217.234ms	P95: 103.756ms	P50: 5.566ms	SD: 486190.842	RATIO: 39.710%
>>>>> PROC: PAYMENT
CALLS: 10963	MIN: 0.838ms	AVG: 15.488ms	MAX: 941.631ms	TOTAL: 169795.875ms
P99: 225.347ms	P95: 98.389ms	P50: 2.502ms	SD: 457426.408	RATIO: 28.524%
>>>>> PROC: SLEV
CALLS: 1082	MIN: 1.916ms	AVG: 125.951ms	MAX: 2366.713ms	TOTAL: 136279.295ms
P99: 812.347ms	P95: 523.027ms	P50: 27.632ms	SD: 1942559.248	RATIO: 22.893%
>>>>> PROC: DELIVERY
CALLS: 1139	MIN: 3.641ms	AVG: 42.055ms	MAX: 643.389ms	TOTAL: 47900.377ms
P99: 427.549ms	P95: 149.169ms	P50: 16.048ms	SD: 704598.632	RATIO: 8.047%
>>>>> PROC: OSTAT
CALLS: 1042	MIN: 0.450ms	AVG: 2.323ms	MAX: 178.425ms	TOTAL: 2420.271ms
P99: 29.391ms	P95: 5.498ms	P50: 0.920ms	SD: 87476.301	RATIO: 0.407%
+-+-+-+-+-+-+-+-+-+-+-+-+-+-+-+-+-+-+-+-+-+-+-+-+-+-+-+-+-+-+-+-+-+-+-+-+-+
>>>>> VIRTUAL USER 24 : ELAPSED TIME : 603384ms
>>>>> PROC: NEWORD
CALLS: 15974	MIN: 1.822ms	AVG: 19.127ms	MAX: 6410.318ms	TOTAL: 305533.707ms
P99: 184.046ms	P95: 88.490ms	P50: 5.944ms	SD: 659342.882	RATIO: 50.637%
>>>>> PROC: SLEV
CALLS: 1603	MIN: 1.628ms	AVG: 80.997ms	MAX: 867.399ms	TOTAL: 129838.431ms
P99: 630.609ms	P95: 351.042ms	P50: 8.482ms	SD: 1357514.976	RATIO: 21.518%
>>>>> PROC: PAYMENT
CALLS: 16129	MIN: 0.668ms	AVG: 5.940ms	MAX: 614.422ms	TOTAL: 95801.682ms
P99: 79.175ms	P95: 16.017ms	P50: 2.508ms	SD: 155293.082	RATIO: 15.877%
>>>>> PROC: DELIVERY
CALLS: 1642	MIN: 4.099ms	AVG: 38.785ms	MAX: 1069.862ms	TOTAL: 63684.279ms
P99: 271.011ms	P95: 139.200ms	P50: 16.070ms	SD: 680393.368	RATIO: 10.555%
>>>>> PROC: OSTAT
CALLS: 1516	MIN: 0.367ms	AVG: 2.991ms	MAX: 652.866ms	TOTAL: 4535.068ms
P99: 23.316ms	P95: 5.483ms	P50: 1.110ms	SD: 197701.570	RATIO: 0.752%
+-+-+-+-+-+-+-+-+-+-+-+-+-+-+-+-+-+-+-+-+-+-+-+-+-+-+-+-+-+-+-+-+-+-+-+-+-+
>>>>> VIRTUAL USER 25 : ELAPSED TIME : 597234ms
>>>>> PROC: NEWORD
CALLS: 8901	MIN: 1.884ms	AVG: 27.419ms	MAX: 5842.245ms	TOTAL: 244052.524ms
P99: 256.045ms	P95: 121.873ms	P50: 7.231ms	SD: 830100.025	RATIO: 40.864%
>>>>> PROC: PAYMENT
CALLS: 8962	MIN: 0.865ms	AVG: 16.964ms	MAX: 1399.078ms	TOTAL: 152028.214ms
P99: 229.096ms	P95: 112.251ms	P50: 2.712ms	SD: 490649.676	RATIO: 25.455%
>>>>> PROC: SLEV
CALLS: 873	MIN: 2.730ms	AVG: 166.469ms	MAX: 4187.440ms	TOTAL: 145327.553ms
P99: 1144.761ms	P95: 570.759ms	P50: 67.214ms	SD: 2867228.405	RATIO: 24.333%
>>>>> PROC: DELIVERY
CALLS: 945	MIN: 6.247ms	AVG: 53.459ms	MAX: 710.691ms	TOTAL: 50518.765ms
P99: 346.239ms	P95: 181.895ms	P50: 23.144ms	SD: 752657.756	RATIO: 8.459%
>>>>> PROC: OSTAT
CALLS: 927	MIN: 0.404ms	AVG: 3.279ms	MAX: 146.116ms	TOTAL: 3039.618ms
P99: 28.014ms	P95: 10.612ms	P50: 1.381ms	SD: 77019.295	RATIO: 0.509%
+-+-+-+-+-+-+-+-+-+-+-+-+-+-+-+-+-+-+-+-+-+-+-+-+-+-+-+-+-+-+-+-+-+-+-+-+-+
>>>>> VIRTUAL USER 26 : ELAPSED TIME : 589585ms
>>>>> PROC: NEWORD
CALLS: 10043	MIN: 1.788ms	AVG: 24.635ms	MAX: 1461.227ms	TOTAL: 247404.570ms
P99: 237.297ms	P95: 114.830ms	P50: 6.900ms	SD: 535721.545	RATIO: 41.962%
>>>>> PROC: PAYMENT
CALLS: 9966	MIN: 0.686ms	AVG: 14.243ms	MAX: 726.879ms	TOTAL: 141943.937ms
P99: 216.369ms	P95: 86.927ms	P50: 2.642ms	SD: 407584.954	RATIO: 24.075%
>>>>> PROC: SLEV
CALLS: 974	MIN: 1.946ms	AVG: 143.142ms	MAX: 3501.639ms	TOTAL: 139420.308ms
P99: 788.116ms	P95: 464.546ms	P50: 52.960ms	SD: 2434218.070	RATIO: 23.647%
>>>>> PROC: DELIVERY
CALLS: 997	MIN: 5.528ms	AVG: 55.119ms	MAX: 909.833ms	TOTAL: 54953.457ms
P99: 359.369ms	P95: 206.959ms	P50: 19.918ms	SD: 866256.651	RATIO: 9.321%
>>>>> PROC: OSTAT
CALLS: 1012	MIN: 0.566ms	AVG: 3.497ms	MAX: 226.834ms	TOTAL: 3538.596ms
P99: 48.044ms	P95: 9.661ms	P50: 1.232ms	SD: 106517.853	RATIO: 0.600%
+-+-+-+-+-+-+-+-+-+-+-+-+-+-+-+-+-+-+-+-+-+-+-+-+-+-+-+-+-+-+-+-+-+-+-+-+-+
>>>>> VIRTUAL USER 27 : ELAPSED TIME : 603074ms
>>>>> PROC: NEWORD
CALLS: 9617	MIN: 1.299ms	AVG: 23.301ms	MAX: 854.159ms	TOTAL: 224089.182ms
P99: 234.761ms	P95: 110.940ms	P50: 6.454ms	SD: 505402.556	RATIO: 37.158%
>>>>> PROC: SLEV
CALLS: 1005	MIN: 1.936ms	AVG: 180.259ms	MAX: 5007.894ms	TOTAL: 181159.952ms
P99: 1174.089ms	P95: 598.630ms	P50: 80.630ms	SD: 3598716.529	RATIO: 30.039%
>>>>> PROC: PAYMENT
CALLS: 10008	MIN: 0.638ms	AVG: 14.459ms	MAX: 778.012ms	TOTAL: 144707.453ms
P99: 215.665ms	P95: 91.693ms	P50: 2.537ms	SD: 427336.009	RATIO: 23.995%
>>>>> PROC: DELIVERY
CALLS: 982	MIN: 4.811ms	AVG: 48.661ms	MAX: 844.565ms	TOTAL: 47785.589ms
P99: 296.618ms	P95: 195.775ms	P50: 19.201ms	SD: 727683.395	RATIO: 7.924%
>>>>> PROC: OSTAT
CALLS: 916	MIN: 0.334ms	AVG: 3.443ms	MAX: 311.602ms	TOTAL: 3153.884ms
P99: 46.693ms	P95: 8.159ms	P50: 1.211ms	SD: 130973.493	RATIO: 0.523%
+-+-+-+-+-+-+-+-+-+-+-+-+-+-+-+-+-+-+-+-+-+-+-+-+-+-+-+-+-+-+-+-+-+-+-+-+-+
>>>>> VIRTUAL USER 28 : ELAPSED TIME : 600376ms
>>>>> PROC: NEWORD
CALLS: 8927	MIN: 1.394ms	AVG: 27.820ms	MAX: 1359.965ms	TOTAL: 248346.279ms
P99: 223.903ms	P95: 111.035ms	P50: 10.164ms	SD: 519996.982	RATIO: 41.365%
>>>>> PROC: SLEV
CALLS: 910	MIN: 1.862ms	AVG: 242.652ms	MAX: 3572.539ms	TOTAL: 220813.094ms
P99: 1486.733ms	P95: 778.745ms	P50: 142.696ms	SD: 3272071.315	RATIO: 36.779%
>>>>> PROC: PAYMENT
CALLS: 8801	MIN: 0.740ms	AVG: 7.677ms	MAX: 1132.616ms	TOTAL: 67562.827ms
P99: 84.713ms	P95: 22.479ms	P50: 2.887ms	SD: 257525.272	RATIO: 11.253%
>>>>> PROC: DELIVERY
CALLS: 954	MIN: 7.063ms	AVG: 60.137ms	MAX: 718.688ms	TOTAL: 57370.238ms
P99: 475.127ms	P95: 195.115ms	P50: 29.649ms	SD: 822759.297	RATIO: 9.556%
>>>>> PROC: OSTAT
CALLS: 888	MIN: 0.470ms	AVG: 4.595ms	MAX: 498.479ms	TOTAL: 4080.654ms
P99: 38.966ms	P95: 11.101ms	P50: 1.513ms	SD: 207934.504	RATIO: 0.680%
+-+-+-+-+-+-+-+-+-+-+-+-+-+-+-+-+-+-+-+-+-+-+-+-+-+-+-+-+-+-+-+-+-+-+-+-+-+
>>>>> VIRTUAL USER 29 : ELAPSED TIME : 589602ms
>>>>> PROC: NEWORD
CALLS: 11996	MIN: 1.900ms	AVG: 25.621ms	MAX: 830.301ms	TOTAL: 307344.220ms
P99: 216.567ms	P95: 107.906ms	P50: 8.783ms	SD: 509747.574	RATIO: 52.127%
>>>>> PROC: SLEV
CALLS: 1166	MIN: 2.055ms	AVG: 114.559ms	MAX: 1235.088ms	TOTAL: 133575.877ms
P99: 670.877ms	P95: 426.411ms	P50: 23.651ms	SD: 1584405.681	RATIO: 22.655%
>>>>> PROC: PAYMENT
CALLS: 11913	MIN: 0.785ms	AVG: 7.033ms	MAX: 982.543ms	TOTAL: 83788.138ms
P99: 88.785ms	P95: 19.481ms	P50: 2.713ms	SD: 228127.643	RATIO: 14.211%
>>>>> PROC: DELIVERY
CALLS: 1213	MIN: 5.807ms	AVG: 46.759ms	MAX: 548.524ms	TOTAL: 56718.300ms
P99: 233.264ms	P95: 157.707ms	P50: 22.173ms	SD: 542659.650	RATIO: 9.620%
>>>>> PROC: OSTAT
CALLS: 1232	MIN: 0.499ms	AVG: 4.209ms	MAX: 607.257ms	TOTAL: 5185.277ms
P99: 37.571ms	P95: 9.663ms	P50: 1.521ms	SD: 213502.692	RATIO: 0.879%
+-+-+-+-+-+-+-+-+-+-+-+-+-+-+-+-+-+-+-+-+-+-+-+-+-+-+-+-+-+-+-+-+-+-+-+-+-+
>>>>> VIRTUAL USER 30 : ELAPSED TIME : 589536ms
>>>>> PROC: NEWORD
CALLS: 12694	MIN: 1.802ms	AVG: 20.271ms	MAX: 808.147ms	TOTAL: 257322.387ms
P99: 208.956ms	P95: 99.970ms	P50: 5.412ms	SD: 453236.213	RATIO: 43.648%
>>>>> PROC: PAYMENT
CALLS: 12868	MIN: 0.806ms	AVG: 12.836ms	MAX: 1760.237ms	TOTAL: 165176.002ms
P99: 207.066ms	P95: 76.388ms	P50: 2.383ms	SD: 426432.556	RATIO: 28.018%
>>>>> PROC: SLEV
CALLS: 1309	MIN: 1.596ms	AVG: 85.807ms	MAX: 1073.725ms	TOTAL: 112321.023ms
P99: 655.802ms	P95: 368.435ms	P50: 14.028ms	SD: 1431228.425	RATIO: 19.052%
>>>>> PROC: DELIVERY
CALLS: 1248	MIN: 4.002ms	AVG: 38.980ms	MAX: 792.821ms	TOTAL: 48647.079ms
P99: 296.764ms	P95: 156.696ms	P50: 14.841ms	SD: 656437.387	RATIO: 8.252%
>>>>> PROC: OSTAT
CALLS: 1273	MIN: 0.484ms	AVG: 2.475ms	MAX: 595.874ms	TOTAL: 3150.143ms
P99: 19.153ms	P95: 5.127ms	P50: 0.990ms	SD: 173061.713	RATIO: 0.534%
+-+-+-+-+-+-+-+-+-+-+-+-+-+-+-+-+-+-+-+-+-+-+-+-+-+-+-+-+-+-+-+-+-+-+-+-+-+
>>>>> VIRTUAL USER 31 : ELAPSED TIME : 591985ms
>>>>> PROC: NEWORD
CALLS: 11684	MIN: 1.989ms	AVG: 20.341ms	MAX: 825.489ms	TOTAL: 237662.361ms
P99: 178.654ms	P95: 90.500ms	P50: 6.837ms	SD: 436751.301	RATIO: 40.147%
>>>>> PROC: SLEV
CALLS: 1119	MIN: 1.964ms	AVG: 210.047ms	MAX: 3870.078ms	TOTAL: 235042.465ms
P99: 1370.349ms	P95: 774.541ms	P50: 90.494ms	SD: 3347132.086	RATIO: 39.704%
>>>>> PROC: PAYMENT
CALLS: 11433	MIN: 0.858ms	AVG: 6.635ms	MAX: 845.574ms	TOTAL: 75860.081ms
P99: 83.532ms	P95: 17.840ms	P50: 2.621ms	SD: 196511.810	RATIO: 12.815%
>>>>> PROC: DELIVERY
CALLS: 1070	MIN: 4.654ms	AVG: 35.684ms	MAX: 365.499ms	TOTAL: 38181.681ms
P99: 222.761ms	P95: 132.887ms	P50: 16.690ms	SD: 457951.346	RATIO: 6.450%
>>>>> PROC: OSTAT
CALLS: 1190	MIN: 0.520ms	AVG: 2.231ms	MAX: 150.481ms	TOTAL: 2654.572ms
P99: 12.175ms	P95: 4.942ms	P50: 1.001ms	SD: 72694.345	RATIO: 0.448%
+-+-+-+-+-+-+-+-+-+-+-+-+-+-+-+-+-+-+-+-+-+-+-+-+-+-+-+-+-+-+-+-+-+-+-+-+-+
>>>>> VIRTUAL USER 32 : ELAPSED TIME : 594077ms
>>>>> PROC: NEWORD
CALLS: 10207	MIN: 1.816ms	AVG: 22.917ms	MAX: 858.858ms	TOTAL: 233909.144ms
P99: 227.636ms	P95: 107.937ms	P50: 5.737ms	SD: 515115.159	RATIO: 39.374%
>>>>> PROC: PAYMENT
CALLS: 10241	MIN: 0.817ms	AVG: 16.188ms	MAX: 645.463ms	TOTAL: 165783.965ms
P99: 228.185ms	P95: 105.761ms	P50: 2.652ms	SD: 448328.774	RATIO: 27.906%
>>>>> PROC: SLEV
CALLS: 1015	MIN: 1.425ms	AVG: 144.399ms	MAX: 3044.751ms	TOTAL: 146564.752ms
P99: 928.271ms	P95: 571.374ms	P50: 41.058ms	SD: 2276057.388	RATIO: 24.671%
>>>>> PROC: DELIVERY
CALLS: 1048	MIN: 3.999ms	AVG: 40.176ms	MAX: 688.593ms	TOTAL: 42104.533ms
P99: 260.666ms	P95: 155.245ms	P50: 16.670ms	SD: 586366.283	RATIO: 7.087%
>>>>> PROC: OSTAT
CALLS: 1041	MIN: 0.473ms	AVG: 2.944ms	MAX: 747.974ms	TOTAL: 3065.046ms
P99: 23.368ms	P95: 5.204ms	P50: 1.103ms	SD: 237326.644	RATIO: 0.516%
+-+-+-+-+-+-+-+-+-+-+-+-+-+-+-+-+-+-+-+-+-+-+-+-+-+-+-+-+-+-+-+-+-+-+-+-+-+
>>>>> VIRTUAL USER 33 : ELAPSED TIME : 599611ms
>>>>> PROC: NEWORD
CALLS: 11121	MIN: 1.109ms	AVG: 22.206ms	MAX: 863.063ms	TOTAL: 246949.040ms
P99: 232.075ms	P95: 110.306ms	P50: 5.653ms	SD: 509107.133	RATIO: 41.185%
>>>>> PROC: PAYMENT
CALLS: 11050	MIN: 0.563ms	AVG: 15.532ms	MAX: 1088.586ms	TOTAL: 171628.921ms
P99: 224.719ms	P95: 98.790ms	P50: 2.561ms	SD: 448039.939	RATIO: 28.623%
>>>>> PROC: SLEV
CALLS: 1135	MIN: 1.616ms	AVG: 110.886ms	MAX: 1368.652ms	TOTAL: 125855.584ms
P99: 652.860ms	P95: 431.277ms	P50: 23.992ms	SD: 1573257.532	RATIO: 20.990%
>>>>> PROC: DELIVERY
CALLS: 1121	MIN: 3.275ms	AVG: 43.334ms	MAX: 778.749ms	TOTAL: 48577.390ms
P99: 341.211ms	P95: 157.322ms	P50: 15.709ms	SD: 744511.838	RATIO: 8.101%
>>>>> PROC: OSTAT
CALLS: 1173	MIN: 0.358ms	AVG: 3.228ms	MAX: 630.054ms	TOTAL: 3786.056ms
P99: 27.756ms	P95: 5.856ms	P50: 1.125ms	SD: 214169.120	RATIO: 0.631%
+-+-+-+-+-+-+-+-+-+-+-+-+-+-+-+-+-+-+-+-+-+-+-+-+-+-+-+-+-+-+-+-+-+-+-+-+-+
>>>>> SUMMARY OF 32 ACTIVE VIRTUAL USERS : MEDIAN ELAPSED TIME : 602522ms
>>>>> PROC: NEWORD
CALLS: 753490	MIN: 1.109ms	AVG: 21.990ms	MAX: 6410.314ms	TOTAL: 16569361.271ms
P99: 210.272ms	P95: 100.541ms	P50: 6.642ms	SD: 504989.992	RATIO: 85.937%
>>>>> PROC: SLEV
CALLS: 75780	MIN: 1.425ms	AVG: 145.776ms	MAX: 5792.938ms	TOTAL: 11046876.808ms
P99: 985.266ms	P95: 574.608ms	P50: 33.937ms	SD: 2471231.432	RATIO: 57.295%
>>>>> PROC: PAYMENT
CALLS: 753786	MIN: 0.563ms	AVG: 9.709ms	MAX: 2639.445ms	TOTAL: 7318719.150ms
P99: 166.097ms	P95: 38.720ms	P50: 2.548ms	SD: 317598.366	RATIO: 37.959%
>>>>> PROC: DELIVERY
CALLS: 75570	MIN: 3.275ms	AVG: 42.992ms	MAX: 1466.139ms	TOTAL: 3248940.242ms
P99: 298.943ms	P95: 155.459ms	P50: 18.153ms	SD: 659569.215	RATIO: 16.851%
>>>>> PROC: OSTAT
CALLS: 75118	MIN: 0.334ms	AVG: 3.059ms	MAX: 747.973ms	TOTAL: 229821.627ms
P99: 34.463ms	P95: 7.212ms	P50: 1.121ms	SD: 142442.494	RATIO: 1.192%
+-+-+-+-+-+-+-+-+-+-+-+-+-+-+-+-+-+-+-+-+-+-+-+-+-+-+-+-+-+-+-+-+-+-+-+-+-+
